2019-04-21 20:17:50 Read csvs...
2019-04-21 20:17:53 Clean DataFrames...
2019-04-21 20:19:07 Tokenize...
2019-04-21 20:19:39 Pad...
2019-04-21 20:20:27 Embedding matrices
2019-04-21 20:23:55 ->loaded glove
2019-04-21 20:26:38 ->loaded paragram
2019-04-21 20:26:39 
Starting train loop

2019-04-21 20:26:44 Fold 1; num_batches = 2041
2019-04-21 20:26:44 Epoch 1/8; lr = [0.001]
2019-04-21 20:27:05 ->loss: | 68.16206523403525
2019-04-21 20:27:26 ->loss: | 57.04383892938495
2019-04-21 20:27:47 ->loss: | 55.599957317113876
2019-04-21 20:28:08 Cross-validation
2019-04-21 20:28:16 

summary: Fold 1/5 	 Epoch 1/8 	 loss=58.6576 	 val_loss=52.3768 	 time=92.11s

2019-04-21 20:28:16 Epoch 2/8; lr = [0.001]
2019-04-21 20:28:38 ->loss: | 51.682046964764595
2019-04-21 20:28:59 ->loss: | 51.32216706126928
2019-04-21 20:29:20 ->loss: | 50.43228378891945
2019-04-21 20:29:40 Cross-validation
2019-04-21 20:29:49 

summary: Fold 1/5 	 Epoch 2/8 	 loss=51.0921 	 val_loss=50.2689 	 time=92.27s

2019-04-21 20:29:49 Epoch 3/8; lr = [0.001]
2019-04-21 20:30:10 ->loss: | 47.69137319922447
2019-04-21 20:30:31 ->loss: | 49.38309160247445
2019-04-21 20:30:51 ->loss: | 47.90581500530243
2019-04-21 20:31:12 Cross-validation
2019-04-21 20:31:20 

summary: Fold 1/5 	 Epoch 3/8 	 loss=48.2162 	 val_loss=49.4566 	 time=91.69s

2019-04-21 20:31:20 Epoch 4/8; lr = [0.0005]
2019-04-21 20:31:42 ->loss: | 44.603974871337414
2019-04-21 20:32:03 ->loss: | 43.670475512742996
2019-04-21 20:32:24 ->loss: | 44.60657361894846
2019-04-21 20:32:44 Cross-validation
2019-04-21 20:32:53 

summary: Fold 1/5 	 Epoch 4/8 	 loss=44.3381 	 val_loss=48.9564 	 time=92.38s

2019-04-21 20:32:53 Epoch 5/8; lr = [0.0005]
2019-04-21 20:33:14 ->loss: | 41.96909837424755
2019-04-21 20:33:35 ->loss: | 42.157303769141436
2019-04-21 20:33:56 ->loss: | 42.41418541222811
2019-04-21 20:34:17 Cross-validation
2019-04-21 20:34:25 

summary: Fold 1/5 	 Epoch 5/8 	 loss=42.2730 	 val_loss=49.9608 	 time=92.28s

2019-04-21 20:34:25 Epoch 6/8; lr = [0.0005]
2019-04-21 20:34:46 ->loss: | 39.372780960053205
2019-04-21 20:35:07 ->loss: | 40.8592195212841
2019-04-21 20:35:28 ->loss: | 40.865703500807285
2019-04-21 20:35:49 Cross-validation
2019-04-21 20:35:57 

summary: Fold 1/5 	 Epoch 6/8 	 loss=40.3248 	 val_loss=50.2227 	 time=91.92s

2019-04-21 20:35:57 Epoch 7/8; lr = [0.00025]
2019-04-21 20:36:18 ->loss: | 36.421468403190374
2019-04-21 20:36:39 ->loss: | 37.65529001504183
2019-04-21 20:37:00 ->loss: | 37.238561894744635
2019-04-21 20:37:21 Cross-validation
2019-04-21 20:37:29 

summary: Fold 1/5 	 Epoch 7/8 	 loss=37.1729 	 val_loss=52.5238 	 time=92.34s

2019-04-21 20:37:29 Epoch 8/8; lr = [0.00025]
2019-04-21 20:37:51 ->loss: | 35.38532320410013
2019-04-21 20:38:12 ->loss: | 35.73784734867513
2019-04-21 20:38:33 ->loss: | 35.848121624439955
2019-04-21 20:38:53 Cross-validation
2019-04-21 20:39:02 

summary: Fold 1/5 	 Epoch 8/8 	 loss=35.7127 	 val_loss=53.5616 	 time=92.49s

2019-04-21 20:39:02 Fold 1 done; test on test data
2019-04-21 20:39:14 Fold 2; num_batches = 2041
2019-04-21 20:39:14 Epoch 1/8; lr = [0.001]
2019-04-21 20:39:35 ->loss: | 69.36512067914009
2019-04-21 20:39:56 ->loss: | 57.77611917257309
2019-04-21 20:40:17 ->loss: | 55.02009313553572
2019-04-21 20:40:38 Cross-validation
2019-04-21 20:40:46 

summary: Fold 2/5 	 Epoch 1/8 	 loss=58.9133 	 val_loss=52.6035 	 time=92.15s

2019-04-21 20:40:46 Epoch 2/8; lr = [0.001]
2019-04-21 20:41:07 ->loss: | 51.561180137097836
2019-04-21 20:41:28 ->loss: | 50.8445278480649
2019-04-21 20:41:49 ->loss: | 51.59347265958786
2019-04-21 20:42:10 Cross-validation
2019-04-21 20:42:18 

summary: Fold 2/5 	 Epoch 2/8 	 loss=51.0645 	 val_loss=50.5588 	 time=92.08s

2019-04-21 20:42:18 Epoch 3/8; lr = [0.001]
2019-04-21 20:42:40 ->loss: | 47.93553647398949
2019-04-21 20:43:01 ->loss: | 48.135043144226074
2019-04-21 20:43:22 ->loss: | 47.554192911833525
2019-04-21 20:43:43 Cross-validation
2019-04-21 20:43:51 

summary: Fold 2/5 	 Epoch 3/8 	 loss=48.0002 	 val_loss=49.9276 	 time=92.68s

2019-04-21 20:43:51 Epoch 4/8; lr = [0.0005]
2019-04-21 20:44:12 ->loss: | 44.12235504388809
2019-04-21 20:44:33 ->loss: | 44.38919027522206
2019-04-21 20:44:55 ->loss: | 44.02267258986831
2019-04-21 20:45:15 Cross-validation
2019-04-21 20:45:24 

summary: Fold 2/5 	 Epoch 4/8 	 loss=44.1066 	 val_loss=48.9993 	 time=92.51s

2019-04-21 20:45:24 Epoch 5/8; lr = [0.0005]
2019-04-21 20:45:45 ->loss: | 41.879423536360264
2019-04-21 20:46:06 ->loss: | 42.03395889699459
2019-04-21 20:46:27 ->loss: | 42.177557192742825
2019-04-21 20:46:48 Cross-validation
2019-04-21 20:46:56 

summary: Fold 2/5 	 Epoch 5/8 	 loss=41.9392 	 val_loss=49.5124 	 time=92.24s

2019-04-21 20:46:56 Epoch 6/8; lr = [0.0005]
2019-04-21 20:47:17 ->loss: | 38.66003081202507
2019-04-21 20:47:38 ->loss: | 40.33454509079456
2019-04-21 20:47:59 ->loss: | 40.55371513962746
2019-04-21 20:48:20 Cross-validation
2019-04-21 20:48:28 

summary: Fold 2/5 	 Epoch 6/8 	 loss=39.9503 	 val_loss=50.7393 	 time=92.50s

2019-04-21 20:48:28 Epoch 7/8; lr = [0.00025]
2019-04-21 20:48:50 ->loss: | 36.78990526497364
2019-04-21 20:49:11 ->loss: | 36.081379380077124
2019-04-21 20:49:32 ->loss: | 37.0874061062932
2019-04-21 20:49:53 Cross-validation
2019-04-21 20:50:01 

summary: Fold 2/5 	 Epoch 7/8 	 loss=36.6832 	 val_loss=52.1607 	 time=92.52s

2019-04-21 20:50:01 Epoch 8/8; lr = [0.00025]
2019-04-21 20:50:22 ->loss: | 34.21662823855877
2019-04-21 20:50:43 ->loss: | 35.107532914727926
2019-04-21 20:51:04 ->loss: | 35.747110564261675
2019-04-21 20:51:25 Cross-validation
2019-04-21 20:51:33 

summary: Fold 2/5 	 Epoch 8/8 	 loss=35.1099 	 val_loss=53.0823 	 time=91.99s

2019-04-21 20:51:33 Fold 2 done; test on test data
2019-04-21 20:51:45 Fold 3; num_batches = 2041
2019-04-21 20:51:45 Epoch 1/8; lr = [0.001]
2019-04-21 20:52:07 ->loss: | 70.04568543285131
2019-04-21 20:52:28 ->loss: | 58.09981632232666
2019-04-21 20:52:49 ->loss: | 54.513369768857956
2019-04-21 20:53:09 Cross-validation
2019-04-21 20:53:18 

summary: Fold 3/5 	 Epoch 1/8 	 loss=59.1931 	 val_loss=52.8998 	 time=92.28s

2019-04-21 20:53:18 Epoch 2/8; lr = [0.001]
2019-04-21 20:53:39 ->loss: | 52.018845714628696
2019-04-21 20:54:00 ->loss: | 51.36744785681367
2019-04-21 20:54:21 ->loss: | 50.183430168777704
2019-04-21 20:54:42 Cross-validation
2019-04-21 20:54:50 

summary: Fold 3/5 	 Epoch 2/8 	 loss=51.1258 	 val_loss=51.8535 	 time=92.62s

2019-04-21 20:54:50 Epoch 3/8; lr = [0.001]
2019-04-21 20:55:11 ->loss: | 48.0119632743299
2019-04-21 20:55:32 ->loss: | 48.307456877082586
2019-04-21 20:55:53 ->loss: | 47.47926726564765
2019-04-21 20:56:14 Cross-validation
2019-04-21 20:56:22 

summary: Fold 3/5 	 Epoch 3/8 	 loss=48.0906 	 val_loss=50.0421 	 time=92.10s

2019-04-21 20:56:22 Epoch 4/8; lr = [0.0005]
2019-04-21 20:56:44 ->loss: | 44.06082600727677
2019-04-21 20:57:05 ->loss: | 44.23886105790734
2019-04-21 20:57:26 ->loss: | 43.43479532375932
2019-04-21 20:57:47 Cross-validation
2019-04-21 20:57:55 

summary: Fold 3/5 	 Epoch 4/8 	 loss=43.9587 	 val_loss=50.3265 	 time=92.56s

2019-04-21 20:57:55 Epoch 5/8; lr = [0.0005]
2019-04-21 20:58:16 ->loss: | 41.847286861389875
2019-04-21 20:58:37 ->loss: | 42.10973684862256
2019-04-21 20:58:58 ->loss: | 42.17134427651763
2019-04-21 20:59:18 Cross-validation
2019-04-21 20:59:27 

summary: Fold 3/5 	 Epoch 5/8 	 loss=42.0185 	 val_loss=50.5378 	 time=91.59s

2019-04-21 20:59:27 Epoch 6/8; lr = [0.0005]
2019-04-21 20:59:47 ->loss: | 39.1379653736949
2019-04-21 21:00:08 ->loss: | 39.70429423823953
2019-04-21 21:00:28 ->loss: | 40.754175782203674
2019-04-21 21:00:49 Cross-validation
2019-04-21 21:00:57 

summary: Fold 3/5 	 Epoch 6/8 	 loss=40.0375 	 val_loss=51.8519 	 time=90.42s

2019-04-21 21:00:57 Epoch 7/8; lr = [0.00025]
2019-04-21 21:01:18 ->loss: | 36.622499238699675
2019-04-21 21:01:38 ->loss: | 36.310703955590725
2019-04-21 21:01:59 ->loss: | 36.762782311066985
2019-04-21 21:02:19 Cross-validation
2019-04-21 21:02:27 

summary: Fold 3/5 	 Epoch 7/8 	 loss=36.8433 	 val_loss=53.5501 	 time=90.13s

2019-04-21 21:02:27 Epoch 8/8; lr = [0.00025]
2019-04-21 21:02:48 ->loss: | 34.88920007273555
2019-04-21 21:03:08 ->loss: | 35.19043567404151
2019-04-21 21:03:29 ->loss: | 35.68967664986849
2019-04-21 21:03:49 Cross-validation
2019-04-21 21:03:58 

summary: Fold 3/5 	 Epoch 8/8 	 loss=35.4641 	 val_loss=54.4788 	 time=90.42s

2019-04-21 21:03:58 Fold 3 done; test on test data
2019-04-21 21:04:10 Fold 4; num_batches = 2041
2019-04-21 21:04:10 Epoch 1/8; lr = [0.001]
2019-04-21 21:04:31 ->loss: | 69.10487900674343
2019-04-21 21:04:51 ->loss: | 57.17420997843146
2019-04-21 21:05:12 ->loss: | 55.23474132269621
2019-04-21 21:05:32 Cross-validation
2019-04-21 21:05:40 

summary: Fold 4/5 	 Epoch 1/8 	 loss=58.8580 	 val_loss=52.9404 	 time=90.37s

2019-04-21 21:05:40 Epoch 2/8; lr = [0.001]
2019-04-21 21:06:01 ->loss: | 51.18297328799963
2019-04-21 21:06:22 ->loss: | 51.286739107221365
2019-04-21 21:06:42 ->loss: | 51.0798576772213
2019-04-21 21:07:02 Cross-validation
2019-04-21 21:07:10 

summary: Fold 4/5 	 Epoch 2/8 	 loss=50.9943 	 val_loss=50.1903 	 time=90.02s

2019-04-21 21:07:10 Epoch 3/8; lr = [0.001]
2019-04-21 21:07:31 ->loss: | 48.16806402429938
2019-04-21 21:07:52 ->loss: | 48.44434792548418
2019-04-21 21:08:12 ->loss: | 47.702098216861486
2019-04-21 21:08:33 Cross-validation
2019-04-21 21:08:41 

summary: Fold 4/5 	 Epoch 3/8 	 loss=47.9667 	 val_loss=49.5271 	 time=90.39s

2019-04-21 21:08:41 Epoch 4/8; lr = [0.0005]
2019-04-21 21:09:01 ->loss: | 44.18815818056464
2019-04-21 21:09:22 ->loss: | 44.62804902717471
2019-04-21 21:09:43 ->loss: | 43.860966362059116
2019-04-21 21:10:03 Cross-validation
2019-04-21 21:10:11 

summary: Fold 4/5 	 Epoch 4/8 	 loss=44.0787 	 val_loss=49.8621 	 time=90.61s

2019-04-21 21:10:11 Epoch 5/8; lr = [0.0005]
2019-04-21 21:10:32 ->loss: | 41.71872206032276
2019-04-21 21:10:52 ->loss: | 42.159771520644426
2019-04-21 21:11:13 ->loss: | 41.82544684037566
2019-04-21 21:11:33 Cross-validation
2019-04-21 21:11:42 

summary: Fold 4/5 	 Epoch 5/8 	 loss=42.0253 	 val_loss=49.8051 	 time=90.29s

2019-04-21 21:11:42 Epoch 6/8; lr = [0.0005]
2019-04-21 21:12:02 ->loss: | 39.6532724685967
2019-04-21 21:12:22 ->loss: | 40.27319970726967
2019-04-21 21:12:43 ->loss: | 39.920859947800636
2019-04-21 21:13:03 Cross-validation
2019-04-21 21:13:11 

summary: Fold 4/5 	 Epoch 6/8 	 loss=40.1157 	 val_loss=51.4846 	 time=89.67s

2019-04-21 21:13:11 Epoch 7/8; lr = [0.00025]
2019-04-21 21:13:32 ->loss: | 36.9588202573359
2019-04-21 21:13:52 ->loss: | 36.569999650120735
2019-04-21 21:14:13 ->loss: | 37.048889350146055
2019-04-21 21:14:33 Cross-validation
2019-04-21 21:14:41 

summary: Fold 4/5 	 Epoch 7/8 	 loss=36.9337 	 val_loss=53.6123 	 time=90.20s

2019-04-21 21:14:41 Epoch 8/8; lr = [0.00025]
2019-04-21 21:15:02 ->loss: | 34.58825461193919
2019-04-21 21:15:23 ->loss: | 36.06732825189829
2019-04-21 21:15:43 ->loss: | 35.280429657548666
2019-04-21 21:16:04 Cross-validation
2019-04-21 21:16:12 

summary: Fold 4/5 	 Epoch 8/8 	 loss=35.4754 	 val_loss=54.0813 	 time=90.34s

2019-04-21 21:16:12 Fold 4 done; test on test data
2019-04-21 21:16:24 Fold 5; num_batches = 2041
2019-04-21 21:16:24 Epoch 1/8; lr = [0.001]
2019-04-21 21:16:45 ->loss: | 69.72624350339174
2019-04-21 21:17:05 ->loss: | 57.64706738293171
2019-04-21 21:17:26 ->loss: | 54.85188785195351
2019-04-21 21:17:46 Cross-validation
2019-04-21 21:17:54 

summary: Fold 5/5 	 Epoch 1/8 	 loss=58.9430 	 val_loss=53.7659 	 time=90.08s

2019-04-21 21:17:54 Epoch 2/8; lr = [0.001]
2019-04-21 21:18:15 ->loss: | 52.09508787468076
2019-04-21 21:18:36 ->loss: | 51.02522765100002
2019-04-21 21:18:56 ->loss: | 50.687798488885164
2019-04-21 21:19:17 Cross-validation
2019-04-21 21:19:25 

summary: Fold 5/5 	 Epoch 2/8 	 loss=50.9635 	 val_loss=50.7967 	 time=90.83s

2019-04-21 21:19:25 Epoch 3/8; lr = [0.001]
2019-04-21 21:19:46 ->loss: | 48.131891433149576
2019-04-21 21:20:06 ->loss: | 47.280754037201405
2019-04-21 21:20:27 ->loss: | 47.81856096163392
2019-04-21 21:20:47 Cross-validation
2019-04-21 21:20:55 

summary: Fold 5/5 	 Epoch 3/8 	 loss=47.9209 	 val_loss=50.1188 	 time=90.20s

2019-04-21 21:20:55 Epoch 4/8; lr = [0.0005]
2019-04-21 21:21:16 ->loss: | 44.30520927160978
2019-04-21 21:21:37 ->loss: | 43.499145958572626
2019-04-21 21:21:57 ->loss: | 43.62922590598464
2019-04-21 21:22:17 Cross-validation
2019-04-21 21:22:25 

summary: Fold 5/5 	 Epoch 4/8 	 loss=43.9153 	 val_loss=49.5844 	 time=90.16s

2019-04-21 21:22:25 Epoch 5/8; lr = [0.0005]
2019-04-21 21:22:46 ->loss: | 41.33569197356701
2019-04-21 21:23:07 ->loss: | 42.16051682084799
2019-04-21 21:23:28 ->loss: | 41.80734721571207
2019-04-21 21:23:48 Cross-validation
2019-04-21 21:23:56 

summary: Fold 5/5 	 Epoch 5/8 	 loss=41.8251 	 val_loss=50.2446 	 time=90.55s

2019-04-21 21:23:56 Epoch 6/8; lr = [0.0005]
2019-04-21 21:24:17 ->loss: | 39.74349823594093
2019-04-21 21:24:37 ->loss: | 39.74652574956417
2019-04-21 21:24:58 ->loss: | 39.80744242668152
2019-04-21 21:25:18 Cross-validation
2019-04-21 21:25:27 

summary: Fold 5/5 	 Epoch 6/8 	 loss=39.8658 	 val_loss=51.1283 	 time=90.56s

2019-04-21 21:25:27 Epoch 7/8; lr = [0.00025]
2019-04-21 21:25:47 ->loss: | 36.0733281634748
2019-04-21 21:26:07 ->loss: | 36.91316756233573
2019-04-21 21:26:28 ->loss: | 36.50291070714593
2019-04-21 21:26:48 Cross-validation
2019-04-21 21:26:56 

summary: Fold 5/5 	 Epoch 7/8 	 loss=36.5843 	 val_loss=53.1610 	 time=89.93s

2019-04-21 21:26:56 Epoch 8/8; lr = [0.00025]
2019-04-21 21:27:17 ->loss: | 35.0268833450973
2019-04-21 21:27:38 ->loss: | 34.99040927924216
2019-04-21 21:27:58 ->loss: | 35.14832056313753
2019-04-21 21:28:19 Cross-validation
2019-04-21 21:28:27 

summary: Fold 5/5 	 Epoch 8/8 	 loss=35.1330 	 val_loss=54.2697 	 time=90.17s

2019-04-21 21:28:27 Fold 5 done; test on test data
2019-04-21 21:28:37 Training done
2019-04-21 21:28:37 Finding threshold
2019-04-21 21:28:58 {'threshold': 0.31818181818181834, 'f1': 0.677292233234767}
2019-04-21 21:28:58 Generating submission.csv
