2019-04-23 21:58:30 No seeding
2019-04-23 21:58:30 Read csvs...
2019-04-23 21:58:34 Clean DataFrames...
2019-04-23 21:59:48 Tokenize...
2019-04-23 22:00:21 Pad...
2019-04-23 22:01:10 Embedding matrices
2019-04-23 22:04:46 ->loaded glove
2019-04-23 22:07:33 ->loaded paragram
2019-04-23 22:07:34 
Starting train loop

2019-04-23 22:07:42 Fold 1; num_batches = 4082
2019-04-23 22:07:42 Epoch 1/8; lr = [0.001]
2019-04-23 22:07:53 ->loss: | 38.32434593141079
2019-04-23 22:08:04 ->loss: | 32.07187977991998
2019-04-23 22:08:14 ->loss: | 31.180899653583765
2019-04-23 22:08:25 ->loss: | 30.619476346299052
2019-04-23 22:08:36 ->loss: | 30.279669411480427
2019-04-23 22:08:47 ->loss: | 29.742398478090763
2019-04-23 22:08:58 ->loss: | 29.48420114442706
2019-04-23 22:09:09 Cross-validation
2019-04-23 22:09:18 

summary: Fold 1/5 	 Epoch 1/8 	 loss=31.3142 	 val_loss=27.0012 	 time=96.66s

2019-04-23 22:09:18 Epoch 2/8; lr = [0.001]
2019-04-23 22:09:29 ->loss: | 28.28525577299297
2019-04-23 22:09:40 ->loss: | 28.536280611529946
2019-04-23 22:09:51 ->loss: | 27.958239309489727
2019-04-23 22:10:02 ->loss: | 28.264344105497003
2019-04-23 22:10:13 ->loss: | 28.28783198259771
2019-04-23 22:10:24 ->loss: | 27.750310361385345
2019-04-23 22:10:35 ->loss: | 27.86333248205483
2019-04-23 22:10:45 Cross-validation
2019-04-23 22:10:55 

summary: Fold 1/5 	 Epoch 2/8 	 loss=28.0629 	 val_loss=26.2524 	 time=96.48s

2019-04-23 22:10:55 Epoch 3/8; lr = [0.001]
2019-04-23 22:11:06 ->loss: | 27.04293637908995
2019-04-23 22:11:17 ->loss: | 27.006116876378655
2019-04-23 22:11:28 ->loss: | 26.856350695714355
2019-04-23 22:11:38 ->loss: | 26.483695106580853
2019-04-23 22:11:49 ->loss: | 26.62418904900551
2019-04-23 22:12:00 ->loss: | 27.012881867587566
2019-04-23 22:12:11 ->loss: | 27.129256980493665
2019-04-23 22:12:22 Cross-validation
2019-04-23 22:12:31 

summary: Fold 1/5 	 Epoch 3/8 	 loss=26.8975 	 val_loss=25.6250 	 time=96.63s

2019-04-23 22:12:31 Epoch 4/8; lr = [0.0008]
2019-04-23 22:12:42 ->loss: | 25.903147710487247
2019-04-23 22:12:53 ->loss: | 25.719617884606123
2019-04-23 22:13:04 ->loss: | 25.529957780614495
2019-04-23 22:13:15 ->loss: | 26.599125592038035
2019-04-23 22:13:26 ->loss: | 25.55346091091633
2019-04-23 22:13:37 ->loss: | 25.559599163010716
2019-04-23 22:13:48 ->loss: | 25.685628950595856
2019-04-23 22:13:58 Cross-validation
2019-04-23 22:14:08 

summary: Fold 1/5 	 Epoch 4/8 	 loss=25.8185 	 val_loss=25.5570 	 time=96.50s

2019-04-23 22:14:08 Epoch 5/8; lr = [0.0008]
2019-04-23 22:14:19 ->loss: | 24.523464180529118
2019-04-23 22:14:30 ->loss: | 25.309358881786466
2019-04-23 22:14:41 ->loss: | 25.166231894865632
2019-04-23 22:14:52 ->loss: | 25.310316063463688
2019-04-23 22:15:02 ->loss: | 25.223213693127036
2019-04-23 22:15:13 ->loss: | 24.89195991680026
2019-04-23 22:15:24 ->loss: | 25.291325580328703
2019-04-23 22:15:35 Cross-validation
2019-04-23 22:15:44 

summary: Fold 1/5 	 Epoch 5/8 	 loss=25.1366 	 val_loss=25.2893 	 time=95.99s

2019-04-23 22:15:44 Epoch 6/8; lr = [0.0008]
2019-04-23 22:15:55 ->loss: | 24.218521654605865
2019-04-23 22:16:06 ->loss: | 24.389228841289878
2019-04-23 22:16:16 ->loss: | 24.467903113923967
2019-04-23 22:16:27 ->loss: | 25.033040894195437
2019-04-23 22:16:38 ->loss: | 24.557633155956864
2019-04-23 22:16:49 ->loss: | 24.51125083491206
2019-04-23 22:17:00 ->loss: | 24.640745660290122
2019-04-23 22:17:10 Cross-validation
2019-04-23 22:17:20 

summary: Fold 1/5 	 Epoch 6/8 	 loss=24.5865 	 val_loss=25.1576 	 time=95.78s

2019-04-23 22:17:20 Epoch 7/8; lr = [0.0006400000000000002]
2019-04-23 22:17:31 ->loss: | 23.958846924826503
2019-04-23 22:17:42 ->loss: | 23.62727553024888
2019-04-23 22:17:52 ->loss: | 23.933570854365826
2019-04-23 22:18:03 ->loss: | 23.022473223507404
2019-04-23 22:18:14 ->loss: | 24.000259878113866
2019-04-23 22:18:25 ->loss: | 23.93491424433887
2019-04-23 22:18:36 ->loss: | 23.60347343236208
2019-04-23 22:18:46 Cross-validation
2019-04-23 22:18:56 

summary: Fold 1/5 	 Epoch 7/8 	 loss=23.7671 	 val_loss=25.2529 	 time=95.88s

2019-04-23 22:18:56 Epoch 8/8; lr = [0.0006400000000000002]
2019-04-23 22:19:06 ->loss: | 22.98306332156062
2019-04-23 22:19:17 ->loss: | 23.13644987717271
2019-04-23 22:19:28 ->loss: | 23.482831431552768
2019-04-23 22:19:39 ->loss: | 23.0658508092165
2019-04-23 22:19:49 ->loss: | 23.359438644722104
2019-04-23 22:20:00 ->loss: | 23.65428408794105
2019-04-23 22:20:11 ->loss: | 23.366928668692708
2019-04-23 22:20:22 Cross-validation
2019-04-23 22:20:31 

summary: Fold 1/5 	 Epoch 8/8 	 loss=23.3054 	 val_loss=25.4961 	 time=95.50s

2019-04-23 22:20:31 Fold 1 done; test on test data
2019-04-23 22:20:45 Fold 2; num_batches = 4082
2019-04-23 22:20:45 Epoch 1/8; lr = [0.001]
2019-04-23 22:20:56 ->loss: | 38.09227053448558
2019-04-23 22:21:07 ->loss: | 31.68476878851652
2019-04-23 22:21:18 ->loss: | 30.773334097117186
2019-04-23 22:21:28 ->loss: | 30.550628973171115
2019-04-23 22:21:39 ->loss: | 30.52405516244471
2019-04-23 22:21:50 ->loss: | 29.990720061585307
2019-04-23 22:22:01 ->loss: | 29.347084483131766
2019-04-23 22:22:11 Cross-validation
2019-04-23 22:22:21 

summary: Fold 2/5 	 Epoch 1/8 	 loss=31.3499 	 val_loss=26.5584 	 time=95.74s

2019-04-23 22:22:21 Epoch 2/8; lr = [0.001]
2019-04-23 22:22:32 ->loss: | 28.43954667262733
2019-04-23 22:22:43 ->loss: | 28.346254097297788
2019-04-23 22:22:53 ->loss: | 28.183059718459845
2019-04-23 22:23:04 ->loss: | 27.847298994660378
2019-04-23 22:23:15 ->loss: | 28.180598182603717
2019-04-23 22:23:26 ->loss: | 27.533282665535808
2019-04-23 22:23:37 ->loss: | 28.14522267691791
2019-04-23 22:23:47 Cross-validation
2019-04-23 22:23:56 

summary: Fold 2/5 	 Epoch 2/8 	 loss=28.0833 	 val_loss=25.5719 	 time=95.64s

2019-04-23 22:23:56 Epoch 3/8; lr = [0.001]
2019-04-23 22:24:07 ->loss: | 26.87532091140747
2019-04-23 22:24:18 ->loss: | 27.239270197227597
2019-04-23 22:24:29 ->loss: | 26.932661769911647
2019-04-23 22:24:39 ->loss: | 26.981119718402624
2019-04-23 22:24:50 ->loss: | 26.58707802556455
2019-04-23 22:25:01 ->loss: | 27.451505471020937
2019-04-23 22:25:12 ->loss: | 27.385992743074894
2019-04-23 22:25:22 Cross-validation
2019-04-23 22:25:32 

summary: Fold 2/5 	 Epoch 3/8 	 loss=27.0134 	 val_loss=25.0392 	 time=95.11s

2019-04-23 22:25:32 Epoch 4/8; lr = [0.0008]
2019-04-23 22:25:42 ->loss: | 25.569279100745916
2019-04-23 22:25:53 ->loss: | 25.478241315111518
2019-04-23 22:26:04 ->loss: | 26.28110422939062
2019-04-23 22:26:15 ->loss: | 25.925080630928278
2019-04-23 22:26:25 ->loss: | 25.8755916506052
2019-04-23 22:26:36 ->loss: | 26.100607311353087
2019-04-23 22:26:47 ->loss: | 25.799294313415885
2019-04-23 22:26:57 Cross-validation
2019-04-23 22:27:07 

summary: Fold 2/5 	 Epoch 4/8 	 loss=25.8981 	 val_loss=25.0582 	 time=94.95s

2019-04-23 22:27:07 Epoch 5/8; lr = [0.0008]
2019-04-23 22:27:17 ->loss: | 24.548373578116298
2019-04-23 22:27:28 ->loss: | 25.39129128679633
2019-04-23 22:27:39 ->loss: | 25.626559680327773
2019-04-23 22:27:50 ->loss: | 24.898718314245343
2019-04-23 22:28:01 ->loss: | 25.41400295868516
2019-04-23 22:28:12 ->loss: | 25.181770503520966
2019-04-23 22:28:22 ->loss: | 25.640479497611523
2019-04-23 22:28:33 Cross-validation
2019-04-23 22:28:42 

summary: Fold 2/5 	 Epoch 5/8 	 loss=25.2027 	 val_loss=24.9284 	 time=95.67s

2019-04-23 22:28:42 Epoch 6/8; lr = [0.0008]
2019-04-23 22:28:53 ->loss: | 24.068872405216098
2019-04-23 22:29:04 ->loss: | 24.797696460038424
2019-04-23 22:29:14 ->loss: | 24.27534031495452
2019-04-23 22:29:25 ->loss: | 24.400874085724354
2019-04-23 22:29:36 ->loss: | 24.64073007553816
2019-04-23 22:29:47 ->loss: | 25.225543972104788
2019-04-23 22:29:57 ->loss: | 25.000466853380203
2019-04-23 22:30:08 Cross-validation
2019-04-23 22:30:17 

summary: Fold 2/5 	 Epoch 6/8 	 loss=24.6555 	 val_loss=24.9998 	 time=94.94s

2019-04-23 22:30:17 Epoch 7/8; lr = [0.0006400000000000002]
2019-04-23 22:30:28 ->loss: | 23.756644140928984
2019-04-23 22:30:39 ->loss: | 23.984988197684288
2019-04-23 22:30:49 ->loss: | 23.6190629824996
2019-04-23 22:31:00 ->loss: | 23.93785948306322
2019-04-23 22:31:11 ->loss: | 23.672384331934154
2019-04-23 22:31:22 ->loss: | 24.53875278495252
2019-04-23 22:31:32 ->loss: | 23.453167289495468
2019-04-23 22:31:43 Cross-validation
2019-04-23 22:31:52 

summary: Fold 2/5 	 Epoch 7/8 	 loss=23.8516 	 val_loss=25.2090 	 time=94.89s

2019-04-23 22:31:52 Epoch 8/8; lr = [0.0006400000000000002]
2019-04-23 22:32:03 ->loss: | 22.665046012029052
2019-04-23 22:32:14 ->loss: | 23.27667044661939
2019-04-23 22:32:24 ->loss: | 23.165764758363366
2019-04-23 22:32:35 ->loss: | 23.485693192109466
2019-04-23 22:32:46 ->loss: | 23.500564072281122
2019-04-23 22:32:57 ->loss: | 23.97446171194315
2019-04-23 22:33:08 ->loss: | 23.324215080589056
2019-04-23 22:33:18 Cross-validation
2019-04-23 22:33:28 

summary: Fold 2/5 	 Epoch 8/8 	 loss=23.3449 	 val_loss=25.2548 	 time=95.69s

2019-04-23 22:33:28 Fold 2 done; test on test data
2019-04-23 22:33:42 Fold 3; num_batches = 4082
2019-04-23 22:33:42 Epoch 1/8; lr = [0.001]
2019-04-23 22:33:52 ->loss: | 38.89508993178606
2019-04-23 22:34:03 ->loss: | 32.254851749166846
2019-04-23 22:34:14 ->loss: | 31.111686401069164
2019-04-23 22:34:25 ->loss: | 30.31293683871627
2019-04-23 22:34:35 ->loss: | 30.01829498820007
2019-04-23 22:34:46 ->loss: | 29.56928969360888
2019-04-23 22:34:57 ->loss: | 29.351392520591617
2019-04-23 22:35:07 Cross-validation
2019-04-23 22:35:16 

summary: Fold 3/5 	 Epoch 1/8 	 loss=31.4156 	 val_loss=26.5136 	 time=94.59s

2019-04-23 22:35:16 Epoch 2/8; lr = [0.001]
2019-04-23 22:35:26 ->loss: | 28.584349934011698
2019-04-23 22:35:36 ->loss: | 28.402508849278092
2019-04-23 22:35:46 ->loss: | 28.239592663943768
2019-04-23 22:35:56 ->loss: | 27.84903495013714
2019-04-23 22:36:05 ->loss: | 28.585835779085755
2019-04-23 22:36:15 ->loss: | 28.202351074665785
2019-04-23 22:36:25 ->loss: | 27.779039843007922
2019-04-23 22:36:35 Cross-validation
2019-04-23 22:36:43 

summary: Fold 3/5 	 Epoch 2/8 	 loss=28.1886 	 val_loss=25.3930 	 time=87.24s

2019-04-23 22:36:43 Epoch 3/8; lr = [0.001]
2019-04-23 22:36:53 ->loss: | 26.796875150874257
2019-04-23 22:37:03 ->loss: | 26.81397761963308
2019-04-23 22:37:13 ->loss: | 27.582875369116664
2019-04-23 22:37:23 ->loss: | 27.25782135501504
2019-04-23 22:37:33 ->loss: | 27.178705235943198
2019-04-23 22:37:43 ->loss: | 26.82900732383132
2019-04-23 22:37:52 ->loss: | 26.46522483229637
2019-04-23 22:38:02 Cross-validation
2019-04-23 22:38:11 

summary: Fold 3/5 	 Epoch 3/8 	 loss=26.9922 	 val_loss=25.1444 	 time=87.32s

2019-04-23 22:38:11 Epoch 4/8; lr = [0.0008]
2019-04-23 22:38:21 ->loss: | 26.23389222472906
2019-04-23 22:38:31 ->loss: | 26.30593209899962
2019-04-23 22:38:41 ->loss: | 26.017202835530043
2019-04-23 22:38:51 ->loss: | 25.847516365349293
2019-04-23 22:39:01 ->loss: | 26.102636206895113
2019-04-23 22:39:11 ->loss: | 26.280412420630455
2019-04-23 22:39:20 ->loss: | 25.571821987628937
2019-04-23 22:39:30 Cross-validation
2019-04-23 22:39:39 

summary: Fold 3/5 	 Epoch 4/8 	 loss=26.0448 	 val_loss=24.9901 	 time=88.00s

2019-04-23 22:39:39 Epoch 5/8; lr = [0.0008]
2019-04-23 22:39:49 ->loss: | 24.687779117375612
2019-04-23 22:39:59 ->loss: | 25.3743169400841
2019-04-23 22:40:08 ->loss: | 24.988940024748445
2019-04-23 22:40:18 ->loss: | 25.40115967951715
2019-04-23 22:40:28 ->loss: | 24.809950271621346
2019-04-23 22:40:38 ->loss: | 25.56973074004054
2019-04-23 22:40:48 ->loss: | 25.626613216474652
2019-04-23 22:40:57 Cross-validation
2019-04-23 22:41:06 

summary: Fold 3/5 	 Epoch 5/8 	 loss=25.2294 	 val_loss=24.6720 	 time=87.32s

2019-04-23 22:41:06 Epoch 6/8; lr = [0.0008]
2019-04-23 22:41:16 ->loss: | 24.832610484212637
2019-04-23 22:41:26 ->loss: | 24.164827216416597
2019-04-23 22:41:36 ->loss: | 25.048506550490856
2019-04-23 22:41:46 ->loss: | 25.205174207687378
2019-04-23 22:41:55 ->loss: | 24.51496646180749
2019-04-23 22:42:05 ->loss: | 24.56322624720633
2019-04-23 22:42:15 ->loss: | 24.350550876930356
2019-04-23 22:42:25 Cross-validation
2019-04-23 22:42:33 

summary: Fold 3/5 	 Epoch 6/8 	 loss=24.6936 	 val_loss=24.6820 	 time=87.13s

2019-04-23 22:42:33 Epoch 7/8; lr = [0.0006400000000000002]
2019-04-23 22:42:43 ->loss: | 23.398443227633834
2019-04-23 22:42:53 ->loss: | 23.332779506221414
2019-04-23 22:43:03 ->loss: | 24.862688302993774
2019-04-23 22:43:12 ->loss: | 24.100849581882358
2019-04-23 22:43:23 ->loss: | 24.117182347923517
2019-04-23 22:43:33 ->loss: | 23.728709990158677
2019-04-23 22:43:42 ->loss: | 24.325919408351183
2019-04-23 22:43:52 Cross-validation
2019-04-23 22:44:01 

summary: Fold 3/5 	 Epoch 7/8 	 loss=23.9767 	 val_loss=24.9507 	 time=87.40s

2019-04-23 22:44:01 Epoch 8/8; lr = [0.0006400000000000002]
2019-04-23 22:44:10 ->loss: | 22.818213306367397
2019-04-23 22:44:20 ->loss: | 23.145388193428516
2019-04-23 22:44:30 ->loss: | 23.832249704748392
2019-04-23 22:44:40 ->loss: | 23.250356659293175
2019-04-23 22:44:50 ->loss: | 23.578721676021814
2019-04-23 22:44:59 ->loss: | 23.289354218170047
2019-04-23 22:45:09 ->loss: | 23.8365493491292
2019-04-23 22:45:19 Cross-validation
2019-04-23 22:45:28 

summary: Fold 3/5 	 Epoch 8/8 	 loss=23.4242 	 val_loss=24.9679 	 time=87.06s

2019-04-23 22:45:28 Fold 3 done; test on test data
2019-04-23 22:45:40 Fold 4; num_batches = 4082
2019-04-23 22:45:40 Epoch 1/8; lr = [0.001]
2019-04-23 22:45:50 ->loss: | 37.95670631155372
2019-04-23 22:46:00 ->loss: | 31.785652732476592
2019-04-23 22:46:10 ->loss: | 30.776707645505667
2019-04-23 22:46:20 ->loss: | 30.503915751352906
2019-04-23 22:46:30 ->loss: | 30.148624524474144
2019-04-23 22:46:39 ->loss: | 30.12331816740334
2019-04-23 22:46:49 ->loss: | 29.72582896798849
2019-04-23 22:46:59 Cross-validation
2019-04-23 22:47:07 

summary: Fold 4/5 	 Epoch 1/8 	 loss=31.2137 	 val_loss=26.9132 	 time=87.01s

2019-04-23 22:47:07 Epoch 2/8; lr = [0.001]
2019-04-23 22:47:17 ->loss: | 28.097150519490242
2019-04-23 22:47:27 ->loss: | 28.61236560717225
2019-04-23 22:47:37 ->loss: | 28.40301068685949
2019-04-23 22:47:47 ->loss: | 28.96206900291145
2019-04-23 22:47:57 ->loss: | 27.605435704812407
2019-04-23 22:48:06 ->loss: | 27.737523997202516
2019-04-23 22:48:16 ->loss: | 27.65556911379099
2019-04-23 22:48:26 Cross-validation
2019-04-23 22:48:35 

summary: Fold 4/5 	 Epoch 2/8 	 loss=28.0919 	 val_loss=25.5967 	 time=87.28s

2019-04-23 22:48:35 Epoch 3/8; lr = [0.001]
2019-04-23 22:48:45 ->loss: | 27.20045341178775
2019-04-23 22:48:55 ->loss: | 26.680241582915187
2019-04-23 22:49:04 ->loss: | 27.35601109266281
2019-04-23 22:49:14 ->loss: | 26.923694357275963
2019-04-23 22:49:24 ->loss: | 26.63304353505373
2019-04-23 22:49:34 ->loss: | 26.93880724720657
2019-04-23 22:49:44 ->loss: | 26.986506436020136
2019-04-23 22:49:53 Cross-validation
2019-04-23 22:50:02 

summary: Fold 4/5 	 Epoch 3/8 	 loss=26.9460 	 val_loss=25.2543 	 time=87.00s

2019-04-23 22:50:02 Epoch 4/8; lr = [0.0008]
2019-04-23 22:50:12 ->loss: | 25.5195047929883
2019-04-23 22:50:22 ->loss: | 25.73795129172504
2019-04-23 22:50:32 ->loss: | 26.3056953959167
2019-04-23 22:50:41 ->loss: | 26.050618363544345
2019-04-23 22:50:51 ->loss: | 25.56282244808972
2019-04-23 22:51:01 ->loss: | 26.122160747647285
2019-04-23 22:51:11 ->loss: | 26.048806108534336
2019-04-23 22:51:20 Cross-validation
2019-04-23 22:51:29 

summary: Fold 4/5 	 Epoch 4/8 	 loss=25.8997 	 val_loss=25.1093 	 time=87.18s

2019-04-23 22:51:29 Epoch 5/8; lr = [0.0008]
2019-04-23 22:51:39 ->loss: | 24.840979849919677
2019-04-23 22:51:49 ->loss: | 25.250643510371447
2019-04-23 22:51:58 ->loss: | 25.033471509814262
2019-04-23 22:52:08 ->loss: | 25.622842147946358
2019-04-23 22:52:18 ->loss: | 24.917570613324642
2019-04-23 22:52:28 ->loss: | 24.88479026220739
2019-04-23 22:52:38 ->loss: | 25.37798257637769
2019-04-23 22:52:48 Cross-validation
2019-04-23 22:52:56 

summary: Fold 4/5 	 Epoch 5/8 	 loss=25.1791 	 val_loss=24.9258 	 time=87.18s

2019-04-23 22:52:56 Epoch 6/8; lr = [0.0008]
2019-04-23 22:53:06 ->loss: | 24.31932447105646
2019-04-23 22:53:16 ->loss: | 24.34113446995616
2019-04-23 22:53:26 ->loss: | 24.549323139712214
2019-04-23 22:53:36 ->loss: | 24.50839644111693
2019-04-23 22:53:46 ->loss: | 24.4882060457021
2019-04-23 22:53:56 ->loss: | 25.14005959685892
2019-04-23 22:54:05 ->loss: | 24.608921017497778
2019-04-23 22:54:15 Cross-validation
2019-04-23 22:54:24 

summary: Fold 4/5 	 Epoch 6/8 	 loss=24.5915 	 val_loss=24.9947 	 time=87.52s

2019-04-23 22:54:24 Epoch 7/8; lr = [0.0006400000000000002]
2019-04-23 22:54:33 ->loss: | 23.398358853533864
2019-04-23 22:54:43 ->loss: | 23.780144372954965
2019-04-23 22:54:53 ->loss: | 23.42291639558971
2019-04-23 22:55:03 ->loss: | 23.829764225520194
2019-04-23 22:55:13 ->loss: | 23.94863660633564
2019-04-23 22:55:23 ->loss: | 23.631185414269567
2019-04-23 22:55:33 ->loss: | 24.439628656953573
2019-04-23 22:55:42 Cross-validation
2019-04-23 22:55:51 

summary: Fold 4/5 	 Epoch 7/8 	 loss=23.7641 	 val_loss=25.1093 	 time=86.96s

2019-04-23 22:55:51 Epoch 8/8; lr = [0.0006400000000000002]
2019-04-23 22:56:00 ->loss: | 22.92313633672893
2019-04-23 22:56:10 ->loss: | 23.11320679821074
2019-04-23 22:56:20 ->loss: | 23.133967995643616
2019-04-23 22:56:30 ->loss: | 23.189928617328405
2019-04-23 22:56:40 ->loss: | 22.915873527526855
2019-04-23 22:56:49 ->loss: | 23.291392643004656
2019-04-23 22:56:59 ->loss: | 23.757929606363177
2019-04-23 22:57:09 Cross-validation
2019-04-23 22:57:17 

summary: Fold 4/5 	 Epoch 8/8 	 loss=23.2217 	 val_loss=25.0200 	 time=86.79s

2019-04-23 22:57:17 Fold 4 done; test on test data
2019-04-23 22:57:30 Fold 5; num_batches = 4082
2019-04-23 22:57:30 Epoch 1/8; lr = [0.001]
2019-04-23 22:57:40 ->loss: | 38.32689545489848
2019-04-23 22:57:50 ->loss: | 32.069932179525495
2019-04-23 22:58:00 ->loss: | 31.12936109304428
2019-04-23 22:58:10 ->loss: | 30.39647677913308
2019-04-23 22:58:20 ->loss: | 30.08730335906148
2019-04-23 22:58:30 ->loss: | 29.510238589718938
2019-04-23 22:58:40 ->loss: | 29.886912724003196
2019-04-23 22:58:50 Cross-validation
2019-04-23 22:58:58 

summary: Fold 5/5 	 Epoch 1/8 	 loss=31.3390 	 val_loss=26.8745 	 time=88.39s

2019-04-23 22:58:58 Epoch 2/8; lr = [0.001]
2019-04-23 22:59:09 ->loss: | 28.22019692324102
2019-04-23 22:59:19 ->loss: | 28.397734750062227
2019-04-23 22:59:29 ->loss: | 28.11884824000299
2019-04-23 22:59:38 ->loss: | 28.4010678678751
2019-04-23 22:59:48 ->loss: | 28.1189681366086
2019-04-23 22:59:59 ->loss: | 28.16433004103601
2019-04-23 23:00:09 ->loss: | 28.455950470641255
2019-04-23 23:00:18 Cross-validation
2019-04-23 23:00:27 

summary: Fold 5/5 	 Epoch 2/8 	 loss=28.2554 	 val_loss=25.7929 	 time=88.73s

2019-04-23 23:00:27 Epoch 3/8; lr = [0.001]
2019-04-23 23:00:37 ->loss: | 27.283783292397857
2019-04-23 23:00:47 ->loss: | 26.99121903628111
2019-04-23 23:00:57 ->loss: | 26.933804152533412
2019-04-23 23:01:07 ->loss: | 26.80784527771175
2019-04-23 23:01:17 ->loss: | 27.084014734253287
2019-04-23 23:01:27 ->loss: | 26.8286887537688
2019-04-23 23:01:37 ->loss: | 27.23382351733744
2019-04-23 23:01:47 Cross-validation
2019-04-23 23:01:56 

summary: Fold 5/5 	 Epoch 3/8 	 loss=26.9859 	 val_loss=25.2784 	 time=88.57s

2019-04-23 23:01:56 Epoch 4/8; lr = [0.0008]
2019-04-23 23:02:06 ->loss: | 26.235038163140416
2019-04-23 23:02:16 ->loss: | 26.156657027080655
2019-04-23 23:02:26 ->loss: | 26.0994921233505
2019-04-23 23:02:36 ->loss: | 26.011556582525373
2019-04-23 23:02:46 ->loss: | 25.999222805723548
2019-04-23 23:02:55 ->loss: | 25.50184123776853
2019-04-23 23:03:05 ->loss: | 25.729377510026097
2019-04-23 23:03:15 Cross-validation
2019-04-23 23:03:24 

summary: Fold 5/5 	 Epoch 4/8 	 loss=25.9688 	 val_loss=25.1582 	 time=88.10s

2019-04-23 23:03:24 Epoch 5/8; lr = [0.0008]
2019-04-23 23:03:34 ->loss: | 25.348127100616693
2019-04-23 23:03:44 ->loss: | 25.371578976511955
2019-04-23 23:03:54 ->loss: | 25.014215003699064
2019-04-23 23:04:04 ->loss: | 25.034743403084576
2019-04-23 23:04:14 ->loss: | 24.93625813908875
2019-04-23 23:04:24 ->loss: | 25.68002839013934
2019-04-23 23:04:34 ->loss: | 25.771684793755412
2019-04-23 23:04:43 Cross-validation
2019-04-23 23:04:52 

summary: Fold 5/5 	 Epoch 5/8 	 loss=25.2766 	 val_loss=24.9012 	 time=88.25s

2019-04-23 23:04:52 Epoch 6/8; lr = [0.0008]
2019-04-23 23:05:02 ->loss: | 24.2123082280159
2019-04-23 23:05:12 ->loss: | 24.052043192088604
2019-04-23 23:05:22 ->loss: | 24.69932626746595
2019-04-23 23:05:32 ->loss: | 24.728644555434585
2019-04-23 23:05:42 ->loss: | 25.253014216199517
2019-04-23 23:05:52 ->loss: | 24.559379387646914
2019-04-23 23:06:02 ->loss: | 25.324170218780637
2019-04-23 23:06:11 Cross-validation
2019-04-23 23:06:20 

summary: Fold 5/5 	 Epoch 6/8 	 loss=24.7014 	 val_loss=25.9642 	 time=87.87s

2019-04-23 23:06:20 Epoch 7/8; lr = [0.0006400000000000002]
2019-04-23 23:06:30 ->loss: | 23.81002812087536
2019-04-23 23:06:40 ->loss: | 23.762325920164585
2019-04-23 23:06:50 ->loss: | 23.99597025476396
2019-04-23 23:07:00 ->loss: | 23.937517818063498
2019-04-23 23:07:10 ->loss: | 24.082444448024035
2019-04-23 23:07:20 ->loss: | 23.76610408909619
2019-04-23 23:07:30 ->loss: | 24.11756253056228
2019-04-23 23:07:39 Cross-validation
2019-04-23 23:07:48 

summary: Fold 5/5 	 Epoch 7/8 	 loss=23.9341 	 val_loss=25.2334 	 time=88.02s

2019-04-23 23:07:48 Epoch 8/8; lr = [0.0006400000000000002]
2019-04-23 23:07:58 ->loss: | 22.716024113819003
2019-04-23 23:08:08 ->loss: | 23.463461335748434
2019-04-23 23:08:18 ->loss: | 23.09045285731554
2019-04-23 23:08:28 ->loss: | 23.613694075495005
2019-04-23 23:08:38 ->loss: | 23.887951590120792
2019-04-23 23:08:48 ->loss: | 23.391952238976955
2019-04-23 23:08:58 ->loss: | 23.839171342551708
2019-04-23 23:09:07 Cross-validation
2019-04-23 23:09:16 

summary: Fold 5/5 	 Epoch 8/8 	 loss=23.4680 	 val_loss=25.1498 	 time=88.24s

2019-04-23 23:09:16 Fold 5 done; test on test data
2019-04-23 23:09:27 Training done
2019-04-23 23:09:27 Finding threshold
2019-04-23 23:09:49 {'threshold': 0.3787878787878789, 'f1': 0.6811171905565515}
2019-04-23 23:09:49 Generating submission.csv
