2019-04-21 21:39:46 Read csvs...
2019-04-21 21:39:50 Clean DataFrames...
2019-04-21 21:41:03 Tokenize...
2019-04-21 21:41:37 Pad...
2019-04-21 21:42:24 Embedding matrices
2019-04-21 21:45:53 ->loaded glove
2019-04-21 21:48:36 ->loaded paragram
2019-04-21 21:48:37 
Starting train loop

2019-04-21 21:48:44 Fold 1; num_batches = 2041
2019-04-21 21:48:44 Epoch 1/8; lr = [0.001]
2019-04-21 21:49:05 ->loss: | 76.291642986238
2019-04-21 21:49:26 ->loss: | 65.54924850165844
2019-04-21 21:49:47 ->loss: | 64.9536083266139
2019-04-21 21:50:07 Cross-validation
2019-04-21 21:50:15 

summary: Fold 1/5 	 Epoch 1/8 	 loss=67.5739 	 val_loss=52.7069 	 time=90.94s

2019-04-21 21:50:15 Epoch 2/8; lr = [0.001]
2019-04-21 21:50:36 ->loss: | 61.585596174001694
2019-04-21 21:50:57 ->loss: | 60.42504055798054
2019-04-21 21:51:18 ->loss: | 60.46452295780182
2019-04-21 21:51:38 Cross-validation
2019-04-21 21:51:46 

summary: Fold 1/5 	 Epoch 2/8 	 loss=60.7884 	 val_loss=50.8114 	 time=90.87s

2019-04-21 21:51:46 Epoch 3/8; lr = [0.001]
2019-04-21 21:52:07 ->loss: | 57.47159402817488
2019-04-21 21:52:27 ->loss: | 57.39416757971048
2019-04-21 21:52:48 ->loss: | 58.30640671402216
2019-04-21 21:53:09 Cross-validation
2019-04-21 21:53:17 

summary: Fold 1/5 	 Epoch 3/8 	 loss=57.6763 	 val_loss=50.1176 	 time=90.88s

2019-04-21 21:53:17 Epoch 4/8; lr = [0.0005]
2019-04-21 21:53:38 ->loss: | 53.70512282848358
2019-04-21 21:53:58 ->loss: | 53.92683554440737
2019-04-21 21:54:19 ->loss: | 53.01801332831383
2019-04-21 21:54:40 Cross-validation
2019-04-21 21:54:48 

summary: Fold 1/5 	 Epoch 4/8 	 loss=53.6420 	 val_loss=49.7834 	 time=91.24s

2019-04-21 21:54:48 Epoch 5/8; lr = [0.0005]
2019-04-21 21:55:09 ->loss: | 50.3970986828208
2019-04-21 21:55:30 ->loss: | 50.29274443909526
2019-04-21 21:55:51 ->loss: | 51.67739575728774
2019-04-21 21:56:11 Cross-validation
2019-04-21 21:56:20 

summary: Fold 1/5 	 Epoch 5/8 	 loss=50.9435 	 val_loss=51.1266 	 time=91.23s

2019-04-21 21:56:20 Epoch 6/8; lr = [0.0005]
2019-04-21 21:56:41 ->loss: | 47.12196395546198
2019-04-21 21:57:01 ->loss: | 48.8784512989223
2019-04-21 21:57:22 ->loss: | 48.25309178978205
2019-04-21 21:57:42 Cross-validation
2019-04-21 21:57:50 

summary: Fold 1/5 	 Epoch 6/8 	 loss=48.3852 	 val_loss=52.6106 	 time=90.89s

2019-04-21 21:57:50 Epoch 7/8; lr = [0.00025]
2019-04-21 21:58:11 ->loss: | 43.481581285595894
2019-04-21 21:58:32 ->loss: | 44.31562290713191
2019-04-21 21:58:53 ->loss: | 44.35173884779215
2019-04-21 21:59:13 Cross-validation
2019-04-21 21:59:22 

summary: Fold 1/5 	 Epoch 7/8 	 loss=44.0866 	 val_loss=58.7067 	 time=91.14s

2019-04-21 21:59:22 Epoch 8/8; lr = [0.00025]
2019-04-21 21:59:42 ->loss: | 41.34827521815896
2019-04-21 22:00:03 ->loss: | 41.62812916189432
2019-04-21 22:00:24 ->loss: | 41.59930067509413
2019-04-21 22:00:44 Cross-validation
2019-04-21 22:00:53 

summary: Fold 1/5 	 Epoch 8/8 	 loss=41.6407 	 val_loss=60.9310 	 time=91.31s

2019-04-21 22:00:53 Fold 1 done; test on test data
2019-04-21 22:01:06 Fold 2; num_batches = 2041
2019-04-21 22:01:06 Epoch 1/8; lr = [0.001]
2019-04-21 22:01:26 ->loss: | 76.51940666884184
2019-04-21 22:01:47 ->loss: | 66.2721409201622
2019-04-21 22:02:08 ->loss: | 64.3723043948412
2019-04-21 22:02:28 Cross-validation
2019-04-21 22:02:36 

summary: Fold 2/5 	 Epoch 1/8 	 loss=67.4348 	 val_loss=55.1594 	 time=90.77s

2019-04-21 22:02:36 Epoch 2/8; lr = [0.001]
2019-04-21 22:02:57 ->loss: | 60.8981641381979
2019-04-21 22:03:18 ->loss: | 60.464580103755
2019-04-21 22:03:39 ->loss: | 60.386897180229425
2019-04-21 22:03:59 Cross-validation
2019-04-21 22:04:08 

summary: Fold 2/5 	 Epoch 2/8 	 loss=60.5129 	 val_loss=52.1957 	 time=91.24s

2019-04-21 22:04:08 Epoch 3/8; lr = [0.001]
2019-04-21 22:04:29 ->loss: | 58.18448764830828
2019-04-21 22:04:49 ->loss: | 57.70279058068991
2019-04-21 22:05:10 ->loss: | 57.517472103238106
2019-04-21 22:05:30 Cross-validation
2019-04-21 22:05:39 

summary: Fold 2/5 	 Epoch 3/8 	 loss=57.8022 	 val_loss=50.4228 	 time=91.22s

2019-04-21 22:05:39 Epoch 4/8; lr = [0.0005]
2019-04-21 22:06:00 ->loss: | 53.634549617767334
2019-04-21 22:06:21 ->loss: | 53.828327499330044
2019-04-21 22:06:41 ->loss: | 53.443758338689804
2019-04-21 22:07:02 Cross-validation
2019-04-21 22:07:10 

summary: Fold 2/5 	 Epoch 4/8 	 loss=53.6171 	 val_loss=52.4335 	 time=91.20s

2019-04-21 22:07:10 Epoch 5/8; lr = [0.0005]
2019-04-21 22:07:31 ->loss: | 50.224047623574734
2019-04-21 22:07:51 ->loss: | 51.22781204432249
2019-04-21 22:08:12 ->loss: | 51.25119685009122
2019-04-21 22:08:33 Cross-validation
2019-04-21 22:08:41 

summary: Fold 2/5 	 Epoch 5/8 	 loss=51.0663 	 val_loss=51.2855 	 time=90.89s

2019-04-21 22:08:41 Epoch 6/8; lr = [0.0005]
2019-04-21 22:09:02 ->loss: | 47.65561157092452
2019-04-21 22:09:22 ->loss: | 47.971267484128475
2019-04-21 22:09:43 ->loss: | 49.517576303333044
2019-04-21 22:10:04 Cross-validation
2019-04-21 22:10:12 

summary: Fold 2/5 	 Epoch 6/8 	 loss=48.5490 	 val_loss=53.4559 	 time=90.89s

2019-04-21 22:10:12 Epoch 7/8; lr = [0.00025]
2019-04-21 22:10:33 ->loss: | 43.077056635171175
2019-04-21 22:10:54 ->loss: | 43.56169717013836
2019-04-21 22:11:15 ->loss: | 44.196164928376675
2019-04-21 22:11:35 Cross-validation
2019-04-21 22:11:44 

summary: Fold 2/5 	 Epoch 7/8 	 loss=43.6661 	 val_loss=58.1103 	 time=91.64s

2019-04-21 22:11:44 Epoch 8/8; lr = [0.00025]
2019-04-21 22:12:04 ->loss: | 41.02468088641763
2019-04-21 22:12:25 ->loss: | 40.8053813688457
2019-04-21 22:12:45 ->loss: | 40.978964384645224
2019-04-21 22:13:06 Cross-validation
2019-04-21 22:13:14 

summary: Fold 2/5 	 Epoch 8/8 	 loss=41.4310 	 val_loss=62.4622 	 time=90.68s

2019-04-21 22:13:14 Fold 2 done; test on test data
2019-04-21 22:13:27 Fold 3; num_batches = 2041
2019-04-21 22:13:27 Epoch 1/8; lr = [0.001]
2019-04-21 22:13:48 ->loss: | 75.44868616759777
2019-04-21 22:14:09 ->loss: | 66.55956023186445
2019-04-21 22:14:29 ->loss: | 64.82884319871664
2019-04-21 22:14:50 Cross-validation
2019-04-21 22:14:58 

summary: Fold 3/5 	 Epoch 1/8 	 loss=67.7485 	 val_loss=52.1870 	 time=91.10s

2019-04-21 22:14:58 Epoch 2/8; lr = [0.001]
2019-04-21 22:15:19 ->loss: | 61.54122121632099
2019-04-21 22:15:40 ->loss: | 61.578882455825806
2019-04-21 22:16:00 ->loss: | 60.28967159241438
2019-04-21 22:16:21 Cross-validation
2019-04-21 22:16:29 

summary: Fold 3/5 	 Epoch 2/8 	 loss=60.8709 	 val_loss=50.4820 	 time=91.27s

2019-04-21 22:16:29 Epoch 3/8; lr = [0.001]
2019-04-21 22:16:50 ->loss: | 58.24619488045573
2019-04-21 22:17:11 ->loss: | 57.64552112668753
2019-04-21 22:17:31 ->loss: | 57.90031545236707
2019-04-21 22:17:51 Cross-validation
2019-04-21 22:18:00 

summary: Fold 3/5 	 Epoch 3/8 	 loss=58.0074 	 val_loss=49.2313 	 time=90.37s

2019-04-21 22:18:00 Epoch 4/8; lr = [0.0005]
2019-04-21 22:18:20 ->loss: | 54.05944287031889
2019-04-21 22:18:41 ->loss: | 53.92407412827015
2019-04-21 22:19:02 ->loss: | 53.6427541077137
2019-04-21 22:19:22 Cross-validation
2019-04-21 22:19:31 

summary: Fold 3/5 	 Epoch 4/8 	 loss=53.8188 	 val_loss=49.4096 	 time=91.02s

2019-04-21 22:19:31 Epoch 5/8; lr = [0.0005]
2019-04-21 22:19:52 ->loss: | 51.24991726502776
2019-04-21 22:20:12 ->loss: | 50.658500514924526
2019-04-21 22:20:33 ->loss: | 51.512731824070215
2019-04-21 22:20:53 Cross-validation
2019-04-21 22:21:01 

summary: Fold 3/5 	 Epoch 5/8 	 loss=51.2922 	 val_loss=50.0833 	 time=89.89s

2019-04-21 22:21:01 Epoch 6/8; lr = [0.0005]
2019-04-21 22:21:21 ->loss: | 47.96721627935767
2019-04-21 22:21:41 ->loss: | 49.012590151280165
2019-04-21 22:22:01 ->loss: | 48.46345932036638
2019-04-21 22:22:21 Cross-validation
2019-04-21 22:22:29 

summary: Fold 3/5 	 Epoch 6/8 	 loss=48.5660 	 val_loss=52.0208 	 time=88.61s

2019-04-21 22:22:29 Epoch 7/8; lr = [0.00025]
2019-04-21 22:22:50 ->loss: | 44.25848098471761
2019-04-21 22:23:09 ->loss: | 44.5132153891027
2019-04-21 22:23:29 ->loss: | 44.48519778251648
2019-04-21 22:23:49 Cross-validation
2019-04-21 22:23:57 

summary: Fold 3/5 	 Epoch 7/8 	 loss=44.2556 	 val_loss=56.1812 	 time=88.12s

2019-04-21 22:23:57 Epoch 8/8; lr = [0.00025]
2019-04-21 22:24:18 ->loss: | 41.08828030899167
2019-04-21 22:24:38 ->loss: | 42.43599992245436
2019-04-21 22:24:58 ->loss: | 42.01958617940545
2019-04-21 22:25:18 Cross-validation
2019-04-21 22:25:27 

summary: Fold 3/5 	 Epoch 8/8 	 loss=42.0275 	 val_loss=59.4535 	 time=89.09s

2019-04-21 22:25:27 Fold 3 done; test on test data
2019-04-21 22:25:39 Fold 4; num_batches = 2041
2019-04-21 22:25:39 Epoch 1/8; lr = [0.001]
2019-04-21 22:25:59 ->loss: | 76.53801254183054
2019-04-21 22:26:20 ->loss: | 66.06213814020157
2019-04-21 22:26:40 ->loss: | 63.64628864079714
2019-04-21 22:27:00 Cross-validation
2019-04-21 22:27:08 

summary: Fold 4/5 	 Epoch 1/8 	 loss=67.5077 	 val_loss=51.9996 	 time=88.85s

2019-04-21 22:27:08 Epoch 2/8; lr = [0.001]
2019-04-21 22:27:28 ->loss: | 61.003019101917744
2019-04-21 22:27:48 ->loss: | 61.04607089608908
2019-04-21 22:28:08 ->loss: | 59.74207568913698
2019-04-21 22:28:28 Cross-validation
2019-04-21 22:28:36 

summary: Fold 4/5 	 Epoch 2/8 	 loss=60.6324 	 val_loss=50.1834 	 time=88.01s

2019-04-21 22:28:36 Epoch 3/8; lr = [0.001]
2019-04-21 22:28:56 ->loss: | 57.43623411282897
2019-04-21 22:29:16 ->loss: | 56.927688010036945
2019-04-21 22:29:36 ->loss: | 57.851350132375956
2019-04-21 22:29:56 Cross-validation
2019-04-21 22:30:04 

summary: Fold 4/5 	 Epoch 3/8 	 loss=57.5800 	 val_loss=50.1229 	 time=88.51s

2019-04-21 22:30:04 Epoch 4/8; lr = [0.0005]
2019-04-21 22:30:25 ->loss: | 53.169212736189365
2019-04-21 22:30:45 ->loss: | 53.004578884691
2019-04-21 22:31:05 ->loss: | 53.45761830359697
2019-04-21 22:31:25 Cross-validation
2019-04-21 22:31:33 

summary: Fold 4/5 	 Epoch 4/8 	 loss=53.3106 	 val_loss=50.6860 	 time=88.29s

2019-04-21 22:31:33 Epoch 5/8; lr = [0.0005]
2019-04-21 22:31:53 ->loss: | 50.11162714287639
2019-04-21 22:32:13 ->loss: | 50.30653442442417
2019-04-21 22:32:33 ->loss: | 50.94772570580244
2019-04-21 22:32:53 Cross-validation
2019-04-21 22:33:01 

summary: Fold 4/5 	 Epoch 5/8 	 loss=50.7330 	 val_loss=51.5920 	 time=88.33s

2019-04-21 22:33:01 Epoch 6/8; lr = [0.0005]
2019-04-21 22:33:21 ->loss: | 47.06886248663068
2019-04-21 22:33:41 ->loss: | 48.25414017215371
2019-04-21 22:34:01 ->loss: | 48.59738977998495
2019-04-21 22:34:21 Cross-validation
2019-04-21 22:34:29 

summary: Fold 4/5 	 Epoch 6/8 	 loss=48.3213 	 val_loss=52.8536 	 time=88.14s

2019-04-21 22:34:29 Epoch 7/8; lr = [0.00025]
2019-04-21 22:34:49 ->loss: | 43.690864108502865
2019-04-21 22:35:09 ->loss: | 44.182769011706114
2019-04-21 22:35:30 ->loss: | 44.487444415688515
2019-04-21 22:35:50 Cross-validation
2019-04-21 22:35:58 

summary: Fold 4/5 	 Epoch 7/8 	 loss=43.9625 	 val_loss=58.7117 	 time=88.32s

2019-04-21 22:35:58 Epoch 8/8; lr = [0.00025]
2019-04-21 22:36:18 ->loss: | 41.29923892021179
2019-04-21 22:36:38 ->loss: | 41.453529100865126
2019-04-21 22:36:58 ->loss: | 40.95685959234834
2019-04-21 22:37:18 Cross-validation
2019-04-21 22:37:26 

summary: Fold 4/5 	 Epoch 8/8 	 loss=41.4508 	 val_loss=62.8387 	 time=88.42s

2019-04-21 22:37:26 Fold 4 done; test on test data
2019-04-21 22:37:38 Fold 5; num_batches = 2041
2019-04-21 22:37:38 Epoch 1/8; lr = [0.001]
2019-04-21 22:37:59 ->loss: | 76.97576610744
2019-04-21 22:38:19 ->loss: | 66.27440269291401
2019-04-21 22:38:39 ->loss: | 64.20480458438396
2019-04-21 22:38:59 Cross-validation
2019-04-21 22:39:07 

summary: Fold 5/5 	 Epoch 1/8 	 loss=67.6386 	 val_loss=53.6100 	 time=88.35s

2019-04-21 22:39:07 Epoch 2/8; lr = [0.001]
2019-04-21 22:39:27 ->loss: | 60.79718799889088
2019-04-21 22:39:47 ->loss: | 60.8858979716897
2019-04-21 22:40:08 ->loss: | 59.84625665470958
2019-04-21 22:40:28 Cross-validation
2019-04-21 22:40:36 

summary: Fold 5/5 	 Epoch 2/8 	 loss=60.7001 	 val_loss=51.0985 	 time=88.94s

2019-04-21 22:40:36 Epoch 3/8; lr = [0.001]
2019-04-21 22:40:56 ->loss: | 57.941515259444714
2019-04-21 22:41:16 ->loss: | 58.12736716121435
2019-04-21 22:41:36 ->loss: | 57.73812838643789
2019-04-21 22:41:57 Cross-validation
2019-04-21 22:42:05 

summary: Fold 5/5 	 Epoch 3/8 	 loss=57.9315 	 val_loss=50.5579 	 time=89.00s

2019-04-21 22:42:05 Epoch 4/8; lr = [0.0005]
2019-04-21 22:42:25 ->loss: | 53.31884779408574
2019-04-21 22:42:45 ->loss: | 52.797153510153294
2019-04-21 22:43:05 ->loss: | 53.38042913377285
2019-04-21 22:43:25 Cross-validation
2019-04-21 22:43:34 

summary: Fold 5/5 	 Epoch 4/8 	 loss=53.2323 	 val_loss=50.2172 	 time=88.86s

2019-04-21 22:43:34 Epoch 5/8; lr = [0.0005]
2019-04-21 22:43:53 ->loss: | 50.063553005456924
2019-04-21 22:44:14 ->loss: | 50.828625693917274
2019-04-21 22:44:34 ->loss: | 52.41440834850073
2019-04-21 22:44:54 Cross-validation
2019-04-21 22:45:02 

summary: Fold 5/5 	 Epoch 5/8 	 loss=51.1010 	 val_loss=52.2897 	 time=88.72s

2019-04-21 22:45:02 Epoch 6/8; lr = [0.0005]
2019-04-21 22:45:23 ->loss: | 47.997331000864506
2019-04-21 22:45:43 ->loss: | 48.64096441492438
2019-04-21 22:46:03 ->loss: | 47.79312017932534
2019-04-21 22:46:24 Cross-validation
2019-04-21 22:46:32 

summary: Fold 5/5 	 Epoch 6/8 	 loss=48.4535 	 val_loss=52.7065 	 time=89.44s

2019-04-21 22:46:32 Epoch 7/8; lr = [0.00025]
2019-04-21 22:46:52 ->loss: | 44.18552577123046
2019-04-21 22:47:12 ->loss: | 43.6259223818779
2019-04-21 22:47:32 ->loss: | 44.17135068029165
2019-04-21 22:47:52 Cross-validation
2019-04-21 22:48:00 

summary: Fold 5/5 	 Epoch 7/8 	 loss=43.9802 	 val_loss=59.1566 	 time=88.71s

2019-04-21 22:48:00 Epoch 8/8; lr = [0.00025]
2019-04-21 22:48:21 ->loss: | 40.556112207472324
2019-04-21 22:48:41 ->loss: | 41.4495761282742
2019-04-21 22:49:01 ->loss: | 41.86517132818699
2019-04-21 22:49:21 Cross-validation
2019-04-21 22:49:29 

summary: Fold 5/5 	 Epoch 8/8 	 loss=41.6486 	 val_loss=60.3421 	 time=88.83s

2019-04-21 22:49:29 Fold 5 done; test on test data
2019-04-21 22:49:40 Training done
2019-04-21 22:49:40 Finding threshold
2019-04-21 22:50:02 {'threshold': 0.3484848484848486, 'f1': 0.6639424420229114}
2019-04-21 22:50:02 Generating submission.csv
