2019-04-21 18:47:46 Read csvs...
2019-04-21 18:47:49 Clean DataFrames...
2019-04-21 18:48:55 Tokenize...
2019-04-21 18:49:23 Pad...
2019-04-21 18:50:09 Embedding matrices
2019-04-21 18:53:07 ->loaded glove
2019-04-21 18:55:25 ->loaded paragram
2019-04-21 18:55:26 
Starting train loop

2019-04-21 18:55:30 Fold 1; num_batches = 2041
2019-04-21 18:55:30 Epoch 1/10; lr = [0.001]
2019-04-21 18:55:51 ->loss: | 69.70585983246565
2019-04-21 18:56:11 ->loss: | 58.13755092024803
2019-04-21 18:56:32 ->loss: | 55.44840270653367
2019-04-21 18:56:52 Cross-validation
2019-04-21 18:57:00 

summary: Fold 1/5 	 Epoch 1/10 	 loss=59.2502 	 val_loss=53.5343 	 time=89.96s

2019-04-21 18:57:00 Epoch 2/10; lr = [0.001]
2019-04-21 18:57:21 ->loss: | 52.25348786264658
2019-04-21 18:57:41 ->loss: | 51.53051496297121
2019-04-21 18:58:02 ->loss: | 50.28866784647107
2019-04-21 18:58:22 Cross-validation
2019-04-21 18:58:30 

summary: Fold 1/5 	 Epoch 2/10 	 loss=51.3190 	 val_loss=51.4850 	 time=90.26s

2019-04-21 18:58:30 Epoch 3/10; lr = [0.001]
2019-04-21 18:58:51 ->loss: | 47.92321774363518
2019-04-21 18:59:12 ->loss: | 48.53398345783353
2019-04-21 18:59:32 ->loss: | 48.79906713590026
2019-04-21 18:59:53 Cross-validation
2019-04-21 19:00:01 

summary: Fold 1/5 	 Epoch 3/10 	 loss=48.4904 	 val_loss=51.1538 	 time=90.31s

2019-04-21 19:00:01 Epoch 4/10; lr = [0.0005]
2019-04-21 19:00:21 ->loss: | 44.91392730921507
2019-04-21 19:00:42 ->loss: | 45.31093944981694
2019-04-21 19:01:03 ->loss: | 44.566101759672165
2019-04-21 19:01:23 Cross-validation
2019-04-21 19:01:31 

summary: Fold 1/5 	 Epoch 4/10 	 loss=44.8644 	 val_loss=51.4081 	 time=90.54s

2019-04-21 19:01:31 Epoch 5/10; lr = [0.0005]
2019-04-21 19:01:52 ->loss: | 42.40374907106161
2019-04-21 19:02:13 ->loss: | 42.95969112589955
2019-04-21 19:02:33 ->loss: | 43.643409229815006
2019-04-21 19:02:53 Cross-validation
2019-04-21 19:03:01 

summary: Fold 1/5 	 Epoch 5/10 	 loss=43.0226 	 val_loss=50.5622 	 time=90.23s

2019-04-21 19:03:01 Epoch 6/10; lr = [0.0005]
2019-04-21 19:03:22 ->loss: | 40.86634396761656
2019-04-21 19:03:43 ->loss: | 41.44592894613743
2019-04-21 19:04:04 ->loss: | 41.37270403653383
2019-04-21 19:04:24 Cross-validation
2019-04-21 19:04:32 

summary: Fold 1/5 	 Epoch 6/10 	 loss=41.1780 	 val_loss=51.0731 	 time=90.67s

2019-04-21 19:04:32 Epoch 7/10; lr = [0.00025]
2019-04-21 19:04:53 ->loss: | 38.29911544546485
2019-04-21 19:05:13 ->loss: | 37.604093957692385
2019-04-21 19:05:34 ->loss: | 38.976322904229164
2019-04-21 19:05:55 Cross-validation
2019-04-21 19:06:03 

summary: Fold 1/5 	 Epoch 7/10 	 loss=38.3022 	 val_loss=53.2856 	 time=90.43s

2019-04-21 19:06:03 Epoch 8/10; lr = [0.00025]
2019-04-21 19:06:24 ->loss: | 36.54727643355727
2019-04-21 19:06:44 ->loss: | 36.6720999404788
2019-04-21 19:07:05 ->loss: | 37.48253362253308
2019-04-21 19:07:25 Cross-validation
2019-04-21 19:07:33 

summary: Fold 1/5 	 Epoch 8/10 	 loss=37.0115 	 val_loss=53.3486 	 time=90.75s

2019-04-21 19:07:33 Epoch 9/10; lr = [0.00025]
2019-04-21 19:07:54 ->loss: | 35.608966790139675
2019-04-21 19:08:15 ->loss: | 35.3455530628562
2019-04-21 19:08:35 ->loss: | 36.49455162882805
2019-04-21 19:08:56 Cross-validation
2019-04-21 19:09:04 

summary: Fold 1/5 	 Epoch 9/10 	 loss=35.8468 	 val_loss=53.8128 	 time=90.63s

2019-04-21 19:09:04 Epoch 10/10; lr = [0.000125]
2019-04-21 19:09:25 ->loss: | 33.792602494359016
2019-04-21 19:09:45 ->loss: | 33.61661931872368
2019-04-21 19:10:06 ->loss: | 34.340898271650076
2019-04-21 19:10:26 Cross-validation
2019-04-21 19:10:34 

summary: Fold 1/5 	 Epoch 10/10 	 loss=33.8201 	 val_loss=55.4028 	 time=90.54s

2019-04-21 19:10:34 Fold 1 done; test on test data
2019-04-21 19:10:47 Fold 2; num_batches = 2041
2019-04-21 19:10:47 Epoch 1/10; lr = [0.001]
2019-04-21 19:11:08 ->loss: | 69.91608905047178
2019-04-21 19:11:29 ->loss: | 57.91985446959734
2019-04-21 19:11:49 ->loss: | 55.75634619966149
2019-04-21 19:12:10 Cross-validation
2019-04-21 19:12:18 

summary: Fold 2/5 	 Epoch 1/10 	 loss=59.4221 	 val_loss=53.3377 	 time=90.73s

2019-04-21 19:12:18 Epoch 2/10; lr = [0.001]
2019-04-21 19:12:38 ->loss: | 51.76081358268857
2019-04-21 19:12:59 ->loss: | 51.4562538638711
2019-04-21 19:13:20 ->loss: | 51.66260855644941
2019-04-21 19:13:40 Cross-validation
2019-04-21 19:13:48 

summary: Fold 2/5 	 Epoch 2/10 	 loss=51.3942 	 val_loss=51.2222 	 time=90.35s

2019-04-21 19:13:48 Epoch 3/10; lr = [0.001]
2019-04-21 19:14:09 ->loss: | 48.20413029566407
2019-04-21 19:14:30 ->loss: | 48.162983290851116
2019-04-21 19:14:50 ->loss: | 48.46379264816642
2019-04-21 19:15:11 Cross-validation
2019-04-21 19:15:19 

summary: Fold 2/5 	 Epoch 3/10 	 loss=48.2688 	 val_loss=50.3358 	 time=90.98s

2019-04-21 19:15:19 Epoch 4/10; lr = [0.0005]
2019-04-21 19:15:40 ->loss: | 44.92551801353693
2019-04-21 19:16:00 ->loss: | 44.52859306707978
2019-04-21 19:16:21 ->loss: | 44.35188389196992
2019-04-21 19:16:41 Cross-validation
2019-04-21 19:16:49 

summary: Fold 2/5 	 Epoch 4/10 	 loss=44.6200 	 val_loss=50.4072 	 time=90.40s

2019-04-21 19:16:49 Epoch 5/10; lr = [0.0005]
2019-04-21 19:17:10 ->loss: | 42.22532760351896
2019-04-21 19:17:31 ->loss: | 42.70262325927615
2019-04-21 19:17:51 ->loss: | 42.691102139651775
2019-04-21 19:18:12 Cross-validation
2019-04-21 19:18:20 

summary: Fold 2/5 	 Epoch 5/10 	 loss=42.6685 	 val_loss=50.6406 	 time=90.47s

2019-04-21 19:18:20 Epoch 6/10; lr = [0.0005]
2019-04-21 19:18:40 ->loss: | 40.144513074308634
2019-04-21 19:19:01 ->loss: | 41.33885108307004
2019-04-21 19:19:22 ->loss: | 40.45076573267579
2019-04-21 19:19:42 Cross-validation
2019-04-21 19:19:50 

summary: Fold 2/5 	 Epoch 6/10 	 loss=40.8036 	 val_loss=52.4474 	 time=90.31s

2019-04-21 19:19:50 Epoch 7/10; lr = [0.00025]
2019-04-21 19:20:11 ->loss: | 37.646261893212795
2019-04-21 19:20:32 ->loss: | 37.98023723438382
2019-04-21 19:20:52 ->loss: | 38.07901760190725
2019-04-21 19:21:13 Cross-validation
2019-04-21 19:21:21 

summary: Fold 2/5 	 Epoch 7/10 	 loss=37.8567 	 val_loss=53.3750 	 time=90.43s

2019-04-21 19:21:21 Epoch 8/10; lr = [0.00025]
2019-04-21 19:21:41 ->loss: | 35.909776233136654
2019-04-21 19:22:02 ->loss: | 36.24135684221983
2019-04-21 19:22:23 ->loss: | 36.43257822468877
2019-04-21 19:22:43 Cross-validation
2019-04-21 19:22:51 

summary: Fold 2/5 	 Epoch 8/10 	 loss=36.4304 	 val_loss=53.0475 	 time=90.48s

2019-04-21 19:22:51 Epoch 9/10; lr = [0.00025]
2019-04-21 19:23:12 ->loss: | 35.05027181841433
2019-04-21 19:23:33 ->loss: | 35.365549605339766
2019-04-21 19:23:53 ->loss: | 35.445228178054094
2019-04-21 19:24:14 Cross-validation
2019-04-21 19:24:22 

summary: Fold 2/5 	 Epoch 9/10 	 loss=35.2045 	 val_loss=55.6693 	 time=90.42s

2019-04-21 19:24:22 Epoch 10/10; lr = [0.000125]
2019-04-21 19:24:42 ->loss: | 32.92988673597574
2019-04-21 19:25:03 ->loss: | 33.28106904402375
2019-04-21 19:25:24 ->loss: | 33.15493343025446
2019-04-21 19:25:44 Cross-validation
2019-04-21 19:25:52 

summary: Fold 2/5 	 Epoch 10/10 	 loss=33.1209 	 val_loss=57.6643 	 time=90.60s

2019-04-21 19:25:52 Fold 2 done; test on test data
2019-04-21 19:26:05 Fold 3; num_batches = 2041
2019-04-21 19:26:05 Epoch 1/10; lr = [0.001]
2019-04-21 19:26:25 ->loss: | 69.84054799377918
2019-04-21 19:26:46 ->loss: | 57.43535528331995
2019-04-21 19:27:07 ->loss: | 56.88619891554117
2019-04-21 19:27:27 Cross-validation
2019-04-21 19:27:35 

summary: Fold 3/5 	 Epoch 1/10 	 loss=59.7297 	 val_loss=53.0922 	 time=89.78s

2019-04-21 19:27:35 Epoch 2/10; lr = [0.001]
2019-04-21 19:27:55 ->loss: | 52.735950615257025
2019-04-21 19:28:15 ->loss: | 51.74258832260966
2019-04-21 19:28:36 ->loss: | 51.55272291973233
2019-04-21 19:28:56 Cross-validation
2019-04-21 19:29:03 

summary: Fold 3/5 	 Epoch 2/10 	 loss=51.8124 	 val_loss=50.3156 	 time=88.83s

2019-04-21 19:29:03 Epoch 3/10; lr = [0.001]
2019-04-21 19:29:24 ->loss: | 48.97577127069235
2019-04-21 19:29:44 ->loss: | 49.196357406675816
2019-04-21 19:30:04 ->loss: | 48.840113546699286
2019-04-21 19:30:24 Cross-validation
2019-04-21 19:30:32 

summary: Fold 3/5 	 Epoch 3/10 	 loss=49.0232 	 val_loss=49.6893 	 time=88.64s

2019-04-21 19:30:32 Epoch 4/10; lr = [0.0005]
2019-04-21 19:30:52 ->loss: | 45.14171838015318
2019-04-21 19:31:12 ->loss: | 45.16186060383916
2019-04-21 19:31:33 ->loss: | 45.40831347182393
2019-04-21 19:31:53 Cross-validation
2019-04-21 19:32:01 

summary: Fold 3/5 	 Epoch 4/10 	 loss=45.2533 	 val_loss=48.9594 	 time=88.73s

2019-04-21 19:32:01 Epoch 5/10; lr = [0.0005]
2019-04-21 19:32:21 ->loss: | 43.136721543967724
2019-04-21 19:32:41 ->loss: | 43.2166220061481
2019-04-21 19:33:02 ->loss: | 43.63539822399616
2019-04-21 19:33:22 Cross-validation
2019-04-21 19:33:30 

summary: Fold 3/5 	 Epoch 5/10 	 loss=43.3912 	 val_loss=49.1900 	 time=88.78s

2019-04-21 19:33:30 Epoch 6/10; lr = [0.0005]
2019-04-21 19:33:50 ->loss: | 40.50364378467202
2019-04-21 19:34:10 ->loss: | 41.82579359412193
2019-04-21 19:34:31 ->loss: | 41.39067588746548
2019-04-21 19:34:51 Cross-validation
2019-04-21 19:34:58 

summary: Fold 3/5 	 Epoch 6/10 	 loss=41.5562 	 val_loss=49.8273 	 time=88.89s

2019-04-21 19:34:58 Epoch 7/10; lr = [0.00025]
2019-04-21 19:35:19 ->loss: | 38.24246633797884
2019-04-21 19:35:39 ->loss: | 37.97041507437825
2019-04-21 19:35:59 ->loss: | 38.820229697972536
2019-04-21 19:36:19 Cross-validation
2019-04-21 19:36:27 

summary: Fold 3/5 	 Epoch 7/10 	 loss=38.5805 	 val_loss=50.7564 	 time=88.46s

2019-04-21 19:36:27 Epoch 8/10; lr = [0.00025]
2019-04-21 19:36:47 ->loss: | 36.59560789167881
2019-04-21 19:37:08 ->loss: | 37.35826839879155
2019-04-21 19:37:28 ->loss: | 37.692213866859674
2019-04-21 19:37:48 Cross-validation
2019-04-21 19:37:56 

summary: Fold 3/5 	 Epoch 8/10 	 loss=37.2473 	 val_loss=51.4345 	 time=89.10s

2019-04-21 19:37:56 Epoch 9/10; lr = [0.00025]
2019-04-21 19:38:16 ->loss: | 35.146912440657616
2019-04-21 19:38:37 ->loss: | 35.961174208670855
2019-04-21 19:38:57 ->loss: | 36.19311735406518
2019-04-21 19:39:17 Cross-validation
2019-04-21 19:39:25 

summary: Fold 3/5 	 Epoch 9/10 	 loss=35.9607 	 val_loss=52.5681 	 time=88.84s

2019-04-21 19:39:25 Epoch 10/10; lr = [0.000125]
2019-04-21 19:39:45 ->loss: | 33.715847074985504
2019-04-21 19:40:05 ->loss: | 33.89441395550966
2019-04-21 19:40:26 ->loss: | 33.9647539164871
2019-04-21 19:40:46 Cross-validation
2019-04-21 19:40:53 

summary: Fold 3/5 	 Epoch 10/10 	 loss=34.0188 	 val_loss=54.3329 	 time=88.62s

2019-04-21 19:40:53 Fold 3 done; test on test data
2019-04-21 19:41:06 Fold 4; num_batches = 2041
2019-04-21 19:41:06 Epoch 1/10; lr = [0.001]
2019-04-21 19:41:26 ->loss: | 69.58299234509468
2019-04-21 19:41:46 ->loss: | 57.852498814463615
2019-04-21 19:42:06 ->loss: | 55.63930236548185
2019-04-21 19:42:26 Cross-validation
2019-04-21 19:42:35 

summary: Fold 4/5 	 Epoch 1/10 	 loss=59.2496 	 val_loss=53.0130 	 time=88.72s

2019-04-21 19:42:35 Epoch 2/10; lr = [0.001]
2019-04-21 19:42:55 ->loss: | 52.54674660041928
2019-04-21 19:43:15 ->loss: | 51.36154869571328
2019-04-21 19:43:35 ->loss: | 51.231778763234615
2019-04-21 19:43:55 Cross-validation
2019-04-21 19:44:03 

summary: Fold 4/5 	 Epoch 2/10 	 loss=51.4356 	 val_loss=51.0366 	 time=88.71s

2019-04-21 19:44:03 Epoch 3/10; lr = [0.001]
2019-04-21 19:44:23 ->loss: | 48.48781260848045
2019-04-21 19:44:44 ->loss: | 48.987348549067974
2019-04-21 19:45:04 ->loss: | 48.44722658023238
2019-04-21 19:45:24 Cross-validation
2019-04-21 19:45:32 

summary: Fold 4/5 	 Epoch 3/10 	 loss=48.5125 	 val_loss=49.9962 	 time=88.71s

2019-04-21 19:45:32 Epoch 4/10; lr = [0.0005]
2019-04-21 19:45:52 ->loss: | 44.89449058100581
2019-04-21 19:46:13 ->loss: | 44.97341516986489
2019-04-21 19:46:33 ->loss: | 44.47667555138469
2019-04-21 19:46:53 Cross-validation
2019-04-21 19:47:01 

summary: Fold 4/5 	 Epoch 4/10 	 loss=44.8214 	 val_loss=49.6015 	 time=88.81s

2019-04-21 19:47:01 Epoch 5/10; lr = [0.0005]
2019-04-21 19:47:21 ->loss: | 42.667679376900196
2019-04-21 19:47:42 ->loss: | 43.05583308637142
2019-04-21 19:48:02 ->loss: | 42.738586228340864
2019-04-21 19:48:22 Cross-validation
2019-04-21 19:48:30 

summary: Fold 4/5 	 Epoch 5/10 	 loss=42.8893 	 val_loss=49.8652 	 time=89.49s

2019-04-21 19:48:30 Epoch 6/10; lr = [0.0005]
2019-04-21 19:48:51 ->loss: | 41.258008144795895
2019-04-21 19:49:11 ->loss: | 41.32070142775774
2019-04-21 19:49:31 ->loss: | 40.52818801626563
2019-04-21 19:49:51 Cross-validation
2019-04-21 19:49:59 

summary: Fold 4/5 	 Epoch 6/10 	 loss=41.1445 	 val_loss=51.0732 	 time=88.98s

2019-04-21 19:49:59 Epoch 7/10; lr = [0.00025]
2019-04-21 19:50:20 ->loss: | 38.376411493867636
2019-04-21 19:50:40 ->loss: | 37.287265066057444
2019-04-21 19:51:00 ->loss: | 38.157012425363064
2019-04-21 19:51:20 Cross-validation
2019-04-21 19:51:28 

summary: Fold 4/5 	 Epoch 7/10 	 loss=38.1041 	 val_loss=52.2275 	 time=89.22s

2019-04-21 19:51:28 Epoch 8/10; lr = [0.00025]
2019-04-21 19:51:49 ->loss: | 35.81008370220661
2019-04-21 19:52:09 ->loss: | 36.71297474950552
2019-04-21 19:52:29 ->loss: | 37.00520247593522
2019-04-21 19:52:49 Cross-validation
2019-04-21 19:52:58 

summary: Fold 4/5 	 Epoch 8/10 	 loss=36.7649 	 val_loss=52.7108 	 time=89.14s

2019-04-21 19:52:58 Epoch 9/10; lr = [0.00025]
2019-04-21 19:53:18 ->loss: | 34.95885369181633
2019-04-21 19:53:38 ->loss: | 36.27599523961544
2019-04-21 19:53:58 ->loss: | 35.13543764129281
2019-04-21 19:54:18 Cross-validation
2019-04-21 19:54:26 

summary: Fold 4/5 	 Epoch 9/10 	 loss=35.5649 	 val_loss=53.9879 	 time=88.57s

2019-04-21 19:54:26 Epoch 10/10; lr = [0.000125]
2019-04-21 19:54:46 ->loss: | 33.20133075863123
2019-04-21 19:55:06 ->loss: | 33.408702958375216
2019-04-21 19:55:27 ->loss: | 33.715899616479874
2019-04-21 19:55:47 Cross-validation
2019-04-21 19:55:55 

summary: Fold 4/5 	 Epoch 10/10 	 loss=33.6090 	 val_loss=55.2854 	 time=88.46s

2019-04-21 19:55:55 Fold 4 done; test on test data
2019-04-21 19:56:07 Fold 5; num_batches = 2041
2019-04-21 19:56:07 Epoch 1/10; lr = [0.001]
2019-04-21 19:56:27 ->loss: | 70.00902330875397
2019-04-21 19:56:47 ->loss: | 57.344439543783665
2019-04-21 19:57:08 ->loss: | 55.64132557064295
2019-04-21 19:57:28 Cross-validation
2019-04-21 19:57:35 

summary: Fold 5/5 	 Epoch 1/10 	 loss=59.3341 	 val_loss=53.2941 	 time=88.63s

2019-04-21 19:57:35 Epoch 2/10; lr = [0.001]
2019-04-21 19:57:56 ->loss: | 51.62083403766155
2019-04-21 19:58:16 ->loss: | 51.59930291026831
2019-04-21 19:58:37 ->loss: | 51.774759616702795
2019-04-21 19:58:57 Cross-validation
2019-04-21 19:59:05 

summary: Fold 5/5 	 Epoch 2/10 	 loss=51.4050 	 val_loss=51.0777 	 time=89.13s

2019-04-21 19:59:05 Epoch 3/10; lr = [0.001]
2019-04-21 19:59:25 ->loss: | 48.78499334305525
2019-04-21 19:59:45 ->loss: | 47.673409443348646
2019-04-21 20:00:05 ->loss: | 48.72191504761577
2019-04-21 20:00:26 Cross-validation
2019-04-21 20:00:33 

summary: Fold 5/5 	 Epoch 3/10 	 loss=48.4555 	 val_loss=49.7996 	 time=88.70s

2019-04-21 20:00:33 Epoch 4/10; lr = [0.0005]
2019-04-21 20:00:54 ->loss: | 44.77021296322346
2019-04-21 20:01:14 ->loss: | 45.1366355791688
2019-04-21 20:01:35 ->loss: | 44.78535680100322
2019-04-21 20:01:55 Cross-validation
2019-04-21 20:02:03 

summary: Fold 5/5 	 Epoch 4/10 	 loss=44.7918 	 val_loss=49.7168 	 time=89.50s

2019-04-21 20:02:03 Epoch 5/10; lr = [0.0005]
2019-04-21 20:02:23 ->loss: | 42.87454014271498
2019-04-21 20:02:43 ->loss: | 41.98362639546394
2019-04-21 20:03:04 ->loss: | 42.93389131873846
2019-04-21 20:03:24 Cross-validation
2019-04-21 20:03:32 

summary: Fold 5/5 	 Epoch 5/10 	 loss=42.8547 	 val_loss=49.8785 	 time=88.99s

2019-04-21 20:03:32 Epoch 6/10; lr = [0.0005]
2019-04-21 20:03:52 ->loss: | 41.02365367114544
2019-04-21 20:04:12 ->loss: | 40.89674847200513
2019-04-21 20:04:33 ->loss: | 41.02082349359989
2019-04-21 20:04:52 Cross-validation
2019-04-21 20:05:00 

summary: Fold 5/5 	 Epoch 6/10 	 loss=41.0270 	 val_loss=50.4844 	 time=88.46s

2019-04-21 20:05:00 Epoch 7/10; lr = [0.00025]
2019-04-21 20:05:21 ->loss: | 38.113673716783524
2019-04-21 20:05:41 ->loss: | 37.86740506067872
2019-04-21 20:06:01 ->loss: | 38.11537613719702
2019-04-21 20:06:22 Cross-validation
2019-04-21 20:06:29 

summary: Fold 5/5 	 Epoch 7/10 	 loss=38.0831 	 val_loss=51.8036 	 time=89.14s

2019-04-21 20:06:29 Epoch 8/10; lr = [0.00025]
2019-04-21 20:06:50 ->loss: | 36.47178377583623
2019-04-21 20:07:10 ->loss: | 36.69317224621773
2019-04-21 20:07:30 ->loss: | 36.75413693487644
2019-04-21 20:07:50 Cross-validation
2019-04-21 20:07:58 

summary: Fold 5/5 	 Epoch 8/10 	 loss=36.7856 	 val_loss=52.6337 	 time=88.59s

2019-04-21 20:07:58 Epoch 9/10; lr = [0.00025]
2019-04-21 20:08:18 ->loss: | 34.578972740098834
2019-04-21 20:08:39 ->loss: | 35.945099890232086
2019-04-21 20:08:59 ->loss: | 35.86253929883242
2019-04-21 20:09:19 Cross-validation
2019-04-21 20:09:27 

summary: Fold 5/5 	 Epoch 9/10 	 loss=35.5338 	 val_loss=53.7243 	 time=88.56s

2019-04-21 20:09:27 Epoch 10/10; lr = [0.000125]
2019-04-21 20:09:47 ->loss: | 33.174044128507376
2019-04-21 20:10:07 ->loss: | 33.59574397280812
2019-04-21 20:10:28 ->loss: | 33.689736135303974
2019-04-21 20:10:48 Cross-validation
2019-04-21 20:10:56 

summary: Fold 5/5 	 Epoch 10/10 	 loss=33.5186 	 val_loss=55.2892 	 time=89.00s

2019-04-21 20:10:56 Fold 5 done; test on test data
2019-04-21 20:11:06 Training done
2019-04-21 20:11:06 Finding threshold
2019-04-21 20:11:27 {'threshold': 0.40909090909090917, 'f1': 0.6714428158915511}
2019-04-21 20:11:27 Generating submission.csv
