2019-04-22 09:07:37 Read csvs...
2019-04-22 09:07:41 Clean DataFrames...
2019-04-22 09:08:50 Tokenize...
2019-04-22 09:09:22 Pad...
2019-04-22 09:10:10 Embedding matrices
2019-04-22 09:13:36 ->loaded glove
2019-04-22 09:16:17 ->loaded paragram
2019-04-22 09:16:18 
Starting train loop

2019-04-22 09:16:25 Fold 1; num_batches = 2041
2019-04-22 09:16:25 Epoch 1/5; lr = [0.001]
2019-04-22 09:16:37 ->loss: | 79.0512644648552
2019-04-22 09:16:49 ->loss: | 66.56159707158804
2019-04-22 09:17:01 ->loss: | 64.79332628846169
2019-04-22 09:17:13 Cross-validation
2019-04-22 09:17:19 

summary: Fold 1/5 	 Epoch 1/5 	 loss=68.6523 	 val_loss=53.3970 	 time=53.79s

2019-04-22 09:17:19 Epoch 2/5; lr = [0.001]
2019-04-22 09:17:31 ->loss: | 62.190192088484764
2019-04-22 09:17:43 ->loss: | 62.5465430021286
2019-04-22 09:17:55 ->loss: | 61.6209226436913
2019-04-22 09:18:06 Cross-validation
2019-04-22 09:18:12 

summary: Fold 1/5 	 Epoch 2/5 	 loss=61.6937 	 val_loss=51.9423 	 time=53.27s

2019-04-22 09:18:12 Epoch 3/5; lr = [0.001]
2019-04-22 09:18:24 ->loss: | 59.510729625821114
2019-04-22 09:18:36 ->loss: | 59.10170005261898
2019-04-22 09:18:48 ->loss: | 59.98105254769325
2019-04-22 09:19:00 Cross-validation
2019-04-22 09:19:05 

summary: Fold 1/5 	 Epoch 3/5 	 loss=59.4699 	 val_loss=51.9861 	 time=53.45s

2019-04-22 09:19:05 Epoch 4/5; lr = [0.001]
2019-04-22 09:19:18 ->loss: | 56.878965459764004
2019-04-22 09:19:30 ->loss: | 58.37093749642372
2019-04-22 09:19:42 ->loss: | 57.825232580304146
2019-04-22 09:19:53 Cross-validation
2019-04-22 09:19:59 

summary: Fold 1/5 	 Epoch 4/5 	 loss=57.7932 	 val_loss=50.1146 	 time=53.63s

2019-04-22 09:19:59 Epoch 5/5; lr = [0.001]
2019-04-22 09:20:11 ->loss: | 54.59313417226076
2019-04-22 09:20:23 ->loss: | 56.88558313250542
2019-04-22 09:20:35 ->loss: | 56.62175465002656
2019-04-22 09:20:47 Cross-validation
2019-04-22 09:20:53 

summary: Fold 1/5 	 Epoch 5/5 	 loss=56.0614 	 val_loss=51.4351 	 time=53.53s

2019-04-22 09:20:53 Fold 1 done; test on test data
2019-04-22 09:21:01 Fold 2; num_batches = 2041
2019-04-22 09:21:01 Epoch 1/5; lr = [0.001]
2019-04-22 09:21:13 ->loss: | 77.3429291471839
2019-04-22 09:21:25 ->loss: | 67.19634352624416
2019-04-22 09:21:37 ->loss: | 65.32835100591183
2019-04-22 09:21:49 Cross-validation
2019-04-22 09:21:55 

summary: Fold 2/5 	 Epoch 1/5 	 loss=68.7086 	 val_loss=55.0778 	 time=53.48s

2019-04-22 09:21:55 Epoch 2/5; lr = [0.001]
2019-04-22 09:22:07 ->loss: | 62.49154497683048
2019-04-22 09:22:19 ->loss: | 61.10508718341589
2019-04-22 09:22:31 ->loss: | 61.3704494908452
2019-04-22 09:22:43 Cross-validation
2019-04-22 09:22:48 

summary: Fold 2/5 	 Epoch 2/5 	 loss=61.7820 	 val_loss=51.8775 	 time=53.90s

2019-04-22 09:22:48 Epoch 3/5; lr = [0.001]
2019-04-22 09:23:01 ->loss: | 59.32948990166187
2019-04-22 09:23:13 ->loss: | 59.05589158087969
2019-04-22 09:23:25 ->loss: | 60.009582690894604
2019-04-22 09:23:37 Cross-validation
2019-04-22 09:23:43 

summary: Fold 2/5 	 Epoch 3/5 	 loss=59.4449 	 val_loss=50.8506 	 time=54.06s

2019-04-22 09:23:43 Epoch 4/5; lr = [0.001]
2019-04-22 09:23:55 ->loss: | 58.318218395113945
2019-04-22 09:24:07 ->loss: | 57.504794124513865
2019-04-22 09:24:19 ->loss: | 57.02887225523591
2019-04-22 09:24:31 Cross-validation
2019-04-22 09:24:37 

summary: Fold 2/5 	 Epoch 4/5 	 loss=57.6189 	 val_loss=50.0378 	 time=54.49s

2019-04-22 09:24:37 Epoch 5/5; lr = [0.001]
2019-04-22 09:24:49 ->loss: | 56.43733361363411
2019-04-22 09:25:01 ->loss: | 56.12632178142667
2019-04-22 09:25:13 ->loss: | 56.447910975664854
2019-04-22 09:25:25 Cross-validation
2019-04-22 09:25:31 

summary: Fold 2/5 	 Epoch 5/5 	 loss=56.1500 	 val_loss=50.7377 	 time=54.09s

2019-04-22 09:25:31 Fold 2 done; test on test data
2019-04-22 09:25:40 Fold 3; num_batches = 2041
2019-04-22 09:25:40 Epoch 1/5; lr = [0.001]
2019-04-22 09:25:52 ->loss: | 79.024080529809
2019-04-22 09:26:04 ->loss: | 66.58941852301359
2019-04-22 09:26:16 ->loss: | 65.05189833045006
2019-04-22 09:26:28 Cross-validation
2019-04-22 09:26:34 

summary: Fold 3/5 	 Epoch 1/5 	 loss=68.8384 	 val_loss=55.0221 	 time=53.96s

2019-04-22 09:26:34 Epoch 2/5; lr = [0.001]
2019-04-22 09:26:46 ->loss: | 62.80838108062744
2019-04-22 09:26:58 ->loss: | 62.24530553817749
2019-04-22 09:27:10 ->loss: | 60.91847399622202
2019-04-22 09:27:22 Cross-validation
2019-04-22 09:27:28 

summary: Fold 3/5 	 Epoch 2/5 	 loss=61.7449 	 val_loss=51.4298 	 time=53.77s

2019-04-22 09:27:28 Epoch 3/5; lr = [0.001]
2019-04-22 09:27:40 ->loss: | 59.623442493379116
2019-04-22 09:27:52 ->loss: | 59.13462367281318
2019-04-22 09:28:04 ->loss: | 60.11208048462868
2019-04-22 09:28:16 Cross-validation
2019-04-22 09:28:21 

summary: Fold 3/5 	 Epoch 3/5 	 loss=59.5165 	 val_loss=51.4179 	 time=53.88s

2019-04-22 09:28:21 Epoch 4/5; lr = [0.001]
2019-04-22 09:28:34 ->loss: | 57.4232659637928
2019-04-22 09:28:46 ->loss: | 57.83360094949603
2019-04-22 09:28:58 ->loss: | 57.80402090027928
2019-04-22 09:29:10 Cross-validation
2019-04-22 09:29:15 

summary: Fold 3/5 	 Epoch 4/5 	 loss=57.7476 	 val_loss=49.9702 	 time=53.87s

2019-04-22 09:29:15 Epoch 5/5; lr = [0.001]
2019-04-22 09:29:27 ->loss: | 55.924953665584326
2019-04-22 09:29:40 ->loss: | 55.740454874932766
2019-04-22 09:29:52 ->loss: | 56.143185295164585
2019-04-22 09:30:04 Cross-validation
2019-04-22 09:30:10 

summary: Fold 3/5 	 Epoch 5/5 	 loss=55.8832 	 val_loss=50.0764 	 time=54.34s

2019-04-22 09:30:10 Fold 3 done; test on test data
2019-04-22 09:30:18 Fold 4; num_batches = 2041
2019-04-22 09:30:18 Epoch 1/5; lr = [0.001]
2019-04-22 09:30:30 ->loss: | 79.13696532696486
2019-04-22 09:30:42 ->loss: | 67.14901921153069
2019-04-22 09:30:55 ->loss: | 64.11541060358286
2019-04-22 09:31:06 Cross-validation
2019-04-22 09:31:12 

summary: Fold 4/5 	 Epoch 1/5 	 loss=68.6267 	 val_loss=54.3664 	 time=53.98s

2019-04-22 09:31:12 Epoch 2/5; lr = [0.001]
2019-04-22 09:31:25 ->loss: | 61.59782958775759
2019-04-22 09:31:37 ->loss: | 62.53264767304063
2019-04-22 09:31:49 ->loss: | 61.88330474495888
2019-04-22 09:32:01 Cross-validation
2019-04-22 09:32:07 

summary: Fold 4/5 	 Epoch 2/5 	 loss=61.6754 	 val_loss=51.2699 	 time=54.32s

2019-04-22 09:32:07 Epoch 3/5; lr = [0.001]
2019-04-22 09:32:19 ->loss: | 59.30904757231474
2019-04-22 09:32:31 ->loss: | 59.723357267677784
2019-04-22 09:32:43 ->loss: | 59.44605837017298
2019-04-22 09:32:55 Cross-validation
2019-04-22 09:33:01 

summary: Fold 4/5 	 Epoch 3/5 	 loss=59.4921 	 val_loss=53.0558 	 time=54.01s

2019-04-22 09:33:01 Epoch 4/5; lr = [0.001]
2019-04-22 09:33:13 ->loss: | 57.295589327812195
2019-04-22 09:33:25 ->loss: | 57.32632103562355
2019-04-22 09:33:37 ->loss: | 58.56910713762045
2019-04-22 09:33:49 Cross-validation
2019-04-22 09:33:55 

summary: Fold 4/5 	 Epoch 4/5 	 loss=57.7616 	 val_loss=50.8246 	 time=53.96s

2019-04-22 09:33:55 Epoch 5/5; lr = [0.001]
2019-04-22 09:34:07 ->loss: | 55.077235367149115
2019-04-22 09:34:19 ->loss: | 56.24179334938526
2019-04-22 09:34:31 ->loss: | 55.304201792925596
2019-04-22 09:34:43 Cross-validation
2019-04-22 09:34:48 

summary: Fold 4/5 	 Epoch 5/5 	 loss=55.7565 	 val_loss=50.2848 	 time=53.92s

2019-04-22 09:34:48 Fold 4 done; test on test data
2019-04-22 09:34:57 Fold 5; num_batches = 2041
2019-04-22 09:34:57 Epoch 1/5; lr = [0.001]
2019-04-22 09:35:09 ->loss: | 78.4177201539278
2019-04-22 09:35:21 ->loss: | 67.07933793962002
2019-04-22 09:35:33 ->loss: | 64.96468010544777
2019-04-22 09:35:45 Cross-validation
2019-04-22 09:35:51 

summary: Fold 5/5 	 Epoch 1/5 	 loss=68.6839 	 val_loss=53.6185 	 time=54.05s

2019-04-22 09:35:51 Epoch 2/5; lr = [0.001]
2019-04-22 09:36:03 ->loss: | 61.84343031793833
2019-04-22 09:36:15 ->loss: | 62.056227542459965
2019-04-22 09:36:27 ->loss: | 61.62133626639843
2019-04-22 09:36:39 Cross-validation
2019-04-22 09:36:45 

summary: Fold 5/5 	 Epoch 2/5 	 loss=61.5428 	 val_loss=51.1921 	 time=53.84s

2019-04-22 09:36:45 Epoch 3/5; lr = [0.001]
2019-04-22 09:36:57 ->loss: | 59.08926418796182
2019-04-22 09:37:09 ->loss: | 58.986106276512146
2019-04-22 09:37:21 ->loss: | 59.80014491826296
2019-04-22 09:37:33 Cross-validation
2019-04-22 09:37:39 

summary: Fold 5/5 	 Epoch 3/5 	 loss=59.3310 	 val_loss=50.4405 	 time=53.91s

2019-04-22 09:37:39 Epoch 4/5; lr = [0.001]
2019-04-22 09:37:51 ->loss: | 58.012546971440315
2019-04-22 09:38:03 ->loss: | 57.35053166747093
2019-04-22 09:38:15 ->loss: | 56.51929388195276
2019-04-22 09:38:27 Cross-validation
2019-04-22 09:38:33 

summary: Fold 5/5 	 Epoch 4/5 	 loss=57.5021 	 val_loss=50.4096 	 time=54.02s

2019-04-22 09:38:33 Epoch 5/5; lr = [0.001]
2019-04-22 09:38:45 ->loss: | 55.3442912325263
2019-04-22 09:38:57 ->loss: | 55.99178019165993
2019-04-22 09:39:09 ->loss: | 56.70964891090989
2019-04-22 09:39:21 Cross-validation
2019-04-22 09:39:27 

summary: Fold 5/5 	 Epoch 5/5 	 loss=55.9879 	 val_loss=50.3366 	 time=54.09s

2019-04-22 09:39:27 Fold 5 done; test on test data
2019-04-22 09:39:34 Training done
2019-04-22 09:39:34 Finding threshold
2019-04-22 09:39:56 {'threshold': 0.31818181818181834, 'f1': 0.6797047029645596}
2019-04-22 09:39:56 Generating submission.csv
