2019-04-21 16:50:35 Read csvs...
2019-04-21 16:50:39 Clean DataFrames...
2019-04-21 16:51:43 Tokenize...
2019-04-21 16:52:12 Pad...
2019-04-21 16:52:58 Embedding matrices
2019-04-21 16:55:59 ->loaded glove
2019-04-21 16:58:20 ->loaded paragram
2019-04-21 16:58:21 
Starting train loop

2019-04-21 16:58:28 Fold 1; num_batches = 2041
2019-04-21 16:58:28 Epoch 1/10; lr = [0.001]
2019-04-21 16:58:48 ->loss: | 69.21861097216606
2019-04-21 16:59:09 ->loss: | 57.17939630895853
2019-04-21 16:59:30 ->loss: | 54.813165225088596
2019-04-21 16:59:50 Cross-validation
2019-04-21 16:59:58 

summary: Fold 1/5 	 Epoch 1/10 	 loss=58.8627 	 val_loss=54.8666 	 time=90.32s

2019-04-21 16:59:58 Epoch 2/10; lr = [0.001]
2019-04-21 17:00:19 ->loss: | 51.370845917612314
2019-04-21 17:00:39 ->loss: | 50.77742940187454
2019-04-21 17:01:00 ->loss: | 51.0036253221333
2019-04-21 17:01:21 Cross-validation
2019-04-21 17:01:29 

summary: Fold 1/5 	 Epoch 2/10 	 loss=50.9606 	 val_loss=51.2870 	 time=91.02s

2019-04-21 17:01:29 Epoch 3/10; lr = [0.001]
2019-04-21 17:01:50 ->loss: | 47.62033009156585
2019-04-21 17:02:10 ->loss: | 48.3151626624167
2019-04-21 17:02:31 ->loss: | 48.407690707594156
2019-04-21 17:02:51 Cross-validation
2019-04-21 17:02:59 

summary: Fold 1/5 	 Epoch 3/10 	 loss=48.0624 	 val_loss=50.2902 	 time=90.50s

2019-04-21 17:02:59 Epoch 4/10; lr = [0.001]
2019-04-21 17:03:20 ->loss: | 44.95399850606918
2019-04-21 17:03:41 ->loss: | 45.41754435747862
2019-04-21 17:04:02 ->loss: | 45.256742265075445
2019-04-21 17:04:23 Cross-validation
2019-04-21 17:04:31 

summary: Fold 1/5 	 Epoch 4/10 	 loss=45.4550 	 val_loss=50.3252 	 time=91.27s

2019-04-21 17:04:31 Epoch 5/10; lr = [0.001]
2019-04-21 17:04:51 ->loss: | 42.15250035747886
2019-04-21 17:05:12 ->loss: | 43.03124199062586
2019-04-21 17:05:33 ->loss: | 43.15273029357195
2019-04-21 17:05:53 Cross-validation
2019-04-21 17:06:01 

summary: Fold 1/5 	 Epoch 5/10 	 loss=42.8372 	 val_loss=50.2983 	 time=90.86s

2019-04-21 17:06:01 Epoch 6/10; lr = [0.001]
2019-04-21 17:06:22 ->loss: | 39.17934313043952
2019-04-21 17:06:43 ->loss: | 40.09364860877395
2019-04-21 17:07:04 ->loss: | 40.82763359323144
2019-04-21 17:07:24 Cross-validation
2019-04-21 17:07:32 

summary: Fold 1/5 	 Epoch 6/10 	 loss=40.1910 	 val_loss=50.4584 	 time=90.72s

2019-04-21 17:07:32 Epoch 7/10; lr = [0.001]
2019-04-21 17:07:53 ->loss: | 36.6823012791574
2019-04-21 17:08:13 ->loss: | 37.51002625003457
2019-04-21 17:08:34 ->loss: | 38.09122143685818
2019-04-21 17:08:55 Cross-validation
2019-04-21 17:09:03 

summary: Fold 1/5 	 Epoch 7/10 	 loss=37.6126 	 val_loss=52.0564 	 time=90.46s

2019-04-21 17:09:03 Epoch 8/10; lr = [0.001]
2019-04-21 17:09:24 ->loss: | 33.33389326557517
2019-04-21 17:09:44 ->loss: | 35.07905803993344
2019-04-21 17:10:05 ->loss: | 35.25667767971754
2019-04-21 17:10:26 Cross-validation
2019-04-21 17:10:34 

summary: Fold 1/5 	 Epoch 8/10 	 loss=34.9634 	 val_loss=55.3061 	 time=90.96s

2019-04-21 17:10:34 Epoch 9/10; lr = [0.0005]
2019-04-21 17:10:54 ->loss: | 29.471166348084807
2019-04-21 17:11:15 ->loss: | 29.124226862564683
2019-04-21 17:11:36 ->loss: | 30.19112483598292
2019-04-21 17:11:56 Cross-validation
2019-04-21 17:12:04 

summary: Fold 1/5 	 Epoch 9/10 	 loss=29.7536 	 val_loss=61.3379 	 time=90.71s

2019-04-21 17:12:04 Epoch 10/10; lr = [0.0005]
2019-04-21 17:12:25 ->loss: | 26.23277766816318
2019-04-21 17:12:46 ->loss: | 26.922648457810283
2019-04-21 17:13:07 ->loss: | 27.82831628061831
2019-04-21 17:13:28 Cross-validation
2019-04-21 17:13:36 

summary: Fold 1/5 	 Epoch 10/10 	 loss=27.3034 	 val_loss=64.3910 	 time=91.44s

2019-04-21 17:13:36 Fold 1 done; test on test data
2019-04-21 17:13:48 Fold 2; num_batches = 2041
2019-04-21 17:13:48 Epoch 1/10; lr = [0.001]
2019-04-21 17:14:09 ->loss: | 70.05913623422384
2019-04-21 17:14:30 ->loss: | 57.234160616993904
2019-04-21 17:14:51 ->loss: | 56.18877425044775
2019-04-21 17:15:11 Cross-validation
2019-04-21 17:15:19 

summary: Fold 2/5 	 Epoch 1/10 	 loss=59.3915 	 val_loss=53.4024 	 time=90.94s

2019-04-21 17:15:19 Epoch 2/10; lr = [0.001]
2019-04-21 17:15:40 ->loss: | 52.114356108009815
2019-04-21 17:16:01 ->loss: | 51.338824685662985
2019-04-21 17:16:21 ->loss: | 50.40762582421303
2019-04-21 17:16:41 Cross-validation
2019-04-21 17:16:50 

summary: Fold 2/5 	 Epoch 2/10 	 loss=51.2263 	 val_loss=50.9025 	 time=90.67s

2019-04-21 17:16:50 Epoch 3/10; lr = [0.001]
2019-04-21 17:17:11 ->loss: | 48.108570244163275
2019-04-21 17:17:31 ->loss: | 48.061056692153215
2019-04-21 17:17:52 ->loss: | 48.24986217916012
2019-04-21 17:18:13 Cross-validation
2019-04-21 17:18:21 

summary: Fold 2/5 	 Epoch 3/10 	 loss=48.1783 	 val_loss=51.4200 	 time=90.93s

2019-04-21 17:18:21 Epoch 4/10; lr = [0.001]
2019-04-21 17:18:42 ->loss: | 45.344781793653965
2019-04-21 17:19:02 ->loss: | 45.70935516059399
2019-04-21 17:19:23 ->loss: | 45.55054223537445
2019-04-21 17:19:43 Cross-validation
2019-04-21 17:19:51 

summary: Fold 2/5 	 Epoch 4/10 	 loss=45.5706 	 val_loss=49.4602 	 time=90.53s

2019-04-21 17:19:51 Epoch 5/10; lr = [0.001]
2019-04-21 17:20:12 ->loss: | 42.56626904383302
2019-04-21 17:20:33 ->loss: | 42.03278076276183
2019-04-21 17:20:54 ->loss: | 43.51848312467337
2019-04-21 17:21:14 Cross-validation
2019-04-21 17:21:22 

summary: Fold 2/5 	 Epoch 5/10 	 loss=42.9825 	 val_loss=49.4130 	 time=90.81s

2019-04-21 17:21:22 Epoch 6/10; lr = [0.001]
2019-04-21 17:21:43 ->loss: | 38.78874968737364
2019-04-21 17:22:04 ->loss: | 40.43431771546602
2019-04-21 17:22:24 ->loss: | 40.705095287412405
2019-04-21 17:22:45 Cross-validation
2019-04-21 17:22:53 

summary: Fold 2/5 	 Epoch 6/10 	 loss=40.2433 	 val_loss=51.9370 	 time=90.94s

2019-04-21 17:22:53 Epoch 7/10; lr = [0.001]
2019-04-21 17:23:14 ->loss: | 37.423272766172886
2019-04-21 17:23:35 ->loss: | 37.11827777326107
2019-04-21 17:23:56 ->loss: | 37.23501739278436
2019-04-21 17:24:16 Cross-validation
2019-04-21 17:24:24 

summary: Fold 2/5 	 Epoch 7/10 	 loss=37.5494 	 val_loss=51.6546 	 time=91.36s

2019-04-21 17:24:24 Epoch 8/10; lr = [0.001]
2019-04-21 17:24:45 ->loss: | 33.50816370546818
2019-04-21 17:25:06 ->loss: | 34.79929484426975
2019-04-21 17:25:27 ->loss: | 35.20298082008958
2019-04-21 17:25:47 Cross-validation
2019-04-21 17:25:55 

summary: Fold 2/5 	 Epoch 8/10 	 loss=34.7473 	 val_loss=55.2710 	 time=90.85s

2019-04-21 17:25:55 Epoch 9/10; lr = [0.0005]
2019-04-21 17:26:16 ->loss: | 28.38926395215094
2019-04-21 17:26:37 ->loss: | 28.94667313247919
2019-04-21 17:26:58 ->loss: | 29.53504970856011
2019-04-21 17:27:18 Cross-validation
2019-04-21 17:27:27 

summary: Fold 2/5 	 Epoch 9/10 	 loss=29.2493 	 val_loss=58.5303 	 time=91.37s

2019-04-21 17:27:27 Epoch 10/10; lr = [0.0005]
2019-04-21 17:27:47 ->loss: | 25.63540506362915
2019-04-21 17:28:08 ->loss: | 26.91623174957931
2019-04-21 17:28:29 ->loss: | 27.205140948295593
2019-04-21 17:28:49 Cross-validation
2019-04-21 17:28:58 

summary: Fold 2/5 	 Epoch 10/10 	 loss=26.8423 	 val_loss=63.5559 	 time=91.10s

2019-04-21 17:28:58 Fold 2 done; test on test data
2019-04-21 17:29:10 Fold 3; num_batches = 2041
2019-04-21 17:29:10 Epoch 1/10; lr = [0.001]
2019-04-21 17:29:31 ->loss: | 68.60071463137865
2019-04-21 17:29:52 ->loss: | 57.093991097062826
2019-04-21 17:30:13 ->loss: | 55.20615969225764
2019-04-21 17:30:33 Cross-validation
2019-04-21 17:30:41 

summary: Fold 3/5 	 Epoch 1/10 	 loss=58.7423 	 val_loss=52.5511 	 time=90.89s

2019-04-21 17:30:41 Epoch 2/10; lr = [0.001]
2019-04-21 17:31:02 ->loss: | 51.770634435117245
2019-04-21 17:31:23 ->loss: | 51.1137280985713
2019-04-21 17:31:43 ->loss: | 51.08979947119951
2019-04-21 17:32:03 Cross-validation
2019-04-21 17:32:11 

summary: Fold 3/5 	 Epoch 2/10 	 loss=51.0470 	 val_loss=50.8354 	 time=90.28s

2019-04-21 17:32:11 Epoch 3/10; lr = [0.001]
2019-04-21 17:32:32 ->loss: | 47.872728165239096
2019-04-21 17:32:52 ->loss: | 47.727229680866
2019-04-21 17:33:13 ->loss: | 48.59961994737387
2019-04-21 17:33:33 Cross-validation
2019-04-21 17:33:41 

summary: Fold 3/5 	 Epoch 3/10 	 loss=48.0924 	 val_loss=50.4229 	 time=89.53s

2019-04-21 17:33:41 Epoch 4/10; lr = [0.001]
2019-04-21 17:34:01 ->loss: | 45.54860893636942
2019-04-21 17:34:22 ->loss: | 45.37848328053951
2019-04-21 17:34:42 ->loss: | 45.34844429790974
2019-04-21 17:35:03 Cross-validation
2019-04-21 17:35:10 

summary: Fold 3/5 	 Epoch 4/10 	 loss=45.4878 	 val_loss=49.8915 	 time=89.46s

2019-04-21 17:35:10 Epoch 5/10; lr = [0.001]
2019-04-21 17:35:31 ->loss: | 42.78491451591253
2019-04-21 17:35:52 ->loss: | 43.05218582227826
2019-04-21 17:36:12 ->loss: | 42.61751027777791
2019-04-21 17:36:32 Cross-validation
2019-04-21 17:36:40 

summary: Fold 3/5 	 Epoch 5/10 	 loss=42.9540 	 val_loss=50.3702 	 time=89.76s

2019-04-21 17:36:40 Epoch 6/10; lr = [0.001]
2019-04-21 17:37:01 ->loss: | 39.054093547165394
2019-04-21 17:37:21 ->loss: | 40.35111494362354
2019-04-21 17:37:41 ->loss: | 40.9471312277019
2019-04-21 17:38:02 Cross-validation
2019-04-21 17:38:10 

summary: Fold 3/5 	 Epoch 6/10 	 loss=40.2332 	 val_loss=53.0440 	 time=89.37s

2019-04-21 17:38:10 Epoch 7/10; lr = [0.001]
2019-04-21 17:38:30 ->loss: | 36.185137163847685
2019-04-21 17:38:50 ->loss: | 36.71098593622446
2019-04-21 17:39:11 ->loss: | 38.25181092694402
2019-04-21 17:39:31 Cross-validation
2019-04-21 17:39:39 

summary: Fold 3/5 	 Epoch 7/10 	 loss=37.5698 	 val_loss=54.0563 	 time=89.24s

2019-04-21 17:39:39 Epoch 8/10; lr = [0.001]
2019-04-21 17:39:59 ->loss: | 33.699492163956165
2019-04-21 17:40:20 ->loss: | 35.08411214500666
2019-04-21 17:40:41 ->loss: | 34.89937029406428
2019-04-21 17:41:01 Cross-validation
2019-04-21 17:41:09 

summary: Fold 3/5 	 Epoch 8/10 	 loss=34.9582 	 val_loss=54.9659 	 time=90.04s

2019-04-21 17:41:09 Epoch 9/10; lr = [0.0005]
2019-04-21 17:41:29 ->loss: | 29.529107684269547
2019-04-21 17:41:50 ->loss: | 29.740319069474936
2019-04-21 17:42:10 ->loss: | 29.346648011356592
2019-04-21 17:42:30 Cross-validation
2019-04-21 17:42:38 

summary: Fold 3/5 	 Epoch 9/10 	 loss=29.7094 	 val_loss=60.0015 	 time=89.09s

2019-04-21 17:42:38 Epoch 10/10; lr = [0.0005]
2019-04-21 17:42:58 ->loss: | 26.37619017995894
2019-04-21 17:43:19 ->loss: | 27.474039558321238
2019-04-21 17:43:39 ->loss: | 27.25569747388363
2019-04-21 17:43:59 Cross-validation
2019-04-21 17:44:07 

summary: Fold 3/5 	 Epoch 10/10 	 loss=27.2430 	 val_loss=63.8186 	 time=89.38s

2019-04-21 17:44:07 Fold 3 done; test on test data
2019-04-21 17:44:20 Fold 4; num_batches = 2041
2019-04-21 17:44:20 Epoch 1/10; lr = [0.001]
2019-04-21 17:44:40 ->loss: | 69.79113307595253
2019-04-21 17:45:01 ->loss: | 57.2343732714653
2019-04-21 17:45:21 ->loss: | 55.883327804505825
2019-04-21 17:45:41 Cross-validation
2019-04-21 17:45:49 

summary: Fold 4/5 	 Epoch 1/10 	 loss=59.2363 	 val_loss=52.2360 	 time=89.50s

2019-04-21 17:45:49 Epoch 2/10; lr = [0.001]
2019-04-21 17:46:09 ->loss: | 52.289491049945354
2019-04-21 17:46:30 ->loss: | 50.834162060171366
2019-04-21 17:46:50 ->loss: | 51.1247535161674
2019-04-21 17:47:10 Cross-validation
2019-04-21 17:47:18 

summary: Fold 4/5 	 Epoch 2/10 	 loss=51.2257 	 val_loss=49.8712 	 time=89.25s

2019-04-21 17:47:18 Epoch 3/10; lr = [0.001]
2019-04-21 17:47:39 ->loss: | 48.061213836073875
2019-04-21 17:47:59 ->loss: | 47.96536301076412
2019-04-21 17:48:20 ->loss: | 48.78836715593934
2019-04-21 17:48:40 Cross-validation
2019-04-21 17:48:48 

summary: Fold 4/5 	 Epoch 3/10 	 loss=48.1909 	 val_loss=49.1432 	 time=89.48s

2019-04-21 17:48:48 Epoch 4/10; lr = [0.001]
2019-04-21 17:49:08 ->loss: | 44.881218668073416
2019-04-21 17:49:28 ->loss: | 45.950839914381504
2019-04-21 17:49:49 ->loss: | 45.64158218353987
2019-04-21 17:50:09 Cross-validation
2019-04-21 17:50:17 

summary: Fold 4/5 	 Epoch 4/10 	 loss=45.5800 	 val_loss=49.0783 	 time=89.10s

2019-04-21 17:50:17 Epoch 5/10; lr = [0.001]
2019-04-21 17:50:37 ->loss: | 41.81159507110715
2019-04-21 17:50:58 ->loss: | 43.09816799685359
2019-04-21 17:51:18 ->loss: | 43.17175464332104
2019-04-21 17:51:39 Cross-validation
2019-04-21 17:51:47 

summary: Fold 4/5 	 Epoch 5/10 	 loss=42.9377 	 val_loss=49.4421 	 time=89.64s

2019-04-21 17:51:47 Epoch 6/10; lr = [0.001]
2019-04-21 17:52:07 ->loss: | 38.769879914820194
2019-04-21 17:52:27 ->loss: | 40.68647073209286
2019-04-21 17:52:48 ->loss: | 40.627576418221
2019-04-21 17:53:08 Cross-validation
2019-04-21 17:53:16 

summary: Fold 4/5 	 Epoch 6/10 	 loss=40.3140 	 val_loss=50.9229 	 time=89.19s

2019-04-21 17:53:16 Epoch 7/10; lr = [0.001]
2019-04-21 17:53:36 ->loss: | 36.518340434879065
2019-04-21 17:53:57 ->loss: | 37.08131895214319
2019-04-21 17:54:17 ->loss: | 38.26240427047014
2019-04-21 17:54:37 Cross-validation
2019-04-21 17:54:45 

summary: Fold 4/5 	 Epoch 7/10 	 loss=37.6185 	 val_loss=52.4841 	 time=89.63s

2019-04-21 17:54:45 Epoch 8/10; lr = [0.001]
2019-04-21 17:55:06 ->loss: | 33.150264563038945
2019-04-21 17:55:26 ->loss: | 34.91979928687215
2019-04-21 17:55:46 ->loss: | 35.79709165543318
2019-04-21 17:56:06 Cross-validation
2019-04-21 17:56:14 

summary: Fold 4/5 	 Epoch 8/10 	 loss=34.9225 	 val_loss=53.6491 	 time=88.75s

2019-04-21 17:56:14 Epoch 9/10; lr = [0.0005]
2019-04-21 17:56:35 ->loss: | 29.272799290716648
2019-04-21 17:56:55 ->loss: | 29.22644843533635
2019-04-21 17:57:16 ->loss: | 29.937154868617654
2019-04-21 17:57:36 Cross-validation
2019-04-21 17:57:44 

summary: Fold 4/5 	 Epoch 9/10 	 loss=29.6850 	 val_loss=58.3504 	 time=89.57s

2019-04-21 17:57:44 Epoch 10/10; lr = [0.0005]
2019-04-21 17:58:04 ->loss: | 25.94017554447055
2019-04-21 17:58:25 ->loss: | 27.034441327676177
2019-04-21 17:58:45 ->loss: | 27.96105284616351
2019-04-21 17:59:05 Cross-validation
2019-04-21 17:59:13 

summary: Fold 4/5 	 Epoch 10/10 	 loss=27.2970 	 val_loss=63.1985 	 time=89.07s

2019-04-21 17:59:13 Fold 4 done; test on test data
2019-04-21 17:59:25 Fold 5; num_batches = 2041
2019-04-21 17:59:25 Epoch 1/10; lr = [0.001]
2019-04-21 17:59:45 ->loss: | 68.89986597001553
2019-04-21 18:00:06 ->loss: | 57.502751752734184
2019-04-21 18:00:26 ->loss: | 55.19073176383972
2019-04-21 18:00:46 Cross-validation
2019-04-21 18:00:54 

summary: Fold 5/5 	 Epoch 1/10 	 loss=58.8662 	 val_loss=53.1387 	 time=89.15s

2019-04-21 18:00:54 Epoch 2/10; lr = [0.001]
2019-04-21 18:01:15 ->loss: | 51.417416498064995
2019-04-21 18:01:35 ->loss: | 50.834766671061516
2019-04-21 18:01:56 ->loss: | 51.089848294854164
2019-04-21 18:02:16 Cross-validation
2019-04-21 18:02:24 

summary: Fold 5/5 	 Epoch 2/10 	 loss=51.0380 	 val_loss=50.8947 	 time=89.83s

2019-04-21 18:02:24 Epoch 3/10; lr = [0.001]
2019-04-21 18:02:44 ->loss: | 47.40286673605442
2019-04-21 18:03:05 ->loss: | 48.47147738933563
2019-04-21 18:03:25 ->loss: | 47.8411889821291
2019-04-21 18:03:45 Cross-validation
2019-04-21 18:03:53 

summary: Fold 5/5 	 Epoch 3/10 	 loss=47.9963 	 val_loss=49.9456 	 time=89.07s

2019-04-21 18:03:53 Epoch 4/10; lr = [0.001]
2019-04-21 18:04:14 ->loss: | 45.37496479973197
2019-04-21 18:04:34 ->loss: | 45.41697597131133
2019-04-21 18:04:54 ->loss: | 45.35342877358198
2019-04-21 18:05:14 Cross-validation
2019-04-21 18:05:22 

summary: Fold 5/5 	 Epoch 4/10 	 loss=45.4375 	 val_loss=49.9262 	 time=89.25s

2019-04-21 18:05:22 Epoch 5/10; lr = [0.001]
2019-04-21 18:05:43 ->loss: | 42.492202475667
2019-04-21 18:06:03 ->loss: | 43.01980782672763
2019-04-21 18:06:24 ->loss: | 43.154933124780655
2019-04-21 18:06:44 Cross-validation
2019-04-21 18:06:52 

summary: Fold 5/5 	 Epoch 5/10 	 loss=42.9698 	 val_loss=49.9133 	 time=89.23s

2019-04-21 18:06:52 Epoch 6/10; lr = [0.001]
2019-04-21 18:07:12 ->loss: | 39.850224673748016
2019-04-21 18:07:32 ->loss: | 40.00083300471306
2019-04-21 18:07:53 ->loss: | 40.51075138896704
2019-04-21 18:08:13 Cross-validation
2019-04-21 18:08:21 

summary: Fold 5/5 	 Epoch 6/10 	 loss=40.3346 	 val_loss=51.4349 	 time=89.39s

2019-04-21 18:08:21 Epoch 7/10; lr = [0.001]
2019-04-21 18:08:41 ->loss: | 36.43663524836302
2019-04-21 18:09:02 ->loss: | 37.761685613542795
2019-04-21 18:09:22 ->loss: | 37.50981434062123
2019-04-21 18:09:42 Cross-validation
2019-04-21 18:09:50 

summary: Fold 5/5 	 Epoch 7/10 	 loss=37.5455 	 val_loss=53.8688 	 time=89.37s

2019-04-21 18:09:50 Epoch 8/10; lr = [0.001]
2019-04-21 18:10:11 ->loss: | 33.12630712799728
2019-04-21 18:10:31 ->loss: | 35.000333324074745
2019-04-21 18:10:52 ->loss: | 35.5638914629817
2019-04-21 18:11:12 Cross-validation
2019-04-21 18:11:20 

summary: Fold 5/5 	 Epoch 8/10 	 loss=34.8840 	 val_loss=55.1697 	 time=89.41s

2019-04-21 18:11:20 Epoch 9/10; lr = [0.0005]
2019-04-21 18:11:40 ->loss: | 28.78265002183616
2019-04-21 18:12:01 ->loss: | 29.420427478849888
2019-04-21 18:12:21 ->loss: | 30.112086227163672
2019-04-21 18:12:41 Cross-validation
2019-04-21 18:12:49 

summary: Fold 5/5 	 Epoch 9/10 	 loss=29.5626 	 val_loss=59.5729 	 time=89.47s

2019-04-21 18:12:49 Epoch 10/10; lr = [0.0005]
2019-04-21 18:13:10 ->loss: | 25.939406391233206
2019-04-21 18:13:30 ->loss: | 26.73826376721263
2019-04-21 18:13:50 ->loss: | 27.595736276358366
2019-04-21 18:14:10 Cross-validation
2019-04-21 18:14:18 

summary: Fold 5/5 	 Epoch 10/10 	 loss=27.0201 	 val_loss=64.5049 	 time=89.15s

2019-04-21 18:14:18 Fold 5 done; test on test data
2019-04-21 18:14:29 Training done
2019-04-21 18:14:29 Finding threshold
2019-04-21 18:14:49 {'threshold': 0.3484848484848486, 'f1': 0.6641158912539904}
2019-04-21 18:14:49 Generating submission.csv
