2019-04-21 15:16:41 Read csvs...
2019-04-21 15:16:45 Clean DataFrames...
2019-04-21 15:17:55 Tokenize...
2019-04-21 15:18:27 Pad...
2019-04-21 15:19:14 Embedding matrices
2019-04-21 15:22:41 ->loaded glove
2019-04-21 15:25:20 ->loaded paragram
2019-04-21 15:25:21 
Starting train loop

2019-04-21 15:25:30 Fold 1; num_batches = 2041
2019-04-21 15:25:30 Epoch 1/8; lr = [0.001]
2019-04-21 15:25:51 ->loss:|69.00343790650368
2019-04-21 15:26:12 ->loss:|57.801818534731865
2019-04-21 15:26:33 ->loss:|55.012845523655415
2019-04-21 15:26:53 Cross-validation
2019-04-21 15:27:02 

summary: Fold 1/5 	 Epoch 1/8 	 loss=58.9574 	 val_loss=52.5234 	 time=91.99s

2019-04-21 15:27:02 Epoch 2/8; lr = [0.001]
2019-04-21 15:27:23 ->loss:|51.142473086714745
2019-04-21 15:27:44 ->loss:|51.13402561470866
2019-04-21 15:28:05 ->loss:|51.27686883509159
2019-04-21 15:28:26 Cross-validation
2019-04-21 15:28:34 

summary: Fold 1/5 	 Epoch 2/8 	 loss=51.0466 	 val_loss=50.3031 	 time=92.62s

2019-04-21 15:28:34 Epoch 3/8; lr = [0.001]
2019-04-21 15:28:56 ->loss:|48.21544275805354
2019-04-21 15:29:17 ->loss:|48.28702977672219
2019-04-21 15:29:38 ->loss:|48.02625560760498
2019-04-21 15:29:59 Cross-validation
2019-04-21 15:30:07 

summary: Fold 1/5 	 Epoch 3/8 	 loss=48.0865 	 val_loss=49.5314 	 time=92.86s

2019-04-21 15:30:07 Epoch 4/8; lr = [0.0005]
2019-04-21 15:30:28 ->loss:|44.38244654983282
2019-04-21 15:30:49 ->loss:|44.07479793205857
2019-04-21 15:31:11 ->loss:|44.325552731752396
2019-04-21 15:31:31 Cross-validation
2019-04-21 15:31:40 

summary: Fold 1/5 	 Epoch 4/8 	 loss=44.1110 	 val_loss=49.7459 	 time=92.66s

2019-04-21 15:31:40 Epoch 5/8; lr = [0.0005]
2019-04-21 15:32:01 ->loss:|41.174776781350374
2019-04-21 15:32:22 ->loss:|41.72729414328933
2019-04-21 15:32:43 ->loss:|42.05726642906666
2019-04-21 15:33:04 Cross-validation
2019-04-21 15:33:12 

summary: Fold 1/5 	 Epoch 5/8 	 loss=42.0314 	 val_loss=50.3350 	 time=92.38s

2019-04-21 15:33:12 Epoch 6/8; lr = [0.0005]
2019-04-21 15:33:34 ->loss:|39.77626118063927
2019-04-21 15:33:55 ->loss:|40.09365255013108
2019-04-21 15:34:16 ->loss:|40.32562780380249
2019-04-21 15:34:37 Cross-validation
2019-04-21 15:34:45 

summary: Fold 1/5 	 Epoch 6/8 	 loss=40.1164 	 val_loss=50.5806 	 time=93.06s

2019-04-21 15:34:45 Epoch 7/8; lr = [0.00025]
2019-04-21 15:35:07 ->loss:|36.63091258332133
2019-04-21 15:35:28 ->loss:|36.77281092479825
2019-04-21 15:35:49 ->loss:|37.377648044377565
2019-04-21 15:36:10 Cross-validation
2019-04-21 15:36:18 

summary: Fold 1/5 	 Epoch 7/8 	 loss=36.9369 	 val_loss=51.9865 	 time=92.94s

2019-04-21 15:36:18 Epoch 8/8; lr = [0.00025]
2019-04-21 15:36:40 ->loss:|35.38931617885828
2019-04-21 15:37:00 ->loss:|35.25552926212549
2019-04-21 15:37:21 ->loss:|35.78518572449684
2019-04-21 15:37:42 Cross-validation
2019-04-21 15:37:51 

summary: Fold 1/5 	 Epoch 8/8 	 loss=35.5305 	 val_loss=54.2862 	 time=92.52s

2019-04-21 15:37:51 Fold 1 done; test on test data
2019-04-21 15:38:04 Fold 2; num_batches = 2041
2019-04-21 15:38:04 Epoch 1/8; lr = [0.001]
2019-04-21 15:38:25 ->loss:|69.77437436580658
2019-04-21 15:38:46 ->loss:|56.989044316112995
2019-04-21 15:39:07 ->loss:|55.079942762851715
2019-04-21 15:39:28 Cross-validation
2019-04-21 15:39:37 

summary: Fold 2/5 	 Epoch 1/8 	 loss=58.8645 	 val_loss=53.0637 	 time=93.15s

2019-04-21 15:39:37 Epoch 2/8; lr = [0.001]
2019-04-21 15:39:58 ->loss:|50.83051797002554
2019-04-21 15:40:19 ->loss:|51.267641112208366
2019-04-21 15:40:40 ->loss:|51.51764119789004
2019-04-21 15:41:01 Cross-validation
2019-04-21 15:41:10 

summary: Fold 2/5 	 Epoch 2/8 	 loss=51.0782 	 val_loss=50.8002 	 time=92.93s

2019-04-21 15:41:10 Epoch 3/8; lr = [0.001]
2019-04-21 15:41:31 ->loss:|48.910582192242146
2019-04-21 15:41:52 ->loss:|48.03979905694723
2019-04-21 15:42:13 ->loss:|47.75612898916006
2019-04-21 15:42:34 Cross-validation
2019-04-21 15:42:42 

summary: Fold 2/5 	 Epoch 3/8 	 loss=48.0916 	 val_loss=51.0478 	 time=92.62s

2019-04-21 15:42:42 Epoch 4/8; lr = [0.0005]
2019-04-21 15:43:04 ->loss:|44.45365188643336
2019-04-21 15:43:25 ->loss:|44.75386256352067
2019-04-21 15:43:46 ->loss:|44.28537303209305
2019-04-21 15:44:07 Cross-validation
2019-04-21 15:44:15 

summary: Fold 2/5 	 Epoch 4/8 	 loss=44.2475 	 val_loss=49.7379 	 time=93.21s

2019-04-21 15:44:15 Epoch 5/8; lr = [0.0005]
2019-04-21 15:44:37 ->loss:|41.98090250045061
2019-04-21 15:44:58 ->loss:|42.06283041834831
2019-04-21 15:45:19 ->loss:|42.654854867607355
2019-04-21 15:45:40 Cross-validation
2019-04-21 15:45:49 

summary: Fold 2/5 	 Epoch 5/8 	 loss=42.1697 	 val_loss=49.6584 	 time=93.13s

2019-04-21 15:45:49 Epoch 6/8; lr = [0.0005]
2019-04-21 15:46:10 ->loss:|39.651490211486816
2019-04-21 15:46:31 ->loss:|40.18849749863148
2019-04-21 15:46:52 ->loss:|40.247889921069145
2019-04-21 15:47:13 Cross-validation
2019-04-21 15:47:22 

summary: Fold 2/5 	 Epoch 6/8 	 loss=40.2174 	 val_loss=51.2131 	 time=92.96s

2019-04-21 15:47:22 Epoch 7/8; lr = [0.00025]
2019-04-21 15:47:43 ->loss:|36.69807888567448
2019-04-21 15:48:04 ->loss:|36.7590643633157
2019-04-21 15:48:25 ->loss:|37.42169005051255
2019-04-21 15:48:46 Cross-validation
2019-04-21 15:48:55 

summary: Fold 2/5 	 Epoch 7/8 	 loss=37.0913 	 val_loss=53.2986 	 time=93.01s

2019-04-21 15:48:55 Epoch 8/8; lr = [0.00025]
2019-04-21 15:49:16 ->loss:|35.51768221333623
2019-04-21 15:49:37 ->loss:|35.271433874964714
2019-04-21 15:49:58 ->loss:|35.94511751830578
2019-04-21 15:50:19 Cross-validation
2019-04-21 15:50:27 

summary: Fold 2/5 	 Epoch 8/8 	 loss=35.6554 	 val_loss=53.6268 	 time=92.87s

2019-04-21 15:50:27 Fold 2 done; test on test data
2019-04-21 15:50:40 Fold 3; num_batches = 2041
2019-04-21 15:50:40 Epoch 1/8; lr = [0.001]
2019-04-21 15:51:01 ->loss:|69.43379426002502
2019-04-21 15:51:23 ->loss:|57.894425712525845
2019-04-21 15:51:44 ->loss:|55.776408556848764
2019-04-21 15:52:04 Cross-validation
2019-04-21 15:52:13 

summary: Fold 3/5 	 Epoch 1/8 	 loss=59.2197 	 val_loss=53.3764 	 time=92.61s

2019-04-21 15:52:13 Epoch 2/8; lr = [0.001]
2019-04-21 15:52:34 ->loss:|52.06755402684212
2019-04-21 15:52:55 ->loss:|51.44724214449525
2019-04-21 15:53:16 ->loss:|50.87840321287513
2019-04-21 15:53:37 Cross-validation
2019-04-21 15:53:45 

summary: Fold 3/5 	 Epoch 2/8 	 loss=51.3755 	 val_loss=50.1147 	 time=92.39s

2019-04-21 15:53:45 Epoch 3/8; lr = [0.001]
2019-04-21 15:54:06 ->loss:|47.93804583325982
2019-04-21 15:54:28 ->loss:|49.25578611716628
2019-04-21 15:54:49 ->loss:|48.236814238131046
2019-04-21 15:55:10 Cross-validation
2019-04-21 15:55:18 

summary: Fold 3/5 	 Epoch 3/8 	 loss=48.3880 	 val_loss=49.6722 	 time=92.73s

2019-04-21 15:55:18 Epoch 4/8; lr = [0.0005]
2019-04-21 15:55:39 ->loss:|44.78654316440225
2019-04-21 15:56:00 ->loss:|44.00441982969642
2019-04-21 15:56:22 ->loss:|44.67252915352583
2019-04-21 15:56:42 Cross-validation
2019-04-21 15:56:51 

summary: Fold 3/5 	 Epoch 4/8 	 loss=44.4986 	 val_loss=49.6576 	 time=92.88s

2019-04-21 15:56:51 Epoch 5/8; lr = [0.0005]
2019-04-21 15:57:12 ->loss:|42.152687665075064
2019-04-21 15:57:33 ->loss:|42.24614595249295
2019-04-21 15:57:54 ->loss:|42.47798301652074
2019-04-21 15:58:14 Cross-validation
2019-04-21 15:58:22 

summary: Fold 3/5 	 Epoch 5/8 	 loss=42.3732 	 val_loss=49.4419 	 time=91.53s

2019-04-21 15:58:22 Epoch 6/8; lr = [0.0005]
2019-04-21 15:58:43 ->loss:|40.12058551982045
2019-04-21 15:59:04 ->loss:|40.49753711000085
2019-04-21 15:59:24 ->loss:|40.30164295062423
2019-04-21 15:59:45 Cross-validation
2019-04-21 15:59:53 

summary: Fold 3/5 	 Epoch 6/8 	 loss=40.3932 	 val_loss=50.8861 	 time=90.54s

2019-04-21 15:59:53 Epoch 7/8; lr = [0.00025]
2019-04-21 16:00:14 ->loss:|36.51413179561496
2019-04-21 16:00:34 ->loss:|37.40149535983801
2019-04-21 16:00:55 ->loss:|37.61989976465702
2019-04-21 16:01:15 Cross-validation
2019-04-21 16:01:24 

summary: Fold 3/5 	 Epoch 7/8 	 loss=37.2139 	 val_loss=52.1142 	 time=90.62s

2019-04-21 16:01:24 Epoch 8/8; lr = [0.00025]
2019-04-21 16:01:44 ->loss:|35.40278210490942
2019-04-21 16:02:05 ->loss:|35.30030922591686
2019-04-21 16:02:26 ->loss:|35.95685414969921
2019-04-21 16:02:46 Cross-validation
2019-04-21 16:02:54 

summary: Fold 3/5 	 Epoch 8/8 	 loss=35.7213 	 val_loss=52.7175 	 time=90.27s

2019-04-21 16:02:54 Fold 3 done; test on test data
2019-04-21 16:03:06 Fold 4; num_batches = 2041
2019-04-21 16:03:06 Epoch 1/8; lr = [0.001]
2019-04-21 16:03:27 ->loss:|68.63481245562434
2019-04-21 16:03:47 ->loss:|57.66377233713865
2019-04-21 16:04:08 ->loss:|55.14184824377298
2019-04-21 16:04:28 Cross-validation
2019-04-21 16:04:36 

summary: Fold 4/5 	 Epoch 1/8 	 loss=58.9461 	 val_loss=53.9116 	 time=90.00s

2019-04-21 16:04:36 Epoch 2/8; lr = [0.001]
2019-04-21 16:04:57 ->loss:|51.811251290142536
2019-04-21 16:05:17 ->loss:|51.88533612340689
2019-04-21 16:05:38 ->loss:|50.950996946543455
2019-04-21 16:05:58 Cross-validation
2019-04-21 16:06:06 

summary: Fold 4/5 	 Epoch 2/8 	 loss=51.1921 	 val_loss=52.5088 	 time=90.25s

2019-04-21 16:06:06 Epoch 3/8; lr = [0.001]
2019-04-21 16:06:27 ->loss:|48.01141446456313
2019-04-21 16:06:47 ->loss:|48.28587041422725
2019-04-21 16:07:08 ->loss:|48.31932567059994
2019-04-21 16:07:28 Cross-validation
2019-04-21 16:07:36 

summary: Fold 4/5 	 Epoch 3/8 	 loss=48.1286 	 val_loss=51.0574 	 time=89.80s

2019-04-21 16:07:36 Epoch 4/8; lr = [0.0005]
2019-04-21 16:07:57 ->loss:|44.45705868303776
2019-04-21 16:08:17 ->loss:|44.02694132551551
2019-04-21 16:08:37 ->loss:|43.937660083174706
2019-04-21 16:08:58 Cross-validation
2019-04-21 16:09:06 

summary: Fold 4/5 	 Epoch 4/8 	 loss=44.1625 	 val_loss=52.0220 	 time=89.46s

2019-04-21 16:09:06 Epoch 5/8; lr = [0.0005]
2019-04-21 16:09:26 ->loss:|41.51170641556382
2019-04-21 16:09:47 ->loss:|42.58775644004345
2019-04-21 16:10:07 ->loss:|41.913588266819715
2019-04-21 16:10:27 Cross-validation
2019-04-21 16:10:36 

summary: Fold 4/5 	 Epoch 5/8 	 loss=42.1213 	 val_loss=50.9525 	 time=89.78s

2019-04-21 16:10:36 Epoch 6/8; lr = [0.0005]
2019-04-21 16:10:56 ->loss:|39.350916381925344
2019-04-21 16:11:17 ->loss:|40.08670861274004
2019-04-21 16:11:37 ->loss:|40.59371765330434
2019-04-21 16:11:57 Cross-validation
2019-04-21 16:12:05 

summary: Fold 4/5 	 Epoch 6/8 	 loss=40.1204 	 val_loss=51.7072 	 time=89.92s

2019-04-21 16:12:05 Epoch 7/8; lr = [0.00025]
2019-04-21 16:12:26 ->loss:|36.866836830973625
2019-04-21 16:12:46 ->loss:|36.88649355247617
2019-04-21 16:13:07 ->loss:|36.85387325286865
2019-04-21 16:13:27 Cross-validation
2019-04-21 16:13:35 

summary: Fold 4/5 	 Epoch 7/8 	 loss=36.9791 	 val_loss=53.2714 	 time=89.81s

2019-04-21 16:13:35 Epoch 8/8; lr = [0.00025]
2019-04-21 16:13:56 ->loss:|34.55831631273031
2019-04-21 16:14:17 ->loss:|35.518243776634336
2019-04-21 16:14:37 ->loss:|35.98389511927962
2019-04-21 16:14:58 Cross-validation
2019-04-21 16:15:06 

summary: Fold 4/5 	 Epoch 8/8 	 loss=35.4776 	 val_loss=54.0335 	 time=90.44s

2019-04-21 16:15:06 Fold 4 done; test on test data
2019-04-21 16:15:18 Fold 5; num_batches = 2041
2019-04-21 16:15:18 Epoch 1/8; lr = [0.001]
2019-04-21 16:15:39 ->loss:|70.88296343386173
2019-04-21 16:15:59 ->loss:|57.33653101325035
2019-04-21 16:16:20 ->loss:|54.73901244997978
2019-04-21 16:16:40 Cross-validation
2019-04-21 16:16:48 

summary: Fold 5/5 	 Epoch 1/8 	 loss=59.3581 	 val_loss=54.8924 	 time=89.71s

2019-04-21 16:16:48 Epoch 2/8; lr = [0.001]
2019-04-21 16:17:09 ->loss:|52.02374095469713
2019-04-21 16:17:29 ->loss:|51.099072847515345
2019-04-21 16:17:49 ->loss:|51.48875979334116
2019-04-21 16:18:10 Cross-validation
2019-04-21 16:18:18 

summary: Fold 5/5 	 Epoch 2/8 	 loss=51.4086 	 val_loss=50.2878 	 time=89.78s

2019-04-21 16:18:18 Epoch 3/8; lr = [0.001]
2019-04-21 16:18:38 ->loss:|48.06150668114424
2019-04-21 16:18:59 ->loss:|48.06188425421715
2019-04-21 16:19:19 ->loss:|48.31824820116162
2019-04-21 16:19:40 Cross-validation
2019-04-21 16:19:48 

summary: Fold 5/5 	 Epoch 3/8 	 loss=48.3862 	 val_loss=49.7857 	 time=90.21s

2019-04-21 16:19:48 Epoch 4/8; lr = [0.0005]
2019-04-21 16:20:08 ->loss:|44.141625463962555
2019-04-21 16:20:29 ->loss:|44.94594266265631
2019-04-21 16:20:50 ->loss:|44.77470986172557
2019-04-21 16:21:10 Cross-validation
2019-04-21 16:21:18 

summary: Fold 5/5 	 Epoch 4/8 	 loss=44.4981 	 val_loss=49.6815 	 time=90.02s

2019-04-21 16:21:18 Epoch 5/8; lr = [0.0005]
2019-04-21 16:21:38 ->loss:|42.030836660414934
2019-04-21 16:21:59 ->loss:|42.53287299349904
2019-04-21 16:22:20 ->loss:|42.31303042918444
2019-04-21 16:22:40 Cross-validation
2019-04-21 16:22:48 

summary: Fold 5/5 	 Epoch 5/8 	 loss=42.3820 	 val_loss=49.4000 	 time=89.92s

2019-04-21 16:22:48 Epoch 6/8; lr = [0.0005]
2019-04-21 16:23:08 ->loss:|40.25024311617017
2019-04-21 16:23:29 ->loss:|39.94240425527096
2019-04-21 16:23:49 ->loss:|40.65737830847502
2019-04-21 16:24:10 Cross-validation
2019-04-21 16:24:18 

summary: Fold 5/5 	 Epoch 6/8 	 loss=40.4464 	 val_loss=50.2686 	 time=90.05s

2019-04-21 16:24:18 Epoch 7/8; lr = [0.00025]
2019-04-21 16:24:38 ->loss:|36.84309513121843
2019-04-21 16:24:59 ->loss:|37.186650693416595
2019-04-21 16:25:20 ->loss:|37.86062205955386
2019-04-21 16:25:40 Cross-validation
2019-04-21 16:25:48 

summary: Fold 5/5 	 Epoch 7/8 	 loss=37.3062 	 val_loss=52.0326 	 time=89.98s

2019-04-21 16:25:48 Epoch 8/8; lr = [0.00025]
2019-04-21 16:26:08 ->loss:|35.15457597747445
2019-04-21 16:26:29 ->loss:|35.700994931161404
2019-04-21 16:26:49 ->loss:|35.9998544305563
2019-04-21 16:27:10 Cross-validation
2019-04-21 16:27:18 

summary: Fold 5/5 	 Epoch 8/8 	 loss=35.9016 	 val_loss=52.6068 	 time=89.86s

2019-04-21 16:27:18 Fold 5 done; test on test data
2019-04-21 16:27:28 Training done
2019-04-21 16:27:28 Finding threshold
2019-04-21 16:27:50 {'threshold': 0.40909090909090917, 'f1': 0.6782580697094099}
2019-04-21 16:27:50 Generating submission.csv
