2019-04-22 21:02:22 Seeding random, np, torch with seed = 1024
2019-04-22 21:02:22 Read csvs...
2019-04-22 21:02:25 Clean DataFrames...
2019-04-22 21:03:36 Tokenize...
2019-04-22 21:04:08 Pad...
2019-04-22 21:04:54 Embedding matrices
2019-04-22 21:08:22 ->loaded glove
2019-04-22 21:11:04 ->loaded paragram
2019-04-22 21:11:05 
Starting train loop

2019-04-22 21:11:09 Fold 1; num_batches = 2041
2019-04-22 21:11:09 Epoch 1/8; lr = [0.001]
2019-04-22 21:11:23 ->loss: | 76.7439608052373
2019-04-22 21:11:37 ->loss: | 62.611222229897976
2019-04-22 21:11:51 ->loss: | 60.48559834063053
2019-04-22 21:12:04 Cross-validation
2019-04-22 21:12:11 

summary: Fold 1/5 	 Epoch 1/8 	 loss=64.8286 	 val_loss=54.1917 	 time=61.15s

2019-04-22 21:12:11 Epoch 2/8; lr = [0.001]
2019-04-22 21:12:25 ->loss: | 57.34781551361084
2019-04-22 21:12:38 ->loss: | 57.47637539356947
2019-04-22 21:12:52 ->loss: | 56.84512773528695
2019-04-22 21:13:06 Cross-validation
2019-04-22 21:13:12 

summary: Fold 1/5 	 Epoch 2/8 	 loss=57.0606 	 val_loss=52.0314 	 time=61.27s

2019-04-22 21:13:12 Epoch 3/8; lr = [0.001]
2019-04-22 21:13:26 ->loss: | 54.3786112703383
2019-04-22 21:13:39 ->loss: | 55.111601784825325
2019-04-22 21:13:53 ->loss: | 55.38998444750905
2019-04-22 21:14:07 Cross-validation
2019-04-22 21:14:13 

summary: Fold 1/5 	 Epoch 3/8 	 loss=54.8475 	 val_loss=50.7665 	 time=61.26s

2019-04-22 21:14:13 Epoch 4/8; lr = [0.0005]
2019-04-22 21:14:27 ->loss: | 52.30199535191059
2019-04-22 21:14:41 ->loss: | 52.46105969324708
2019-04-22 21:14:55 ->loss: | 52.274124052375555
2019-04-22 21:15:08 Cross-validation
2019-04-22 21:15:15 

summary: Fold 1/5 	 Epoch 4/8 	 loss=52.2240 	 val_loss=49.6696 	 time=61.55s

2019-04-22 21:15:15 Epoch 5/8; lr = [0.0005]
2019-04-22 21:15:29 ->loss: | 51.23214615881443
2019-04-22 21:15:43 ->loss: | 51.48381048813462
2019-04-22 21:15:56 ->loss: | 50.97149648144841
2019-04-22 21:16:10 Cross-validation
2019-04-22 21:16:16 

summary: Fold 1/5 	 Epoch 5/8 	 loss=51.0697 	 val_loss=49.6755 	 time=61.69s

2019-04-22 21:16:16 Epoch 6/8; lr = [0.0005]
2019-04-22 21:16:30 ->loss: | 50.55506997182965
2019-04-22 21:16:44 ->loss: | 50.11961906403303
2019-04-22 21:16:58 ->loss: | 50.58097129315138
2019-04-22 21:17:12 Cross-validation
2019-04-22 21:17:18 

summary: Fold 1/5 	 Epoch 6/8 	 loss=50.2661 	 val_loss=49.6401 	 time=61.32s

2019-04-22 21:17:18 Epoch 7/8; lr = [0.00025]
2019-04-22 21:17:32 ->loss: | 49.062408685684204
2019-04-22 21:17:45 ->loss: | 48.78214697167277
2019-04-22 21:17:59 ->loss: | 49.319094851613045
2019-04-22 21:18:13 Cross-validation
2019-04-22 21:18:19 

summary: Fold 1/5 	 Epoch 7/8 	 loss=49.0306 	 val_loss=49.4235 	 time=61.34s

2019-04-22 21:18:19 Epoch 8/8; lr = [0.00025]
2019-04-22 21:18:33 ->loss: | 47.67045148834586
2019-04-22 21:18:47 ->loss: | 47.867394499480724
2019-04-22 21:19:01 ->loss: | 48.27633089199662
2019-04-22 21:19:14 Cross-validation
2019-04-22 21:19:20 

summary: Fold 1/5 	 Epoch 8/8 	 loss=48.1967 	 val_loss=49.5102 	 time=61.24s

2019-04-22 21:19:20 Fold 1 done; test on test data
2019-04-22 21:19:29 Fold 2; num_batches = 2041
2019-04-22 21:19:30 Epoch 1/8; lr = [0.001]
2019-04-22 21:19:43 ->loss: | 74.52968490123749
2019-04-22 21:19:57 ->loss: | 62.92101500928402
2019-04-22 21:20:11 ->loss: | 61.10910327732563
2019-04-22 21:20:25 Cross-validation
2019-04-22 21:20:31 

summary: Fold 2/5 	 Epoch 1/8 	 loss=64.3868 	 val_loss=54.0308 	 time=61.34s

2019-04-22 21:20:31 Epoch 2/8; lr = [0.001]
2019-04-22 21:20:45 ->loss: | 57.85196675360203
2019-04-22 21:20:59 ->loss: | 56.77528193220496
2019-04-22 21:21:13 ->loss: | 56.17129760235548
2019-04-22 21:21:26 Cross-validation
2019-04-22 21:21:32 

summary: Fold 2/5 	 Epoch 2/8 	 loss=56.9096 	 val_loss=52.1696 	 time=61.45s

2019-04-22 21:21:32 Epoch 3/8; lr = [0.001]
2019-04-22 21:21:46 ->loss: | 54.94431737065315
2019-04-22 21:22:00 ->loss: | 55.039016377180815
2019-04-22 21:22:14 ->loss: | 54.41367503628135
2019-04-22 21:22:27 Cross-validation
2019-04-22 21:22:34 

summary: Fold 2/5 	 Epoch 3/8 	 loss=54.5525 	 val_loss=50.5051 	 time=61.34s

2019-04-22 21:22:34 Epoch 4/8; lr = [0.0005]
2019-04-22 21:22:48 ->loss: | 51.901355784386396
2019-04-22 21:23:01 ->loss: | 52.537611559033394
2019-04-22 21:23:15 ->loss: | 51.44313037022948
2019-04-22 21:23:29 Cross-validation
2019-04-22 21:23:35 

summary: Fold 2/5 	 Epoch 4/8 	 loss=51.8717 	 val_loss=50.5864 	 time=61.74s

2019-04-22 21:23:35 Epoch 5/8; lr = [0.0005]
2019-04-22 21:23:49 ->loss: | 50.86009746789932
2019-04-22 21:24:03 ->loss: | 51.48195170238614
2019-04-22 21:24:17 ->loss: | 50.82120857015252
2019-04-22 21:24:31 Cross-validation
2019-04-22 21:24:37 

summary: Fold 2/5 	 Epoch 5/8 	 loss=50.9842 	 val_loss=49.9098 	 time=61.48s

2019-04-22 21:24:37 Epoch 6/8; lr = [0.0005]
2019-04-22 21:24:51 ->loss: | 50.3655806966126
2019-04-22 21:25:05 ->loss: | 49.84668627381325
2019-04-22 21:25:19 ->loss: | 50.08901830762625
2019-04-22 21:25:32 Cross-validation
2019-04-22 21:25:39 

summary: Fold 2/5 	 Epoch 6/8 	 loss=50.0583 	 val_loss=49.9850 	 time=61.70s

2019-04-22 21:25:39 Epoch 7/8; lr = [0.00025]
2019-04-22 21:25:52 ->loss: | 48.70883892849088
2019-04-22 21:26:06 ->loss: | 48.87275604903698
2019-04-22 21:26:20 ->loss: | 48.35463944077492
2019-04-22 21:26:34 Cross-validation
2019-04-22 21:26:40 

summary: Fold 2/5 	 Epoch 7/8 	 loss=48.5810 	 val_loss=49.5010 	 time=61.41s

2019-04-22 21:26:40 Epoch 8/8; lr = [0.00025]
2019-04-22 21:26:54 ->loss: | 48.323499109596014
2019-04-22 21:27:08 ->loss: | 47.81563715264201
2019-04-22 21:27:22 ->loss: | 48.07828202471137
2019-04-22 21:27:36 Cross-validation
2019-04-22 21:27:42 

summary: Fold 2/5 	 Epoch 8/8 	 loss=48.0379 	 val_loss=49.5695 	 time=61.77s

2019-04-22 21:27:42 Fold 2 done; test on test data
2019-04-22 21:27:51 Fold 3; num_batches = 2041
2019-04-22 21:27:51 Epoch 1/8; lr = [0.001]
2019-04-22 21:28:05 ->loss: | 75.90350972861052
2019-04-22 21:28:19 ->loss: | 62.44625631719828
2019-04-22 21:28:33 ->loss: | 60.36175353825092
2019-04-22 21:28:46 Cross-validation
2019-04-22 21:28:52 

summary: Fold 3/5 	 Epoch 1/8 	 loss=64.6372 	 val_loss=54.1513 	 time=61.42s

2019-04-22 21:28:52 Epoch 2/8; lr = [0.001]
2019-04-22 21:29:06 ->loss: | 57.82593534886837
2019-04-22 21:29:20 ->loss: | 57.05200592428446
2019-04-22 21:29:34 ->loss: | 56.798095636069775
2019-04-22 21:29:48 Cross-validation
2019-04-22 21:29:54 

summary: Fold 3/5 	 Epoch 2/8 	 loss=57.0184 	 val_loss=53.0005 	 time=61.91s

2019-04-22 21:29:54 Epoch 3/8; lr = [0.001]
2019-04-22 21:30:08 ->loss: | 54.66905489936471
2019-04-22 21:30:23 ->loss: | 55.26972637698054
2019-04-22 21:30:37 ->loss: | 54.66221018880606
2019-04-22 21:30:50 Cross-validation
2019-04-22 21:30:56 

summary: Fold 3/5 	 Epoch 3/8 	 loss=54.6839 	 val_loss=50.5812 	 time=62.08s

2019-04-22 21:30:56 Epoch 4/8; lr = [0.0005]
2019-04-22 21:31:10 ->loss: | 52.538065284490585
2019-04-22 21:31:24 ->loss: | 51.96223745122552
2019-04-22 21:31:38 ->loss: | 52.21233704686165
2019-04-22 21:31:52 Cross-validation
2019-04-22 21:31:58 

summary: Fold 3/5 	 Epoch 4/8 	 loss=52.2086 	 val_loss=50.0554 	 time=61.89s

2019-04-22 21:31:58 Epoch 5/8; lr = [0.0005]
2019-04-22 21:32:12 ->loss: | 51.0806999579072
2019-04-22 21:32:26 ->loss: | 50.955128110945225
2019-04-22 21:32:40 ->loss: | 51.24474351108074
2019-04-22 21:32:54 Cross-validation
2019-04-22 21:33:00 

summary: Fold 3/5 	 Epoch 5/8 	 loss=50.9557 	 val_loss=49.8763 	 time=61.82s

2019-04-22 21:33:00 Epoch 6/8; lr = [0.0005]
2019-04-22 21:33:14 ->loss: | 49.441789880394936
2019-04-22 21:33:28 ->loss: | 50.112476609647274
2019-04-22 21:33:42 ->loss: | 50.462529093027115
2019-04-22 21:33:56 Cross-validation
2019-04-22 21:34:02 

summary: Fold 3/5 	 Epoch 6/8 	 loss=50.1820 	 val_loss=49.7270 	 time=61.76s

2019-04-22 21:34:02 Epoch 7/8; lr = [0.00025]
2019-04-22 21:34:16 ->loss: | 48.24184091389179
2019-04-22 21:34:30 ->loss: | 48.38207941874862
2019-04-22 21:34:44 ->loss: | 48.66356687620282
2019-04-22 21:34:58 Cross-validation
2019-04-22 21:35:04 

summary: Fold 3/5 	 Epoch 7/8 	 loss=48.4666 	 val_loss=49.4555 	 time=62.13s

2019-04-22 21:35:04 Epoch 8/8; lr = [0.00025]
2019-04-22 21:35:18 ->loss: | 47.96644501015544
2019-04-22 21:35:32 ->loss: | 48.099444665014744
2019-04-22 21:35:46 ->loss: | 48.048856753855944
2019-04-22 21:36:00 Cross-validation
2019-04-22 21:36:06 

summary: Fold 3/5 	 Epoch 8/8 	 loss=48.0407 	 val_loss=49.6628 	 time=61.81s

2019-04-22 21:36:06 Fold 3 done; test on test data
2019-04-22 21:36:15 Fold 4; num_batches = 2041
2019-04-22 21:36:15 Epoch 1/8; lr = [0.001]
2019-04-22 21:36:29 ->loss: | 75.19836995005608
2019-04-22 21:36:43 ->loss: | 62.67536325752735
2019-04-22 21:36:57 ->loss: | 60.60291761159897
2019-04-22 21:37:11 Cross-validation
2019-04-22 21:37:17 

summary: Fold 4/5 	 Epoch 1/8 	 loss=64.4009 	 val_loss=54.0735 	 time=62.28s

2019-04-22 21:37:17 Epoch 2/8; lr = [0.001]
2019-04-22 21:37:32 ->loss: | 57.897980496287346
2019-04-22 21:37:45 ->loss: | 57.26638424023986
2019-04-22 21:37:59 ->loss: | 56.98713165894151
2019-04-22 21:38:13 Cross-validation
2019-04-22 21:38:19 

summary: Fold 4/5 	 Epoch 2/8 	 loss=57.0838 	 val_loss=51.3631 	 time=61.98s

2019-04-22 21:38:19 Epoch 3/8; lr = [0.001]
2019-04-22 21:38:33 ->loss: | 54.88755088299513
2019-04-22 21:38:47 ->loss: | 55.28866369277239
2019-04-22 21:39:01 ->loss: | 54.57165617123246
2019-04-22 21:39:15 Cross-validation
2019-04-22 21:39:21 

summary: Fold 4/5 	 Epoch 3/8 	 loss=54.6702 	 val_loss=51.3986 	 time=61.72s

2019-04-22 21:39:21 Epoch 4/8; lr = [0.0005]
2019-04-22 21:39:35 ->loss: | 52.162738993763924
2019-04-22 21:39:49 ->loss: | 52.08655022084713
2019-04-22 21:40:03 ->loss: | 52.332287557423115
2019-04-22 21:40:16 Cross-validation
2019-04-22 21:40:22 

summary: Fold 4/5 	 Epoch 4/8 	 loss=52.1290 	 val_loss=49.9483 	 time=61.20s

2019-04-22 21:40:22 Epoch 5/8; lr = [0.0005]
2019-04-22 21:40:36 ->loss: | 50.67689901217818
2019-04-22 21:40:50 ->loss: | 50.45522630959749
2019-04-22 21:41:04 ->loss: | 51.270340263843536
2019-04-22 21:41:17 Cross-validation
2019-04-22 21:41:23 

summary: Fold 4/5 	 Epoch 5/8 	 loss=51.0514 	 val_loss=49.3773 	 time=60.55s

2019-04-22 21:41:23 Epoch 6/8; lr = [0.0005]
2019-04-22 21:41:37 ->loss: | 50.385734129697084
2019-04-22 21:41:51 ->loss: | 50.15292185917497
2019-04-22 21:42:04 ->loss: | 49.94054723903537
2019-04-22 21:42:18 Cross-validation
2019-04-22 21:42:24 

summary: Fold 4/5 	 Epoch 6/8 	 loss=50.0343 	 val_loss=49.4030 	 time=61.02s

2019-04-22 21:42:24 Epoch 7/8; lr = [0.00025]
2019-04-22 21:42:38 ->loss: | 48.96127886325121
2019-04-22 21:42:50 ->loss: | 48.50805490091443
2019-04-22 21:43:03 ->loss: | 47.990673657506704
2019-04-22 21:43:15 Cross-validation
2019-04-22 21:43:21 

summary: Fold 4/5 	 Epoch 7/8 	 loss=48.5201 	 val_loss=49.1892 	 time=57.19s

2019-04-22 21:43:21 Epoch 8/8; lr = [0.00025]
2019-04-22 21:43:34 ->loss: | 47.94650424644351
2019-04-22 21:43:47 ->loss: | 47.254389714449644
2019-04-22 21:43:59 ->loss: | 48.84272897988558
2019-04-22 21:44:12 Cross-validation
2019-04-22 21:44:17 

summary: Fold 4/5 	 Epoch 8/8 	 loss=48.1201 	 val_loss=49.3720 	 time=56.30s

2019-04-22 21:44:17 Fold 4 done; test on test data
2019-04-22 21:44:26 Fold 5; num_batches = 2041
2019-04-22 21:44:26 Epoch 1/8; lr = [0.001]
2019-04-22 21:44:39 ->loss: | 77.45691234618425
2019-04-22 21:44:51 ->loss: | 61.672563560307026
2019-04-22 21:45:04 ->loss: | 60.53585281223059
2019-04-22 21:45:16 Cross-validation
2019-04-22 21:45:22 

summary: Fold 5/5 	 Epoch 1/8 	 loss=64.6225 	 val_loss=54.6962 	 time=55.99s

2019-04-22 21:45:22 Epoch 2/8; lr = [0.001]
2019-04-22 21:45:35 ->loss: | 57.34765022993088
2019-04-22 21:45:47 ->loss: | 56.93608216941357
2019-04-22 21:46:00 ->loss: | 56.45738113671541
2019-04-22 21:46:13 Cross-validation
2019-04-22 21:46:18 

summary: Fold 5/5 	 Epoch 2/8 	 loss=56.6984 	 val_loss=52.2743 	 time=56.21s

2019-04-22 21:46:18 Epoch 3/8; lr = [0.001]
2019-04-22 21:46:31 ->loss: | 54.89557399600744
2019-04-22 21:46:44 ->loss: | 54.873219564557076
2019-04-22 21:46:56 ->loss: | 54.31306838989258
2019-04-22 21:47:09 Cross-validation
2019-04-22 21:47:15 

summary: Fold 5/5 	 Epoch 3/8 	 loss=54.5816 	 val_loss=51.7279 	 time=56.32s

2019-04-22 21:47:15 Epoch 4/8; lr = [0.0005]
2019-04-22 21:47:27 ->loss: | 52.142636589705944
2019-04-22 21:47:40 ->loss: | 52.058862917125225
2019-04-22 21:47:52 ->loss: | 52.2380184866488
2019-04-22 21:48:05 Cross-validation
2019-04-22 21:48:11 

summary: Fold 5/5 	 Epoch 4/8 	 loss=52.0065 	 val_loss=50.5338 	 time=56.05s

2019-04-22 21:48:11 Epoch 5/8; lr = [0.0005]
2019-04-22 21:48:23 ->loss: | 51.20466198399663
2019-04-22 21:48:36 ->loss: | 51.43830609321594
2019-04-22 21:48:49 ->loss: | 50.779305044561625
2019-04-22 21:49:01 Cross-validation
2019-04-22 21:49:07 

summary: Fold 5/5 	 Epoch 5/8 	 loss=50.9977 	 val_loss=50.7675 	 time=56.35s

2019-04-22 21:49:07 Epoch 6/8; lr = [0.0005]
2019-04-22 21:49:20 ->loss: | 49.93447706475854
2019-04-22 21:49:32 ->loss: | 49.86965187266469
2019-04-22 21:49:45 ->loss: | 50.08514700457454
2019-04-22 21:49:57 Cross-validation
2019-04-22 21:50:03 

summary: Fold 5/5 	 Epoch 6/8 	 loss=50.1330 	 val_loss=50.3973 	 time=55.91s

2019-04-22 21:50:03 Epoch 7/8; lr = [0.00025]
2019-04-22 21:50:16 ->loss: | 48.38365454226732
2019-04-22 21:50:28 ->loss: | 48.98196320235729
2019-04-22 21:50:41 ->loss: | 49.01258761435747
2019-04-22 21:50:54 Cross-validation
2019-04-22 21:50:59 

summary: Fold 5/5 	 Epoch 7/8 	 loss=48.6156 	 val_loss=49.8962 	 time=56.38s

2019-04-22 21:50:59 Epoch 8/8; lr = [0.00025]
2019-04-22 21:51:12 ->loss: | 48.050068628042936
2019-04-22 21:51:25 ->loss: | 48.2155853882432
2019-04-22 21:51:37 ->loss: | 47.63394670933485
2019-04-22 21:51:50 Cross-validation
2019-04-22 21:51:55 

summary: Fold 5/5 	 Epoch 8/8 	 loss=48.0119 	 val_loss=50.1986 	 time=56.11s

2019-04-22 21:51:55 Fold 5 done; test on test data
2019-04-22 21:52:02 Training done
2019-04-22 21:52:02 Finding threshold
2019-04-22 21:52:24 {'threshold': 0.3787878787878789, 'f1': 0.6847809724522053}
2019-04-22 21:52:24 Generating submission.csv
