2019-04-22 11:56:34 Read csvs...
2019-04-22 11:56:38 Clean DataFrames...
2019-04-22 11:57:55 Tokenize...
2019-04-22 11:58:29 Pad...
2019-04-22 11:59:21 Embedding matrices
2019-04-22 12:03:06 ->loaded glove
2019-04-22 12:06:02 ->loaded paragram
2019-04-22 12:06:03 
Starting train loop

2019-04-22 12:06:08 Fold 1; num_batches = 2041
2019-04-22 12:06:08 Epoch 1/8; lr = [0.001]
2019-04-22 12:06:29 ->loss: | 74.15547885000706
2019-04-22 12:06:49 ->loss: | 62.645819649100304
2019-04-22 12:07:10 ->loss: | 60.30242910608649
2019-04-22 12:07:31 Cross-validation
2019-04-22 12:07:39 

summary: Fold 1/5 	 Epoch 1/8 	 loss=64.0619 	 val_loss=53.6627 	 time=90.88s

2019-04-22 12:07:39 Epoch 2/8; lr = [0.001]
2019-04-22 12:08:00 ->loss: | 56.91806820780039
2019-04-22 12:08:21 ->loss: | 56.994143545627594
2019-04-22 12:08:42 ->loss: | 56.81016032770276
2019-04-22 12:09:03 Cross-validation
2019-04-22 12:09:12 

summary: Fold 1/5 	 Epoch 2/8 	 loss=56.6210 	 val_loss=51.8337 	 time=92.20s

2019-04-22 12:09:12 Epoch 3/8; lr = [0.001]
2019-04-22 12:09:33 ->loss: | 53.896005127578974
2019-04-22 12:09:53 ->loss: | 54.26733259111643
2019-04-22 12:10:14 ->loss: | 54.823457069694996
2019-04-22 12:10:35 Cross-validation
2019-04-22 12:10:44 

summary: Fold 1/5 	 Epoch 3/8 	 loss=54.3223 	 val_loss=50.6268 	 time=92.03s

2019-04-22 12:10:44 Epoch 4/8; lr = [0.0005]
2019-04-22 12:11:04 ->loss: | 51.110799577087164
2019-04-22 12:11:25 ->loss: | 51.48627870157361
2019-04-22 12:11:46 ->loss: | 52.112100441008806
2019-04-22 12:12:06 Cross-validation
2019-04-22 12:12:15 

summary: Fold 1/5 	 Epoch 4/8 	 loss=51.7257 	 val_loss=50.5027 	 time=91.14s

2019-04-22 12:12:15 Epoch 5/8; lr = [0.0005]
2019-04-22 12:12:36 ->loss: | 50.619464468210936
2019-04-22 12:12:56 ->loss: | 50.776484712958336
2019-04-22 12:13:17 ->loss: | 50.571710363030434
2019-04-22 12:13:38 Cross-validation
2019-04-22 12:13:46 

summary: Fold 1/5 	 Epoch 5/8 	 loss=50.5135 	 val_loss=49.7882 	 time=91.57s

2019-04-22 12:13:46 Epoch 6/8; lr = [0.0005]
2019-04-22 12:14:07 ->loss: | 49.345594458281994
2019-04-22 12:14:28 ->loss: | 49.71690807119012
2019-04-22 12:14:49 ->loss: | 49.90428165346384
2019-04-22 12:15:10 Cross-validation
2019-04-22 12:15:18 

summary: Fold 1/5 	 Epoch 6/8 	 loss=49.6144 	 val_loss=49.8907 	 time=91.96s

2019-04-22 12:15:18 Epoch 7/8; lr = [0.00025]
2019-04-22 12:15:39 ->loss: | 48.38115541636944
2019-04-22 12:16:00 ->loss: | 47.58350416272879
2019-04-22 12:16:21 ->loss: | 47.96774962544441
2019-04-22 12:16:42 Cross-validation
2019-04-22 12:16:50 

summary: Fold 1/5 	 Epoch 7/8 	 loss=47.9493 	 val_loss=49.2516 	 time=91.84s

2019-04-22 12:16:50 Epoch 8/8; lr = [0.00025]
2019-04-22 12:17:11 ->loss: | 46.974020794034004
2019-04-22 12:17:32 ->loss: | 47.46884410828352
2019-04-22 12:17:53 ->loss: | 47.217828668653965
2019-04-22 12:18:13 Cross-validation
2019-04-22 12:18:22 

summary: Fold 1/5 	 Epoch 8/8 	 loss=47.2746 	 val_loss=49.4080 	 time=91.66s

2019-04-22 12:18:22 Fold 1 done; test on test data
2019-04-22 12:18:35 Fold 2; num_batches = 2041
2019-04-22 12:18:35 Epoch 1/8; lr = [0.001]
2019-04-22 12:18:56 ->loss: | 73.85415197908878
2019-04-22 12:19:16 ->loss: | 62.25011129677296
2019-04-22 12:19:37 ->loss: | 60.47997919470072
2019-04-22 12:19:58 Cross-validation
2019-04-22 12:20:06 

summary: Fold 2/5 	 Epoch 1/8 	 loss=64.0182 	 val_loss=54.2655 	 time=91.31s

2019-04-22 12:20:06 Epoch 2/8; lr = [0.001]
2019-04-22 12:20:27 ->loss: | 57.62059210985899
2019-04-22 12:20:48 ->loss: | 56.29007549956441
2019-04-22 12:21:08 ->loss: | 56.33119323849678
2019-04-22 12:21:29 Cross-validation
2019-04-22 12:21:38 

summary: Fold 2/5 	 Epoch 2/8 	 loss=56.6070 	 val_loss=51.8652 	 time=91.33s

2019-04-22 12:21:38 Epoch 3/8; lr = [0.001]
2019-04-22 12:21:58 ->loss: | 54.76916357129812
2019-04-22 12:22:19 ->loss: | 54.52857891470194
2019-04-22 12:22:40 ->loss: | 54.08515480905771
2019-04-22 12:23:00 Cross-validation
2019-04-22 12:23:09 

summary: Fold 2/5 	 Epoch 3/8 	 loss=54.3181 	 val_loss=50.9997 	 time=91.37s

2019-04-22 12:23:09 Epoch 4/8; lr = [0.0005]
2019-04-22 12:23:30 ->loss: | 51.315966568887234
2019-04-22 12:23:50 ->loss: | 51.693089067935944
2019-04-22 12:24:11 ->loss: | 51.75521536171436
2019-04-22 12:24:32 Cross-validation
2019-04-22 12:24:40 

summary: Fold 2/5 	 Epoch 4/8 	 loss=51.6895 	 val_loss=49.9043 	 time=91.60s

2019-04-22 12:24:40 Epoch 5/8; lr = [0.0005]
2019-04-22 12:25:01 ->loss: | 50.26994812861085
2019-04-22 12:25:22 ->loss: | 50.22408204525709
2019-04-22 12:25:43 ->loss: | 50.58429254963994
2019-04-22 12:26:04 Cross-validation
2019-04-22 12:26:12 

summary: Fold 2/5 	 Epoch 5/8 	 loss=50.5081 	 val_loss=49.7733 	 time=91.91s

2019-04-22 12:26:12 Epoch 6/8; lr = [0.0005]
2019-04-22 12:26:33 ->loss: | 48.8741867877543
2019-04-22 12:26:54 ->loss: | 49.21420759707689
2019-04-22 12:27:14 ->loss: | 49.86289919540286
2019-04-22 12:27:35 Cross-validation
2019-04-22 12:27:43 

summary: Fold 2/5 	 Epoch 6/8 	 loss=49.4367 	 val_loss=49.8385 	 time=90.94s

2019-04-22 12:27:43 Epoch 7/8; lr = [0.00025]
2019-04-22 12:28:04 ->loss: | 47.89398696273565
2019-04-22 12:28:25 ->loss: | 48.3790782764554
2019-04-22 12:28:46 ->loss: | 46.91362638771534
2019-04-22 12:29:06 Cross-validation
2019-04-22 12:29:15 

summary: Fold 2/5 	 Epoch 7/8 	 loss=47.7940 	 val_loss=49.6977 	 time=91.61s

2019-04-22 12:29:15 Epoch 8/8; lr = [0.00025]
2019-04-22 12:29:36 ->loss: | 47.43168069422245
2019-04-22 12:29:56 ->loss: | 47.56715206056833
2019-04-22 12:30:17 ->loss: | 47.05627581477165
2019-04-22 12:30:38 Cross-validation
2019-04-22 12:30:46 

summary: Fold 2/5 	 Epoch 8/8 	 loss=47.1687 	 val_loss=49.8520 	 time=91.24s

2019-04-22 12:30:46 Fold 2 done; test on test data
2019-04-22 12:30:59 Fold 3; num_batches = 2041
2019-04-22 12:30:59 Epoch 1/8; lr = [0.001]
2019-04-22 12:31:20 ->loss: | 74.0446645617485
2019-04-22 12:31:41 ->loss: | 62.424440272152424
2019-04-22 12:32:02 ->loss: | 59.781100779771805
2019-04-22 12:32:22 Cross-validation
2019-04-22 12:32:31 

summary: Fold 3/5 	 Epoch 1/8 	 loss=63.9228 	 val_loss=54.1132 	 time=91.07s

2019-04-22 12:32:31 Epoch 2/8; lr = [0.001]
2019-04-22 12:32:51 ->loss: | 57.2679091617465
2019-04-22 12:33:12 ->loss: | 57.537194434553385
2019-04-22 12:33:33 ->loss: | 55.79626354202628
2019-04-22 12:33:53 Cross-validation
2019-04-22 12:34:02 

summary: Fold 3/5 	 Epoch 2/8 	 loss=56.5647 	 val_loss=52.4218 	 time=91.65s

2019-04-22 12:34:02 Epoch 3/8; lr = [0.001]
2019-04-22 12:34:23 ->loss: | 53.242915980517864
2019-04-22 12:34:44 ->loss: | 54.800905015319586
2019-04-22 12:35:05 ->loss: | 54.84379030764103
2019-04-22 12:35:25 Cross-validation
2019-04-22 12:35:34 

summary: Fold 3/5 	 Epoch 3/8 	 loss=54.2329 	 val_loss=51.9645 	 time=91.56s

2019-04-22 12:35:34 Epoch 4/8; lr = [0.0005]
2019-04-22 12:35:55 ->loss: | 51.36162807047367
2019-04-22 12:36:15 ->loss: | 51.98929460346699
2019-04-22 12:36:36 ->loss: | 51.747939486056566
2019-04-22 12:36:57 Cross-validation
2019-04-22 12:37:05 

summary: Fold 3/5 	 Epoch 4/8 	 loss=51.5273 	 val_loss=49.7658 	 time=91.65s

2019-04-22 12:37:05 Epoch 5/8; lr = [0.0005]
2019-04-22 12:37:26 ->loss: | 50.19147992506623
2019-04-22 12:37:46 ->loss: | 50.31484627723694
2019-04-22 12:38:07 ->loss: | 49.961206801235676
2019-04-22 12:38:27 Cross-validation
2019-04-22 12:38:35 

summary: Fold 3/5 	 Epoch 5/8 	 loss=50.2941 	 val_loss=49.8064 	 time=89.63s

2019-04-22 12:38:35 Epoch 6/8; lr = [0.0005]
2019-04-22 12:38:55 ->loss: | 48.123481538146734
2019-04-22 12:39:16 ->loss: | 49.903984539210796
2019-04-22 12:39:36 ->loss: | 49.95477860420942
2019-04-22 12:39:56 Cross-validation
2019-04-22 12:40:04 

summary: Fold 3/5 	 Epoch 6/8 	 loss=49.3801 	 val_loss=49.7274 	 time=89.22s

2019-04-22 12:40:04 Epoch 7/8; lr = [0.00025]
2019-04-22 12:40:25 ->loss: | 47.4525967463851
2019-04-22 12:40:45 ->loss: | 48.244054555892944
2019-04-22 12:41:05 ->loss: | 47.823388017714024
2019-04-22 12:41:25 Cross-validation
2019-04-22 12:41:33 

summary: Fold 3/5 	 Epoch 7/8 	 loss=47.7321 	 val_loss=49.5610 	 time=88.99s

2019-04-22 12:41:33 Epoch 8/8; lr = [0.00025]
2019-04-22 12:41:53 ->loss: | 46.91549813747406
2019-04-22 12:42:14 ->loss: | 47.48843687027693
2019-04-22 12:42:34 ->loss: | 46.59842836111784
2019-04-22 12:42:53 Cross-validation
2019-04-22 12:43:02 

summary: Fold 3/5 	 Epoch 8/8 	 loss=47.2071 	 val_loss=49.5349 	 time=88.59s

2019-04-22 12:43:02 Fold 3 done; test on test data
2019-04-22 12:43:15 Fold 4; num_batches = 2041
2019-04-22 12:43:15 Epoch 1/8; lr = [0.001]
2019-04-22 12:43:35 ->loss: | 74.77204147726297
2019-04-22 12:43:55 ->loss: | 63.15709871053696
2019-04-22 12:44:15 ->loss: | 60.36234015226364
2019-04-22 12:44:35 Cross-validation
2019-04-22 12:44:43 

summary: Fold 4/5 	 Epoch 1/8 	 loss=64.4275 	 val_loss=53.3294 	 time=88.65s

2019-04-22 12:44:43 Epoch 2/8; lr = [0.001]
2019-04-22 12:45:04 ->loss: | 57.6535656042397
2019-04-22 12:45:24 ->loss: | 57.13022370636463
2019-04-22 12:45:44 ->loss: | 56.73751923069358
2019-04-22 12:46:04 Cross-validation
2019-04-22 12:46:12 

summary: Fold 4/5 	 Epoch 2/8 	 loss=56.6927 	 val_loss=52.4011 	 time=88.84s

2019-04-22 12:46:12 Epoch 3/8; lr = [0.001]
2019-04-22 12:46:32 ->loss: | 54.143969006836414
2019-04-22 12:46:52 ->loss: | 54.16687959805131
2019-04-22 12:47:12 ->loss: | 54.9706611931324
2019-04-22 12:47:32 Cross-validation
2019-04-22 12:47:40 

summary: Fold 4/5 	 Epoch 3/8 	 loss=54.4724 	 val_loss=51.6262 	 time=88.18s

2019-04-22 12:47:40 Epoch 4/8; lr = [0.0005]
2019-04-22 12:48:01 ->loss: | 52.31365209817886
2019-04-22 12:48:21 ->loss: | 51.5253091417253
2019-04-22 12:48:41 ->loss: | 51.78351130336523
2019-04-22 12:49:01 Cross-validation
2019-04-22 12:49:09 

summary: Fold 4/5 	 Epoch 4/8 	 loss=51.6415 	 val_loss=49.9452 	 time=88.87s

2019-04-22 12:49:09 Epoch 5/8; lr = [0.0005]
2019-04-22 12:49:30 ->loss: | 49.9399705901742
2019-04-22 12:49:50 ->loss: | 50.29139394313097
2019-04-22 12:50:10 ->loss: | 50.52320281788707
2019-04-22 12:50:30 Cross-validation
2019-04-22 12:50:39 

summary: Fold 4/5 	 Epoch 5/8 	 loss=50.4633 	 val_loss=49.5827 	 time=89.29s

2019-04-22 12:50:39 Epoch 6/8; lr = [0.0005]
2019-04-22 12:50:59 ->loss: | 49.11476320028305
2019-04-22 12:51:19 ->loss: | 49.7722362652421
2019-04-22 12:51:39 ->loss: | 49.76327112317085
2019-04-22 12:51:59 Cross-validation
2019-04-22 12:52:08 

summary: Fold 4/5 	 Epoch 6/8 	 loss=49.5695 	 val_loss=49.0524 	 time=89.18s

2019-04-22 12:52:08 Epoch 7/8; lr = [0.00025]
2019-04-22 12:52:28 ->loss: | 47.45135875046253
2019-04-22 12:52:47 ->loss: | 47.975667115300894
2019-04-22 12:53:08 ->loss: | 47.79329076036811
2019-04-22 12:53:28 Cross-validation
2019-04-22 12:53:36 

summary: Fold 4/5 	 Epoch 7/8 	 loss=47.6660 	 val_loss=49.0412 	 time=88.10s

2019-04-22 12:53:36 Epoch 8/8; lr = [0.00025]
2019-04-22 12:53:56 ->loss: | 47.20940260961652
2019-04-22 12:54:16 ->loss: | 46.89296646043658
2019-04-22 12:54:37 ->loss: | 47.35568991303444
2019-04-22 12:54:56 Cross-validation
2019-04-22 12:55:05 

summary: Fold 4/5 	 Epoch 8/8 	 loss=47.0369 	 val_loss=49.4588 	 time=88.78s

2019-04-22 12:55:05 Fold 4 done; test on test data
2019-04-22 12:55:18 Fold 5; num_batches = 2041
2019-04-22 12:55:18 Epoch 1/8; lr = [0.001]
2019-04-22 12:55:38 ->loss: | 74.30735889822245
2019-04-22 12:55:58 ->loss: | 62.03512695431709
2019-04-22 12:56:19 ->loss: | 60.158582374453545
2019-04-22 12:56:39 Cross-validation
2019-04-22 12:56:47 

summary: Fold 5/5 	 Epoch 1/8 	 loss=63.8390 	 val_loss=54.3206 	 time=89.35s

2019-04-22 12:56:47 Epoch 2/8; lr = [0.001]
2019-04-22 12:57:07 ->loss: | 57.71307613700628
2019-04-22 12:57:27 ->loss: | 57.323845982551575
2019-04-22 12:57:47 ->loss: | 55.94577520340681
2019-04-22 12:58:06 Cross-validation
2019-04-22 12:58:15 

summary: Fold 5/5 	 Epoch 2/8 	 loss=56.7074 	 val_loss=51.3578 	 time=87.87s

2019-04-22 12:58:15 Epoch 3/8; lr = [0.001]
2019-04-22 12:58:35 ->loss: | 54.778362929821014
2019-04-22 12:58:55 ->loss: | 54.74479190260172
2019-04-22 12:59:16 ->loss: | 54.166104070842266
2019-04-22 12:59:36 Cross-validation
2019-04-22 12:59:44 

summary: Fold 5/5 	 Epoch 3/8 	 loss=54.3244 	 val_loss=50.6577 	 time=89.24s

2019-04-22 12:59:44 Epoch 4/8; lr = [0.0005]
2019-04-22 13:00:04 ->loss: | 50.89010454341769
2019-04-22 13:00:24 ->loss: | 51.26366223022342
2019-04-22 13:00:45 ->loss: | 51.992019057273865
2019-04-22 13:01:05 Cross-validation
2019-04-22 13:01:13 

summary: Fold 5/5 	 Epoch 4/8 	 loss=51.3695 	 val_loss=49.6441 	 time=88.94s

2019-04-22 13:01:13 Epoch 5/8; lr = [0.0005]
2019-04-22 13:01:33 ->loss: | 50.00755962356925
2019-04-22 13:01:53 ->loss: | 50.37314834445715
2019-04-22 13:02:14 ->loss: | 50.02310895547271
2019-04-22 13:02:33 Cross-validation
2019-04-22 13:02:42 

summary: Fold 5/5 	 Epoch 5/8 	 loss=50.3225 	 val_loss=49.1936 	 time=88.89s

2019-04-22 13:02:42 Epoch 6/8; lr = [0.0005]
2019-04-22 13:03:02 ->loss: | 49.12561120092869
2019-04-22 13:03:22 ->loss: | 49.53184903413057
2019-04-22 13:03:42 ->loss: | 49.22255178540945
2019-04-22 13:04:02 Cross-validation
2019-04-22 13:04:11 

summary: Fold 5/5 	 Epoch 6/8 	 loss=49.3802 	 val_loss=49.5290 	 time=89.09s

2019-04-22 13:04:11 Epoch 7/8; lr = [0.00025]
2019-04-22 13:04:31 ->loss: | 47.96552586555481
2019-04-22 13:04:51 ->loss: | 47.5315730124712
2019-04-22 13:05:11 ->loss: | 47.63814605772495
2019-04-22 13:05:31 Cross-validation
2019-04-22 13:05:40 

summary: Fold 5/5 	 Epoch 7/8 	 loss=47.6799 	 val_loss=49.5986 	 time=88.83s

2019-04-22 13:05:40 Epoch 8/8; lr = [0.00025]
2019-04-22 13:06:00 ->loss: | 46.32557309418917
2019-04-22 13:06:20 ->loss: | 47.35898192226887
2019-04-22 13:06:41 ->loss: | 47.33677202835679
2019-04-22 13:07:01 Cross-validation
2019-04-22 13:07:09 

summary: Fold 5/5 	 Epoch 8/8 	 loss=47.0486 	 val_loss=49.2724 	 time=89.25s

2019-04-22 13:07:09 Fold 5 done; test on test data
2019-04-22 13:07:20 Training done
2019-04-22 13:07:20 Finding threshold
2019-04-22 13:07:43 {'threshold': 0.3484848484848486, 'f1': 0.6858136508631113}
2019-04-22 13:07:43 Generating submission.csv
