2019-04-21 22:56:11 Read csvs...
2019-04-21 22:56:14 Clean DataFrames...
2019-04-21 22:57:17 Tokenize...
2019-04-21 22:57:45 Pad...
2019-04-21 22:58:29 Embedding matrices
2019-04-21 23:01:24 ->loaded glove
2019-04-21 23:03:40 ->loaded paragram
2019-04-21 23:03:41 
Starting train loop

2019-04-21 23:03:48 Fold 1; num_batches = 2041
2019-04-21 23:03:48 Epoch 1/4; lr = [0.001]
2019-04-21 23:04:08 ->loss: | 76.33273846656084
2019-04-21 23:04:28 ->loss: | 66.9126163199544
2019-04-21 23:04:48 ->loss: | 64.41906059533358
2019-04-21 23:05:08 Cross-validation
2019-04-21 23:05:16 

summary: Fold 1/5 	 Epoch 1/4 	 loss=67.6032 	 val_loss=53.1505 	 time=88.64s

2019-04-21 23:05:16 Epoch 2/4; lr = [0.001]
2019-04-21 23:05:36 ->loss: | 61.08822639286518
2019-04-21 23:05:57 ->loss: | 60.83010171353817
2019-04-21 23:06:17 ->loss: | 61.20810230821371
2019-04-21 23:06:37 Cross-validation
2019-04-21 23:06:45 

summary: Fold 1/5 	 Epoch 2/4 	 loss=60.6732 	 val_loss=51.4444 	 time=88.39s

2019-04-21 23:06:45 Epoch 3/4; lr = [0.001]
2019-04-21 23:07:05 ->loss: | 57.36748997122049
2019-04-21 23:07:25 ->loss: | 58.49063237756491
2019-04-21 23:07:45 ->loss: | 57.746299136430025
2019-04-21 23:08:05 Cross-validation
2019-04-21 23:08:13 

summary: Fold 1/5 	 Epoch 3/4 	 loss=57.8214 	 val_loss=50.1774 	 time=88.51s

2019-04-21 23:08:13 Epoch 4/4; lr = [0.001]
2019-04-21 23:08:33 ->loss: | 54.601610381156206
2019-04-21 23:08:54 ->loss: | 54.99102608859539
2019-04-21 23:09:14 ->loss: | 54.86231793835759
2019-04-21 23:09:34 Cross-validation
2019-04-21 23:09:42 

summary: Fold 1/5 	 Epoch 4/4 	 loss=54.8878 	 val_loss=50.1013 	 time=88.67s

2019-04-21 23:09:42 Fold 1 done; test on test data
2019-04-21 23:09:54 Fold 2; num_batches = 2041
2019-04-21 23:09:54 Epoch 1/4; lr = [0.001]
2019-04-21 23:10:15 ->loss: | 77.14423745125532
2019-04-21 23:10:35 ->loss: | 66.18596126139164
2019-04-21 23:10:55 ->loss: | 63.78351028263569
2019-04-21 23:11:15 Cross-validation
2019-04-21 23:11:23 

summary: Fold 2/5 	 Epoch 1/4 	 loss=67.6211 	 val_loss=52.8584 	 time=89.10s

2019-04-21 23:11:23 Epoch 2/4; lr = [0.001]
2019-04-21 23:11:43 ->loss: | 61.023956805467606
2019-04-21 23:12:04 ->loss: | 60.8618743121624
2019-04-21 23:12:24 ->loss: | 60.055937081575394
2019-04-21 23:12:44 Cross-validation
2019-04-21 23:12:52 

summary: Fold 2/5 	 Epoch 2/4 	 loss=60.6728 	 val_loss=50.7054 	 time=88.72s

2019-04-21 23:12:52 Epoch 3/4; lr = [0.001]
2019-04-21 23:13:12 ->loss: | 57.641702234745026
2019-04-21 23:13:32 ->loss: | 56.98793592303991
2019-04-21 23:13:53 ->loss: | 58.68839129060507
2019-04-21 23:14:13 Cross-validation
2019-04-21 23:14:21 

summary: Fold 2/5 	 Epoch 3/4 	 loss=57.6802 	 val_loss=50.4477 	 time=88.63s

2019-04-21 23:14:21 Epoch 4/4; lr = [0.001]
2019-04-21 23:14:41 ->loss: | 54.40950672701001
2019-04-21 23:15:01 ->loss: | 55.23062460124493
2019-04-21 23:15:21 ->loss: | 54.973134845495224
2019-04-21 23:15:41 Cross-validation
2019-04-21 23:15:49 

summary: Fold 2/5 	 Epoch 4/4 	 loss=54.9638 	 val_loss=50.5157 	 time=88.70s

2019-04-21 23:15:49 Fold 2 done; test on test data
2019-04-21 23:16:02 Fold 3; num_batches = 2041
2019-04-21 23:16:02 Epoch 1/4; lr = [0.001]
2019-04-21 23:16:22 ->loss: | 75.8860274925828
2019-04-21 23:16:42 ->loss: | 66.23022825270891
2019-04-21 23:17:02 ->loss: | 65.1252156123519
2019-04-21 23:17:21 Cross-validation
2019-04-21 23:17:29 

summary: Fold 3/5 	 Epoch 1/4 	 loss=67.6258 	 val_loss=52.4848 	 time=87.82s

2019-04-21 23:17:29 Epoch 2/4; lr = [0.001]
2019-04-21 23:17:50 ->loss: | 61.891541730612516
2019-04-21 23:18:10 ->loss: | 60.5128633081913
2019-04-21 23:18:30 ->loss: | 61.245517916977406
2019-04-21 23:18:50 Cross-validation
2019-04-21 23:18:58 

summary: Fold 3/5 	 Epoch 2/4 	 loss=60.8729 	 val_loss=51.0323 	 time=89.07s

2019-04-21 23:18:58 Epoch 3/4; lr = [0.001]
2019-04-21 23:19:19 ->loss: | 58.897246822714806
2019-04-21 23:19:39 ->loss: | 58.22984502092004
2019-04-21 23:19:59 ->loss: | 57.34217929840088
2019-04-21 23:20:19 Cross-validation
2019-04-21 23:20:27 

summary: Fold 3/5 	 Epoch 3/4 	 loss=58.0283 	 val_loss=49.5933 	 time=88.68s

2019-04-21 23:20:27 Epoch 4/4; lr = [0.001]
2019-04-21 23:20:47 ->loss: | 54.902140490710735
2019-04-21 23:21:07 ->loss: | 54.77491933107376
2019-04-21 23:21:27 ->loss: | 55.88844587653875
2019-04-21 23:21:47 Cross-validation
2019-04-21 23:21:55 

summary: Fold 3/5 	 Epoch 4/4 	 loss=55.4295 	 val_loss=49.5030 	 time=88.20s

2019-04-21 23:21:55 Fold 3 done; test on test data
2019-04-21 23:22:08 Fold 4; num_batches = 2041
2019-04-21 23:22:08 Epoch 1/4; lr = [0.001]
2019-04-21 23:22:28 ->loss: | 75.99589805305004
2019-04-21 23:22:48 ->loss: | 66.18060155957937
2019-04-21 23:23:08 ->loss: | 64.45300924777985
2019-04-21 23:23:28 Cross-validation
2019-04-21 23:23:37 

summary: Fold 4/5 	 Epoch 1/4 	 loss=67.5992 	 val_loss=52.8853 	 time=88.60s

2019-04-21 23:23:37 Epoch 2/4; lr = [0.001]
2019-04-21 23:23:57 ->loss: | 62.23858179152012
2019-04-21 23:24:17 ->loss: | 60.155570931732655
2019-04-21 23:24:37 ->loss: | 61.10802487283945
2019-04-21 23:24:57 Cross-validation
2019-04-21 23:25:05 

summary: Fold 4/5 	 Epoch 2/4 	 loss=60.7802 	 val_loss=50.8853 	 time=88.09s

2019-04-21 23:25:05 Epoch 3/4; lr = [0.001]
2019-04-21 23:25:25 ->loss: | 57.75087817013264
2019-04-21 23:25:45 ->loss: | 57.70993425697088
2019-04-21 23:26:05 ->loss: | 57.51709697395563
2019-04-21 23:26:25 Cross-validation
2019-04-21 23:26:33 

summary: Fold 4/5 	 Epoch 3/4 	 loss=57.6943 	 val_loss=50.2887 	 time=88.49s

2019-04-21 23:26:33 Epoch 4/4; lr = [0.001]
2019-04-21 23:26:53 ->loss: | 55.32765369489789
2019-04-21 23:27:13 ->loss: | 54.88526493310928
2019-04-21 23:27:34 ->loss: | 55.28880335390568
2019-04-21 23:27:53 Cross-validation
2019-04-21 23:28:02 

summary: Fold 4/5 	 Epoch 4/4 	 loss=55.2469 	 val_loss=51.6170 	 time=88.38s

2019-04-21 23:28:02 Fold 4 done; test on test data
2019-04-21 23:28:14 Fold 5; num_batches = 2041
2019-04-21 23:28:14 Epoch 1/4; lr = [0.001]
2019-04-21 23:28:34 ->loss: | 75.75225650519133
2019-04-21 23:28:54 ->loss: | 66.15375147014856
2019-04-21 23:29:15 ->loss: | 63.9944751560688
2019-04-21 23:29:34 Cross-validation
2019-04-21 23:29:42 

summary: Fold 5/5 	 Epoch 1/4 	 loss=67.4927 	 val_loss=52.6505 	 time=88.52s

2019-04-21 23:29:42 Epoch 2/4; lr = [0.001]
2019-04-21 23:30:02 ->loss: | 60.89836099743843
2019-04-21 23:30:22 ->loss: | 61.000829473137856
2019-04-21 23:30:43 ->loss: | 60.38907042890787
2019-04-21 23:31:02 Cross-validation
2019-04-21 23:31:10 

summary: Fold 5/5 	 Epoch 2/4 	 loss=60.5585 	 val_loss=50.4530 	 time=88.15s

2019-04-21 23:31:10 Epoch 3/4; lr = [0.001]
2019-04-21 23:31:31 ->loss: | 57.3216405659914
2019-04-21 23:31:51 ->loss: | 57.70717877149582
2019-04-21 23:32:11 ->loss: | 58.03202284872532
2019-04-21 23:32:31 Cross-validation
2019-04-21 23:32:39 

summary: Fold 5/5 	 Epoch 3/4 	 loss=57.7532 	 val_loss=50.9779 	 time=88.57s

2019-04-21 23:32:39 Epoch 4/4; lr = [0.001]
2019-04-21 23:32:59 ->loss: | 55.08660162240267
2019-04-21 23:33:19 ->loss: | 54.62524472549558
2019-04-21 23:33:40 ->loss: | 55.32340541109443
2019-04-21 23:33:59 Cross-validation
2019-04-21 23:34:07 

summary: Fold 5/5 	 Epoch 4/4 	 loss=55.1528 	 val_loss=49.9320 	 time=88.48s

2019-04-21 23:34:07 Fold 5 done; test on test data
2019-04-21 23:34:18 Training done
2019-04-21 23:34:18 Finding threshold
2019-04-21 23:34:38 {'threshold': 0.31818181818181834, 'f1': 0.6813608936866891}
2019-04-21 23:34:38 Generating submission.csv
