2019-04-21 23:40:52 Read csvs...
2019-04-21 23:40:55 Clean DataFrames...
2019-04-21 23:42:04 Tokenize...
2019-04-21 23:42:34 Pad...
2019-04-21 23:43:21 Embedding matrices
2019-04-21 23:46:42 ->loaded glove
2019-04-21 23:49:18 ->loaded paragram
2019-04-21 23:49:20 
Starting train loop

2019-04-21 23:49:24 Fold 1; num_batches = 2041
2019-04-21 23:49:24 Epoch 1/5; lr = [0.001]
2019-04-21 23:49:45 ->loss: | 78.04102412611246
2019-04-21 23:50:06 ->loss: | 66.57582466304302
2019-04-21 23:50:28 ->loss: | 64.84240634739399
2019-04-21 23:50:48 Cross-validation
2019-04-21 23:50:57 

summary: Fold 1/5 	 Epoch 1/5 	 loss=68.1675 	 val_loss=53.2968 	 time=92.26s

2019-04-21 23:50:57 Epoch 2/5; lr = [0.001]
2019-04-21 23:51:18 ->loss: | 61.0382640697062
2019-04-21 23:51:39 ->loss: | 61.98977292329073
2019-04-21 23:52:00 ->loss: | 61.71785481274128
2019-04-21 23:52:21 Cross-validation
2019-04-21 23:52:30 

summary: Fold 1/5 	 Epoch 2/5 	 loss=61.4641 	 val_loss=50.6668 	 time=92.96s

2019-04-21 23:52:30 Epoch 3/5; lr = [0.001]
2019-04-21 23:52:51 ->loss: | 58.36153997480869
2019-04-21 23:53:12 ->loss: | 58.51969272270799
2019-04-21 23:53:33 ->loss: | 59.19078458100557
2019-04-21 23:53:54 Cross-validation
2019-04-21 23:54:02 

summary: Fold 1/5 	 Epoch 3/5 	 loss=58.6685 	 val_loss=49.9867 	 time=92.69s

2019-04-21 23:54:02 Epoch 4/5; lr = [0.001]
2019-04-21 23:54:23 ->loss: | 56.65856911987066
2019-04-21 23:54:45 ->loss: | 56.27567205578089
2019-04-21 23:55:06 ->loss: | 56.25816009566188
2019-04-21 23:55:27 Cross-validation
2019-04-21 23:55:35 

summary: Fold 1/5 	 Epoch 4/5 	 loss=56.4625 	 val_loss=49.7583 	 time=92.78s

2019-04-21 23:55:35 Epoch 5/5; lr = [0.001]
2019-04-21 23:55:56 ->loss: | 54.40525133535266
2019-04-21 23:56:17 ->loss: | 54.70290032029152
2019-04-21 23:56:39 ->loss: | 54.73311039432883
2019-04-21 23:57:00 Cross-validation
2019-04-21 23:57:08 

summary: Fold 1/5 	 Epoch 5/5 	 loss=54.5157 	 val_loss=50.2753 	 time=92.92s

2019-04-21 23:57:08 Fold 1 done; test on test data
2019-04-21 23:57:21 Fold 2; num_batches = 2041
2019-04-21 23:57:21 Epoch 1/5; lr = [0.001]
2019-04-21 23:57:42 ->loss: | 76.61169436573982
2019-04-21 23:58:03 ->loss: | 67.79799007624388
2019-04-21 23:58:24 ->loss: | 64.01723125576973
2019-04-21 23:58:45 Cross-validation
2019-04-21 23:58:53 

summary: Fold 2/5 	 Epoch 1/5 	 loss=68.1653 	 val_loss=52.3609 	 time=92.73s

2019-04-21 23:58:53 Epoch 2/5; lr = [0.001]
2019-04-21 23:59:15 ->loss: | 62.35486599802971
2019-04-21 23:59:36 ->loss: | 61.02025344222784
2019-04-21 23:59:57 ->loss: | 61.618047535419464
2019-04-22 00:00:18 Cross-validation
2019-04-22 00:00:26 

summary: Fold 2/5 	 Epoch 2/5 	 loss=61.3606 	 val_loss=50.5857 	 time=93.02s

2019-04-22 00:00:26 Epoch 3/5; lr = [0.001]
2019-04-22 00:00:48 ->loss: | 58.96004441380501
2019-04-22 00:01:09 ->loss: | 58.931528970599174
2019-04-22 00:01:30 ->loss: | 58.95927830785513
2019-04-22 00:01:51 Cross-validation
2019-04-22 00:01:59 

summary: Fold 2/5 	 Epoch 3/5 	 loss=58.9038 	 val_loss=49.5919 	 time=92.70s

2019-04-22 00:01:59 Epoch 4/5; lr = [0.001]
2019-04-22 00:02:20 ->loss: | 55.72613772749901
2019-04-22 00:02:42 ->loss: | 56.36627485603094
2019-04-22 00:03:03 ->loss: | 57.063363041728735
2019-04-22 00:03:24 Cross-validation
2019-04-22 00:03:32 

summary: Fold 2/5 	 Epoch 4/5 	 loss=56.5179 	 val_loss=50.3894 	 time=93.17s

2019-04-22 00:03:32 Epoch 5/5; lr = [0.001]
2019-04-22 00:03:53 ->loss: | 54.16801517829299
2019-04-22 00:04:15 ->loss: | 54.14878282696009
2019-04-22 00:04:36 ->loss: | 55.27076502144337
2019-04-22 00:04:57 Cross-validation
2019-04-22 00:05:05 

summary: Fold 2/5 	 Epoch 5/5 	 loss=54.4365 	 val_loss=49.9771 	 time=93.29s

2019-04-22 00:05:05 Fold 2 done; test on test data
2019-04-22 00:05:18 Fold 3; num_batches = 2041
2019-04-22 00:05:18 Epoch 1/5; lr = [0.001]
2019-04-22 00:05:39 ->loss: | 76.70034497976303
2019-04-22 00:06:00 ->loss: | 66.55726832151413
2019-04-22 00:06:22 ->loss: | 65.02101872116327
2019-04-22 00:06:43 Cross-validation
2019-04-22 00:06:51 

summary: Fold 3/5 	 Epoch 1/5 	 loss=67.9726 	 val_loss=53.8167 	 time=93.19s

2019-04-22 00:06:51 Epoch 2/5; lr = [0.001]
2019-04-22 00:07:13 ->loss: | 62.5880997851491
2019-04-22 00:07:34 ->loss: | 60.93267796188593
2019-04-22 00:07:55 ->loss: | 61.50188972055912
2019-04-22 00:08:16 Cross-validation
2019-04-22 00:08:25 

summary: Fold 3/5 	 Epoch 2/5 	 loss=61.1156 	 val_loss=51.0098 	 time=93.33s

2019-04-22 00:08:25 Epoch 3/5; lr = [0.001]
2019-04-22 00:08:46 ->loss: | 59.463487200438976
2019-04-22 00:09:07 ->loss: | 59.10098034888506
2019-04-22 00:09:28 ->loss: | 58.08626651018858
2019-04-22 00:09:49 Cross-validation
2019-04-22 00:09:58 

summary: Fold 3/5 	 Epoch 3/5 	 loss=58.7182 	 val_loss=50.2405 	 time=93.14s

2019-04-22 00:09:58 Epoch 4/5; lr = [0.001]
2019-04-22 00:10:19 ->loss: | 55.645763870328665
2019-04-22 00:10:40 ->loss: | 56.619773514568806
2019-04-22 00:11:01 ->loss: | 56.76682876423001
2019-04-22 00:11:22 Cross-validation
2019-04-22 00:11:31 

summary: Fold 3/5 	 Epoch 4/5 	 loss=56.4949 	 val_loss=50.9192 	 time=93.12s

2019-04-22 00:11:31 Epoch 5/5; lr = [0.001]
2019-04-22 00:11:52 ->loss: | 54.011655293405056
2019-04-22 00:12:13 ->loss: | 54.20303984731436
2019-04-22 00:12:34 ->loss: | 54.697180811315775
2019-04-22 00:12:55 Cross-validation
2019-04-22 00:13:04 

summary: Fold 3/5 	 Epoch 5/5 	 loss=54.4086 	 val_loss=50.6036 	 time=92.91s

2019-04-22 00:13:04 Fold 3 done; test on test data
2019-04-22 00:13:16 Fold 4; num_batches = 2041
2019-04-22 00:13:16 Epoch 1/5; lr = [0.001]
2019-04-22 00:13:38 ->loss: | 78.47521556913853
2019-04-22 00:13:59 ->loss: | 67.39137288928032
2019-04-22 00:14:20 ->loss: | 64.34785393625498
2019-04-22 00:14:41 Cross-validation
2019-04-22 00:14:49 

summary: Fold 4/5 	 Epoch 1/5 	 loss=68.4964 	 val_loss=54.4622 	 time=92.81s

2019-04-22 00:14:49 Epoch 2/5; lr = [0.001]
2019-04-22 00:15:10 ->loss: | 62.035300463438034
2019-04-22 00:15:32 ->loss: | 61.78821241855621
2019-04-22 00:15:53 ->loss: | 61.15498101711273
2019-04-22 00:16:14 Cross-validation
2019-04-22 00:16:23 

summary: Fold 4/5 	 Epoch 2/5 	 loss=61.3084 	 val_loss=52.6061 	 time=93.44s

2019-04-22 00:16:23 Epoch 3/5; lr = [0.001]
2019-04-22 00:16:44 ->loss: | 57.80491302162409
2019-04-22 00:17:05 ->loss: | 59.198396772146225
2019-04-22 00:17:27 ->loss: | 58.61664293706417
2019-04-22 00:17:48 Cross-validation
2019-04-22 00:17:56 

summary: Fold 4/5 	 Epoch 3/5 	 loss=58.6624 	 val_loss=50.5878 	 time=93.54s

2019-04-22 00:17:56 Epoch 4/5; lr = [0.001]
2019-04-22 00:18:18 ->loss: | 56.345620423555374
2019-04-22 00:18:39 ->loss: | 56.40737958997488
2019-04-22 00:19:00 ->loss: | 56.67169166356325
2019-04-22 00:19:21 Cross-validation
2019-04-22 00:19:30 

summary: Fold 4/5 	 Epoch 4/5 	 loss=56.3691 	 val_loss=50.4853 	 time=93.54s

2019-04-22 00:19:30 Epoch 5/5; lr = [0.001]
2019-04-22 00:19:51 ->loss: | 54.068224497139454
2019-04-22 00:20:12 ->loss: | 53.835842195898294
2019-04-22 00:20:34 ->loss: | 54.12995948642492
2019-04-22 00:20:55 Cross-validation
2019-04-22 00:21:03 

summary: Fold 4/5 	 Epoch 5/5 	 loss=54.2012 	 val_loss=51.5086 	 time=93.50s

2019-04-22 00:21:03 Fold 4 done; test on test data
2019-04-22 00:21:16 Fold 5; num_batches = 2041
2019-04-22 00:21:16 Epoch 1/5; lr = [0.001]
2019-04-22 00:21:37 ->loss: | 77.58832131326199
2019-04-22 00:21:58 ->loss: | 66.61010853201151
2019-04-22 00:22:19 ->loss: | 64.55433646589518
2019-04-22 00:22:39 Cross-validation
2019-04-22 00:22:47 

summary: Fold 5/5 	 Epoch 1/5 	 loss=68.1779 	 val_loss=54.2990 	 time=91.65s

2019-04-22 00:22:47 Epoch 2/5; lr = [0.001]
2019-04-22 00:23:08 ->loss: | 63.00885023921728
2019-04-22 00:23:29 ->loss: | 61.821558974683285
2019-04-22 00:23:50 ->loss: | 60.527035884559155
2019-04-22 00:24:10 Cross-validation
2019-04-22 00:24:18 

summary: Fold 5/5 	 Epoch 2/5 	 loss=61.3915 	 val_loss=51.9075 	 time=90.90s

2019-04-22 00:24:18 Epoch 3/5; lr = [0.001]
2019-04-22 00:24:39 ->loss: | 58.315609049052
2019-04-22 00:25:00 ->loss: | 59.22742737829685
2019-04-22 00:25:21 ->loss: | 57.92774422094226
2019-04-22 00:25:41 Cross-validation
2019-04-22 00:25:49 

summary: Fold 5/5 	 Epoch 3/5 	 loss=58.6788 	 val_loss=51.0507 	 time=90.79s

2019-04-22 00:25:49 Epoch 4/5; lr = [0.001]
2019-04-22 00:26:10 ->loss: | 57.09109830483794
2019-04-22 00:26:31 ->loss: | 56.34215510636568
2019-04-22 00:26:51 ->loss: | 56.380992747843266
2019-04-22 00:27:12 Cross-validation
2019-04-22 00:27:20 

summary: Fold 5/5 	 Epoch 4/5 	 loss=56.5611 	 val_loss=49.8587 	 time=91.03s

2019-04-22 00:27:20 Epoch 5/5; lr = [0.001]
2019-04-22 00:27:41 ->loss: | 54.25683268904686
2019-04-22 00:28:02 ->loss: | 53.569749757647514
2019-04-22 00:28:22 ->loss: | 54.93134435266256
2019-04-22 00:28:43 Cross-validation
2019-04-22 00:28:51 

summary: Fold 5/5 	 Epoch 5/5 	 loss=54.4379 	 val_loss=51.7253 	 time=90.70s

2019-04-22 00:28:51 Fold 5 done; test on test data
2019-04-22 00:29:01 Training done
2019-04-22 00:29:01 Finding threshold
2019-04-22 00:29:24 {'threshold': 0.28787878787878785, 'f1': 0.6814278801246919}
2019-04-22 00:29:24 Generating submission.csv
