2019-04-21 13:03:53('Read csvs...',)
2019-04-21 13:03:57('Clean DataFrames...',)
2019-04-21 13:05:10('Tokenize...',)
2019-04-21 13:05:43('Pad...',)
2019-04-21 13:06:31('Embedding matrices',)
2019-04-21 13:10:04('->loaded glove',)
2019-04-21 13:12:51('->loaded paragram',)
2019-04-21 13:12:52('\nStarting train loop\n',)
2019-04-21 13:13:01('Fold 1; num_batches = 2041',)
2019-04-21 13:13:01('Epoch 1/10; lr = [0.001]',)
2019-04-21 13:13:19('->loss:', 74.85769314318895)
2019-04-21 13:13:38('->loss:', 57.786142595112324)
2019-04-21 13:13:56('->loss:', 55.74259003996849)
2019-04-21 13:14:15('Cross-validation',)
2019-04-21 13:14:22('\n\nsummary: Fold 1/5      Epoch 1/10      loss=60.8659      val_loss=53.7957      time=81.74s\n',)
2019-04-21 13:14:22('Epoch 2/10; lr = [0.001]',)
2019-04-21 13:14:41('->loss:', 51.89426827058196)
2019-04-21 13:14:59('->loss:', 51.74325377494097)
2019-04-21 13:15:18('->loss:', 50.67891437932849)
2019-04-21 13:15:36('Cross-validation',)
2019-04-21 13:15:44('\n\nsummary: Fold 1/5      Epoch 2/10      loss=51.3372      val_loss=51.3526      time=81.39s\n',)
2019-04-21 13:15:44('Epoch 3/10; lr = [0.001]',)
2019-04-21 13:16:02('->loss:', 48.39386676624417)
2019-04-21 13:16:21('->loss:', 48.65331091731787)
2019-04-21 13:16:40('->loss:', 47.846153527498245)
2019-04-21 13:16:58('Cross-validation',)
2019-04-21 13:17:06('\n\nsummary: Fold 1/5      Epoch 3/10      loss=48.1925      val_loss=50.7167      time=81.80s\n',)
2019-04-21 13:17:06('Epoch 4/10; lr = [0.0005]',)
2019-04-21 13:17:24('->loss:', 44.91167540848255)
2019-04-21 13:17:42('->loss:', 43.421056032180786)
2019-04-21 13:18:01('->loss:', 44.0158830024302)
2019-04-21 13:18:19('Cross-validation',)
2019-04-21 13:18:27('\n\nsummary: Fold 1/5      Epoch 4/10      loss=44.2906      val_loss=50.5288      time=81.49s\n',)
2019-04-21 13:18:27('Epoch 5/10; lr = [0.0005]',)
2019-04-21 13:18:46('->loss:', 42.07813021540642)
2019-04-21 13:19:04('->loss:', 41.54203848913312)
2019-04-21 13:19:23('->loss:', 42.61664394289255)
2019-04-21 13:19:41('Cross-validation',)
2019-04-21 13:19:49('\n\nsummary: Fold 1/5      Epoch 5/10      loss=42.1180      val_loss=51.3580      time=81.86s\n',)
2019-04-21 13:19:49('Epoch 6/10; lr = [0.0005]',)
2019-04-21 13:20:07('->loss:', 39.62364948540926)
2019-04-21 13:20:26('->loss:', 40.15648164972663)
2019-04-21 13:20:45('->loss:', 40.259652115404606)
2019-04-21 13:21:03('Cross-validation',)
2019-04-21 13:21:11('\n\nsummary: Fold 1/5      Epoch 6/10      loss=40.1695      val_loss=52.0465      time=81.72s\n',)
2019-04-21 13:21:11('Epoch 7/10; lr = [0.00025]',)
2019-04-21 13:21:29('->loss:', 37.245910711586475)
2019-04-21 13:21:48('->loss:', 36.90048384666443)
2019-04-21 13:22:07('->loss:', 37.03253207355738)
2019-04-21 13:22:25('Cross-validation',)
2019-04-21 13:22:33('\n\nsummary: Fold 1/5      Epoch 7/10      loss=37.0089      val_loss=53.6300      time=81.94s\n',)
2019-04-21 13:22:33('Epoch 8/10; lr = [0.00025]',)
2019-04-21 13:22:51('->loss:', 34.85307901352644)
2019-04-21 13:23:10('->loss:', 35.376155477017164)
2019-04-21 13:23:29('->loss:', 36.37779247760773)
2019-04-21 13:23:47('Cross-validation',)
2019-04-21 13:23:55('\n\nsummary: Fold 1/5      Epoch 8/10      loss=35.6434      val_loss=55.9311      time=82.03s\n',)
2019-04-21 13:23:55('Epoch 9/10; lr = [0.00025]',)
2019-04-21 13:24:13('->loss:', 34.18236777186394)
2019-04-21 13:24:32('->loss:', 34.072208900004625)
2019-04-21 13:24:51('->loss:', 34.1754845418036)
2019-04-21 13:25:09('Cross-validation',)
2019-04-21 13:25:16('\n\nsummary: Fold 1/5      Epoch 9/10      loss=34.4199      val_loss=56.8262      time=81.67s\n',)
2019-04-21 13:25:16('Epoch 10/10; lr = [0.000125]',)
2019-04-21 13:25:35('->loss:', 32.44399148598313)
2019-04-21 13:25:54('->loss:', 32.002964064478874)
2019-04-21 13:26:12('->loss:', 32.55727506428957)
2019-04-21 13:26:31('Cross-validation',)
2019-04-21 13:26:38('\n\nsummary: Fold 1/5      Epoch 10/10      loss=32.3920      val_loss=58.7846      time=81.91s\n',)
2019-04-21 13:26:38('Fold 1 done; test on test data',)
2019-04-21 13:26:50('Fold 2; num_batches = 2041',)
2019-04-21 13:26:50('Epoch 1/10; lr = [0.001]',)
2019-04-21 13:27:08('->loss:', 74.92703441530466)
2019-04-21 13:27:27('->loss:', 57.91244504600763)
2019-04-21 13:27:46('->loss:', 55.97528874874115)
2019-04-21 13:28:04('Cross-validation',)
2019-04-21 13:28:12('\n\nsummary: Fold 2/5      Epoch 1/10      loss=60.8829      val_loss=53.1014      time=82.35s\n',)
2019-04-21 13:28:12('Epoch 2/10; lr = [0.001]',)
2019-04-21 13:28:31('->loss:', 52.10784538090229)
2019-04-21 13:28:50('->loss:', 51.763482473790646)
2019-04-21 13:29:08('->loss:', 51.33402610197663)
2019-04-21 13:29:27('Cross-validation',)
2019-04-21 13:29:34('\n\nsummary: Fold 2/5      Epoch 2/10      loss=51.4908      val_loss=50.5012      time=82.17s\n',)
2019-04-21 13:29:34('Epoch 3/10; lr = [0.001]',)
2019-04-21 13:29:53('->loss:', 48.497640773653984)
2019-04-21 13:30:11('->loss:', 48.427624367177486)
2019-04-21 13:30:30('->loss:', 47.983036037534475)
2019-04-21 13:30:48('Cross-validation',)
2019-04-21 13:30:56('\n\nsummary: Fold 2/5      Epoch 3/10      loss=48.3002      val_loss=49.7276      time=81.83s\n',)
2019-04-21 13:30:56('Epoch 4/10; lr = [0.0005]',)
2019-04-21 13:31:15('->loss:', 44.15432025119662)
2019-04-21 13:31:33('->loss:', 44.7351106479764)
2019-04-21 13:31:52('->loss:', 44.2127320766449)
2019-04-21 13:32:10('Cross-validation',)
2019-04-21 13:32:18('\n\nsummary: Fold 2/5      Epoch 4/10      loss=44.3919      val_loss=49.9595      time=81.73s\n',)
2019-04-21 13:32:18('Epoch 5/10; lr = [0.0005]',)
2019-04-21 13:32:36('->loss:', 42.150823790580034)
2019-04-21 13:32:55('->loss:', 42.41308005154133)
2019-04-21 13:33:14('->loss:', 41.99679031223059)
2019-04-21 13:33:32('Cross-validation',)
2019-04-21 13:33:40('\n\nsummary: Fold 2/5      Epoch 5/10      loss=42.3087      val_loss=50.2846      time=82.04s\n',)
2019-04-21 13:33:40('Epoch 6/10; lr = [0.0005]',)
2019-04-21 13:33:58('->loss:', 39.398970276117325)
2019-04-21 13:34:17('->loss:', 39.990438625216484)
2019-04-21 13:34:36('->loss:', 40.79788464680314)
2019-04-21 13:34:54('Cross-validation',)
2019-04-21 13:35:02('\n\nsummary: Fold 2/5      Epoch 6/10      loss=40.3638      val_loss=52.2828      time=82.17s\n',)
2019-04-21 13:35:02('Epoch 7/10; lr = [0.00025]',)
2019-04-21 13:35:20('->loss:', 36.811311066150665)
2019-04-21 13:35:39('->loss:', 37.533098325133324)
2019-04-21 13:35:58('->loss:', 37.14174633100629)
2019-04-21 13:36:16('Cross-validation',)
2019-04-21 13:36:24('\n\nsummary: Fold 2/5      Epoch 7/10      loss=37.2543      val_loss=53.0182      time=81.67s\n',)
2019-04-21 13:36:24('Epoch 8/10; lr = [0.00025]',)
2019-04-21 13:36:42('->loss:', 35.78131064213812)
2019-04-21 13:37:01('->loss:', 36.087639197707176)
2019-04-21 13:37:20('->loss:', 35.816674403846264)
2019-04-21 13:37:38('Cross-validation',)
2019-04-21 13:37:46('\n\nsummary: Fold 2/5      Epoch 8/10      loss=35.9323      val_loss=53.9784      time=82.01s\n',)
2019-04-21 13:37:46('Epoch 9/10; lr = [0.00025]',)
2019-04-21 13:38:04('->loss:', 33.98920243605971)
2019-04-21 13:38:23('->loss:', 34.63589895889163)
2019-04-21 13:38:42('->loss:', 34.574077013880014)
2019-04-21 13:39:00('Cross-validation',)
2019-04-21 13:39:08('\n\nsummary: Fold 2/5      Epoch 9/10      loss=34.6502      val_loss=55.0753      time=82.05s\n',)
2019-04-21 13:39:08('Epoch 10/10; lr = [0.000125]',)
2019-04-21 13:39:27('->loss:', 32.50830502808094)
2019-04-21 13:39:45('->loss:', 32.65519371628761)
2019-04-21 13:40:04('->loss:', 33.12133136764169)
2019-04-21 13:40:22('Cross-validation',)
2019-04-21 13:40:30('\n\nsummary: Fold 2/5      Epoch 10/10      loss=32.7010      val_loss=57.4421      time=82.35s\n',)
2019-04-21 13:40:30('Fold 2 done; test on test data',)
2019-04-21 13:40:42('Fold 3; num_batches = 2041',)
2019-04-21 13:40:42('Epoch 1/10; lr = [0.001]',)
2019-04-21 13:41:00('->loss:', 74.09719379246235)
2019-04-21 13:41:19('->loss:', 58.24881289154291)
2019-04-21 13:41:38('->loss:', 55.549943540245295)
2019-04-21 13:41:56('Cross-validation',)
2019-04-21 13:42:03('\n\nsummary: Fold 3/5      Epoch 1/10      loss=60.5214      val_loss=53.5053      time=81.45s\n',)
2019-04-21 13:42:03('Epoch 2/10; lr = [0.001]',)
2019-04-21 13:42:21('->loss:', 51.66384655609727)
2019-04-21 13:42:39('->loss:', 51.64104471728206)
2019-04-21 13:42:58('->loss:', 51.121432926505804)
2019-04-21 13:43:15('Cross-validation',)
2019-04-21 13:43:23('\n\nsummary: Fold 3/5      Epoch 2/10      loss=51.2945      val_loss=51.0277      time=79.86s\n',)
2019-04-21 13:43:23('Epoch 3/10; lr = [0.001]',)
2019-04-21 13:43:41('->loss:', 47.66831670328975)
2019-04-21 13:43:59('->loss:', 48.356160786002874)
2019-04-21 13:44:17('->loss:', 48.46625218167901)
2019-04-21 13:44:35('Cross-validation',)
2019-04-21 13:44:43('\n\nsummary: Fold 3/5      Epoch 3/10      loss=48.2129      val_loss=50.4302      time=79.74s\n',)
2019-04-21 13:44:43('Epoch 4/10; lr = [0.0005]',)
2019-04-21 13:45:01('->loss:', 43.612482860684395)
2019-04-21 13:45:19('->loss:', 44.03682601451874)
2019-04-21 13:45:38('->loss:', 44.51178918406367)
2019-04-21 13:45:55('Cross-validation',)
2019-04-21 13:46:02('\n\nsummary: Fold 3/5      Epoch 4/10      loss=44.2760      val_loss=50.1638      time=79.91s\n',)
2019-04-21 13:46:02('Epoch 5/10; lr = [0.0005]',)
2019-04-21 13:46:21('->loss:', 42.11353538185358)
2019-04-21 13:46:39('->loss:', 42.35485182330012)
2019-04-21 13:46:57('->loss:', 42.123693998903036)
2019-04-21 13:47:15('Cross-validation',)
2019-04-21 13:47:23('\n\nsummary: Fold 3/5      Epoch 5/10      loss=42.2845      val_loss=50.2599      time=80.08s\n',)
2019-04-21 13:47:23('Epoch 6/10; lr = [0.0005]',)
2019-04-21 13:47:41('->loss:', 39.66435844823718)
2019-04-21 13:47:59('->loss:', 40.28495396673679)
2019-04-21 13:48:17('->loss:', 40.62948749959469)
2019-04-21 13:48:35('Cross-validation',)
2019-04-21 13:48:42('\n\nsummary: Fold 3/5      Epoch 6/10      loss=40.2271      val_loss=52.0217      time=79.76s\n',)
2019-04-21 13:48:42('Epoch 7/10; lr = [0.00025]',)
2019-04-21 13:49:01('->loss:', 36.97329241782427)
2019-04-21 13:49:19('->loss:', 36.90121517702937)
2019-04-21 13:49:37('->loss:', 37.869648642838)
2019-04-21 13:49:55('Cross-validation',)
2019-04-21 13:50:02('\n\nsummary: Fold 3/5      Epoch 7/10      loss=37.2129      val_loss=53.4800      time=79.78s\n',)
2019-04-21 13:50:02('Epoch 8/10; lr = [0.00025]',)
2019-04-21 13:50:21('->loss:', 34.8784958794713)
2019-04-21 13:50:39('->loss:', 35.78521702811122)
2019-04-21 13:50:57('->loss:', 36.19658422842622)
2019-04-21 13:51:15('Cross-validation',)
2019-04-21 13:51:22('\n\nsummary: Fold 3/5      Epoch 8/10      loss=35.8297      val_loss=54.2419      time=80.00s\n',)
2019-04-21 13:51:22('Epoch 9/10; lr = [0.00025]',)
2019-04-21 13:51:40('->loss:', 33.917945213615894)
2019-04-21 13:51:58('->loss:', 34.18649926409125)
2019-04-21 13:52:17('->loss:', 35.00791549868882)
2019-04-21 13:52:35('Cross-validation',)
2019-04-21 13:52:42('\n\nsummary: Fold 3/5      Epoch 9/10      loss=34.5230      val_loss=54.8918      time=79.91s\n',)
2019-04-21 13:52:42('Epoch 10/10; lr = [0.000125]',)
2019-04-21 13:53:00('->loss:', 32.696963261812925)
2019-04-21 13:53:18('->loss:', 32.58331831358373)
2019-04-21 13:53:37('->loss:', 32.80356225930154)
2019-04-21 13:53:55('Cross-validation',)
2019-04-21 13:54:02('\n\nsummary: Fold 3/5      Epoch 10/10      loss=32.6866      val_loss=57.3101      time=79.98s\n',)
2019-04-21 13:54:02('Fold 3 done; test on test data',)
2019-04-21 13:54:13('Fold 4; num_batches = 2041',)
2019-04-21 13:54:13('Epoch 1/10; lr = [0.001]',)
2019-04-21 13:54:32('->loss:', 74.0823332965374)
2019-04-21 13:54:50('->loss:', 57.39577677845955)
2019-04-21 13:55:08('->loss:', 55.8776735663414)
2019-04-21 13:55:26('Cross-validation',)
2019-04-21 13:55:33('\n\nsummary: Fold 4/5      Epoch 1/10      loss=60.4935      val_loss=54.0498      time=80.08s\n',)
2019-04-21 13:55:33('Epoch 2/10; lr = [0.001]',)
2019-04-21 13:55:52('->loss:', 52.59011271968484)
2019-04-21 13:56:10('->loss:', 51.228944309055805)
2019-04-21 13:56:28('->loss:', 51.63904673978686)
2019-04-21 13:56:46('Cross-validation',)
2019-04-21 13:56:53('\n\nsummary: Fold 4/5      Epoch 2/10      loss=51.3685      val_loss=51.5793      time=79.72s\n',)
2019-04-21 13:56:53('Epoch 3/10; lr = [0.001]',)
2019-04-21 13:57:11('->loss:', 48.268159575760365)
2019-04-21 13:57:29('->loss:', 47.8240400403738)
2019-04-21 13:57:48('->loss:', 48.49444742128253)
2019-04-21 13:58:05('Cross-validation',)
2019-04-21 13:58:13('\n\nsummary: Fold 4/5      Epoch 3/10      loss=48.1428      val_loss=51.0744      time=79.64s\n',)
2019-04-21 13:58:13('Epoch 4/10; lr = [0.0005]',)
2019-04-21 13:58:31('->loss:', 44.5904341340065)
2019-04-21 13:58:49('->loss:', 44.218376107513905)
2019-04-21 13:59:07('->loss:', 44.04687124118209)
2019-04-21 13:59:25('Cross-validation',)
2019-04-21 13:59:32('\n\nsummary: Fold 4/5      Epoch 4/10      loss=44.2502      val_loss=50.1016      time=79.77s\n',)
2019-04-21 13:59:32('Epoch 5/10; lr = [0.0005]',)
2019-04-21 13:59:51('->loss:', 41.500007931143045)
2019-04-21 14:00:09('->loss:', 41.88749332726002)
2019-04-21 14:00:27('->loss:', 42.2193439938128)
2019-04-21 14:00:45('Cross-validation',)
2019-04-21 14:00:53('\n\nsummary: Fold 4/5      Epoch 5/10      loss=42.1879      val_loss=50.5531      time=80.09s\n',)
2019-04-21 14:00:53('Epoch 6/10; lr = [0.0005]',)
2019-04-21 14:01:11('->loss:', 40.00389562174678)
2019-04-21 14:01:29('->loss:', 40.01021382585168)
2019-04-21 14:01:47('->loss:', 40.403960041701794)
2019-04-21 14:02:05('Cross-validation',)
2019-04-21 14:02:12('\n\nsummary: Fold 4/5      Epoch 6/10      loss=40.2773      val_loss=51.1456      time=79.49s\n',)
2019-04-21 14:02:12('Epoch 7/10; lr = [0.00025]',)
2019-04-21 14:02:30('->loss:', 36.95102648809552)
2019-04-21 14:02:49('->loss:', 36.52321081236005)
2019-04-21 14:03:07('->loss:', 37.44924359023571)
2019-04-21 14:03:25('Cross-validation',)
2019-04-21 14:03:32('\n\nsummary: Fold 4/5      Epoch 7/10      loss=37.1743      val_loss=52.1115      time=79.99s\n',)
2019-04-21 14:03:32('Epoch 8/10; lr = [0.00025]',)
2019-04-21 14:03:50('->loss:', 35.84908710047603)
2019-04-21 14:04:09('->loss:', 35.35802981629968)
2019-04-21 14:04:27('->loss:', 35.761509485542774)
2019-04-21 14:04:45('Cross-validation',)
2019-04-21 14:04:52('\n\nsummary: Fold 4/5      Epoch 8/10      loss=35.7719      val_loss=55.0026      time=79.75s\n',)
2019-04-21 14:04:52('Epoch 9/10; lr = [0.00025]',)
2019-04-21 14:05:10('->loss:', 34.292301289737225)
2019-04-21 14:05:28('->loss:', 34.04986710473895)
2019-04-21 14:05:47('->loss:', 34.77892741188407)
2019-04-21 14:06:04('Cross-validation',)
2019-04-21 14:06:12('\n\nsummary: Fold 4/5      Epoch 9/10      loss=34.5720      val_loss=55.2907      time=79.97s\n',)
2019-04-21 14:06:12('Epoch 10/10; lr = [0.000125]',)
2019-04-21 14:06:30('->loss:', 31.969594109803438)
2019-04-21 14:06:48('->loss:', 32.771627221256495)
2019-04-21 14:07:06('->loss:', 32.675539653748274)
2019-04-21 14:07:24('Cross-validation',)
2019-04-21 14:07:31('\n\nsummary: Fold 4/5      Epoch 10/10      loss=32.5720      val_loss=57.2717      time=79.68s\n',)
2019-04-21 14:07:31('Fold 4 done; test on test data',)
2019-04-21 14:07:43('Fold 5; num_batches = 2041',)
2019-04-21 14:07:43('Epoch 1/10; lr = [0.001]',)
2019-04-21 14:08:01('->loss:', 74.72752778977156)
2019-04-21 14:08:19('->loss:', 57.83083626627922)
2019-04-21 14:08:38('->loss:', 55.98463848233223)
2019-04-21 14:08:56('Cross-validation',)
2019-04-21 14:09:03('\n\nsummary: Fold 5/5      Epoch 1/10      loss=60.6601      val_loss=54.9641      time=80.19s\n',)
2019-04-21 14:09:03('Epoch 2/10; lr = [0.001]',)
2019-04-21 14:09:21('->loss:', 52.27816340327263)
2019-04-21 14:09:40('->loss:', 51.55105882138014)
2019-04-21 14:09:58('->loss:', 51.450930539518595)
2019-04-21 14:10:16('Cross-validation',)
2019-04-21 14:10:23('\n\nsummary: Fold 5/5      Epoch 2/10      loss=51.4947      val_loss=51.4270      time=80.52s\n',)
2019-04-21 14:10:23('Epoch 3/10; lr = [0.001]',)
2019-04-21 14:10:42('->loss:', 47.84097211807966)
2019-04-21 14:11:00('->loss:', 48.76336866989732)
2019-04-21 14:11:18('->loss:', 47.968107372522354)
2019-04-21 14:11:36('Cross-validation',)
2019-04-21 14:11:43('\n\nsummary: Fold 5/5      Epoch 3/10      loss=48.2952      val_loss=50.1563      time=79.57s\n',)
2019-04-21 14:11:43('Epoch 4/10; lr = [0.0005]',)
2019-04-21 14:12:01('->loss:', 44.07719952985644)
2019-04-21 14:12:19('->loss:', 44.52450569719076)
2019-04-21 14:12:38('->loss:', 44.5465382784605)
2019-04-21 14:12:56('Cross-validation',)
2019-04-21 14:13:03('\n\nsummary: Fold 5/5      Epoch 4/10      loss=44.4574      val_loss=50.0984      time=80.05s\n',)
2019-04-21 14:13:03('Epoch 5/10; lr = [0.0005]',)
2019-04-21 14:13:21('->loss:', 42.54377472773194)
2019-04-21 14:13:40('->loss:', 42.19762794300914)
2019-04-21 14:13:58('->loss:', 42.70436579361558)
2019-04-21 14:14:16('Cross-validation',)
2019-04-21 14:14:23('\n\nsummary: Fold 5/5      Epoch 5/10      loss=42.4365      val_loss=50.5621      time=80.30s\n',)
2019-04-21 14:14:23('Epoch 6/10; lr = [0.0005]',)
2019-04-21 14:14:42('->loss:', 40.034262999892235)
2019-04-21 14:15:00('->loss:', 40.351463072001934)
2019-04-21 14:15:18('->loss:', 41.10725179314613)
2019-04-21 14:15:36('Cross-validation',)
2019-04-21 14:15:44('\n\nsummary: Fold 5/5      Epoch 6/10      loss=40.4580      val_loss=51.5925      time=80.30s\n',)
2019-04-21 14:15:44('Epoch 7/10; lr = [0.00025]',)
2019-04-21 14:16:02('->loss:', 37.38796179741621)
2019-04-21 14:16:20('->loss:', 37.302747048437595)
2019-04-21 14:16:39('->loss:', 37.43797416985035)
2019-04-21 14:16:57('Cross-validation',)
2019-04-21 14:17:04('\n\nsummary: Fold 5/5      Epoch 7/10      loss=37.4289      val_loss=52.9346      time=80.14s\n',)
2019-04-21 14:17:04('Epoch 8/10; lr = [0.00025]',)
2019-04-21 14:17:22('->loss:', 35.293124755844474)
2019-04-21 14:17:40('->loss:', 36.021516632288694)
2019-04-21 14:17:59('->loss:', 36.15653695166111)
2019-04-21 14:18:16('Cross-validation',)
2019-04-21 14:18:24('\n\nsummary: Fold 5/5      Epoch 8/10      loss=36.0207      val_loss=54.3373      time=79.90s\n',)
2019-04-21 14:18:24('Epoch 9/10; lr = [0.00025]',)
2019-04-21 14:18:42('->loss:', 34.460467394441366)
2019-04-21 14:19:00('->loss:', 34.5307798050344)
2019-04-21 14:19:18('->loss:', 34.758404690772295)
2019-04-21 14:19:36('Cross-validation',)
2019-04-21 14:19:44('\n\nsummary: Fold 5/5      Epoch 9/10      loss=34.8285      val_loss=55.4123      time=80.06s\n',)
2019-04-21 14:19:44('Epoch 10/10; lr = [0.000125]',)
2019-04-21 14:20:02('->loss:', 32.573027186095715)
2019-04-21 14:20:20('->loss:', 32.56215853616595)
2019-04-21 14:20:39('->loss:', 32.99426921829581)
2019-04-21 14:20:57('Cross-validation',)
2019-04-21 14:21:04('\n\nsummary: Fold 5/5      Epoch 10/10      loss=32.8208      val_loss=57.7792      time=80.67s\n',)
2019-04-21 14:21:04('Fold 5 done; test on test data',)
2019-04-21 14:21:14('Training done',)
2019-04-21 14:21:14('Finding threshold',)
2019-04-21 14:21:36({'threshold': 0.31818181818181834, 'f1': 0.6690223792697292},)
2019-04-21 14:21:36('Generating submission.csv',)
