2019-04-23 11:25:38 No seeding
2019-04-23 11:25:38 Read csvs...
2019-04-23 11:25:41 Clean DataFrames...
2019-04-23 11:26:44 Tokenize...
2019-04-23 11:27:15 Pad...
2019-04-23 11:27:59 Embedding matrices
2019-04-23 11:30:59 ->loaded glove
2019-04-23 11:33:19 ->loaded paragram
2019-04-23 11:33:20 
Starting train loop

2019-04-23 11:33:28 Fold 1; num_batches = 4082
2019-04-23 11:33:28 Epoch 1/8; lr = [0.001]
2019-04-23 11:33:37 ->loss: | 37.16254399344325
2019-04-23 11:33:45 ->loss: | 29.993528973311186
2019-04-23 11:33:54 ->loss: | 28.76356037147343
2019-04-23 11:34:02 ->loss: | 28.41452877037227
2019-04-23 11:34:11 ->loss: | 28.033216236159205
2019-04-23 11:34:19 ->loss: | 27.341842284426093
2019-04-23 11:34:27 ->loss: | 27.39527363702655
2019-04-23 11:34:35 Cross-validation
2019-04-23 11:34:42 

summary: Fold 1/5 	 Epoch 1/8 	 loss=29.2372 	 val_loss=26.2792 	 time=74.28s

2019-04-23 11:34:42 Epoch 2/8; lr = [0.001]
2019-04-23 11:34:50 ->loss: | 25.61113340780139
2019-04-23 11:34:59 ->loss: | 25.641254499554634
2019-04-23 11:35:07 ->loss: | 25.628539538010955
2019-04-23 11:35:15 ->loss: | 25.418155116960406
2019-04-23 11:35:24 ->loss: | 25.23722699843347
2019-04-23 11:35:32 ->loss: | 25.32554415240884
2019-04-23 11:35:40 ->loss: | 25.861259926110506
2019-04-23 11:35:49 Cross-validation
2019-04-23 11:35:56 

summary: Fold 1/5 	 Epoch 2/8 	 loss=25.4566 	 val_loss=25.3500 	 time=73.89s

2019-04-23 11:35:56 Epoch 3/8; lr = [0.001]
2019-04-23 11:36:04 ->loss: | 23.603522876277566
2019-04-23 11:36:12 ->loss: | 24.0419387165457
2019-04-23 11:36:21 ->loss: | 24.344219379127026
2019-04-23 11:36:29 ->loss: | 23.872899428009987
2019-04-23 11:36:38 ->loss: | 23.908749788999557
2019-04-23 11:36:46 ->loss: | 24.139008171856403
2019-04-23 11:36:54 ->loss: | 23.804363885894418
2019-04-23 11:37:02 Cross-validation
2019-04-23 11:37:09 

summary: Fold 1/5 	 Epoch 3/8 	 loss=23.9525 	 val_loss=25.0665 	 time=73.06s

2019-04-23 11:37:09 Epoch 4/8; lr = [0.0008]
2019-04-23 11:37:17 ->loss: | 21.953818909823895
2019-04-23 11:37:25 ->loss: | 22.142481895163655
2019-04-23 11:37:33 ->loss: | 22.28635762631893
2019-04-23 11:37:41 ->loss: | 22.558559857308865
2019-04-23 11:37:49 ->loss: | 22.44955027848482
2019-04-23 11:37:58 ->loss: | 22.169099912047386
2019-04-23 11:38:06 ->loss: | 22.512537945061922
2019-04-23 11:38:14 Cross-validation
2019-04-23 11:38:22 

summary: Fold 1/5 	 Epoch 4/8 	 loss=22.2869 	 val_loss=25.2005 	 time=72.72s

2019-04-23 11:38:22 Epoch 5/8; lr = [0.0008]
2019-04-23 11:38:30 ->loss: | 20.7841735528782
2019-04-23 11:38:38 ->loss: | 20.765786876901984
2019-04-23 11:38:47 ->loss: | 20.99741173349321
2019-04-23 11:38:55 ->loss: | 21.22418679110706
2019-04-23 11:39:03 ->loss: | 20.933102322742343
2019-04-23 11:39:12 ->loss: | 21.086394641548395
2019-04-23 11:39:20 ->loss: | 21.45617742277682
2019-04-23 11:39:28 Cross-validation
2019-04-23 11:39:36 

summary: Fold 1/5 	 Epoch 5/8 	 loss=21.0870 	 val_loss=25.1841 	 time=73.95s

2019-04-23 11:39:36 Epoch 6/8; lr = [0.0008]
2019-04-23 11:39:44 ->loss: | 19.24168758559972
2019-04-23 11:39:52 ->loss: | 19.77503091096878
2019-04-23 11:40:00 ->loss: | 19.64463684335351
2019-04-23 11:40:08 ->loss: | 19.939926590770483
2019-04-23 11:40:17 ->loss: | 19.96587237715721
2019-04-23 11:40:26 ->loss: | 20.176564833149314
2019-04-23 11:40:35 ->loss: | 20.029960671439767
2019-04-23 11:40:44 Cross-validation
2019-04-23 11:40:52 

summary: Fold 1/5 	 Epoch 6/8 	 loss=19.9069 	 val_loss=26.1261 	 time=76.75s

2019-04-23 11:40:52 Epoch 7/8; lr = [0.0006400000000000002]
2019-04-23 11:41:02 ->loss: | 17.618503344245255
2019-04-23 11:41:11 ->loss: | 17.95174722932279
2019-04-23 11:41:20 ->loss: | 18.097353911958635
2019-04-23 11:41:30 ->loss: | 18.457965586334467
2019-04-23 11:41:39 ->loss: | 18.685058906674385
2019-04-23 11:41:49 ->loss: | 18.618159191682935
2019-04-23 11:41:58 ->loss: | 18.830805228091776
2019-04-23 11:42:07 Cross-validation
2019-04-23 11:42:14 

summary: Fold 1/5 	 Epoch 7/8 	 loss=18.3831 	 val_loss=26.6682 	 time=82.04s

2019-04-23 11:42:14 Epoch 8/8; lr = [0.0006400000000000002]
2019-04-23 11:42:24 ->loss: | 16.61985602788627
2019-04-23 11:42:33 ->loss: | 16.79841417260468
2019-04-23 11:42:43 ->loss: | 17.054708763957024
2019-04-23 11:42:52 ->loss: | 17.448590651154518
2019-04-23 11:43:02 ->loss: | 17.453819557093084
2019-04-23 11:43:11 ->loss: | 17.37430511880666
2019-04-23 11:43:20 ->loss: | 17.39465462975204
2019-04-23 11:43:29 Cross-validation
2019-04-23 11:43:37 

summary: Fold 1/5 	 Epoch 8/8 	 loss=17.2159 	 val_loss=27.8774 	 time=82.22s

2019-04-23 11:43:37 Fold 1 done; test on test data
2019-04-23 11:43:48 Fold 2; num_batches = 4082
2019-04-23 11:43:48 Epoch 1/8; lr = [0.001]
2019-04-23 11:43:58 ->loss: | 37.138723101466894
2019-04-23 11:44:07 ->loss: | 30.258513836190104
2019-04-23 11:44:16 ->loss: | 28.894546296447515
2019-04-23 11:44:26 ->loss: | 28.480133306235075
2019-04-23 11:44:35 ->loss: | 27.84227504208684
2019-04-23 11:44:44 ->loss: | 27.258389182388783
2019-04-23 11:44:53 ->loss: | 27.024587327614427
2019-04-23 11:45:02 Cross-validation
2019-04-23 11:45:10 

summary: Fold 2/5 	 Epoch 1/8 	 loss=29.2235 	 val_loss=27.6849 	 time=81.57s

2019-04-23 11:45:10 Epoch 2/8; lr = [0.001]
2019-04-23 11:45:19 ->loss: | 25.596508050337434
2019-04-23 11:45:29 ->loss: | 25.939176993444562
2019-04-23 11:45:38 ->loss: | 25.366645615547895
2019-04-23 11:45:47 ->loss: | 25.354916840791702
2019-04-23 11:45:56 ->loss: | 25.87785113416612
2019-04-23 11:46:06 ->loss: | 25.53911722265184
2019-04-23 11:46:15 ->loss: | 25.564304519444704
2019-04-23 11:46:24 Cross-validation
2019-04-23 11:46:32 

summary: Fold 2/5 	 Epoch 2/8 	 loss=25.5645 	 val_loss=26.7994 	 time=81.63s

2019-04-23 11:46:32 Epoch 3/8; lr = [0.001]
2019-04-23 11:46:41 ->loss: | 24.02324502542615
2019-04-23 11:46:50 ->loss: | 24.089954625815153
2019-04-23 11:47:00 ->loss: | 24.63330366462469
2019-04-23 11:47:09 ->loss: | 23.87422110326588
2019-04-23 11:47:18 ->loss: | 23.688559964299202
2019-04-23 11:47:27 ->loss: | 24.08100694976747
2019-04-23 11:47:37 ->loss: | 23.97721803188324
2019-04-23 11:47:46 Cross-validation
2019-04-23 11:47:54 

summary: Fold 2/5 	 Epoch 3/8 	 loss=23.9910 	 val_loss=25.1201 	 time=82.15s

2019-04-23 11:47:54 Epoch 4/8; lr = [0.0008]
2019-04-23 11:48:03 ->loss: | 22.619080405682325
2019-04-23 11:48:13 ->loss: | 21.713007104583085
2019-04-23 11:48:22 ->loss: | 22.060614405199885
2019-04-23 11:48:31 ->loss: | 22.153134021908045
2019-04-23 11:48:40 ->loss: | 22.553653800860047
2019-04-23 11:48:50 ->loss: | 22.59533159993589
2019-04-23 11:48:59 ->loss: | 22.834641832858324
2019-04-23 11:49:08 Cross-validation
2019-04-23 11:49:16 

summary: Fold 2/5 	 Epoch 4/8 	 loss=22.3851 	 val_loss=24.9885 	 time=82.52s

2019-04-23 11:49:16 Epoch 5/8; lr = [0.0008]
2019-04-23 11:49:26 ->loss: | 20.63893592171371
2019-04-23 11:49:35 ->loss: | 20.9463477935642
2019-04-23 11:49:44 ->loss: | 21.021990260109305
2019-04-23 11:49:54 ->loss: | 20.980418736115098
2019-04-23 11:50:03 ->loss: | 21.404513521119952
2019-04-23 11:50:12 ->loss: | 21.146339777857065
2019-04-23 11:50:21 ->loss: | 21.434239599853754
2019-04-23 11:50:31 Cross-validation
2019-04-23 11:50:38 

summary: Fold 2/5 	 Epoch 5/8 	 loss=21.1279 	 val_loss=25.6451 	 time=82.05s

2019-04-23 11:50:38 Epoch 6/8; lr = [0.0008]
2019-04-23 11:50:48 ->loss: | 19.520475353114307
2019-04-23 11:50:57 ->loss: | 19.381376861594617
2019-04-23 11:51:07 ->loss: | 19.91597526613623
2019-04-23 11:51:16 ->loss: | 19.600558234378695
2019-04-23 11:51:25 ->loss: | 19.718088230118155
2019-04-23 11:51:34 ->loss: | 20.24388293735683
2019-04-23 11:51:44 ->loss: | 20.170710388571024
2019-04-23 11:51:53 Cross-validation
2019-04-23 11:52:01 

summary: Fold 2/5 	 Epoch 6/8 	 loss=19.8676 	 val_loss=25.6365 	 time=82.20s

2019-04-23 11:52:01 Epoch 7/8; lr = [0.0006400000000000002]
2019-04-23 11:52:10 ->loss: | 17.180875619873405
2019-04-23 11:52:19 ->loss: | 18.43336263485253
2019-04-23 11:52:29 ->loss: | 18.05182784423232
2019-04-23 11:52:38 ->loss: | 18.372100272215903
2019-04-23 11:52:47 ->loss: | 17.97849616780877
2019-04-23 11:52:56 ->loss: | 18.72012131102383
2019-04-23 11:53:06 ->loss: | 18.702037633396685
2019-04-23 11:53:15 Cross-validation
2019-04-23 11:53:23 

summary: Fold 2/5 	 Epoch 7/8 	 loss=18.2954 	 val_loss=26.7054 	 time=82.01s

2019-04-23 11:53:23 Epoch 8/8; lr = [0.0006400000000000002]
2019-04-23 11:53:32 ->loss: | 16.185030500404537
2019-04-23 11:53:41 ->loss: | 16.566682626493275
2019-04-23 11:53:51 ->loss: | 16.912828976288438
2019-04-23 11:54:00 ->loss: | 16.984192547388375
2019-04-23 11:54:09 ->loss: | 17.437798460014164
2019-04-23 11:54:18 ->loss: | 17.449938078410923
2019-04-23 11:54:28 ->loss: | 17.678212496452034
2019-04-23 11:54:37 Cross-validation
2019-04-23 11:54:45 

summary: Fold 2/5 	 Epoch 8/8 	 loss=17.0964 	 val_loss=27.5075 	 time=81.96s

2019-04-23 11:54:45 Fold 2 done; test on test data
2019-04-23 11:54:56 Fold 3; num_batches = 4082
2019-04-23 11:54:56 Epoch 1/8; lr = [0.001]
2019-04-23 11:55:06 ->loss: | 37.126093201339245
2019-04-23 11:55:15 ->loss: | 29.546534601598978
2019-04-23 11:55:24 ->loss: | 28.937546033412218
2019-04-23 11:55:33 ->loss: | 28.241656713187695
2019-04-23 11:55:43 ->loss: | 27.51891714334488
2019-04-23 11:55:52 ->loss: | 27.40312090329826
2019-04-23 11:56:01 ->loss: | 27.176899768412113
2019-04-23 11:56:11 Cross-validation
2019-04-23 11:56:18 

summary: Fold 3/5 	 Epoch 1/8 	 loss=29.0967 	 val_loss=26.7494 	 time=82.31s

2019-04-23 11:56:18 Epoch 2/8; lr = [0.001]
2019-04-23 11:56:28 ->loss: | 25.96236490085721
2019-04-23 11:56:37 ->loss: | 25.91971980035305
2019-04-23 11:56:47 ->loss: | 25.28019523061812
2019-04-23 11:56:55 ->loss: | 25.36455526202917
2019-04-23 11:57:05 ->loss: | 25.141951601952314
2019-04-23 11:57:14 ->loss: | 25.750108931213617
2019-04-23 11:57:23 ->loss: | 25.187519695609808
2019-04-23 11:57:32 Cross-validation
2019-04-23 11:57:40 

summary: Fold 3/5 	 Epoch 2/8 	 loss=25.4490 	 val_loss=25.6332 	 time=81.85s

2019-04-23 11:57:40 Epoch 3/8; lr = [0.001]
2019-04-23 11:57:50 ->loss: | 23.281239407137036
2019-04-23 11:57:59 ->loss: | 23.88430694490671
2019-04-23 11:58:08 ->loss: | 24.134828232228756
2019-04-23 11:58:17 ->loss: | 23.518499003723264
2019-04-23 11:58:27 ->loss: | 23.987013436853886
2019-04-23 11:58:36 ->loss: | 24.07359259389341
2019-04-23 11:58:46 ->loss: | 23.963723567314446
2019-04-23 11:58:55 Cross-validation
2019-04-23 11:59:03 

summary: Fold 3/5 	 Epoch 3/8 	 loss=23.8435 	 val_loss=25.3718 	 time=82.44s

2019-04-23 11:59:03 Epoch 4/8; lr = [0.0008]
2019-04-23 11:59:12 ->loss: | 21.98189109750092
2019-04-23 11:59:21 ->loss: | 22.049791438505054
2019-04-23 11:59:30 ->loss: | 22.416983652859926
2019-04-23 11:59:40 ->loss: | 22.328022565692663
2019-04-23 11:59:49 ->loss: | 22.1364957857877
2019-04-23 11:59:59 ->loss: | 22.43176923878491
2019-04-23 12:00:08 ->loss: | 22.35188292618841
2019-04-23 12:00:17 Cross-validation
2019-04-23 12:00:25 

summary: Fold 3/5 	 Epoch 4/8 	 loss=22.2356 	 val_loss=25.3633 	 time=82.26s

2019-04-23 12:00:25 Epoch 5/8; lr = [0.0008]
2019-04-23 12:00:34 ->loss: | 21.039429675787687
2019-04-23 12:00:43 ->loss: | 20.65738483518362
2019-04-23 12:00:53 ->loss: | 21.006617728620768
2019-04-23 12:01:02 ->loss: | 20.75311746634543
2019-04-23 12:01:11 ->loss: | 21.076130844652653
2019-04-23 12:01:21 ->loss: | 21.30307176709175
2019-04-23 12:01:30 ->loss: | 21.183833867311478
2019-04-23 12:01:39 Cross-validation
2019-04-23 12:01:47 

summary: Fold 3/5 	 Epoch 5/8 	 loss=21.0156 	 val_loss=25.4701 	 time=82.30s

2019-04-23 12:01:47 Epoch 6/8; lr = [0.0008]
2019-04-23 12:01:57 ->loss: | 19.138619877398014
2019-04-23 12:02:06 ->loss: | 19.46176228672266
2019-04-23 12:02:15 ->loss: | 19.621877254918218
2019-04-23 12:02:25 ->loss: | 20.010779794305563
2019-04-23 12:02:34 ->loss: | 19.425763733685017
2019-04-23 12:02:44 ->loss: | 20.702993465587497
2019-04-23 12:02:54 ->loss: | 19.692419498227537
2019-04-23 12:03:03 Cross-validation
2019-04-23 12:03:11 

summary: Fold 3/5 	 Epoch 6/8 	 loss=19.7829 	 val_loss=26.2667 	 time=83.49s

2019-04-23 12:03:11 Epoch 7/8; lr = [0.0006400000000000002]
2019-04-23 12:03:20 ->loss: | 17.33352322783321
2019-04-23 12:03:29 ->loss: | 17.938638852909207
2019-04-23 12:03:38 ->loss: | 17.884703740477562
2019-04-23 12:03:48 ->loss: | 18.399917848408222
2019-04-23 12:03:58 ->loss: | 17.803869270719588
2019-04-23 12:04:07 ->loss: | 18.761441787704825
2019-04-23 12:04:17 ->loss: | 18.728835379704833
2019-04-23 12:04:26 Cross-validation
2019-04-23 12:04:34 

summary: Fold 3/5 	 Epoch 7/8 	 loss=18.1915 	 val_loss=26.9858 	 time=83.39s

2019-04-23 12:04:34 Epoch 8/8; lr = [0.0006400000000000002]
2019-04-23 12:04:43 ->loss: | 16.12900244165212
2019-04-23 12:04:52 ->loss: | 16.825713782571256
2019-04-23 12:05:02 ->loss: | 17.02992325089872
2019-04-23 12:05:11 ->loss: | 16.718720174394548
2019-04-23 12:05:20 ->loss: | 17.151797176338732
2019-04-23 12:05:30 ->loss: | 17.02362090535462
2019-04-23 12:05:39 ->loss: | 17.45720780082047
2019-04-23 12:05:49 Cross-validation
2019-04-23 12:05:56 

summary: Fold 3/5 	 Epoch 8/8 	 loss=17.0047 	 val_loss=28.6696 	 time=82.28s

2019-04-23 12:05:56 Fold 3 done; test on test data
2019-04-23 12:06:08 Fold 4; num_batches = 4082
2019-04-23 12:06:08 Epoch 1/8; lr = [0.001]
2019-04-23 12:06:17 ->loss: | 36.763466104865074
2019-04-23 12:06:26 ->loss: | 30.053792728111148
2019-04-23 12:06:36 ->loss: | 29.40169159322977
2019-04-23 12:06:45 ->loss: | 28.424832114949822
2019-04-23 12:06:55 ->loss: | 27.472220584750175
2019-04-23 12:07:04 ->loss: | 27.46564986743033
2019-04-23 12:07:14 ->loss: | 26.983039857819676
2019-04-23 12:07:23 Cross-validation
2019-04-23 12:07:30 

summary: Fold 4/5 	 Epoch 1/8 	 loss=29.1347 	 val_loss=26.3774 	 time=82.57s

2019-04-23 12:07:30 Epoch 2/8; lr = [0.001]
2019-04-23 12:07:40 ->loss: | 26.260073769837618
2019-04-23 12:07:50 ->loss: | 25.415684139356017
2019-04-23 12:07:59 ->loss: | 25.936896225437522
2019-04-23 12:08:09 ->loss: | 25.801880560815334
2019-04-23 12:08:18 ->loss: | 25.502774357795715
2019-04-23 12:08:28 ->loss: | 24.862794522196054
2019-04-23 12:08:37 ->loss: | 25.74803148023784
2019-04-23 12:08:46 Cross-validation
2019-04-23 12:08:54 

summary: Fold 4/5 	 Epoch 2/8 	 loss=25.5870 	 val_loss=25.3339 	 time=83.21s

2019-04-23 12:08:54 Epoch 3/8; lr = [0.001]
2019-04-23 12:09:03 ->loss: | 23.8762302454561
2019-04-23 12:09:13 ->loss: | 23.9503131872043
2019-04-23 12:09:22 ->loss: | 23.883590111508965
2019-04-23 12:09:32 ->loss: | 24.81213853135705
2019-04-23 12:09:41 ->loss: | 23.624358670786023
2019-04-23 12:09:50 ->loss: | 23.92352029774338
2019-04-23 12:09:59 ->loss: | 24.26143380627036
2019-04-23 12:10:08 Cross-validation
2019-04-23 12:10:15 

summary: Fold 4/5 	 Epoch 3/8 	 loss=24.0489 	 val_loss=24.8522 	 time=81.68s

2019-04-23 12:10:15 Epoch 4/8; lr = [0.0008]
2019-04-23 12:10:25 ->loss: | 22.15934052504599
2019-04-23 12:10:35 ->loss: | 22.6316210180521
2019-04-23 12:10:44 ->loss: | 22.314178319647908
2019-04-23 12:10:54 ->loss: | 22.697364704683423
2019-04-23 12:11:03 ->loss: | 22.282165952026844
2019-04-23 12:11:13 ->loss: | 22.313265021890402
2019-04-23 12:11:22 ->loss: | 22.7129210755229
2019-04-23 12:11:30 Cross-validation
2019-04-23 12:11:38 

summary: Fold 4/5 	 Epoch 4/8 	 loss=22.4316 	 val_loss=25.0211 	 time=82.54s

2019-04-23 12:11:38 Epoch 5/8; lr = [0.0008]
2019-04-23 12:11:48 ->loss: | 20.41193398833275
2019-04-23 12:11:57 ->loss: | 20.693337481468916
2019-04-23 12:12:07 ->loss: | 20.847298240289092
2019-04-23 12:12:16 ->loss: | 21.19341319054365
2019-04-23 12:12:26 ->loss: | 21.411842732690275
2019-04-23 12:12:35 ->loss: | 21.652746110223234
2019-04-23 12:12:44 ->loss: | 21.805339068174362
2019-04-23 12:12:53 Cross-validation
2019-04-23 12:13:01 

summary: Fold 4/5 	 Epoch 5/8 	 loss=21.1921 	 val_loss=25.0800 	 time=82.93s

2019-04-23 12:13:01 Epoch 6/8; lr = [0.0008]
2019-04-23 12:13:11 ->loss: | 19.54139563906938
2019-04-23 12:13:21 ->loss: | 19.495552477426827
2019-04-23 12:13:30 ->loss: | 19.99372157640755
2019-04-23 12:13:39 ->loss: | 19.5178187424317
2019-04-23 12:13:49 ->loss: | 20.811201345175505
2019-04-23 12:13:58 ->loss: | 20.02730182930827
2019-04-23 12:14:07 ->loss: | 20.310041815042496
2019-04-23 12:14:16 Cross-validation
2019-04-23 12:14:24 

summary: Fold 4/5 	 Epoch 6/8 	 loss=20.0046 	 val_loss=25.3822 	 time=83.10s

2019-04-23 12:14:24 Epoch 7/8; lr = [0.0006400000000000002]
2019-04-23 12:14:34 ->loss: | 17.75971093494445
2019-04-23 12:14:43 ->loss: | 17.719677380286157
2019-04-23 12:14:53 ->loss: | 18.211657813750207
2019-04-23 12:15:02 ->loss: | 18.521521236747503
2019-04-23 12:15:11 ->loss: | 18.936914905905724
2019-04-23 12:15:20 ->loss: | 18.619277914054692
2019-04-23 12:15:29 ->loss: | 18.725013870745897
2019-04-23 12:15:38 Cross-validation
2019-04-23 12:15:46 

summary: Fold 4/5 	 Epoch 7/8 	 loss=18.3906 	 val_loss=26.5674 	 time=81.70s

2019-04-23 12:15:46 Epoch 8/8; lr = [0.0006400000000000002]
2019-04-23 12:15:55 ->loss: | 16.610722307115793
2019-04-23 12:16:05 ->loss: | 16.94732578843832
2019-04-23 12:16:15 ->loss: | 16.588744514621794
2019-04-23 12:16:24 ->loss: | 17.285455772653222
2019-04-23 12:16:33 ->loss: | 17.487007315270603
2019-04-23 12:16:42 ->loss: | 17.67383640818298
2019-04-23 12:16:51 ->loss: | 17.742075095884502
2019-04-23 12:17:00 Cross-validation
2019-04-23 12:17:08 

summary: Fold 4/5 	 Epoch 8/8 	 loss=17.2488 	 val_loss=27.4218 	 time=82.30s

2019-04-23 12:17:08 Fold 4 done; test on test data
2019-04-23 12:17:19 Fold 5; num_batches = 4082
2019-04-23 12:17:19 Epoch 1/8; lr = [0.001]
2019-04-23 12:17:29 ->loss: | 36.42120413482189
2019-04-23 12:17:38 ->loss: | 30.255483021959662
2019-04-23 12:17:48 ->loss: | 28.87014445476234
2019-04-23 12:17:58 ->loss: | 28.203640028834343
2019-04-23 12:18:07 ->loss: | 27.60257973894477
2019-04-23 12:18:15 ->loss: | 27.1290480569005
2019-04-23 12:18:25 ->loss: | 27.16509665735066
2019-04-23 12:18:34 Cross-validation
2019-04-23 12:18:42 

summary: Fold 5/5 	 Epoch 1/8 	 loss=29.0878 	 val_loss=26.4228 	 time=82.63s

2019-04-23 12:18:42 Epoch 2/8; lr = [0.001]
2019-04-23 12:18:52 ->loss: | 25.581732876598835
2019-04-23 12:19:01 ->loss: | 25.816832836717367
2019-04-23 12:19:11 ->loss: | 24.97077399864793
2019-04-23 12:19:20 ->loss: | 25.558059444651008
2019-04-23 12:19:29 ->loss: | 25.616888377815485
2019-04-23 12:19:38 ->loss: | 25.869026962667704
2019-04-23 12:19:48 ->loss: | 25.226884923875332
2019-04-23 12:19:57 Cross-validation
2019-04-23 12:20:05 

summary: Fold 5/5 	 Epoch 2/8 	 loss=25.4945 	 val_loss=25.9876 	 time=83.00s

2019-04-23 12:20:05 Epoch 3/8; lr = [0.001]
2019-04-23 12:20:14 ->loss: | 23.82706382498145
2019-04-23 12:20:23 ->loss: | 23.845650918781757
2019-04-23 12:20:32 ->loss: | 23.502584418281913
2019-04-23 12:20:42 ->loss: | 23.955798095092177
2019-04-23 12:20:51 ->loss: | 24.216811127960682
2019-04-23 12:21:00 ->loss: | 24.122126545757055
2019-04-23 12:21:10 ->loss: | 24.27349988743663
2019-04-23 12:21:19 Cross-validation
2019-04-23 12:21:27 

summary: Fold 5/5 	 Epoch 3/8 	 loss=23.9856 	 val_loss=25.5440 	 time=82.25s

2019-04-23 12:21:27 Epoch 4/8; lr = [0.0008]
2019-04-23 12:21:36 ->loss: | 22.075357451103628
2019-04-23 12:21:46 ->loss: | 22.464472530409694
2019-04-23 12:21:55 ->loss: | 22.055916534736753
2019-04-23 12:22:04 ->loss: | 22.60874235071242
2019-04-23 12:22:13 ->loss: | 22.53210281766951
2019-04-23 12:22:22 ->loss: | 22.616500817239285
2019-04-23 12:22:32 ->loss: | 22.08374876715243
2019-04-23 12:22:41 Cross-validation
2019-04-23 12:22:49 

summary: Fold 5/5 	 Epoch 4/8 	 loss=22.3531 	 val_loss=25.4655 	 time=81.67s

2019-04-23 12:22:49 Epoch 5/8; lr = [0.0008]
2019-04-23 12:22:59 ->loss: | 20.219121335074306
2019-04-23 12:23:08 ->loss: | 21.310621744953096
2019-04-23 12:23:18 ->loss: | 20.991557873785496
2019-04-23 12:23:27 ->loss: | 21.553910506889224
2019-04-23 12:23:36 ->loss: | 21.237888496369123
2019-04-23 12:23:45 ->loss: | 20.95732305943966
2019-04-23 12:23:55 ->loss: | 21.46348263695836
2019-04-23 12:24:04 Cross-validation
2019-04-23 12:24:12 

summary: Fold 5/5 	 Epoch 5/8 	 loss=21.1055 	 val_loss=25.7493 	 time=82.84s

2019-04-23 12:24:12 Epoch 6/8; lr = [0.0008]
2019-04-23 12:24:21 ->loss: | 19.437652157619596
2019-04-23 12:24:31 ->loss: | 19.354935402981937
2019-04-23 12:24:40 ->loss: | 19.945946627296507
2019-04-23 12:24:49 ->loss: | 20.11379543878138
2019-04-23 12:24:58 ->loss: | 20.154771516099572
2019-04-23 12:25:08 ->loss: | 20.225928178057075
2019-04-23 12:25:17 ->loss: | 19.972656408324838
2019-04-23 12:25:26 Cross-validation
2019-04-23 12:25:33 

summary: Fold 5/5 	 Epoch 6/8 	 loss=19.9104 	 val_loss=26.3615 	 time=81.59s

2019-04-23 12:25:33 Epoch 7/8; lr = [0.0006400000000000002]
2019-04-23 12:25:43 ->loss: | 17.94519064296037
2019-04-23 12:25:53 ->loss: | 17.85158471390605
2019-04-23 12:26:02 ->loss: | 18.485125328414142
2019-04-23 12:26:11 ->loss: | 18.030663762241602
2019-04-23 12:26:20 ->loss: | 18.56581950560212
2019-04-23 12:26:29 ->loss: | 18.261026131920516
2019-04-23 12:26:39 ->loss: | 18.534153945744038
2019-04-23 12:26:48 Cross-validation
2019-04-23 12:26:55 

summary: Fold 5/5 	 Epoch 7/8 	 loss=18.3059 	 val_loss=26.5765 	 time=81.97s

2019-04-23 12:26:55 Epoch 8/8; lr = [0.0006400000000000002]
2019-04-23 12:27:05 ->loss: | 16.456618211232126
2019-04-23 12:27:15 ->loss: | 16.960610452108085
2019-04-23 12:27:24 ->loss: | 16.995688039809465
2019-04-23 12:27:33 ->loss: | 16.797179243527353
2019-04-23 12:27:42 ->loss: | 17.23924285825342
2019-04-23 12:27:52 ->loss: | 17.512686209753156
2019-04-23 12:28:01 ->loss: | 17.65301879681647
2019-04-23 12:28:10 Cross-validation
2019-04-23 12:28:18 

summary: Fold 5/5 	 Epoch 8/8 	 loss=17.1199 	 val_loss=28.5355 	 time=82.82s

2019-04-23 12:28:18 Fold 5 done; test on test data
2019-04-23 12:28:28 Training done
2019-04-23 12:28:28 Finding threshold
2019-04-23 12:28:49 {'threshold': 0.3484848484848486, 'f1': 0.669009925401804}
2019-04-23 12:28:49 Generating submission.csv
