2019-04-22 21:55:20 Seeding random, np, torch with seed = 1337
2019-04-22 21:55:20 Read csvs...
2019-04-22 21:55:24 Clean DataFrames...
2019-04-22 21:56:39 Tokenize...
2019-04-22 21:57:12 Pad...
2019-04-22 21:58:03 Embedding matrices
2019-04-22 22:01:43 ->loaded glove
2019-04-22 22:04:36 ->loaded paragram
2019-04-22 22:04:37 
Starting train loop

2019-04-22 22:04:44 Fold 1; num_batches = 2041
2019-04-22 22:04:44 Epoch 1/8; lr = [0.001]
2019-04-22 22:04:58 ->loss: | 76.61901485919952
2019-04-22 22:05:11 ->loss: | 62.1006511002779
2019-04-22 22:05:24 ->loss: | 61.863926857709885
2019-04-22 22:05:37 Cross-validation
2019-04-22 22:05:44 

summary: Fold 1/5 	 Epoch 1/8 	 loss=64.9968 	 val_loss=54.5294 	 time=59.15s

2019-04-22 22:05:44 Epoch 2/8; lr = [0.001]
2019-04-22 22:05:57 ->loss: | 57.68014661222696
2019-04-22 22:06:10 ->loss: | 57.26288503408432
2019-04-22 22:06:23 ->loss: | 56.88793903589249
2019-04-22 22:06:36 Cross-validation
2019-04-22 22:06:43 

summary: Fold 1/5 	 Epoch 2/8 	 loss=56.9829 	 val_loss=51.8009 	 time=59.13s

2019-04-22 22:06:43 Epoch 3/8; lr = [0.001]
2019-04-22 22:06:56 ->loss: | 54.506782203912735
2019-04-22 22:07:10 ->loss: | 54.20123562589288
2019-04-22 22:07:23 ->loss: | 54.771061949431896
2019-04-22 22:07:36 Cross-validation
2019-04-22 22:07:42 

summary: Fold 1/5 	 Epoch 3/8 	 loss=54.3712 	 val_loss=50.9375 	 time=59.53s

2019-04-22 22:07:42 Epoch 4/8; lr = [0.0005]
2019-04-22 22:07:56 ->loss: | 52.424404084682465
2019-04-22 22:08:09 ->loss: | 52.16467571258545
2019-04-22 22:08:23 ->loss: | 52.01962709054351
2019-04-22 22:08:36 Cross-validation
2019-04-22 22:08:42 

summary: Fold 1/5 	 Epoch 4/8 	 loss=52.0832 	 val_loss=49.8987 	 time=59.72s

2019-04-22 22:08:42 Epoch 5/8; lr = [0.0005]
2019-04-22 22:08:55 ->loss: | 50.67285310104489
2019-04-22 22:09:09 ->loss: | 51.66489516571164
2019-04-22 22:09:22 ->loss: | 51.17494864016771
2019-04-22 22:09:35 Cross-validation
2019-04-22 22:09:42 

summary: Fold 1/5 	 Epoch 5/8 	 loss=51.0880 	 val_loss=49.5691 	 time=59.72s

2019-04-22 22:09:42 Epoch 6/8; lr = [0.0005]
2019-04-22 22:09:55 ->loss: | 49.83395941928029
2019-04-22 22:10:08 ->loss: | 49.945077419281006
2019-04-22 22:10:22 ->loss: | 50.2155838906765
2019-04-22 22:10:35 Cross-validation
2019-04-22 22:10:41 

summary: Fold 1/5 	 Epoch 6/8 	 loss=50.2133 	 val_loss=49.7128 	 time=59.52s

2019-04-22 22:10:41 Epoch 7/8; lr = [0.00025]
2019-04-22 22:10:55 ->loss: | 48.559000082314014
2019-04-22 22:11:08 ->loss: | 48.43383568152785
2019-04-22 22:11:21 ->loss: | 48.92845655232668
2019-04-22 22:11:34 Cross-validation
2019-04-22 22:11:40 

summary: Fold 1/5 	 Epoch 7/8 	 loss=48.6154 	 val_loss=49.6910 	 time=59.26s

2019-04-22 22:11:40 Epoch 8/8; lr = [0.00025]
2019-04-22 22:11:54 ->loss: | 48.145877961069345
2019-04-22 22:12:07 ->loss: | 47.46418187767267
2019-04-22 22:12:21 ->loss: | 48.13978139683604
2019-04-22 22:12:34 Cross-validation
2019-04-22 22:12:40 

summary: Fold 1/5 	 Epoch 8/8 	 loss=48.1358 	 val_loss=49.3695 	 time=59.60s

2019-04-22 22:12:40 Fold 1 done; test on test data
2019-04-22 22:12:49 Fold 2; num_batches = 2041
2019-04-22 22:12:49 Epoch 1/8; lr = [0.001]
2019-04-22 22:13:03 ->loss: | 75.33953581750393
2019-04-22 22:13:16 ->loss: | 62.77935188263655
2019-04-22 22:13:30 ->loss: | 60.86061567813158
2019-04-22 22:13:43 Cross-validation
2019-04-22 22:13:49 

summary: Fold 2/5 	 Epoch 1/8 	 loss=64.6221 	 val_loss=54.1968 	 time=59.62s

2019-04-22 22:13:49 Epoch 2/8; lr = [0.001]
2019-04-22 22:14:03 ->loss: | 57.67810592055321
2019-04-22 22:14:16 ->loss: | 57.22733923047781
2019-04-22 22:14:29 ->loss: | 56.742021165788174
2019-04-22 22:14:42 Cross-validation
2019-04-22 22:14:49 

summary: Fold 2/5 	 Epoch 2/8 	 loss=57.0218 	 val_loss=51.4550 	 time=59.55s

2019-04-22 22:14:49 Epoch 3/8; lr = [0.001]
2019-04-22 22:15:02 ->loss: | 54.85166263580322
2019-04-22 22:15:15 ->loss: | 54.84133692458272
2019-04-22 22:15:29 ->loss: | 54.754990205168724
2019-04-22 22:15:42 Cross-validation
2019-04-22 22:15:48 

summary: Fold 2/5 	 Epoch 3/8 	 loss=54.6870 	 val_loss=50.7166 	 time=59.51s

2019-04-22 22:15:48 Epoch 4/8; lr = [0.0005]
2019-04-22 22:16:01 ->loss: | 52.2642058506608
2019-04-22 22:16:15 ->loss: | 52.25522053986788
2019-04-22 22:16:28 ->loss: | 52.739321533590555
2019-04-22 22:16:41 Cross-validation
2019-04-22 22:16:47 

summary: Fold 2/5 	 Epoch 4/8 	 loss=52.3578 	 val_loss=49.7113 	 time=59.23s

2019-04-22 22:16:47 Epoch 5/8; lr = [0.0005]
2019-04-22 22:17:01 ->loss: | 50.65498564764857
2019-04-22 22:17:14 ->loss: | 51.948543671518564
2019-04-22 22:17:27 ->loss: | 50.95169845223427
2019-04-22 22:17:41 Cross-validation
2019-04-22 22:17:47 

summary: Fold 2/5 	 Epoch 5/8 	 loss=51.2482 	 val_loss=49.4489 	 time=59.57s

2019-04-22 22:17:47 Epoch 6/8; lr = [0.0005]
2019-04-22 22:18:01 ->loss: | 50.164891727268696
2019-04-22 22:18:14 ->loss: | 50.36541460826993
2019-04-22 22:18:27 ->loss: | 50.65864713490009
2019-04-22 22:18:40 Cross-validation
2019-04-22 22:18:46 

summary: Fold 2/5 	 Epoch 6/8 	 loss=50.3250 	 val_loss=49.3090 	 time=59.52s

2019-04-22 22:18:46 Epoch 7/8; lr = [0.00025]
2019-04-22 22:19:00 ->loss: | 48.51055236533284
2019-04-22 22:19:13 ->loss: | 48.63154863938689
2019-04-22 22:19:27 ->loss: | 48.616092044860125
2019-04-22 22:19:40 Cross-validation
2019-04-22 22:19:46 

summary: Fold 2/5 	 Epoch 7/8 	 loss=48.6134 	 val_loss=49.5473 	 time=59.83s

2019-04-22 22:19:46 Epoch 8/8; lr = [0.00025]
2019-04-22 22:20:00 ->loss: | 48.15544383972883
2019-04-22 22:20:13 ->loss: | 48.02200731635094
2019-04-22 22:20:27 ->loss: | 47.5130764991045
2019-04-22 22:20:40 Cross-validation
2019-04-22 22:20:46 

summary: Fold 2/5 	 Epoch 8/8 	 loss=48.1962 	 val_loss=49.6339 	 time=59.64s

2019-04-22 22:20:46 Fold 2 done; test on test data
2019-04-22 22:20:55 Fold 3; num_batches = 2041
2019-04-22 22:20:55 Epoch 1/8; lr = [0.001]
2019-04-22 22:21:09 ->loss: | 76.41853078454733
2019-04-22 22:21:22 ->loss: | 62.63067239522934
2019-04-22 22:21:35 ->loss: | 60.34133177623153
2019-04-22 22:21:48 Cross-validation
2019-04-22 22:21:54 

summary: Fold 3/5 	 Epoch 1/8 	 loss=64.6812 	 val_loss=54.5558 	 time=59.20s

2019-04-22 22:21:54 Epoch 2/8; lr = [0.001]
2019-04-22 22:22:08 ->loss: | 57.84933849424124
2019-04-22 22:22:21 ->loss: | 56.29196446016431
2019-04-22 22:22:35 ->loss: | 56.90072960406542
2019-04-22 22:22:48 Cross-validation
2019-04-22 22:22:54 

summary: Fold 3/5 	 Epoch 2/8 	 loss=56.8501 	 val_loss=52.3861 	 time=59.51s

2019-04-22 22:22:54 Epoch 3/8; lr = [0.001]
2019-04-22 22:23:08 ->loss: | 54.9846399538219
2019-04-22 22:23:21 ->loss: | 54.30711741000414
2019-04-22 22:23:34 ->loss: | 54.98635345697403
2019-04-22 22:23:47 Cross-validation
2019-04-22 22:23:54 

summary: Fold 3/5 	 Epoch 3/8 	 loss=54.5777 	 val_loss=52.8082 	 time=59.60s

2019-04-22 22:23:54 Epoch 4/8; lr = [0.0005]
2019-04-22 22:24:07 ->loss: | 52.56979312747717
2019-04-22 22:24:20 ->loss: | 52.23392676562071
2019-04-22 22:24:34 ->loss: | 51.56210462376475
2019-04-22 22:24:47 Cross-validation
2019-04-22 22:24:53 

summary: Fold 3/5 	 Epoch 4/8 	 loss=52.1274 	 val_loss=50.9021 	 time=59.66s

2019-04-22 22:24:53 Epoch 5/8; lr = [0.0005]
2019-04-22 22:25:07 ->loss: | 51.21183628588915
2019-04-22 22:25:20 ->loss: | 50.60611245036125
2019-04-22 22:25:33 ->loss: | 51.34799362719059
2019-04-22 22:25:46 Cross-validation
2019-04-22 22:25:53 

summary: Fold 3/5 	 Epoch 5/8 	 loss=51.0966 	 val_loss=50.2027 	 time=59.43s

2019-04-22 22:25:53 Epoch 6/8; lr = [0.0005]
2019-04-22 22:26:06 ->loss: | 50.38651475682855
2019-04-22 22:26:20 ->loss: | 50.44051989167929
2019-04-22 22:26:33 ->loss: | 49.62918658182025
2019-04-22 22:26:46 Cross-validation
2019-04-22 22:26:52 

summary: Fold 3/5 	 Epoch 6/8 	 loss=50.1814 	 val_loss=50.2441 	 time=59.50s

2019-04-22 22:26:52 Epoch 7/8; lr = [0.00025]
2019-04-22 22:27:05 ->loss: | 49.138227209448814
2019-04-22 22:27:19 ->loss: | 47.76960450783372
2019-04-22 22:27:32 ->loss: | 49.62046331912279
2019-04-22 22:27:45 Cross-validation
2019-04-22 22:27:51 

summary: Fold 3/5 	 Epoch 7/8 	 loss=48.7759 	 val_loss=50.0097 	 time=59.19s

2019-04-22 22:27:51 Epoch 8/8; lr = [0.00025]
2019-04-22 22:28:05 ->loss: | 47.73562452942133
2019-04-22 22:28:18 ->loss: | 48.417832650244236
2019-04-22 22:28:31 ->loss: | 47.99540599063039
2019-04-22 22:28:45 Cross-validation
2019-04-22 22:28:51 

summary: Fold 3/5 	 Epoch 8/8 	 loss=48.0997 	 val_loss=50.0514 	 time=59.69s

2019-04-22 22:28:51 Fold 3 done; test on test data
2019-04-22 22:29:00 Fold 4; num_batches = 2041
2019-04-22 22:29:00 Epoch 1/8; lr = [0.001]
2019-04-22 22:29:14 ->loss: | 75.82644768059254
2019-04-22 22:29:27 ->loss: | 62.37218350172043
2019-04-22 22:29:41 ->loss: | 60.71901183947921
2019-04-22 22:29:54 Cross-validation
2019-04-22 22:30:00 

summary: Fold 4/5 	 Epoch 1/8 	 loss=64.4947 	 val_loss=55.3528 	 time=59.58s

2019-04-22 22:30:00 Epoch 2/8; lr = [0.001]
2019-04-22 22:30:13 ->loss: | 57.90256344527006
2019-04-22 22:30:27 ->loss: | 57.265242118388414
2019-04-22 22:30:40 ->loss: | 56.31350684911013
2019-04-22 22:30:53 Cross-validation
2019-04-22 22:30:59 

summary: Fold 4/5 	 Epoch 2/8 	 loss=56.8605 	 val_loss=52.6488 	 time=59.38s

2019-04-22 22:30:59 Epoch 3/8; lr = [0.001]
2019-04-22 22:31:13 ->loss: | 54.533572766929865
2019-04-22 22:31:26 ->loss: | 54.68810524791479
2019-04-22 22:31:39 ->loss: | 54.474835246801376
2019-04-22 22:31:53 Cross-validation
2019-04-22 22:31:59 

summary: Fold 4/5 	 Epoch 3/8 	 loss=54.4203 	 val_loss=51.5149 	 time=59.44s

2019-04-22 22:31:59 Epoch 4/8; lr = [0.0005]
2019-04-22 22:32:12 ->loss: | 51.88198318332434
2019-04-22 22:32:25 ->loss: | 51.727038744837046
2019-04-22 22:32:39 ->loss: | 52.59453584626317
2019-04-22 22:32:51 Cross-validation
2019-04-22 22:32:57 

summary: Fold 4/5 	 Epoch 4/8 	 loss=51.9419 	 val_loss=50.4650 	 time=58.44s

2019-04-22 22:32:57 Epoch 5/8; lr = [0.0005]
2019-04-22 22:33:10 ->loss: | 51.18999010697007
2019-04-22 22:33:23 ->loss: | 51.815532982349396
2019-04-22 22:33:36 ->loss: | 50.533915009349585
2019-04-22 22:33:49 Cross-validation
2019-04-22 22:33:55 

summary: Fold 4/5 	 Epoch 5/8 	 loss=50.9025 	 val_loss=50.0542 	 time=57.41s

2019-04-22 22:33:55 Epoch 6/8; lr = [0.0005]
2019-04-22 22:34:08 ->loss: | 49.48740013316274
2019-04-22 22:34:21 ->loss: | 50.539184503257275
2019-04-22 22:34:34 ->loss: | 50.20851506665349
2019-04-22 22:34:46 Cross-validation
2019-04-22 22:34:52 

summary: Fold 4/5 	 Epoch 6/8 	 loss=50.0440 	 val_loss=50.2545 	 time=57.55s

2019-04-22 22:34:52 Epoch 7/8; lr = [0.00025]
2019-04-22 22:35:05 ->loss: | 48.33791694417596
2019-04-22 22:35:18 ->loss: | 48.7295315861702
2019-04-22 22:35:31 ->loss: | 48.82306528836489
2019-04-22 22:35:44 Cross-validation
2019-04-22 22:35:50 

summary: Fold 4/5 	 Epoch 7/8 	 loss=48.6442 	 val_loss=50.2842 	 time=57.38s

2019-04-22 22:35:50 Epoch 8/8; lr = [0.00025]
2019-04-22 22:36:03 ->loss: | 48.327617302536964
2019-04-22 22:36:16 ->loss: | 47.67850470915437
2019-04-22 22:36:28 ->loss: | 48.15616103634238
2019-04-22 22:36:41 Cross-validation
2019-04-22 22:36:47 

summary: Fold 4/5 	 Epoch 8/8 	 loss=48.0605 	 val_loss=50.0597 	 time=57.59s

2019-04-22 22:36:47 Fold 4 done; test on test data
2019-04-22 22:36:56 Fold 5; num_batches = 2041
2019-04-22 22:36:56 Epoch 1/8; lr = [0.001]
2019-04-22 22:37:09 ->loss: | 74.90517973899841
2019-04-22 22:37:22 ->loss: | 62.59308199584484
2019-04-22 22:37:35 ->loss: | 60.09481626749039
2019-04-22 22:37:47 Cross-validation
2019-04-22 22:37:53 

summary: Fold 5/5 	 Epoch 1/8 	 loss=64.2802 	 val_loss=53.6888 	 time=57.13s

2019-04-22 22:37:53 Epoch 2/8; lr = [0.001]
2019-04-22 22:38:06 ->loss: | 57.047185346484184
2019-04-22 22:38:19 ->loss: | 57.150942251086235
2019-04-22 22:38:32 ->loss: | 57.00694318860769
2019-04-22 22:38:45 Cross-validation
2019-04-22 22:38:51 

summary: Fold 5/5 	 Epoch 2/8 	 loss=56.8389 	 val_loss=51.4749 	 time=57.49s

2019-04-22 22:38:51 Epoch 3/8; lr = [0.001]
2019-04-22 22:39:04 ->loss: | 54.68846022337675
2019-04-22 22:39:17 ->loss: | 54.51871021464467
2019-04-22 22:39:30 ->loss: | 54.41969119012356
2019-04-22 22:39:42 Cross-validation
2019-04-22 22:39:48 

summary: Fold 5/5 	 Epoch 3/8 	 loss=54.6037 	 val_loss=50.8599 	 time=57.45s

2019-04-22 22:39:48 Epoch 4/8; lr = [0.0005]
2019-04-22 22:40:01 ->loss: | 52.57803210616112
2019-04-22 22:40:14 ->loss: | 51.37297246977687
2019-04-22 22:40:27 ->loss: | 52.5663455799222
2019-04-22 22:40:40 Cross-validation
2019-04-22 22:40:46 

summary: Fold 5/5 	 Epoch 4/8 	 loss=51.9531 	 val_loss=49.7337 	 time=57.26s

2019-04-22 22:40:46 Epoch 5/8; lr = [0.0005]
2019-04-22 22:40:59 ->loss: | 50.510768976062536
2019-04-22 22:41:11 ->loss: | 51.129912573844194
2019-04-22 22:41:24 ->loss: | 50.443431839346886
2019-04-22 22:41:37 Cross-validation
2019-04-22 22:41:43 

summary: Fold 5/5 	 Epoch 5/8 	 loss=50.8587 	 val_loss=49.6375 	 time=57.53s

2019-04-22 22:41:43 Epoch 6/8; lr = [0.0005]
2019-04-22 22:41:56 ->loss: | 49.576007060706615
2019-04-22 22:42:09 ->loss: | 49.31392616778612
2019-04-22 22:42:22 ->loss: | 50.23504478484392
2019-04-22 22:42:34 Cross-validation
2019-04-22 22:42:40 

summary: Fold 5/5 	 Epoch 6/8 	 loss=49.9589 	 val_loss=49.6296 	 time=56.91s

2019-04-22 22:42:40 Epoch 7/8; lr = [0.00025]
2019-04-22 22:42:53 ->loss: | 48.06956372410059
2019-04-22 22:43:06 ->loss: | 48.2866498157382
2019-04-22 22:43:19 ->loss: | 49.1926312930882
2019-04-22 22:43:32 Cross-validation
2019-04-22 22:43:38 

summary: Fold 5/5 	 Epoch 7/8 	 loss=48.5433 	 val_loss=49.4050 	 time=57.74s

2019-04-22 22:43:38 Epoch 8/8; lr = [0.00025]
2019-04-22 22:43:51 ->loss: | 47.63764623552561
2019-04-22 22:44:04 ->loss: | 48.05727321654558
2019-04-22 22:44:16 ->loss: | 47.99384701624513
2019-04-22 22:44:29 Cross-validation
2019-04-22 22:44:35 

summary: Fold 5/5 	 Epoch 8/8 	 loss=47.8828 	 val_loss=49.5912 	 time=57.31s

2019-04-22 22:44:35 Fold 5 done; test on test data
2019-04-22 22:44:42 Training done
2019-04-22 22:44:42 Finding threshold
2019-04-22 22:45:05 {'threshold': 0.3484848484848486, 'f1': 0.684534952741884}
2019-04-22 22:45:05 Generating submission.csv
