2019-04-21 17:18:02 Read csvs...
2019-04-21 17:18:06 Clean DataFrames...
2019-04-21 17:19:08 Tokenize...
2019-04-21 17:19:36 Pad...
2019-04-21 17:20:20 Embedding matrices
2019-04-21 17:23:13 ->loaded glove
2019-04-21 17:25:29 ->loaded paragram
2019-04-21 17:25:30 
Starting train loop

2019-04-21 17:25:36 Fold 1; num_batches = 2041
2019-04-21 17:25:36 Epoch 1/10; lr = [0.001]
2019-04-21 17:25:57 ->loss: | 70.97627201676369
2019-04-21 17:26:18 ->loss: | 58.6607910618186
2019-04-21 17:26:38 ->loss: | 56.045931711792946
2019-04-21 17:26:59 Cross-validation
2019-04-21 17:27:07 

summary: Fold 1/5 	 Epoch 1/10 	 loss=60.0042 	 val_loss=52.4757 	 time=90.50s

2019-04-21 17:27:07 Epoch 2/10; lr = [0.001]
2019-04-21 17:27:28 ->loss: | 52.24101861938834
2019-04-21 17:27:49 ->loss: | 52.48518265783787
2019-04-21 17:28:10 ->loss: | 51.70611807703972
2019-04-21 17:28:30 Cross-validation
2019-04-21 17:28:38 

summary: Fold 1/5 	 Epoch 2/10 	 loss=51.9371 	 val_loss=51.7964 	 time=91.46s

2019-04-21 17:28:38 Epoch 3/10; lr = [0.001]
2019-04-21 17:28:59 ->loss: | 48.734230004251
2019-04-21 17:29:20 ->loss: | 48.940291948616505
2019-04-21 17:29:41 ->loss: | 49.64522288367152
2019-04-21 17:30:01 Cross-validation
2019-04-21 17:30:10 

summary: Fold 1/5 	 Epoch 3/10 	 loss=48.9851 	 val_loss=50.2857 	 time=91.36s

2019-04-21 17:30:10 Epoch 4/10; lr = [0.001]
2019-04-21 17:30:31 ->loss: | 46.78652581572533
2019-04-21 17:30:52 ->loss: | 46.38246404007077
2019-04-21 17:31:12 ->loss: | 46.304602809250355
2019-04-21 17:31:33 Cross-validation
2019-04-21 17:31:41 

summary: Fold 1/5 	 Epoch 4/10 	 loss=46.5998 	 val_loss=49.7530 	 time=91.27s

2019-04-21 17:31:41 Epoch 5/10; lr = [0.001]
2019-04-21 17:32:02 ->loss: | 43.95803778246045
2019-04-21 17:32:23 ->loss: | 44.25575277209282
2019-04-21 17:32:43 ->loss: | 44.21377271041274
2019-04-21 17:33:04 Cross-validation
2019-04-21 17:33:12 

summary: Fold 1/5 	 Epoch 5/10 	 loss=44.1218 	 val_loss=50.3490 	 time=91.21s

2019-04-21 17:33:12 Epoch 6/10; lr = [0.001]
2019-04-21 17:33:33 ->loss: | 41.465807899832726
2019-04-21 17:33:54 ->loss: | 41.1620268560946
2019-04-21 17:34:15 ->loss: | 41.81311698630452
2019-04-21 17:34:35 Cross-validation
2019-04-21 17:34:44 

summary: Fold 1/5 	 Epoch 6/10 	 loss=41.6150 	 val_loss=51.2012 	 time=91.52s

2019-04-21 17:34:44 Epoch 7/10; lr = [0.001]
2019-04-21 17:35:05 ->loss: | 37.93375352025032
2019-04-21 17:35:25 ->loss: | 38.836813516914845
2019-04-21 17:35:46 ->loss: | 39.34754366800189
2019-04-21 17:36:07 Cross-validation
2019-04-21 17:36:15 

summary: Fold 1/5 	 Epoch 7/10 	 loss=38.9849 	 val_loss=54.2406 	 time=91.43s

2019-04-21 17:36:15 Epoch 8/10; lr = [0.001]
2019-04-21 17:36:36 ->loss: | 35.38931933417916
2019-04-21 17:36:57 ->loss: | 36.09683606028557
2019-04-21 17:37:18 ->loss: | 36.32394729927182
2019-04-21 17:37:38 Cross-validation
2019-04-21 17:37:46 

summary: Fold 1/5 	 Epoch 8/10 	 loss=36.1992 	 val_loss=53.8589 	 time=91.36s

2019-04-21 17:37:46 Epoch 9/10; lr = [0.0005]
2019-04-21 17:38:07 ->loss: | 30.569415109232068
2019-04-21 17:38:29 ->loss: | 30.69661011174321
2019-04-21 17:38:50 ->loss: | 31.418089816346765
2019-04-21 17:39:10 Cross-validation
2019-04-21 17:39:18 

summary: Fold 1/5 	 Epoch 9/10 	 loss=30.9677 	 val_loss=57.8429 	 time=92.05s

2019-04-21 17:39:18 Epoch 10/10; lr = [0.0005]
2019-04-21 17:39:40 ->loss: | 27.612727608531713
2019-04-21 17:40:00 ->loss: | 28.774682706221938
2019-04-21 17:40:21 ->loss: | 28.79710042476654
2019-04-21 17:40:42 Cross-validation
2019-04-21 17:40:50 

summary: Fold 1/5 	 Epoch 10/10 	 loss=28.5131 	 val_loss=60.6291 	 time=91.71s

2019-04-21 17:40:50 Fold 1 done; test on test data
2019-04-21 17:41:03 Fold 2; num_batches = 2041
2019-04-21 17:41:03 Epoch 1/10; lr = [0.001]
2019-04-21 17:41:24 ->loss: | 70.47809438407421
2019-04-21 17:41:45 ->loss: | 57.9121126011014
2019-04-21 17:42:06 ->loss: | 56.24425122141838
2019-04-21 17:42:26 Cross-validation
2019-04-21 17:42:34 

summary: Fold 2/5 	 Epoch 1/10 	 loss=59.9396 	 val_loss=54.8768 	 time=91.54s

2019-04-21 17:42:34 Epoch 2/10; lr = [0.001]
2019-04-21 17:42:55 ->loss: | 53.1766845472157
2019-04-21 17:43:16 ->loss: | 52.29053530097008
2019-04-21 17:43:37 ->loss: | 51.59558753669262
2019-04-21 17:43:57 Cross-validation
2019-04-21 17:44:06 

summary: Fold 2/5 	 Epoch 2/10 	 loss=51.9631 	 val_loss=51.0954 	 time=91.44s

2019-04-21 17:44:06 Epoch 3/10; lr = [0.001]
2019-04-21 17:44:27 ->loss: | 49.38020642846823
2019-04-21 17:44:48 ->loss: | 48.57313585653901
2019-04-21 17:45:08 ->loss: | 49.11637856811285
2019-04-21 17:45:29 Cross-validation
2019-04-21 17:45:37 

summary: Fold 2/5 	 Epoch 3/10 	 loss=49.0303 	 val_loss=50.4028 	 time=91.71s

2019-04-21 17:45:37 Epoch 4/10; lr = [0.001]
2019-04-21 17:45:58 ->loss: | 46.23268758505583
2019-04-21 17:46:19 ->loss: | 46.27479811385274
2019-04-21 17:46:40 ->loss: | 46.70157428458333
2019-04-21 17:47:01 Cross-validation
2019-04-21 17:47:09 

summary: Fold 2/5 	 Epoch 4/10 	 loss=46.5683 	 val_loss=49.8386 	 time=91.56s

2019-04-21 17:47:09 Epoch 5/10; lr = [0.001]
2019-04-21 17:47:30 ->loss: | 43.660585921257734
2019-04-21 17:47:51 ->loss: | 43.93497394770384
2019-04-21 17:48:12 ->loss: | 44.611211743205786
2019-04-21 17:48:32 Cross-validation
2019-04-21 17:48:41 

summary: Fold 2/5 	 Epoch 5/10 	 loss=44.1648 	 val_loss=49.5125 	 time=91.71s

2019-04-21 17:48:41 Epoch 6/10; lr = [0.001]
2019-04-21 17:49:02 ->loss: | 40.87894222512841
2019-04-21 17:49:22 ->loss: | 40.81269905343652
2019-04-21 17:49:43 ->loss: | 41.94810685142875
2019-04-21 17:50:04 Cross-validation
2019-04-21 17:50:12 

summary: Fold 2/5 	 Epoch 6/10 	 loss=41.4712 	 val_loss=50.9266 	 time=91.37s

2019-04-21 17:50:12 Epoch 7/10; lr = [0.001]
2019-04-21 17:50:33 ->loss: | 37.29537379741669
2019-04-21 17:50:54 ->loss: | 39.26261034235358
2019-04-21 17:51:15 ->loss: | 39.05805932730436
2019-04-21 17:51:36 Cross-validation
2019-04-21 17:51:44 

summary: Fold 2/5 	 Epoch 7/10 	 loss=38.8668 	 val_loss=52.3991 	 time=91.84s

2019-04-21 17:51:44 Epoch 8/10; lr = [0.001]
2019-04-21 17:52:05 ->loss: | 34.715730689466
2019-04-21 17:52:25 ->loss: | 36.392802216112614
2019-04-21 17:52:46 ->loss: | 36.727414552122355
2019-04-21 17:53:07 Cross-validation
2019-04-21 17:53:15 

summary: Fold 2/5 	 Epoch 8/10 	 loss=36.2514 	 val_loss=54.0302 	 time=91.17s

2019-04-21 17:53:15 Epoch 9/10; lr = [0.0005]
2019-04-21 17:53:36 ->loss: | 30.586581461131573
2019-04-21 17:53:57 ->loss: | 30.618310131132603
2019-04-21 17:54:18 ->loss: | 31.313312293961644
2019-04-21 17:54:39 Cross-validation
2019-04-21 17:54:47 

summary: Fold 2/5 	 Epoch 9/10 	 loss=30.9686 	 val_loss=60.4415 	 time=91.74s

2019-04-21 17:54:47 Epoch 10/10; lr = [0.0005]
2019-04-21 17:55:08 ->loss: | 27.91909956559539
2019-04-21 17:55:29 ->loss: | 27.969491343945265
2019-04-21 17:55:50 ->loss: | 28.69339424557984
2019-04-21 17:56:10 Cross-validation
2019-04-21 17:56:18 

summary: Fold 2/5 	 Epoch 10/10 	 loss=28.5127 	 val_loss=60.4618 	 time=91.77s

2019-04-21 17:56:18 Fold 2 done; test on test data
2019-04-21 17:56:31 Fold 3; num_batches = 2041
2019-04-21 17:56:31 Epoch 1/10; lr = [0.001]
2019-04-21 17:56:52 ->loss: | 70.72486145049334
2019-04-21 17:57:13 ->loss: | 58.12086596339941
2019-04-21 17:57:34 ->loss: | 56.35995298996568
2019-04-21 17:57:54 Cross-validation
2019-04-21 17:58:02 

summary: Fold 3/5 	 Epoch 1/10 	 loss=59.9521 	 val_loss=53.6452 	 time=90.97s

2019-04-21 17:58:02 Epoch 2/10; lr = [0.001]
2019-04-21 17:58:23 ->loss: | 52.902086555957794
2019-04-21 17:58:43 ->loss: | 51.178765300661325
2019-04-21 17:59:04 ->loss: | 51.76265745982528
2019-04-21 17:59:24 Cross-validation
2019-04-21 17:59:32 

summary: Fold 3/5 	 Epoch 2/10 	 loss=51.8111 	 val_loss=52.3255 	 time=89.79s

2019-04-21 17:59:32 Epoch 3/10; lr = [0.001]
2019-04-21 17:59:52 ->loss: | 48.753235939890146
2019-04-21 18:00:13 ->loss: | 48.81121112406254
2019-04-21 18:00:34 ->loss: | 49.125881653279066
2019-04-21 18:00:54 Cross-validation
2019-04-21 18:01:02 

summary: Fold 3/5 	 Epoch 3/10 	 loss=48.9118 	 val_loss=52.4149 	 time=90.11s

2019-04-21 18:01:02 Epoch 4/10; lr = [0.001]
2019-04-21 18:01:22 ->loss: | 46.15209196507931
2019-04-21 18:01:43 ->loss: | 46.48042407631874
2019-04-21 18:02:03 ->loss: | 46.2953534796834
2019-04-21 18:02:23 Cross-validation
2019-04-21 18:02:31 

summary: Fold 3/5 	 Epoch 4/10 	 loss=46.3795 	 val_loss=50.3276 	 time=89.41s

2019-04-21 18:02:31 Epoch 5/10; lr = [0.001]
2019-04-21 18:02:52 ->loss: | 43.983489133417606
2019-04-21 18:03:12 ->loss: | 43.45244189724326
2019-04-21 18:03:33 ->loss: | 44.403856977820396
2019-04-21 18:03:53 Cross-validation
2019-04-21 18:04:01 

summary: Fold 3/5 	 Epoch 5/10 	 loss=43.9440 	 val_loss=51.2488 	 time=89.93s

2019-04-21 18:04:01 Epoch 6/10; lr = [0.001]
2019-04-21 18:04:22 ->loss: | 40.84595121815801
2019-04-21 18:04:42 ->loss: | 41.31494215503335
2019-04-21 18:05:03 ->loss: | 41.86334187164903
2019-04-21 18:05:23 Cross-validation
2019-04-21 18:05:31 

summary: Fold 3/5 	 Epoch 6/10 	 loss=41.4298 	 val_loss=52.3407 	 time=89.34s

2019-04-21 18:05:31 Epoch 7/10; lr = [0.001]
2019-04-21 18:05:51 ->loss: | 37.81242816336453
2019-04-21 18:06:12 ->loss: | 38.96445467695594
2019-04-21 18:06:32 ->loss: | 39.44075794890523
2019-04-21 18:06:52 Cross-validation
2019-04-21 18:07:00 

summary: Fold 3/5 	 Epoch 7/10 	 loss=38.8280 	 val_loss=53.4152 	 time=89.83s

2019-04-21 18:07:00 Epoch 8/10; lr = [0.001]
2019-04-21 18:07:21 ->loss: | 34.643403174355626
2019-04-21 18:07:42 ->loss: | 35.84115419536829
2019-04-21 18:08:02 ->loss: | 37.006362978369
2019-04-21 18:08:22 Cross-validation
2019-04-21 18:08:30 

summary: Fold 3/5 	 Epoch 8/10 	 loss=36.0908 	 val_loss=55.7362 	 time=90.01s

2019-04-21 18:08:30 Epoch 9/10; lr = [0.0005]
2019-04-21 18:08:51 ->loss: | 30.898009698837996
2019-04-21 18:09:11 ->loss: | 30.902725929394364
2019-04-21 18:09:32 ->loss: | 31.05654527619481
2019-04-21 18:09:52 Cross-validation
2019-04-21 18:10:00 

summary: Fold 3/5 	 Epoch 9/10 	 loss=31.0118 	 val_loss=60.7170 	 time=89.49s

2019-04-21 18:10:00 Epoch 10/10; lr = [0.0005]
2019-04-21 18:10:20 ->loss: | 27.616554606705904
2019-04-21 18:10:41 ->loss: | 28.47008180245757
2019-04-21 18:11:01 ->loss: | 29.023177076131105
2019-04-21 18:11:22 Cross-validation
2019-04-21 18:11:30 

summary: Fold 3/5 	 Epoch 10/10 	 loss=28.5522 	 val_loss=64.3305 	 time=89.65s

2019-04-21 18:11:30 Fold 3 done; test on test data
2019-04-21 18:11:42 Fold 4; num_batches = 2041
2019-04-21 18:11:42 Epoch 1/10; lr = [0.001]
2019-04-21 18:12:02 ->loss: | 69.51322301477194
2019-04-21 18:12:23 ->loss: | 58.535929165780544
2019-04-21 18:12:43 ->loss: | 56.418125070631504
2019-04-21 18:13:04 Cross-validation
2019-04-21 18:13:12 

summary: Fold 4/5 	 Epoch 1/10 	 loss=59.8762 	 val_loss=52.9919 	 time=89.87s

2019-04-21 18:13:12 Epoch 2/10; lr = [0.001]
2019-04-21 18:13:32 ->loss: | 52.32681277394295
2019-04-21 18:13:53 ->loss: | 52.19736087694764
2019-04-21 18:14:13 ->loss: | 51.63182846829295
2019-04-21 18:14:34 Cross-validation
2019-04-21 18:14:42 

summary: Fold 4/5 	 Epoch 2/10 	 loss=51.8860 	 val_loss=51.5906 	 time=90.00s

2019-04-21 18:14:42 Epoch 3/10; lr = [0.001]
2019-04-21 18:15:02 ->loss: | 49.20591923221946
2019-04-21 18:15:23 ->loss: | 48.734874691814184
2019-04-21 18:15:43 ->loss: | 49.619265653193
2019-04-21 18:16:04 Cross-validation
2019-04-21 18:16:11 

summary: Fold 4/5 	 Epoch 3/10 	 loss=49.0572 	 val_loss=50.0747 	 time=89.77s

2019-04-21 18:16:11 Epoch 4/10; lr = [0.001]
2019-04-21 18:16:32 ->loss: | 45.992761097848415
2019-04-21 18:16:52 ->loss: | 46.52314863353968
2019-04-21 18:17:13 ->loss: | 46.63422416895628
2019-04-21 18:17:33 Cross-validation
2019-04-21 18:17:41 

summary: Fold 4/5 	 Epoch 4/10 	 loss=46.4986 	 val_loss=49.9411 	 time=89.57s

2019-04-21 18:17:41 Epoch 5/10; lr = [0.001]
2019-04-21 18:18:02 ->loss: | 43.16714019328356
2019-04-21 18:18:22 ->loss: | 44.23714408650994
2019-04-21 18:18:43 ->loss: | 44.68624638393521
2019-04-21 18:19:03 Cross-validation
2019-04-21 18:19:11 

summary: Fold 4/5 	 Epoch 5/10 	 loss=44.0093 	 val_loss=49.8592 	 time=90.14s

2019-04-21 18:19:11 Epoch 6/10; lr = [0.001]
2019-04-21 18:19:32 ->loss: | 39.99954882636666
2019-04-21 18:19:52 ->loss: | 42.02974317595363
2019-04-21 18:20:13 ->loss: | 41.16398315131664
2019-04-21 18:20:33 Cross-validation
2019-04-21 18:20:41 

summary: Fold 4/5 	 Epoch 6/10 	 loss=41.5181 	 val_loss=51.6665 	 time=89.95s

2019-04-21 18:20:41 Epoch 7/10; lr = [0.001]
2019-04-21 18:21:02 ->loss: | 38.35873740911484
2019-04-21 18:21:22 ->loss: | 38.71133001893759
2019-04-21 18:21:43 ->loss: | 39.07067958265543
2019-04-21 18:22:03 Cross-validation
2019-04-21 18:22:11 

summary: Fold 4/5 	 Epoch 7/10 	 loss=38.8214 	 val_loss=52.2518 	 time=90.21s

2019-04-21 18:22:11 Epoch 8/10; lr = [0.001]
2019-04-21 18:22:32 ->loss: | 35.06876149773598
2019-04-21 18:22:52 ->loss: | 36.27913610637188
2019-04-21 18:23:13 ->loss: | 36.659505162388086
2019-04-21 18:23:33 Cross-validation
2019-04-21 18:23:41 

summary: Fold 4/5 	 Epoch 8/10 	 loss=36.2111 	 val_loss=54.8152 	 time=89.29s

2019-04-21 18:23:41 Epoch 9/10; lr = [0.0005]
2019-04-21 18:24:01 ->loss: | 30.619611907750368
2019-04-21 18:24:22 ->loss: | 30.95545420795679
2019-04-21 18:24:43 ->loss: | 31.326886992901564
2019-04-21 18:25:03 Cross-validation
2019-04-21 18:25:11 

summary: Fold 4/5 	 Epoch 9/10 	 loss=31.1397 	 val_loss=58.3769 	 time=90.23s

2019-04-21 18:25:11 Epoch 10/10; lr = [0.0005]
2019-04-21 18:25:31 ->loss: | 27.30852118320763
2019-04-21 18:25:52 ->loss: | 28.247065784409642
2019-04-21 18:26:12 ->loss: | 29.473053155466914
2019-04-21 18:26:33 Cross-validation
2019-04-21 18:26:41 

summary: Fold 4/5 	 Epoch 10/10 	 loss=28.6184 	 val_loss=60.9533 	 time=89.70s

2019-04-21 18:26:41 Fold 4 done; test on test data
2019-04-21 18:26:53 Fold 5; num_batches = 2041
2019-04-21 18:26:53 Epoch 1/10; lr = [0.001]
2019-04-21 18:27:13 ->loss: | 70.12153646349907
2019-04-21 18:27:34 ->loss: | 57.96279501914978
2019-04-21 18:27:54 ->loss: | 55.701473977416754
2019-04-21 18:28:14 Cross-validation
2019-04-21 18:28:22 

summary: Fold 5/5 	 Epoch 1/10 	 loss=59.5038 	 val_loss=53.3310 	 time=89.32s

2019-04-21 18:28:22 Epoch 2/10; lr = [0.001]
2019-04-21 18:28:43 ->loss: | 51.732616145163774
2019-04-21 18:29:03 ->loss: | 52.896259512752295
2019-04-21 18:29:24 ->loss: | 51.81306750699878
2019-04-21 18:29:44 Cross-validation
2019-04-21 18:29:52 

summary: Fold 5/5 	 Epoch 2/10 	 loss=51.8285 	 val_loss=51.2259 	 time=90.15s

2019-04-21 18:29:52 Epoch 3/10; lr = [0.001]
2019-04-21 18:30:13 ->loss: | 49.179080709815025
2019-04-21 18:30:33 ->loss: | 48.78779875859618
2019-04-21 18:30:54 ->loss: | 48.591762278229
2019-04-21 18:31:14 Cross-validation
2019-04-21 18:31:22 

summary: Fold 5/5 	 Epoch 3/10 	 loss=48.7611 	 val_loss=50.3567 	 time=89.60s

2019-04-21 18:31:22 Epoch 4/10; lr = [0.001]
2019-04-21 18:31:43 ->loss: | 46.9071727283299
2019-04-21 18:32:03 ->loss: | 45.57944795116782
2019-04-21 18:32:24 ->loss: | 46.35540812835097
2019-04-21 18:32:44 Cross-validation
2019-04-21 18:32:52 

summary: Fold 5/5 	 Epoch 4/10 	 loss=46.3518 	 val_loss=50.4738 	 time=89.69s

2019-04-21 18:32:52 Epoch 5/10; lr = [0.001]
2019-04-21 18:33:12 ->loss: | 43.94201958924532
2019-04-21 18:33:32 ->loss: | 43.89821323379874
2019-04-21 18:33:53 ->loss: | 43.78114904463291
2019-04-21 18:34:13 Cross-validation
2019-04-21 18:34:21 

summary: Fold 5/5 	 Epoch 5/10 	 loss=43.8555 	 val_loss=51.1596 	 time=89.00s

2019-04-21 18:34:21 Epoch 6/10; lr = [0.001]
2019-04-21 18:34:41 ->loss: | 40.80114249885082
2019-04-21 18:35:02 ->loss: | 40.75623204559088
2019-04-21 18:35:22 ->loss: | 41.52678695321083
2019-04-21 18:35:42 Cross-validation
2019-04-21 18:35:50 

summary: Fold 5/5 	 Epoch 6/10 	 loss=41.3134 	 val_loss=51.3523 	 time=89.46s

2019-04-21 18:35:50 Epoch 7/10; lr = [0.001]
2019-04-21 18:36:10 ->loss: | 36.879009794443846
2019-04-21 18:36:31 ->loss: | 38.81775636598468
2019-04-21 18:36:51 ->loss: | 38.90993446484208
2019-04-21 18:37:12 Cross-validation
2019-04-21 18:37:20 

summary: Fold 5/5 	 Epoch 7/10 	 loss=38.6956 	 val_loss=51.6237 	 time=89.48s

2019-04-21 18:37:20 Epoch 8/10; lr = [0.001]
2019-04-21 18:37:40 ->loss: | 35.04009396955371
2019-04-21 18:38:00 ->loss: | 35.95454463362694
2019-04-21 18:38:21 ->loss: | 36.35919616371393
2019-04-21 18:38:41 Cross-validation
2019-04-21 18:38:49 

summary: Fold 5/5 	 Epoch 8/10 	 loss=36.0192 	 val_loss=55.1909 	 time=89.18s

2019-04-21 18:38:49 Epoch 9/10; lr = [0.0005]
2019-04-21 18:39:09 ->loss: | 30.2811248768121
2019-04-21 18:39:30 ->loss: | 30.99617355875671
2019-04-21 18:39:50 ->loss: | 31.23792251572013
2019-04-21 18:40:10 Cross-validation
2019-04-21 18:40:19 

summary: Fold 5/5 	 Epoch 9/10 	 loss=30.9087 	 val_loss=57.1416 	 time=89.92s

2019-04-21 18:40:19 Epoch 10/10; lr = [0.0005]
2019-04-21 18:40:39 ->loss: | 27.367783848196268
2019-04-21 18:41:00 ->loss: | 28.542032120749354
2019-04-21 18:41:20 ->loss: | 28.857872121036053
2019-04-21 18:41:40 Cross-validation
2019-04-21 18:41:48 

summary: Fold 5/5 	 Epoch 10/10 	 loss=28.5011 	 val_loss=60.5388 	 time=89.70s

2019-04-21 18:41:48 Fold 5 done; test on test data
2019-04-21 18:41:59 Training done
2019-04-21 18:41:59 Finding threshold
2019-04-21 18:42:19 {'threshold': 0.3787878787878789, 'f1': 0.6618749499273231}
2019-04-21 18:42:19 Generating submission.csv
