2019-04-22 22:28:23 Seeding random, np, torch with seed = 1029
2019-04-22 22:28:23 Read csvs...
2019-04-22 22:28:26 Clean DataFrames...
2019-04-22 22:29:27 Tokenize...
2019-04-22 22:29:56 Pad...
2019-04-22 22:30:38 Embedding matrices
2019-04-22 22:33:31 ->loaded glove
2019-04-22 22:35:45 ->loaded paragram
2019-04-22 22:35:46 
Starting train loop

2019-04-22 22:35:51 Fold 1; num_batches = 2041
2019-04-22 22:35:51 Epoch 1/8; lr = [0.001]
2019-04-22 22:36:05 ->loss: | 75.14327429234982
2019-04-22 22:36:19 ->loss: | 62.213833935558796
2019-04-22 22:36:32 ->loss: | 60.9345303401351
2019-04-22 22:36:46 Cross-validation
2019-04-22 22:36:51 

summary: Fold 1/5 	 Epoch 1/8 	 loss=64.3446 	 val_loss=53.7803 	 time=59.93s

2019-04-22 22:36:51 Epoch 2/8; lr = [0.001]
2019-04-22 22:37:05 ->loss: | 57.897080052644014
2019-04-22 22:37:19 ->loss: | 57.49147589504719
2019-04-22 22:37:32 ->loss: | 56.334437523037195
2019-04-22 22:37:46 Cross-validation
2019-04-22 22:37:52 

summary: Fold 1/5 	 Epoch 2/8 	 loss=56.7784 	 val_loss=51.6355 	 time=60.16s

2019-04-22 22:37:52 Epoch 3/8; lr = [0.001]
2019-04-22 22:38:05 ->loss: | 53.82778404280543
2019-04-22 22:38:19 ->loss: | 54.46301770210266
2019-04-22 22:38:33 ->loss: | 54.2758971080184
2019-04-22 22:38:46 Cross-validation
2019-04-22 22:38:52 

summary: Fold 1/5 	 Epoch 3/8 	 loss=54.4608 	 val_loss=50.9734 	 time=60.17s

2019-04-22 22:38:52 Epoch 4/8; lr = [0.0005]
2019-04-22 22:39:05 ->loss: | 51.94526432082057
2019-04-22 22:39:19 ->loss: | 51.83842599764466
2019-04-22 22:39:33 ->loss: | 52.34432101994753
2019-04-22 22:39:47 Cross-validation
2019-04-22 22:39:52 

summary: Fold 1/5 	 Epoch 4/8 	 loss=51.9903 	 val_loss=49.8375 	 time=60.66s

2019-04-22 22:39:52 Epoch 5/8; lr = [0.0005]
2019-04-22 22:40:06 ->loss: | 51.047337394207716
2019-04-22 22:40:20 ->loss: | 50.98934726417065
2019-04-22 22:40:33 ->loss: | 51.480863112956285
2019-04-22 22:40:47 Cross-validation
2019-04-22 22:40:53 

summary: Fold 1/5 	 Epoch 5/8 	 loss=51.0624 	 val_loss=49.3072 	 time=60.18s

2019-04-22 22:40:53 Epoch 6/8; lr = [0.0005]
2019-04-22 22:41:06 ->loss: | 49.91571316495538
2019-04-22 22:41:20 ->loss: | 49.77146867662668
2019-04-22 22:41:34 ->loss: | 50.16509237140417
2019-04-22 22:41:47 Cross-validation
2019-04-22 22:41:53 

summary: Fold 1/5 	 Epoch 6/8 	 loss=50.0045 	 val_loss=48.9969 	 time=60.40s

2019-04-22 22:41:53 Epoch 7/8; lr = [0.00025]
2019-04-22 22:42:07 ->loss: | 48.00728251412511
2019-04-22 22:42:20 ->loss: | 49.03506565093994
2019-04-22 22:42:34 ->loss: | 48.49588070437312
2019-04-22 22:42:47 Cross-validation
2019-04-22 22:42:53 

summary: Fold 1/5 	 Epoch 7/8 	 loss=48.6807 	 val_loss=49.2128 	 time=59.72s

2019-04-22 22:42:53 Epoch 8/8; lr = [0.00025]
2019-04-22 22:43:07 ->loss: | 48.37339457124472
2019-04-22 22:43:20 ->loss: | 47.76417972892523
2019-04-22 22:43:34 ->loss: | 48.48034115508199
2019-04-22 22:43:48 Cross-validation
2019-04-22 22:43:53 

summary: Fold 1/5 	 Epoch 8/8 	 loss=48.0228 	 val_loss=49.6629 	 time=60.66s

2019-04-22 22:43:53 Fold 1 done; test on test data
2019-04-22 22:44:02 Fold 2; num_batches = 2041
2019-04-22 22:44:02 Epoch 1/8; lr = [0.001]
2019-04-22 22:44:16 ->loss: | 76.1664021089673
2019-04-22 22:44:30 ->loss: | 61.7169843390584
2019-04-22 22:44:44 ->loss: | 60.86956022679806
2019-04-22 22:44:57 Cross-validation
2019-04-22 22:45:03 

summary: Fold 2/5 	 Epoch 1/8 	 loss=64.5460 	 val_loss=54.5393 	 time=60.48s

2019-04-22 22:45:03 Epoch 2/8; lr = [0.001]
2019-04-22 22:45:17 ->loss: | 57.78974996134639
2019-04-22 22:45:30 ->loss: | 57.948386043310165
2019-04-22 22:45:44 ->loss: | 56.25045855343342
2019-04-22 22:45:57 Cross-validation
2019-04-22 22:46:03 

summary: Fold 2/5 	 Epoch 2/8 	 loss=57.1708 	 val_loss=51.5624 	 time=60.51s

2019-04-22 22:46:03 Epoch 3/8; lr = [0.001]
2019-04-22 22:46:17 ->loss: | 54.917323630303144
2019-04-22 22:46:31 ->loss: | 54.34914772212505
2019-04-22 22:46:44 ->loss: | 54.99731705337763
2019-04-22 22:46:58 Cross-validation
2019-04-22 22:47:03 

summary: Fold 2/5 	 Epoch 3/8 	 loss=54.7538 	 val_loss=52.5584 	 time=60.15s

2019-04-22 22:47:03 Epoch 4/8; lr = [0.0005]
2019-04-22 22:47:17 ->loss: | 52.44294607266784
2019-04-22 22:47:30 ->loss: | 52.1678846552968
2019-04-22 22:47:44 ->loss: | 52.18915468081832
2019-04-22 22:47:58 Cross-validation
2019-04-22 22:48:03 

summary: Fold 2/5 	 Epoch 4/8 	 loss=52.2124 	 val_loss=49.5680 	 time=59.91s

2019-04-22 22:48:03 Epoch 5/8; lr = [0.0005]
2019-04-22 22:48:17 ->loss: | 51.14853289723396
2019-04-22 22:48:31 ->loss: | 51.08764812722802
2019-04-22 22:48:45 ->loss: | 51.0796218290925
2019-04-22 22:48:59 Cross-validation
2019-04-22 22:49:04 

summary: Fold 2/5 	 Epoch 5/8 	 loss=51.1098 	 val_loss=49.4505 	 time=60.94s

2019-04-22 22:49:04 Epoch 6/8; lr = [0.0005]
2019-04-22 22:49:18 ->loss: | 50.54420160129666
2019-04-22 22:49:32 ->loss: | 49.88918185606599
2019-04-22 22:49:45 ->loss: | 49.97011275216937
2019-04-22 22:49:59 Cross-validation
2019-04-22 22:50:05 

summary: Fold 2/5 	 Epoch 6/8 	 loss=50.3274 	 val_loss=49.1416 	 time=60.34s

2019-04-22 22:50:05 Epoch 7/8; lr = [0.00025]
2019-04-22 22:50:18 ->loss: | 49.30855254456401
2019-04-22 22:50:32 ->loss: | 48.499657832086086
2019-04-22 22:50:46 ->loss: | 48.677295442670584
2019-04-22 22:50:59 Cross-validation
2019-04-22 22:51:05 

summary: Fold 2/5 	 Epoch 7/8 	 loss=48.9138 	 val_loss=49.0782 	 time=60.19s

2019-04-22 22:51:05 Epoch 8/8; lr = [0.00025]
2019-04-22 22:51:19 ->loss: | 47.98205663636327
2019-04-22 22:51:32 ->loss: | 48.27267233282328
2019-04-22 22:51:46 ->loss: | 48.31881922110915
2019-04-22 22:51:59 Cross-validation
2019-04-22 22:52:05 

summary: Fold 2/5 	 Epoch 8/8 	 loss=48.2497 	 val_loss=49.3006 	 time=60.16s

2019-04-22 22:52:05 Fold 2 done; test on test data
2019-04-22 22:52:14 Fold 3; num_batches = 2041
2019-04-22 22:52:14 Epoch 1/8; lr = [0.001]
2019-04-22 22:52:27 ->loss: | 75.5507949590683
2019-04-22 22:52:41 ->loss: | 62.15553452819586
2019-04-22 22:52:55 ->loss: | 60.28773544728756
2019-04-22 22:53:08 Cross-validation
2019-04-22 22:53:14 

summary: Fold 3/5 	 Epoch 1/8 	 loss=64.2006 	 val_loss=54.8915 	 time=60.08s

2019-04-22 22:53:14 Epoch 2/8; lr = [0.001]
2019-04-22 22:53:28 ->loss: | 56.81714295595884
2019-04-22 22:53:41 ->loss: | 56.99526476114988
2019-04-22 22:53:55 ->loss: | 56.74603018909693
2019-04-22 22:54:09 Cross-validation
2019-04-22 22:54:14 

summary: Fold 3/5 	 Epoch 2/8 	 loss=56.6805 	 val_loss=55.2621 	 time=60.50s

2019-04-22 22:54:14 Epoch 3/8; lr = [0.001]
2019-04-22 22:54:28 ->loss: | 53.74344649165869
2019-04-22 22:54:42 ->loss: | 55.083787858486176
2019-04-22 22:54:55 ->loss: | 54.32365898042917
2019-04-22 22:55:09 Cross-validation
2019-04-22 22:55:15 

summary: Fold 3/5 	 Epoch 3/8 	 loss=54.4729 	 val_loss=51.7394 	 time=60.18s

2019-04-22 22:55:15 Epoch 4/8; lr = [0.0005]
2019-04-22 22:55:28 ->loss: | 52.04126758500934
2019-04-22 22:55:42 ->loss: | 52.38031021133065
2019-04-22 22:55:56 ->loss: | 51.42492549493909
2019-04-22 22:56:09 Cross-validation
2019-04-22 22:56:15 

summary: Fold 3/5 	 Epoch 4/8 	 loss=51.9120 	 val_loss=50.5034 	 time=60.43s

2019-04-22 22:56:15 Epoch 5/8; lr = [0.0005]
2019-04-22 22:56:29 ->loss: | 50.622103571891785
2019-04-22 22:56:42 ->loss: | 50.71153648942709
2019-04-22 22:56:56 ->loss: | 50.38343242928386
2019-04-22 22:57:09 Cross-validation
2019-04-22 22:57:15 

summary: Fold 3/5 	 Epoch 5/8 	 loss=50.6806 	 val_loss=50.7574 	 time=60.14s

2019-04-22 22:57:15 Epoch 6/8; lr = [0.0005]
2019-04-22 22:57:29 ->loss: | 49.57166559994221
2019-04-22 22:57:43 ->loss: | 49.56293410435319
2019-04-22 22:57:56 ->loss: | 49.93927616998553
2019-04-22 22:58:10 Cross-validation
2019-04-22 22:58:15 

summary: Fold 3/5 	 Epoch 6/8 	 loss=49.7230 	 val_loss=50.2014 	 time=60.30s

2019-04-22 22:58:15 Epoch 7/8; lr = [0.00025]
2019-04-22 22:58:29 ->loss: | 47.929522652179
2019-04-22 22:58:43 ->loss: | 48.17705687880516
2019-04-22 22:58:57 ->loss: | 48.79936168715358
2019-04-22 22:59:10 Cross-validation
2019-04-22 22:59:16 

summary: Fold 3/5 	 Epoch 7/8 	 loss=48.3638 	 val_loss=50.1000 	 time=60.43s

2019-04-22 22:59:16 Epoch 8/8; lr = [0.00025]
2019-04-22 22:59:30 ->loss: | 48.022053729742765
2019-04-22 22:59:43 ->loss: | 48.39898268133402
2019-04-22 22:59:57 ->loss: | 47.621151369065046
2019-04-22 23:00:11 Cross-validation
2019-04-22 23:00:17 

summary: Fold 3/5 	 Epoch 8/8 	 loss=47.8333 	 val_loss=50.5220 	 time=60.73s

2019-04-22 23:00:17 Fold 3 done; test on test data
2019-04-22 23:00:25 Fold 4; num_batches = 2041
2019-04-22 23:00:25 Epoch 1/8; lr = [0.001]
2019-04-22 23:00:39 ->loss: | 76.74507813155651
2019-04-22 23:00:53 ->loss: | 61.32247377932072
2019-04-22 23:01:07 ->loss: | 60.671268209815025
2019-04-22 23:01:20 Cross-validation
2019-04-22 23:01:26 

summary: Fold 4/5 	 Epoch 1/8 	 loss=64.4746 	 val_loss=54.6893 	 time=60.59s

2019-04-22 23:01:26 Epoch 2/8; lr = [0.001]
2019-04-22 23:01:40 ->loss: | 57.330798387527466
2019-04-22 23:01:53 ->loss: | 56.63822755217552
2019-04-22 23:02:07 ->loss: | 56.5134135261178
2019-04-22 23:02:20 Cross-validation
2019-04-22 23:02:26 

summary: Fold 4/5 	 Epoch 2/8 	 loss=56.8317 	 val_loss=52.5045 	 time=59.78s

2019-04-22 23:02:26 Epoch 3/8; lr = [0.001]
2019-04-22 23:02:40 ->loss: | 54.579938381910324
2019-04-22 23:02:53 ->loss: | 54.1670860350132
2019-04-22 23:03:07 ->loss: | 54.74427739158273
2019-04-22 23:03:20 Cross-validation
2019-04-22 23:03:26 

summary: Fold 4/5 	 Epoch 3/8 	 loss=54.4541 	 val_loss=51.5276 	 time=60.63s

2019-04-22 23:03:26 Epoch 4/8; lr = [0.0005]
2019-04-22 23:03:40 ->loss: | 51.56440084055066
2019-04-22 23:03:54 ->loss: | 52.20841155946255
2019-04-22 23:04:07 ->loss: | 52.14214254170656
2019-04-22 23:04:21 Cross-validation
2019-04-22 23:04:26 

summary: Fold 4/5 	 Epoch 4/8 	 loss=51.9962 	 val_loss=50.6505 	 time=59.71s

2019-04-22 23:04:26 Epoch 5/8; lr = [0.0005]
2019-04-22 23:04:40 ->loss: | 50.60029523074627
2019-04-22 23:04:53 ->loss: | 50.86350968852639
2019-04-22 23:05:07 ->loss: | 50.88411130383611
2019-04-22 23:05:20 Cross-validation
2019-04-22 23:05:26 

summary: Fold 4/5 	 Epoch 5/8 	 loss=50.7792 	 val_loss=50.1970 	 time=59.94s

2019-04-22 23:05:26 Epoch 6/8; lr = [0.0005]
2019-04-22 23:05:40 ->loss: | 49.812639195472
2019-04-22 23:05:53 ->loss: | 50.12549152970314
2019-04-22 23:06:06 ->loss: | 50.327161237597466
2019-04-22 23:06:20 Cross-validation
2019-04-22 23:06:25 

summary: Fold 4/5 	 Epoch 6/8 	 loss=50.0332 	 val_loss=50.3329 	 time=59.03s

2019-04-22 23:06:25 Epoch 7/8; lr = [0.00025]
2019-04-22 23:06:39 ->loss: | 48.60157223045826
2019-04-22 23:06:52 ->loss: | 48.6240917481482
2019-04-22 23:07:06 ->loss: | 48.209838062524796
2019-04-22 23:07:19 Cross-validation
2019-04-22 23:07:24 

summary: Fold 4/5 	 Epoch 7/8 	 loss=48.4474 	 val_loss=50.2634 	 time=59.32s

2019-04-22 23:07:24 Epoch 8/8; lr = [0.00025]
2019-04-22 23:07:38 ->loss: | 47.8518977239728
2019-04-22 23:07:51 ->loss: | 47.15631186962128
2019-04-22 23:08:05 ->loss: | 48.57915860041976
2019-04-22 23:08:18 Cross-validation
2019-04-22 23:08:24 

summary: Fold 4/5 	 Epoch 8/8 	 loss=47.8114 	 val_loss=50.3626 	 time=59.38s

2019-04-22 23:08:24 Fold 4 done; test on test data
2019-04-22 23:08:33 Fold 5; num_batches = 2041
2019-04-22 23:08:33 Epoch 1/8; lr = [0.001]
2019-04-22 23:08:46 ->loss: | 76.75537017732859
2019-04-22 23:09:00 ->loss: | 62.220371782779694
2019-04-22 23:09:13 ->loss: | 60.77077256888151
2019-04-22 23:09:26 Cross-validation
2019-04-22 23:09:32 

summary: Fold 5/5 	 Epoch 1/8 	 loss=64.8594 	 val_loss=53.5228 	 time=59.27s

2019-04-22 23:09:32 Epoch 2/8; lr = [0.001]
2019-04-22 23:09:46 ->loss: | 56.971023581922054
2019-04-22 23:09:59 ->loss: | 57.853413470089436
2019-04-22 23:10:13 ->loss: | 56.55752320587635
2019-04-22 23:10:26 Cross-validation
2019-04-22 23:10:32 

summary: Fold 5/5 	 Epoch 2/8 	 loss=56.9857 	 val_loss=51.5606 	 time=60.05s

2019-04-22 23:10:32 Epoch 3/8; lr = [0.001]
2019-04-22 23:10:45 ->loss: | 55.48945262283087
2019-04-22 23:10:59 ->loss: | 54.62392242997885
2019-04-22 23:11:12 ->loss: | 54.37024477124214
2019-04-22 23:11:25 Cross-validation
2019-04-22 23:11:31 

summary: Fold 5/5 	 Epoch 3/8 	 loss=54.7447 	 val_loss=52.2187 	 time=58.92s

2019-04-22 23:11:31 Epoch 4/8; lr = [0.0005]
2019-04-22 23:11:44 ->loss: | 52.472750909626484
2019-04-22 23:11:58 ->loss: | 52.29917913675308
2019-04-22 23:12:11 ->loss: | 52.68881119787693
2019-04-22 23:12:25 Cross-validation
2019-04-22 23:12:30 

summary: Fold 5/5 	 Epoch 4/8 	 loss=52.2855 	 val_loss=49.9174 	 time=59.25s

2019-04-22 23:12:30 Epoch 5/8; lr = [0.0005]
2019-04-22 23:12:44 ->loss: | 51.432449866086245
2019-04-22 23:12:57 ->loss: | 50.75942945852876
2019-04-22 23:13:10 ->loss: | 51.168110106140375
2019-04-22 23:13:23 Cross-validation
2019-04-22 23:13:29 

summary: Fold 5/5 	 Epoch 5/8 	 loss=51.0854 	 val_loss=49.5248 	 time=58.84s

2019-04-22 23:13:29 Epoch 6/8; lr = [0.0005]
2019-04-22 23:13:43 ->loss: | 49.28757202997804
2019-04-22 23:13:56 ->loss: | 50.01227706670761
2019-04-22 23:14:10 ->loss: | 50.714108522981405
2019-04-22 23:14:23 Cross-validation
2019-04-22 23:14:29 

summary: Fold 5/5 	 Epoch 6/8 	 loss=50.2071 	 val_loss=49.8016 	 time=59.60s

2019-04-22 23:14:29 Epoch 7/8; lr = [0.00025]
2019-04-22 23:14:42 ->loss: | 48.780361000448465
2019-04-22 23:14:55 ->loss: | 48.08623678609729
2019-04-22 23:15:09 ->loss: | 49.04721523448825
2019-04-22 23:15:22 Cross-validation
2019-04-22 23:15:28 

summary: Fold 5/5 	 Epoch 7/8 	 loss=48.6101 	 val_loss=49.2934 	 time=59.28s

2019-04-22 23:15:28 Epoch 8/8; lr = [0.00025]
2019-04-22 23:15:42 ->loss: | 47.92339314520359
2019-04-22 23:15:55 ->loss: | 48.27326925843954
2019-04-22 23:16:09 ->loss: | 48.46575905010104
2019-04-22 23:16:22 Cross-validation
2019-04-22 23:16:28 

summary: Fold 5/5 	 Epoch 8/8 	 loss=48.1371 	 val_loss=49.5940 	 time=59.93s

2019-04-22 23:16:28 Fold 5 done; test on test data
2019-04-22 23:16:35 Training done
2019-04-22 23:16:35 Finding threshold
2019-04-22 23:16:56 {'threshold': 0.3484848484848486, 'f1': 0.6829091588959779}
2019-04-22 23:16:56 Generating submission.csv
