2019-04-22 14:28:04 Read csvs...
2019-04-22 14:28:07 Clean DataFrames...
2019-04-22 14:29:10 Tokenize...
2019-04-22 14:29:41 Pad...
2019-04-22 14:30:25 Embedding matrices
2019-04-22 14:33:20 ->loaded glove
2019-04-22 14:35:35 ->loaded paragram
2019-04-22 14:35:36 
Starting train loop

2019-04-22 14:35:43 Fold 1; num_batches = 2041
2019-04-22 14:35:43 Epoch 1/8; lr = [0.001]
2019-04-22 14:36:04 ->loss: | 76.68250516802073
2019-04-22 14:36:24 ->loss: | 62.74072054773569
2019-04-22 14:36:44 ->loss: | 59.880402229726315
2019-04-22 14:37:04 Cross-validation
2019-04-22 14:37:12 

summary: Fold 1/5 	 Epoch 1/8 	 loss=64.7659 	 val_loss=53.9295 	 time=89.01s

2019-04-22 14:37:12 Epoch 2/8; lr = [0.001]
2019-04-22 14:37:33 ->loss: | 57.233519434928894
2019-04-22 14:37:53 ->loss: | 57.57971457764506
2019-04-22 14:38:13 ->loss: | 56.27328536659479
2019-04-22 14:38:33 Cross-validation
2019-04-22 14:38:41 

summary: Fold 1/5 	 Epoch 2/8 	 loss=56.7761 	 val_loss=51.8439 	 time=89.24s

2019-04-22 14:38:41 Epoch 3/8; lr = [0.001]
2019-04-22 14:39:02 ->loss: | 54.9520025588572
2019-04-22 14:39:22 ->loss: | 54.00387168303132
2019-04-22 14:39:43 ->loss: | 54.96253951638937
2019-04-22 14:40:03 Cross-validation
2019-04-22 14:40:11 

summary: Fold 1/5 	 Epoch 3/8 	 loss=54.3872 	 val_loss=50.5236 	 time=89.94s

2019-04-22 14:40:11 Epoch 4/8; lr = [0.0005]
2019-04-22 14:40:32 ->loss: | 51.59274912625551
2019-04-22 14:40:52 ->loss: | 51.35900188237429
2019-04-22 14:41:13 ->loss: | 51.09077766910195
2019-04-22 14:41:33 Cross-validation
2019-04-22 14:41:41 

summary: Fold 1/5 	 Epoch 4/8 	 loss=51.4509 	 val_loss=49.7605 	 time=89.69s

2019-04-22 14:41:41 Epoch 5/8; lr = [0.0005]
2019-04-22 14:42:02 ->loss: | 50.29715682193637
2019-04-22 14:42:22 ->loss: | 50.26136814430356
2019-04-22 14:42:42 ->loss: | 50.24276114627719
2019-04-22 14:43:03 Cross-validation
2019-04-22 14:43:11 

summary: Fold 1/5 	 Epoch 5/8 	 loss=50.2566 	 val_loss=49.4789 	 time=89.71s

2019-04-22 14:43:11 Epoch 6/8; lr = [0.0005]
2019-04-22 14:43:31 ->loss: | 49.05375159904361
2019-04-22 14:43:52 ->loss: | 48.846575267612934
2019-04-22 14:44:12 ->loss: | 49.54481788352132
2019-04-22 14:44:32 Cross-validation
2019-04-22 14:44:40 

summary: Fold 1/5 	 Epoch 6/8 	 loss=49.1589 	 val_loss=49.5257 	 time=89.66s

2019-04-22 14:44:40 Epoch 7/8; lr = [0.00025]
2019-04-22 14:45:01 ->loss: | 46.98016920313239
2019-04-22 14:45:22 ->loss: | 47.47255448251963
2019-04-22 14:45:42 ->loss: | 47.81353724747896
2019-04-22 14:46:02 Cross-validation
2019-04-22 14:46:10 

summary: Fold 1/5 	 Epoch 7/8 	 loss=47.4590 	 val_loss=49.4669 	 time=90.00s

2019-04-22 14:46:10 Epoch 8/8; lr = [0.00025]
2019-04-22 14:46:31 ->loss: | 47.2514272518456
2019-04-22 14:46:52 ->loss: | 46.55224798247218
2019-04-22 14:47:12 ->loss: | 47.742843478918076
2019-04-22 14:47:32 Cross-validation
2019-04-22 14:47:40 

summary: Fold 1/5 	 Epoch 8/8 	 loss=47.0381 	 val_loss=50.2748 	 time=89.80s

2019-04-22 14:47:40 Fold 1 done; test on test data
2019-04-22 14:47:53 Fold 2; num_batches = 2041
2019-04-22 14:47:53 Epoch 1/8; lr = [0.001]
2019-04-22 14:48:13 ->loss: | 74.38070054352283
2019-04-22 14:48:34 ->loss: | 62.745387978851795
2019-04-22 14:48:54 ->loss: | 60.01553142815828
2019-04-22 14:49:14 Cross-validation
2019-04-22 14:49:22 

summary: Fold 2/5 	 Epoch 1/8 	 loss=64.2588 	 val_loss=54.4789 	 time=89.34s

2019-04-22 14:49:22 Epoch 2/8; lr = [0.001]
2019-04-22 14:49:43 ->loss: | 57.086663626134396
2019-04-22 14:50:03 ->loss: | 57.36331367492676
2019-04-22 14:50:24 ->loss: | 56.61439963057637
2019-04-22 14:50:44 Cross-validation
2019-04-22 14:50:52 

summary: Fold 2/5 	 Epoch 2/8 	 loss=56.6435 	 val_loss=52.2323 	 time=89.74s

2019-04-22 14:50:52 Epoch 3/8; lr = [0.001]
2019-04-22 14:51:13 ->loss: | 54.355597499758005
2019-04-22 14:51:33 ->loss: | 54.123178988695145
2019-04-22 14:51:53 ->loss: | 53.96101534739137
2019-04-22 14:52:13 Cross-validation
2019-04-22 14:52:22 

summary: Fold 2/5 	 Epoch 3/8 	 loss=54.0859 	 val_loss=51.4991 	 time=89.58s

2019-04-22 14:52:22 Epoch 4/8; lr = [0.0005]
2019-04-22 14:52:42 ->loss: | 51.92528818175197
2019-04-22 14:53:02 ->loss: | 51.54349624738097
2019-04-22 14:53:23 ->loss: | 50.88304428756237
2019-04-22 14:53:43 Cross-validation
2019-04-22 14:53:51 

summary: Fold 2/5 	 Epoch 4/8 	 loss=51.4172 	 val_loss=50.2483 	 time=89.43s

2019-04-22 14:53:51 Epoch 5/8; lr = [0.0005]
2019-04-22 14:54:11 ->loss: | 50.38788077235222
2019-04-22 14:54:32 ->loss: | 50.28569903969765
2019-04-22 14:54:52 ->loss: | 50.25320864096284
2019-04-22 14:55:12 Cross-validation
2019-04-22 14:55:20 

summary: Fold 2/5 	 Epoch 5/8 	 loss=50.2740 	 val_loss=50.1140 	 time=89.35s

2019-04-22 14:55:20 Epoch 6/8; lr = [0.0005]
2019-04-22 14:55:41 ->loss: | 48.87169388309121
2019-04-22 14:56:02 ->loss: | 48.50430207699537
2019-04-22 14:56:22 ->loss: | 49.69420262053609
2019-04-22 14:56:42 Cross-validation
2019-04-22 14:56:50 

summary: Fold 2/5 	 Epoch 6/8 	 loss=49.1503 	 val_loss=50.0371 	 time=89.96s

2019-04-22 14:56:50 Epoch 7/8; lr = [0.00025]
2019-04-22 14:57:11 ->loss: | 46.94585143774748
2019-04-22 14:57:31 ->loss: | 47.694632306694984
2019-04-22 14:57:52 ->loss: | 47.33892364427447
2019-04-22 14:58:12 Cross-validation
2019-04-22 14:58:20 

summary: Fold 2/5 	 Epoch 7/8 	 loss=47.3909 	 val_loss=51.1241 	 time=89.75s

2019-04-22 14:58:20 Epoch 8/8; lr = [0.00025]
2019-04-22 14:58:41 ->loss: | 46.417131304740906
2019-04-22 14:59:01 ->loss: | 46.76212088018656
2019-04-22 14:59:21 ->loss: | 46.68270868435502
2019-04-22 14:59:42 Cross-validation
2019-04-22 14:59:50 

summary: Fold 2/5 	 Epoch 8/8 	 loss=46.6311 	 val_loss=50.6971 	 time=89.91s

2019-04-22 14:59:50 Fold 2 done; test on test data
2019-04-22 15:00:03 Fold 3; num_batches = 2041
2019-04-22 15:00:03 Epoch 1/8; lr = [0.001]
2019-04-22 15:00:23 ->loss: | 75.83876176178455
2019-04-22 15:00:44 ->loss: | 61.9665118008852
2019-04-22 15:01:04 ->loss: | 60.457919135689735
2019-04-22 15:01:24 Cross-validation
2019-04-22 15:01:32 

summary: Fold 3/5 	 Epoch 1/8 	 loss=64.3480 	 val_loss=54.7262 	 time=89.61s

2019-04-22 15:01:32 Epoch 2/8; lr = [0.001]
2019-04-22 15:01:52 ->loss: | 57.32105837762356
2019-04-22 15:02:13 ->loss: | 56.70507315546274
2019-04-22 15:02:33 ->loss: | 56.288029957562685
2019-04-22 15:02:53 Cross-validation
2019-04-22 15:03:01 

summary: Fold 3/5 	 Epoch 2/8 	 loss=56.5420 	 val_loss=52.4174 	 time=89.00s

2019-04-22 15:03:01 Epoch 3/8; lr = [0.001]
2019-04-22 15:03:22 ->loss: | 53.77239230275154
2019-04-22 15:03:42 ->loss: | 53.86241842061281
2019-04-22 15:04:02 ->loss: | 54.11723966151476
2019-04-22 15:04:22 Cross-validation
2019-04-22 15:04:30 

summary: Fold 3/5 	 Epoch 3/8 	 loss=53.9834 	 val_loss=51.0507 	 time=88.91s

2019-04-22 15:04:30 Epoch 4/8; lr = [0.0005]
2019-04-22 15:04:50 ->loss: | 51.33995156362653
2019-04-22 15:05:11 ->loss: | 50.729375414550304
2019-04-22 15:05:31 ->loss: | 51.96848016232252
2019-04-22 15:05:51 Cross-validation
2019-04-22 15:05:59 

summary: Fold 3/5 	 Epoch 4/8 	 loss=51.4056 	 val_loss=50.8320 	 time=89.22s

2019-04-22 15:05:59 Epoch 5/8; lr = [0.0005]
2019-04-22 15:06:20 ->loss: | 50.06579162552953
2019-04-22 15:06:40 ->loss: | 50.28168818727136
2019-04-22 15:07:00 ->loss: | 49.90011106804013
2019-04-22 15:07:20 Cross-validation
2019-04-22 15:07:28 

summary: Fold 3/5 	 Epoch 5/8 	 loss=50.2368 	 val_loss=50.5187 	 time=88.59s

2019-04-22 15:07:28 Epoch 6/8; lr = [0.0005]
2019-04-22 15:07:48 ->loss: | 49.096686378121376
2019-04-22 15:08:08 ->loss: | 49.30192258581519
2019-04-22 15:08:28 ->loss: | 49.05130660161376
2019-04-22 15:08:48 Cross-validation
2019-04-22 15:08:56 

summary: Fold 3/5 	 Epoch 6/8 	 loss=49.1811 	 val_loss=50.7829 	 time=87.65s

2019-04-22 15:08:56 Epoch 7/8; lr = [0.00025]
2019-04-22 15:09:16 ->loss: | 46.83507080003619
2019-04-22 15:09:36 ->loss: | 47.11321658268571
2019-04-22 15:09:55 ->loss: | 47.84242004528642
2019-04-22 15:10:15 Cross-validation
2019-04-22 15:10:23 

summary: Fold 3/5 	 Epoch 7/8 	 loss=47.4088 	 val_loss=50.9654 	 time=87.41s

2019-04-22 15:10:23 Epoch 8/8; lr = [0.00025]
2019-04-22 15:10:43 ->loss: | 46.09582256153226
2019-04-22 15:11:03 ->loss: | 46.44595851376653
2019-04-22 15:11:23 ->loss: | 47.11962899565697
2019-04-22 15:11:43 Cross-validation
2019-04-22 15:11:51 

summary: Fold 3/5 	 Epoch 8/8 	 loss=46.6941 	 val_loss=50.7880 	 time=87.71s

2019-04-22 15:11:51 Fold 3 done; test on test data
2019-04-22 15:12:03 Fold 4; num_batches = 2041
2019-04-22 15:12:03 Epoch 1/8; lr = [0.001]
2019-04-22 15:12:23 ->loss: | 74.99683521687984
2019-04-22 15:12:43 ->loss: | 62.67673376202583
2019-04-22 15:13:03 ->loss: | 60.30526116490364
2019-04-22 15:13:23 Cross-validation
2019-04-22 15:13:31 

summary: Fold 4/5 	 Epoch 1/8 	 loss=64.1811 	 val_loss=54.1677 	 time=87.72s

2019-04-22 15:13:31 Epoch 2/8; lr = [0.001]
2019-04-22 15:13:51 ->loss: | 58.149522468447685
2019-04-22 15:14:11 ->loss: | 57.168372079730034
2019-04-22 15:14:31 ->loss: | 55.7834056802094
2019-04-22 15:14:51 Cross-validation
2019-04-22 15:14:59 

summary: Fold 4/5 	 Epoch 2/8 	 loss=56.7209 	 val_loss=52.1783 	 time=88.01s

2019-04-22 15:14:59 Epoch 3/8; lr = [0.001]
2019-04-22 15:15:19 ->loss: | 54.72023346275091
2019-04-22 15:15:38 ->loss: | 54.35717607289553
2019-04-22 15:15:58 ->loss: | 53.94040409475565
2019-04-22 15:16:18 Cross-validation
2019-04-22 15:16:26 

summary: Fold 4/5 	 Epoch 3/8 	 loss=54.2647 	 val_loss=50.3786 	 time=86.76s

2019-04-22 15:16:26 Epoch 4/8; lr = [0.0005]
2019-04-22 15:16:46 ->loss: | 52.118316899985075
2019-04-22 15:17:05 ->loss: | 51.5116283968091
2019-04-22 15:17:25 ->loss: | 50.766748543828726
2019-04-22 15:17:45 Cross-validation
2019-04-22 15:17:53 

summary: Fold 4/5 	 Epoch 4/8 	 loss=51.4214 	 val_loss=49.8680 	 time=87.07s

2019-04-22 15:17:53 Epoch 5/8; lr = [0.0005]
2019-04-22 15:18:13 ->loss: | 50.27729057148099
2019-04-22 15:18:33 ->loss: | 50.22253526374698
2019-04-22 15:18:53 ->loss: | 50.31226571649313
2019-04-22 15:19:13 Cross-validation
2019-04-22 15:19:21 

summary: Fold 4/5 	 Epoch 5/8 	 loss=50.2017 	 val_loss=49.7342 	 time=88.20s

2019-04-22 15:19:21 Epoch 6/8; lr = [0.0005]
2019-04-22 15:19:41 ->loss: | 49.106207229197025
2019-04-22 15:20:01 ->loss: | 49.73215198889375
2019-04-22 15:20:21 ->loss: | 49.14849864318967
2019-04-22 15:20:41 Cross-validation
2019-04-22 15:20:49 

summary: Fold 4/5 	 Epoch 6/8 	 loss=49.2525 	 val_loss=49.7014 	 time=88.23s

2019-04-22 15:20:49 Epoch 7/8; lr = [0.00025]
2019-04-22 15:21:09 ->loss: | 46.98934731632471
2019-04-22 15:21:29 ->loss: | 47.146868236362934
2019-04-22 15:21:49 ->loss: | 47.49358155205846
2019-04-22 15:22:08 Cross-validation
2019-04-22 15:22:16 

summary: Fold 4/5 	 Epoch 7/8 	 loss=47.3950 	 val_loss=50.0588 	 time=86.80s

2019-04-22 15:22:16 Epoch 8/8; lr = [0.00025]
2019-04-22 15:22:36 ->loss: | 47.022291999310255
2019-04-22 15:22:56 ->loss: | 46.4349901676178
2019-04-22 15:23:16 ->loss: | 46.74117410555482
2019-04-22 15:23:35 Cross-validation
2019-04-22 15:23:43 

summary: Fold 4/5 	 Epoch 8/8 	 loss=46.7199 	 val_loss=50.3397 	 time=87.20s

2019-04-22 15:23:43 Fold 4 done; test on test data
2019-04-22 15:23:56 Fold 5; num_batches = 2041
2019-04-22 15:23:56 Epoch 1/8; lr = [0.001]
2019-04-22 15:24:16 ->loss: | 75.52820613980293
2019-04-22 15:24:35 ->loss: | 62.10433042049408
2019-04-22 15:24:55 ->loss: | 60.78236421942711
2019-04-22 15:25:15 Cross-validation
2019-04-22 15:25:23 

summary: Fold 5/5 	 Epoch 1/8 	 loss=64.5848 	 val_loss=54.3967 	 time=86.88s

2019-04-22 15:25:23 Epoch 2/8; lr = [0.001]
2019-04-22 15:25:43 ->loss: | 58.41102150082588
2019-04-22 15:26:03 ->loss: | 57.14521775394678
2019-04-22 15:26:23 ->loss: | 56.02615027874708
2019-04-22 15:26:43 Cross-validation
2019-04-22 15:26:51 

summary: Fold 5/5 	 Epoch 2/8 	 loss=56.8882 	 val_loss=52.8968 	 time=87.81s

2019-04-22 15:26:51 Epoch 3/8; lr = [0.001]
2019-04-22 15:27:11 ->loss: | 54.31336537003517
2019-04-22 15:27:31 ->loss: | 55.26186067983508
2019-04-22 15:27:51 ->loss: | 53.87725871801376
2019-04-22 15:28:11 Cross-validation
2019-04-22 15:28:18 

summary: Fold 5/5 	 Epoch 3/8 	 loss=54.3314 	 val_loss=51.3383 	 time=87.81s

2019-04-22 15:28:18 Epoch 4/8; lr = [0.0005]
2019-04-22 15:28:38 ->loss: | 51.39215764775872
2019-04-22 15:28:58 ->loss: | 51.391489785164595
2019-04-22 15:29:19 ->loss: | 51.966025948524475
2019-04-22 15:29:38 Cross-validation
2019-04-22 15:29:46 

summary: Fold 5/5 	 Epoch 4/8 	 loss=51.4923 	 val_loss=49.7482 	 time=87.65s

2019-04-22 15:29:46 Epoch 5/8; lr = [0.0005]
2019-04-22 15:30:06 ->loss: | 50.22770641744137
2019-04-22 15:30:26 ->loss: | 50.61842284351587
2019-04-22 15:30:46 ->loss: | 50.35769557952881
2019-04-22 15:31:05 Cross-validation
2019-04-22 15:31:13 

summary: Fold 5/5 	 Epoch 5/8 	 loss=50.3600 	 val_loss=49.5169 	 time=87.06s

2019-04-22 15:31:13 Epoch 6/8; lr = [0.0005]
2019-04-22 15:31:33 ->loss: | 48.77592834830284
2019-04-22 15:31:53 ->loss: | 49.54188967496157
2019-04-22 15:32:13 ->loss: | 49.90352363139391
2019-04-22 15:32:32 Cross-validation
2019-04-22 15:32:40 

summary: Fold 5/5 	 Epoch 6/8 	 loss=49.3558 	 val_loss=49.6406 	 time=87.04s

2019-04-22 15:32:40 Epoch 7/8; lr = [0.00025]
2019-04-22 15:33:00 ->loss: | 47.53558810055256
2019-04-22 15:33:20 ->loss: | 47.45455331355333
2019-04-22 15:33:40 ->loss: | 47.82886181771755
2019-04-22 15:34:00 Cross-validation
2019-04-22 15:34:08 

summary: Fold 5/5 	 Epoch 7/8 	 loss=47.5512 	 val_loss=49.7531 	 time=87.36s

2019-04-22 15:34:08 Epoch 8/8; lr = [0.00025]
2019-04-22 15:34:27 ->loss: | 46.77671550959349
2019-04-22 15:34:47 ->loss: | 46.67729798704386
2019-04-22 15:35:07 ->loss: | 46.571552477777004
2019-04-22 15:35:27 Cross-validation
2019-04-22 15:35:35 

summary: Fold 5/5 	 Epoch 8/8 	 loss=46.6337 	 val_loss=50.3247 	 time=87.11s

2019-04-22 15:35:35 Fold 5 done; test on test data
2019-04-22 15:35:45 Training done
2019-04-22 15:35:45 Finding threshold
2019-04-22 15:36:06 {'threshold': 0.31818181818181834, 'f1': 0.6830746191285315}
2019-04-22 15:36:06 Generating submission.csv
