2019-04-22 13:12:10 Read csvs...
2019-04-22 13:12:13 Clean DataFrames...
2019-04-22 13:13:16 Tokenize...
2019-04-22 13:13:44 Pad...
2019-04-22 13:14:30 Embedding matrices
2019-04-22 13:17:25 ->loaded glove
2019-04-22 13:19:42 ->loaded paragram
2019-04-22 13:19:44 
Starting train loop

2019-04-22 13:19:52 Fold 1; num_batches = 2041
2019-04-22 13:19:52 Epoch 1/8; lr = [0.001]
2019-04-22 13:20:13 ->loss: | 74.12007828056812
2019-04-22 13:20:33 ->loss: | 62.90592782944441
2019-04-22 13:20:53 ->loss: | 60.31785397976637
2019-04-22 13:21:13 Cross-validation
2019-04-22 13:21:22 

summary: Fold 1/5 	 Epoch 1/8 	 loss=63.9697 	 val_loss=55.6100 	 time=89.74s

2019-04-22 13:21:22 Epoch 2/8; lr = [0.001]
2019-04-22 13:21:42 ->loss: | 58.02475557476282
2019-04-22 13:22:03 ->loss: | 57.06743148341775
2019-04-22 13:22:24 ->loss: | 55.99136162549257
2019-04-22 13:22:44 Cross-validation
2019-04-22 13:22:52 

summary: Fold 1/5 	 Epoch 2/8 	 loss=56.6159 	 val_loss=52.4378 	 time=90.63s

2019-04-22 13:22:52 Epoch 3/8; lr = [0.001]
2019-04-22 13:23:13 ->loss: | 54.539769649505615
2019-04-22 13:23:33 ->loss: | 55.242588736116886
2019-04-22 13:23:54 ->loss: | 53.48458402603865
2019-04-22 13:24:14 Cross-validation
2019-04-22 13:24:22 

summary: Fold 1/5 	 Epoch 3/8 	 loss=54.2436 	 val_loss=50.8889 	 time=90.06s

2019-04-22 13:24:22 Epoch 4/8; lr = [0.001]
2019-04-22 13:24:43 ->loss: | 52.54780326038599
2019-04-22 13:25:04 ->loss: | 52.36319391056895
2019-04-22 13:25:25 ->loss: | 51.91338577121496
2019-04-22 13:25:45 Cross-validation
2019-04-22 13:25:53 

summary: Fold 1/5 	 Epoch 4/8 	 loss=52.4762 	 val_loss=50.1648 	 time=90.84s

2019-04-22 13:25:53 Epoch 5/8; lr = [0.001]
2019-04-22 13:26:14 ->loss: | 50.42136347293854
2019-04-22 13:26:35 ->loss: | 51.530033599585295
2019-04-22 13:26:55 ->loss: | 51.12783320620656
2019-04-22 13:27:16 Cross-validation
2019-04-22 13:27:24 

summary: Fold 1/5 	 Epoch 5/8 	 loss=51.1462 	 val_loss=50.4857 	 time=90.60s

2019-04-22 13:27:24 Epoch 6/8; lr = [0.001]
2019-04-22 13:27:45 ->loss: | 49.13759571686387
2019-04-22 13:28:05 ->loss: | 49.796222161501646
2019-04-22 13:28:26 ->loss: | 49.74514742940664
2019-04-22 13:28:46 Cross-validation
2019-04-22 13:28:54 

summary: Fold 1/5 	 Epoch 6/8 	 loss=49.7283 	 val_loss=50.4636 	 time=90.52s

2019-04-22 13:28:54 Epoch 7/8; lr = [0.0005]
2019-04-22 13:29:15 ->loss: | 47.09274596720934
2019-04-22 13:29:36 ->loss: | 46.982236709445715
2019-04-22 13:29:56 ->loss: | 47.0420302413404
2019-04-22 13:30:17 Cross-validation
2019-04-22 13:30:25 

summary: Fold 1/5 	 Epoch 7/8 	 loss=47.1679 	 val_loss=50.7454 	 time=90.56s

2019-04-22 13:30:25 Epoch 8/8; lr = [0.0005]
2019-04-22 13:30:46 ->loss: | 45.88400527462363
2019-04-22 13:31:07 ->loss: | 46.23241099342704
2019-04-22 13:31:27 ->loss: | 46.3213147893548
2019-04-22 13:31:48 Cross-validation
2019-04-22 13:31:56 

summary: Fold 1/5 	 Epoch 8/8 	 loss=46.2786 	 val_loss=50.2816 	 time=91.10s

2019-04-22 13:31:56 Fold 1 done; test on test data
2019-04-22 13:32:08 Fold 2; num_batches = 2041
2019-04-22 13:32:08 Epoch 1/8; lr = [0.001]
2019-04-22 13:32:29 ->loss: | 74.52318213880062
2019-04-22 13:32:50 ->loss: | 62.040728121995926
2019-04-22 13:33:11 ->loss: | 60.24113881587982
2019-04-22 13:33:31 Cross-validation
2019-04-22 13:33:39 

summary: Fold 2/5 	 Epoch 1/8 	 loss=64.0528 	 val_loss=53.7831 	 time=90.49s

2019-04-22 13:33:39 Epoch 2/8; lr = [0.001]
2019-04-22 13:34:00 ->loss: | 56.856622599065304
2019-04-22 13:34:20 ->loss: | 56.937963996082544
2019-04-22 13:34:41 ->loss: | 56.440413258969784
2019-04-22 13:35:01 Cross-validation
2019-04-22 13:35:09 

summary: Fold 2/5 	 Epoch 2/8 	 loss=56.6500 	 val_loss=51.5725 	 time=90.12s

2019-04-22 13:35:09 Epoch 3/8; lr = [0.001]
2019-04-22 13:35:30 ->loss: | 54.13624568283558
2019-04-22 13:35:50 ->loss: | 55.248240515589714
2019-04-22 13:36:11 ->loss: | 53.24319339543581
2019-04-22 13:36:31 Cross-validation
2019-04-22 13:36:39 

summary: Fold 2/5 	 Epoch 3/8 	 loss=54.1312 	 val_loss=51.2960 	 time=90.11s

2019-04-22 13:36:39 Epoch 4/8; lr = [0.001]
2019-04-22 13:37:00 ->loss: | 52.053471710532904
2019-04-22 13:37:20 ->loss: | 52.33072617650032
2019-04-22 13:37:40 ->loss: | 52.93142332881689
2019-04-22 13:38:01 Cross-validation
2019-04-22 13:38:09 

summary: Fold 2/5 	 Epoch 4/8 	 loss=52.3551 	 val_loss=50.1889 	 time=89.83s

2019-04-22 13:38:09 Epoch 5/8; lr = [0.001]
2019-04-22 13:38:30 ->loss: | 50.57420717552304
2019-04-22 13:38:50 ->loss: | 50.80349697172642
2019-04-22 13:39:11 ->loss: | 51.09752069413662
2019-04-22 13:39:31 Cross-validation
2019-04-22 13:39:39 

summary: Fold 2/5 	 Epoch 5/8 	 loss=50.9851 	 val_loss=50.5403 	 time=90.12s

2019-04-22 13:39:39 Epoch 6/8; lr = [0.001]
2019-04-22 13:40:00 ->loss: | 48.65510303527117
2019-04-22 13:40:20 ->loss: | 49.26655150949955
2019-04-22 13:40:41 ->loss: | 49.95712450146675
2019-04-22 13:41:01 Cross-validation
2019-04-22 13:41:09 

summary: Fold 2/5 	 Epoch 6/8 	 loss=49.4515 	 val_loss=50.8117 	 time=89.80s

2019-04-22 13:41:09 Epoch 7/8; lr = [0.0005]
2019-04-22 13:41:29 ->loss: | 47.14255928248167
2019-04-22 13:41:50 ->loss: | 46.73799541220069
2019-04-22 13:42:10 ->loss: | 46.91906864196062
2019-04-22 13:42:31 Cross-validation
2019-04-22 13:42:39 

summary: Fold 2/5 	 Epoch 7/8 	 loss=46.9599 	 val_loss=50.3940 	 time=90.08s

2019-04-22 13:42:39 Epoch 8/8; lr = [0.0005]
2019-04-22 13:43:00 ->loss: | 45.41015602648258
2019-04-22 13:43:20 ->loss: | 45.266067519783974
2019-04-22 13:43:41 ->loss: | 46.3604929856956
2019-04-22 13:44:01 Cross-validation
2019-04-22 13:44:09 

summary: Fold 2/5 	 Epoch 8/8 	 loss=45.8959 	 val_loss=49.9803 	 time=89.94s

2019-04-22 13:44:09 Fold 2 done; test on test data
2019-04-22 13:44:21 Fold 3; num_batches = 2041
2019-04-22 13:44:21 Epoch 1/8; lr = [0.001]
2019-04-22 13:44:42 ->loss: | 74.7296828776598
2019-04-22 13:45:03 ->loss: | 61.97901814430952
2019-04-22 13:45:23 ->loss: | 60.203082263469696
2019-04-22 13:45:43 Cross-validation
2019-04-22 13:45:52 

summary: Fold 3/5 	 Epoch 1/8 	 loss=64.0648 	 val_loss=54.4358 	 time=90.39s

2019-04-22 13:45:52 Epoch 2/8; lr = [0.001]
2019-04-22 13:46:12 ->loss: | 57.33502542600036
2019-04-22 13:46:33 ->loss: | 56.542954958975315
2019-04-22 13:46:53 ->loss: | 56.86319772899151
2019-04-22 13:47:13 Cross-validation
2019-04-22 13:47:21 

summary: Fold 3/5 	 Epoch 2/8 	 loss=56.7409 	 val_loss=51.5990 	 time=89.65s

2019-04-22 13:47:21 Epoch 3/8; lr = [0.001]
2019-04-22 13:47:42 ->loss: | 54.25962840765715
2019-04-22 13:48:02 ->loss: | 53.7246113717556
2019-04-22 13:48:23 ->loss: | 54.27269157767296
2019-04-22 13:48:43 Cross-validation
2019-04-22 13:48:51 

summary: Fold 3/5 	 Epoch 3/8 	 loss=54.2799 	 val_loss=50.6955 	 time=89.48s

2019-04-22 13:48:51 Epoch 4/8; lr = [0.001]
2019-04-22 13:49:11 ->loss: | 52.848423924297094
2019-04-22 13:49:32 ->loss: | 53.0122387111187
2019-04-22 13:49:52 ->loss: | 52.746954165399075
2019-04-22 13:50:12 Cross-validation
2019-04-22 13:50:21 

summary: Fold 3/5 	 Epoch 4/8 	 loss=52.7262 	 val_loss=50.4526 	 time=90.01s

2019-04-22 13:50:21 Epoch 5/8; lr = [0.001]
2019-04-22 13:50:41 ->loss: | 50.93543376773596
2019-04-22 13:51:01 ->loss: | 51.45139350742102
2019-04-22 13:51:22 ->loss: | 51.86521107703447
2019-04-22 13:51:42 Cross-validation
2019-04-22 13:51:50 

summary: Fold 3/5 	 Epoch 5/8 	 loss=51.1711 	 val_loss=50.1803 	 time=88.84s

2019-04-22 13:51:50 Epoch 6/8; lr = [0.001]
2019-04-22 13:52:10 ->loss: | 49.14438231289387
2019-04-22 13:52:30 ->loss: | 50.20528580620885
2019-04-22 13:52:50 ->loss: | 50.077158860862255
2019-04-22 13:53:10 Cross-validation
2019-04-22 13:53:18 

summary: Fold 3/5 	 Epoch 6/8 	 loss=49.8086 	 val_loss=49.8689 	 time=87.80s

2019-04-22 13:53:18 Epoch 7/8; lr = [0.0005]
2019-04-22 13:53:38 ->loss: | 46.82392868772149
2019-04-22 13:53:58 ->loss: | 46.93076403439045
2019-04-22 13:54:18 ->loss: | 47.207512721419334
2019-04-22 13:54:38 Cross-validation
2019-04-22 13:54:46 

summary: Fold 3/5 	 Epoch 7/8 	 loss=47.1437 	 val_loss=49.6435 	 time=88.48s

2019-04-22 13:54:46 Epoch 8/8; lr = [0.0005]
2019-04-22 13:55:06 ->loss: | 45.95131512731314
2019-04-22 13:55:26 ->loss: | 46.61451346427202
2019-04-22 13:55:47 ->loss: | 46.07367653772235
2019-04-22 13:56:06 Cross-validation
2019-04-22 13:56:15 

summary: Fold 3/5 	 Epoch 8/8 	 loss=46.3115 	 val_loss=49.9750 	 time=88.61s

2019-04-22 13:56:15 Fold 3 done; test on test data
2019-04-22 13:56:27 Fold 4; num_batches = 2041
2019-04-22 13:56:27 Epoch 1/8; lr = [0.001]
2019-04-22 13:56:47 ->loss: | 74.14369504153728
2019-04-22 13:57:07 ->loss: | 62.63438215851784
2019-04-22 13:57:27 ->loss: | 60.52608808875084
2019-04-22 13:57:47 Cross-validation
2019-04-22 13:57:55 

summary: Fold 4/5 	 Epoch 1/8 	 loss=64.1870 	 val_loss=53.7923 	 time=88.23s

2019-04-22 13:57:55 Epoch 2/8; lr = [0.001]
2019-04-22 13:58:15 ->loss: | 57.6952939145267
2019-04-22 13:58:35 ->loss: | 56.87892881035805
2019-04-22 13:58:55 ->loss: | 55.68722815811634
2019-04-22 13:59:14 Cross-validation
2019-04-22 13:59:22 

summary: Fold 4/5 	 Epoch 2/8 	 loss=56.6277 	 val_loss=53.5664 	 time=87.18s

2019-04-22 13:59:22 Epoch 3/8; lr = [0.001]
2019-04-22 13:59:42 ->loss: | 54.195667527616024
2019-04-22 14:00:02 ->loss: | 54.15914272889495
2019-04-22 14:00:22 ->loss: | 54.8669198602438
2019-04-22 14:00:42 Cross-validation
2019-04-22 14:00:50 

summary: Fold 4/5 	 Epoch 3/8 	 loss=54.3130 	 val_loss=52.0127 	 time=87.61s

2019-04-22 14:00:50 Epoch 4/8; lr = [0.001]
2019-04-22 14:01:10 ->loss: | 51.748569183051586
2019-04-22 14:01:30 ->loss: | 52.49003893136978
2019-04-22 14:01:50 ->loss: | 53.121688429266214
2019-04-22 14:02:09 Cross-validation
2019-04-22 14:02:18 

summary: Fold 4/5 	 Epoch 4/8 	 loss=52.5882 	 val_loss=50.1474 	 time=87.75s

2019-04-22 14:02:18 Epoch 5/8; lr = [0.001]
2019-04-22 14:02:38 ->loss: | 50.953494016081095
2019-04-22 14:02:58 ->loss: | 50.75804386660457
2019-04-22 14:03:18 ->loss: | 51.16526694968343
2019-04-22 14:03:38 Cross-validation
2019-04-22 14:03:46 

summary: Fold 4/5 	 Epoch 5/8 	 loss=51.0094 	 val_loss=49.4546 	 time=88.35s

2019-04-22 14:03:46 Epoch 6/8; lr = [0.001]
2019-04-22 14:04:06 ->loss: | 49.5657542347908
2019-04-22 14:04:26 ->loss: | 50.13749326765537
2019-04-22 14:04:46 ->loss: | 49.6186883226037
2019-04-22 14:05:05 Cross-validation
2019-04-22 14:05:13 

summary: Fold 4/5 	 Epoch 6/8 	 loss=49.9368 	 val_loss=49.7040 	 time=87.41s

2019-04-22 14:05:13 Epoch 7/8; lr = [0.0005]
2019-04-22 14:05:33 ->loss: | 46.68380954861641
2019-04-22 14:05:53 ->loss: | 46.675863441079855
2019-04-22 14:06:13 ->loss: | 47.46281465515494
2019-04-22 14:06:33 Cross-validation
2019-04-22 14:06:41 

summary: Fold 4/5 	 Epoch 7/8 	 loss=47.1198 	 val_loss=49.7896 	 time=87.96s

2019-04-22 14:06:41 Epoch 8/8; lr = [0.0005]
2019-04-22 14:07:01 ->loss: | 46.04685639962554
2019-04-22 14:07:21 ->loss: | 45.732907861471176
2019-04-22 14:07:42 ->loss: | 46.37634654715657
2019-04-22 14:08:01 Cross-validation
2019-04-22 14:08:09 

summary: Fold 4/5 	 Epoch 8/8 	 loss=46.1993 	 val_loss=49.3204 	 time=88.10s

2019-04-22 14:08:09 Fold 4 done; test on test data
2019-04-22 14:08:22 Fold 5; num_batches = 2041
2019-04-22 14:08:22 Epoch 1/8; lr = [0.001]
2019-04-22 14:08:42 ->loss: | 74.52832244336605
2019-04-22 14:09:02 ->loss: | 62.32090765982866
2019-04-22 14:09:22 ->loss: | 59.93079736828804
2019-04-22 14:09:42 Cross-validation
2019-04-22 14:09:50 

summary: Fold 5/5 	 Epoch 1/8 	 loss=63.9516 	 val_loss=55.8412 	 time=88.10s

2019-04-22 14:09:50 Epoch 2/8; lr = [0.001]
2019-04-22 14:10:10 ->loss: | 57.313464157283306
2019-04-22 14:10:30 ->loss: | 56.94388471543789
2019-04-22 14:10:50 ->loss: | 56.608872808516026
2019-04-22 14:11:10 Cross-validation
2019-04-22 14:11:18 

summary: Fold 5/5 	 Epoch 2/8 	 loss=56.7261 	 val_loss=51.1355 	 time=88.09s

2019-04-22 14:11:18 Epoch 3/8; lr = [0.001]
2019-04-22 14:11:38 ->loss: | 54.4189969971776
2019-04-22 14:11:58 ->loss: | 54.615823201835155
2019-04-22 14:12:18 ->loss: | 54.41607680916786
2019-04-22 14:12:38 Cross-validation
2019-04-22 14:12:46 

summary: Fold 5/5 	 Epoch 3/8 	 loss=54.2936 	 val_loss=50.3688 	 time=87.79s

2019-04-22 14:12:46 Epoch 4/8; lr = [0.001]
2019-04-22 14:13:06 ->loss: | 52.05043017864227
2019-04-22 14:13:26 ->loss: | 53.07940976321697
2019-04-22 14:13:46 ->loss: | 52.65199388563633
2019-04-22 14:14:06 Cross-validation
2019-04-22 14:14:14 

summary: Fold 5/5 	 Epoch 4/8 	 loss=52.6443 	 val_loss=51.0239 	 time=87.86s

2019-04-22 14:14:14 Epoch 5/8; lr = [0.001]
2019-04-22 14:14:34 ->loss: | 50.654279217123985
2019-04-22 14:14:54 ->loss: | 51.490649189800024
2019-04-22 14:15:14 ->loss: | 51.551569782197475
2019-04-22 14:15:33 Cross-validation
2019-04-22 14:15:42 

summary: Fold 5/5 	 Epoch 5/8 	 loss=51.1639 	 val_loss=50.0384 	 time=88.00s

2019-04-22 14:15:42 Epoch 6/8; lr = [0.001]
2019-04-22 14:16:02 ->loss: | 48.8815398439765
2019-04-22 14:16:22 ->loss: | 50.09487310796976
2019-04-22 14:16:42 ->loss: | 49.602174911648035
2019-04-22 14:17:02 Cross-validation
2019-04-22 14:17:10 

summary: Fold 5/5 	 Epoch 6/8 	 loss=49.6464 	 val_loss=49.6141 	 time=88.47s

2019-04-22 14:17:10 Epoch 7/8; lr = [0.0005]
2019-04-22 14:17:30 ->loss: | 46.40820335224271
2019-04-22 14:17:50 ->loss: | 47.67246114835143
2019-04-22 14:18:10 ->loss: | 47.9301654137671
2019-04-22 14:18:29 Cross-validation
2019-04-22 14:18:38 

summary: Fold 5/5 	 Epoch 7/8 	 loss=47.1937 	 val_loss=49.4188 	 time=87.52s

2019-04-22 14:18:38 Epoch 8/8; lr = [0.0005]
2019-04-22 14:18:58 ->loss: | 45.36755523458123
2019-04-22 14:19:18 ->loss: | 46.72413083538413
2019-04-22 14:19:38 ->loss: | 45.95979344472289
2019-04-22 14:19:57 Cross-validation
2019-04-22 14:20:05 

summary: Fold 5/5 	 Epoch 8/8 	 loss=46.0598 	 val_loss=49.5143 	 time=87.95s

2019-04-22 14:20:05 Fold 5 done; test on test data
2019-04-22 14:20:16 Training done
2019-04-22 14:20:16 Finding threshold
2019-04-22 14:20:37 {'threshold': 0.40909090909090917, 'f1': 0.6847641108064669}
2019-04-22 14:20:37 Generating submission.csv
