Using TensorFlow backend.
Read csv
Clean DataFrames
Tokenize
Pad
Embedding matrix
Starting train loop
Fold 1; num_batches = 2041
Epoch 1/5
loss: 95.3533703610301
loss: 65.2395749092102
loss: 62.577226877212524
Cross-validation
summary: Fold 1/5 	 Epoch 1/5 	 loss=71.2395 	 val_loss=60.7157 	 time=65.89s
Epoch 2/5
loss: 60.10658721253276
loss: 60.01579358428717
loss: 59.69887153059244
Cross-validation
summary: Fold 1/5 	 Epoch 2/5 	 loss=59.6023 	 val_loss=58.1683 	 time=65.86s
Epoch 3/5
loss: 58.3118553571403
loss: 57.076835222542286
loss: 57.66743488609791
Cross-validation
summary: Fold 1/5 	 Epoch 3/5 	 loss=57.3965 	 val_loss=57.6315 	 time=65.96s
Epoch 4/5
loss: 56.24827100709081
loss: 56.257489051669836
loss: 55.72995641827583
Cross-validation
summary: Fold 1/5 	 Epoch 4/5 	 loss=55.7642 	 val_loss=55.1576 	 time=66.25s
Epoch 5/5
loss: 54.484717823565006
loss: 54.95904140919447
loss: 54.378189131617546
Cross-validation
summary: Fold 1/5 	 Epoch 5/5 	 loss=54.4547 	 val_loss=54.4542 	 time=65.92s
Fold 1 done; test on test data
Fold 2; num_batches = 2041
Epoch 1/5
loss: 93.63973817229271
loss: 65.33878396451473
loss: 63.1020125746727
Cross-validation
summary: Fold 2/5 	 Epoch 1/5 	 loss=70.9022 	 val_loss=60.9576 	 time=65.98s
Epoch 2/5
loss: 60.40557135641575
loss: 59.71471951901913
loss: 59.44229048490524
Cross-validation
summary: Fold 2/5 	 Epoch 2/5 	 loss=59.7073 	 val_loss=58.0482 	 time=65.92s
Epoch 3/5
loss: 57.44683539867401
loss: 57.97261045873165
loss: 57.28188383579254
Cross-validation
summary: Fold 2/5 	 Epoch 3/5 	 loss=57.4654 	 val_loss=56.7026 	 time=66.31s
Epoch 4/5
loss: 56.55670213699341
loss: 55.82445361092687
loss: 56.31371100246906
Cross-validation
summary: Fold 2/5 	 Epoch 4/5 	 loss=55.8420 	 val_loss=55.2745 	 time=66.23s
Epoch 5/5
loss: 55.13504841923714
loss: 54.50079116970301
loss: 54.74680272489786
Cross-validation
summary: Fold 2/5 	 Epoch 5/5 	 loss=54.5723 	 val_loss=53.9481 	 time=65.49s
Fold 2 done; test on test data
Fold 3; num_batches = 2041
Epoch 1/5
loss: 92.79225860536098
loss: 65.42091552913189
loss: 62.5154796987772
Cross-validation
summary: Fold 3/5 	 Epoch 1/5 	 loss=70.5737 	 val_loss=61.1711 	 time=66.21s
Epoch 2/5
loss: 59.839537646621466
loss: 60.00362864136696
loss: 59.18663474172354
Cross-validation
summary: Fold 3/5 	 Epoch 2/5 	 loss=59.5135 	 val_loss=59.8035 	 time=66.43s
Epoch 3/5
loss: 57.778681207448244
loss: 57.503118686378
loss: 57.104018311947584
Cross-validation
summary: Fold 3/5 	 Epoch 3/5 	 loss=57.2143 	 val_loss=57.0643 	 time=66.58s
Epoch 4/5
loss: 56.19508908316493
loss: 55.94241686165333
loss: 55.15974596515298
Cross-validation
summary: Fold 3/5 	 Epoch 4/5 	 loss=55.6422 	 val_loss=55.8129 	 time=66.20s
Epoch 5/5
loss: 54.62788337469101
loss: 54.054419092833996
loss: 54.67017515003681
Cross-validation
summary: Fold 3/5 	 Epoch 5/5 	 loss=54.4169 	 val_loss=54.6370 	 time=66.45s
Fold 3 done; test on test data
Fold 4; num_batches = 2041
Epoch 1/5
loss: 94.25617688894272
loss: 64.49378502368927
loss: 62.30693446099758
Cross-validation
summary: Fold 4/5 	 Epoch 1/5 	 loss=70.8251 	 val_loss=61.3950 	 time=66.02s
Epoch 2/5
loss: 60.90570928901434
loss: 59.500652857124805
loss: 59.45324108749628
Cross-validation
summary: Fold 4/5 	 Epoch 2/5 	 loss=59.4175 	 val_loss=58.2577 	 time=65.97s
Epoch 3/5
loss: 58.14586663246155
loss: 57.924174942076206
loss: 56.664649199694395
Cross-validation
summary: Fold 4/5 	 Epoch 3/5 	 loss=57.2476 	 val_loss=57.2150 	 time=65.81s
Epoch 4/5
loss: 55.92366319894791
loss: 56.15523153543472
loss: 55.98095350712538
Cross-validation
summary: Fold 4/5 	 Epoch 4/5 	 loss=55.6468 	 val_loss=55.7816 	 time=65.87s
Epoch 5/5
loss: 54.16039576753974
loss: 54.81777182966471
loss: 54.72806416451931
Cross-validation
summary: Fold 4/5 	 Epoch 5/5 	 loss=54.4016 	 val_loss=54.8312 	 time=65.71s
Fold 4 done; test on test data
Fold 5; num_batches = 2041
Epoch 1/5
loss: 91.17567449808121
loss: 65.1432297155261
loss: 62.97249048948288
Cross-validation
summary: Fold 5/5 	 Epoch 1/5 	 loss=70.3385 	 val_loss=60.9428 	 time=66.08s
Epoch 2/5
loss: 60.12389512360096
loss: 59.19453230500221
loss: 59.59012661501765
Cross-validation
summary: Fold 5/5 	 Epoch 2/5 	 loss=59.4649 	 val_loss=58.3110 	 time=66.24s
Epoch 3/5
loss: 57.20610975474119
loss: 57.59771481156349
loss: 57.24629811197519
Cross-validation
summary: Fold 5/5 	 Epoch 3/5 	 loss=57.3033 	 val_loss=56.7013 	 time=66.00s
Epoch 4/5
loss: 56.39491246640682
loss: 56.112848944962025
loss: 54.755507577210665
Cross-validation
summary: Fold 5/5 	 Epoch 4/5 	 loss=55.6924 	 val_loss=55.6782 	 time=65.96s
Epoch 5/5
loss: 54.81628454104066
loss: 54.46358408778906
loss: 54.388890992850065
Cross-validation
summary: Fold 5/5 	 Epoch 5/5 	 loss=54.3931 	 val_loss=54.7040 	 time=65.95s
Fold 5 done; test on test data
{'threshold': 0.3484848484848486, 'f1': 0.651108313080144}
