Using TensorFlow backend.
Read csv
Clean DataFrames
Tokenize
Pad
Embedding matrices
	loaded glove
	loaded paragram
Starting train loop
Fold 1; num_batches = 2041
Epoch 1/8
loss: 96.84325471520424
loss: 64.5828302949667
loss: 61.886546939611435
Cross-validation
summary: Fold 1/5 	 Epoch 1/8 	 loss=71.4155 	 val_loss=60.2290 	 time=64.91s
Epoch 2/8
loss: 60.65512687712908
loss: 59.34603187441826
loss: 59.337351746857166
Cross-validation
summary: Fold 1/5 	 Epoch 2/8 	 loss=59.5018 	 val_loss=58.2310 	 time=65.24s
Epoch 3/8
loss: 58.29491879045963
loss: 57.34485504031181
loss: 56.479246124625206
Cross-validation
summary: Fold 1/5 	 Epoch 3/8 	 loss=57.2406 	 val_loss=56.6753 	 time=65.06s
Epoch 4/8
loss: 56.412467770278454
loss: 55.10446532070637
loss: 55.85826303064823
Cross-validation
summary: Fold 1/5 	 Epoch 4/8 	 loss=55.5197 	 val_loss=54.8906 	 time=64.94s
Epoch 5/8
loss: 54.08299461752176
loss: 54.060114558786154
loss: 54.602720614522696
Cross-validation
summary: Fold 1/5 	 Epoch 5/8 	 loss=54.1547 	 val_loss=54.6375 	 time=65.36s
Epoch 6/8
loss: 53.423002764582634
loss: 52.92416149377823
loss: 52.37103784456849
Cross-validation
summary: Fold 1/5 	 Epoch 6/8 	 loss=52.8987 	 val_loss=53.6725 	 time=65.03s
Epoch 7/8
loss: 52.2102053463459
loss: 51.23266298696399
loss: 52.25986598059535
Cross-validation
summary: Fold 1/5 	 Epoch 7/8 	 loss=51.8794 	 val_loss=52.5282 	 time=65.18s
Epoch 8/8
loss: 50.79009198397398
loss: 50.49855970591307
loss: 50.98595456406474
Cross-validation
summary: Fold 1/5 	 Epoch 8/8 	 loss=50.9009 	 val_loss=52.3465 	 time=65.06s
Fold 1 done; test on test data
Fold 2; num_batches = 2041
Epoch 1/8
loss: 97.55940186977386
loss: 64.4876305386424
loss: 62.62363615632057
Cross-validation
summary: Fold 2/5 	 Epoch 1/8 	 loss=71.4161 	 val_loss=61.2668 	 time=65.51s
Epoch 2/8
loss: 60.478586815297604
loss: 59.09538069367409
loss: 59.67244299501181
Cross-validation
summary: Fold 2/5 	 Epoch 2/8 	 loss=59.3900 	 val_loss=59.0128 	 time=64.92s
Epoch 3/8
loss: 57.576586335897446
loss: 56.781388860195875
loss: 57.71148390695453
Cross-validation
summary: Fold 2/5 	 Epoch 3/8 	 loss=57.1335 	 val_loss=56.4697 	 time=65.29s
Epoch 4/8
loss: 55.75959423556924
loss: 55.42986719310284
loss: 54.9162340760231
Cross-validation
summary: Fold 2/5 	 Epoch 4/8 	 loss=55.4250 	 val_loss=55.5968 	 time=65.13s
Epoch 5/8
loss: 54.884114909917116
loss: 54.65622028708458
loss: 52.98064737021923
Cross-validation
summary: Fold 2/5 	 Epoch 5/8 	 loss=54.0330 	 val_loss=54.7089 	 time=65.20s
Epoch 6/8
loss: 52.78714682161808
loss: 52.57788949459791
loss: 52.800816524773836
Cross-validation
summary: Fold 2/5 	 Epoch 6/8 	 loss=52.8171 	 val_loss=53.6927 	 time=65.28s
Epoch 7/8
loss: 51.72795034945011
loss: 51.2913394831121
loss: 52.313401978462934
Cross-validation
summary: Fold 2/5 	 Epoch 7/8 	 loss=51.6714 	 val_loss=52.9907 	 time=65.13s
Epoch 8/8
loss: 50.88950848206878
loss: 50.97986328974366
loss: 50.95427292212844
Cross-validation
summary: Fold 2/5 	 Epoch 8/8 	 loss=50.8242 	 val_loss=52.3823 	 time=65.17s
Fold 2 done; test on test data
Fold 3; num_batches = 2041
Epoch 1/8
loss: 97.50677668303251
loss: 64.17386668920517
loss: 62.6571931540966
Cross-validation
summary: Fold 3/5 	 Epoch 1/8 	 loss=71.5082 	 val_loss=60.7913 	 time=65.70s
Epoch 2/8
loss: 60.05367523431778
loss: 59.95635283738375
loss: 59.02162589877844
Cross-validation
summary: Fold 3/5 	 Epoch 2/8 	 loss=59.4385 	 val_loss=58.2573 	 time=65.73s
Epoch 3/8
loss: 57.870728243142366
loss: 56.86349318549037
loss: 57.5575410425663
Cross-validation
summary: Fold 3/5 	 Epoch 3/8 	 loss=57.2328 	 val_loss=56.9991 	 time=66.00s
Epoch 4/8
loss: 55.90413071215153
loss: 55.877071645110846
loss: 55.87978654354811
Cross-validation
summary: Fold 3/5 	 Epoch 4/8 	 loss=55.5525 	 val_loss=55.4851 	 time=65.69s
Epoch 5/8
loss: 54.93703202530742
loss: 54.61507969349623
loss: 53.552505277097225
Cross-validation
summary: Fold 3/5 	 Epoch 5/8 	 loss=54.2222 	 val_loss=54.5919 	 time=65.67s
Epoch 6/8
loss: 52.62541715428233
loss: 52.24637385085225
loss: 53.39620748907328
Cross-validation
summary: Fold 3/5 	 Epoch 6/8 	 loss=52.9616 	 val_loss=53.7525 	 time=65.54s
Epoch 7/8
loss: 52.29763499647379
loss: 51.65279584378004
loss: 51.955464124679565
Cross-validation
summary: Fold 3/5 	 Epoch 7/8 	 loss=51.8415 	 val_loss=53.1205 	 time=65.71s
Epoch 8/8
loss: 50.83341180533171
loss: 51.27931613847613
loss: 51.0155963152647
Cross-validation
summary: Fold 3/5 	 Epoch 8/8 	 loss=50.8475 	 val_loss=52.6517 	 time=65.93s
Fold 3 done; test on test data
Fold 4; num_batches = 2041
Epoch 1/8
loss: 95.30893521010876
loss: 64.23442520201206
loss: 63.5273390263319
Cross-validation
summary: Fold 4/5 	 Epoch 1/8 	 loss=71.0535 	 val_loss=61.1780 	 time=65.27s
Epoch 2/8
loss: 60.223930068314075
loss: 59.740286104381084
loss: 58.76744616776705
Cross-validation
summary: Fold 4/5 	 Epoch 2/8 	 loss=59.1720 	 val_loss=58.7473 	 time=65.19s
Epoch 3/8
loss: 57.49964588135481
loss: 57.808200500905514
loss: 56.057392455637455
Cross-validation
summary: Fold 4/5 	 Epoch 3/8 	 loss=56.8936 	 val_loss=57.2233 	 time=65.30s
Epoch 4/8
loss: 56.00804306939244
loss: 54.96490008383989
loss: 55.10145960748196
Cross-validation
summary: Fold 4/5 	 Epoch 4/8 	 loss=55.1923 	 val_loss=55.9714 	 time=65.32s
Epoch 5/8
loss: 54.83822103962302
loss: 53.96622736006975
loss: 53.23761023953557
Cross-validation
summary: Fold 4/5 	 Epoch 5/8 	 loss=53.8507 	 val_loss=55.6125 	 time=64.35s
Epoch 6/8
loss: 52.592130195349455
loss: 53.339442390948534
loss: 52.322535410523415
Cross-validation
summary: Fold 4/5 	 Epoch 6/8 	 loss=52.6545 	 val_loss=54.3093 	 time=63.88s
Epoch 7/8
loss: 51.439924240112305
loss: 52.06764820218086
loss: 52.127470057457685
Cross-validation
summary: Fold 4/5 	 Epoch 7/8 	 loss=51.6205 	 val_loss=53.7705 	 time=63.64s
Epoch 8/8
loss: 49.98234109580517
loss: 51.036579232662916
loss: 50.2610521055758
Cross-validation
summary: Fold 4/5 	 Epoch 8/8 	 loss=50.6852 	 val_loss=53.2040 	 time=63.58s
Fold 4 done; test on test data
Fold 5; num_batches = 2041
Epoch 1/8
loss: 96.6890297010541
loss: 64.21709342300892
loss: 62.58195227384567
Cross-validation
summary: Fold 5/5 	 Epoch 1/8 	 loss=71.3188 	 val_loss=60.0810 	 time=63.63s
Epoch 2/8
loss: 60.51274798810482
loss: 59.946921072900295
loss: 59.08535826206207
Cross-validation
summary: Fold 5/5 	 Epoch 2/8 	 loss=59.5805 	 val_loss=57.8108 	 time=63.69s
Epoch 3/8
loss: 57.41389737278223
loss: 57.9593101888895
loss: 57.449761010706425
Cross-validation
summary: Fold 5/5 	 Epoch 3/8 	 loss=57.3564 	 val_loss=56.2368 	 time=63.57s
Epoch 4/8
loss: 56.84274695813656
loss: 55.73718082904816
loss: 54.87484908849001
Cross-validation
summary: Fold 5/5 	 Epoch 4/8 	 loss=55.6537 	 val_loss=54.6943 	 time=63.55s
Epoch 5/8
loss: 54.70015684515238
loss: 53.812882505357265
loss: 54.62126522138715
Cross-validation
summary: Fold 5/5 	 Epoch 5/8 	 loss=54.2557 	 val_loss=54.1576 	 time=63.69s
Epoch 6/8
loss: 53.01462588831782
loss: 53.75727757066488
loss: 52.63369508087635
Cross-validation
summary: Fold 5/5 	 Epoch 6/8 	 loss=53.0846 	 val_loss=53.6135 	 time=63.64s
Epoch 7/8
loss: 51.65485294908285
loss: 52.03144823014736
loss: 52.69026655331254
Cross-validation
summary: Fold 5/5 	 Epoch 7/8 	 loss=51.9768 	 val_loss=52.3776 	 time=63.78s
Epoch 8/8
loss: 51.01716819033027
loss: 51.621951043605804
loss: 50.95358259603381
Cross-validation
summary: Fold 5/5 	 Epoch 8/8 	 loss=51.0373 	 val_loss=52.1801 	 time=63.65s
Fold 5 done; test on test data
{'threshold': 0.31818181818181834, 'f1': 0.6656593280323575}
