2019-03-20 11:58:36	('Read csvs...',)
2019-03-20 11:58:40	('Clean DataFrames...',)
2019-03-20 11:59:36	('Tokenize...',)
2019-03-20 12:00:02	('Pad...',)
2019-03-20 12:00:43	('Embedding matrices',)
2019-03-20 12:03:34	('->loaded glove',)
2019-03-20 12:05:44	('->loaded paragram',)
2019-03-20 12:05:46	('\nStarting train loop\n',)
2019-03-20 12:05:53	('Fold 1; num_batches = 4082',)
2019-03-20 12:05:53	('Epoch 1/8; lr = [0.001]',)
2019-03-20 12:06:04	('->loss:', 37.73261134698987)
2019-03-20 12:06:16	('->loss:', 30.170249365270138)
2019-03-20 12:06:27	('->loss:', 29.05414091423154)
2019-03-20 12:06:38	('->loss:', 28.186947911977768)
2019-03-20 12:06:49	('->loss:', 27.497493660077453)
2019-03-20 12:07:00	('->loss:', 26.9312490131706)
2019-03-20 12:07:12	('->loss:', 26.331224432215095)
2019-03-20 12:07:23	('Cross-validation',)
2019-03-20 12:07:32	('\n\nsummary: Fold 1/5 \t Epoch 1/8 \t loss=29.0931 \t val_loss=26.0714 \t time=98.61s\n',)
2019-03-20 12:07:32	('Epoch 2/8; lr = [0.001]',)
2019-03-20 12:07:43	('->loss:', 25.801751352846622)
2019-03-20 12:07:54	('->loss:', 25.415656892582774)
2019-03-20 12:08:06	('->loss:', 24.774681076407433)
2019-03-20 12:08:16	('->loss:', 25.35966038517654)
2019-03-20 12:08:27	('->loss:', 24.954379320144653)
2019-03-20 12:08:39	('->loss:', 25.35616583004594)
2019-03-20 12:08:50	('->loss:', 25.05648618005216)
2019-03-20 12:09:01	('Cross-validation',)
2019-03-20 12:09:10	('\n\nsummary: Fold 1/5 \t Epoch 2/8 \t loss=25.1915 \t val_loss=25.1321 \t time=98.25s\n',)
2019-03-20 12:09:10	('Epoch 3/8; lr = [0.0005]',)
2019-03-20 12:09:21	('->loss:', 22.555342227220535)
2019-03-20 12:09:33	('->loss:', 23.174678476527333)
2019-03-20 12:09:44	('->loss:', 22.6224201656878)
2019-03-20 12:09:55	('->loss:', 22.690884140320122)
2019-03-20 12:10:06	('->loss:', 22.824466643854976)
2019-03-20 12:10:18	('->loss:', 22.671036744490266)
2019-03-20 12:10:29	('->loss:', 22.843338198959827)
2019-03-20 12:10:40	('Cross-validation',)
2019-03-20 12:10:49	('\n\nsummary: Fold 1/5 \t Epoch 3/8 \t loss=22.8661 \t val_loss=24.8818 \t time=99.01s\n',)
2019-03-20 12:10:49	('Epoch 4/8; lr = [0.0005]',)
2019-03-20 12:11:00	('->loss:', 21.24232029542327)
2019-03-20 12:11:12	('->loss:', 21.0989476935938)
2019-03-20 12:11:23	('->loss:', 21.37610250711441)
2019-03-20 12:11:34	('->loss:', 21.32813843898475)
2019-03-20 12:11:45	('->loss:', 22.1633615847677)
2019-03-20 12:11:57	('->loss:', 22.10739499516785)
2019-03-20 12:12:08	('->loss:', 21.767564615234733)
2019-03-20 12:12:19	('Cross-validation',)
2019-03-20 12:12:28	('\n\nsummary: Fold 1/5 \t Epoch 4/8 \t loss=21.6152 \t val_loss=25.0185 \t time=99.37s\n',)
2019-03-20 12:12:28	('Epoch 5/8; lr = [0.00025]',)
2019-03-20 12:12:40	('->loss:', 19.918870738707483)
2019-03-20 12:12:51	('->loss:', 20.233781088143587)
2019-03-20 12:13:02	('->loss:', 19.701352894306183)
2019-03-20 12:13:14	('->loss:', 19.945028549060225)
2019-03-20 12:13:25	('->loss:', 19.69510799460113)
2019-03-20 12:13:36	('->loss:', 20.27145238313824)
2019-03-20 12:13:47	('->loss:', 20.006483760662377)
2019-03-20 12:13:58	('Cross-validation',)
2019-03-20 12:14:07	('\n\nsummary: Fold 1/5 \t Epoch 5/8 \t loss=19.9115 \t val_loss=25.8028 \t time=98.48s\n',)
2019-03-20 12:14:07	('Epoch 6/8; lr = [0.00025]',)
2019-03-20 12:14:18	('->loss:', 18.602334550581872)
2019-03-20 12:14:30	('->loss:', 18.65605457033962)
2019-03-20 12:14:41	('->loss:', 19.334707108326256)
2019-03-20 12:14:52	('->loss:', 18.780260040424764)
2019-03-20 12:15:03	('->loss:', 19.35130860377103)
2019-03-20 12:15:15	('->loss:', 19.537195430137217)
2019-03-20 12:15:26	('->loss:', 19.082389844581485)
2019-03-20 12:15:37	('Cross-validation',)
2019-03-20 12:15:46	('\n\nsummary: Fold 1/5 \t Epoch 6/8 \t loss=19.0786 \t val_loss=25.9840 \t time=99.06s\n',)
2019-03-20 12:15:46	('Epoch 7/8; lr = [0.000125]',)
2019-03-20 12:15:57	('->loss:', 17.818208859302104)
2019-03-20 12:16:08	('->loss:', 17.523338563740253)
2019-03-20 12:16:20	('->loss:', 17.947188730351627)
2019-03-20 12:16:31	('->loss:', 18.22971893567592)
2019-03-20 12:16:42	('->loss:', 18.21095511224121)
2019-03-20 12:16:53	('->loss:', 17.667675640434027)
2019-03-20 12:17:05	('->loss:', 18.224061562679708)
2019-03-20 12:17:15	('Cross-validation',)
2019-03-20 12:17:25	('\n\nsummary: Fold 1/5 \t Epoch 7/8 \t loss=17.9580 \t val_loss=26.9502 \t time=98.71s\n',)
2019-03-20 12:17:25	('Epoch 8/8; lr = [0.000125]',)
2019-03-20 12:17:36	('->loss:', 17.160239674150944)
2019-03-20 12:17:47	('->loss:', 17.384746940806508)
2019-03-20 12:17:58	('->loss:', 17.172382188029587)
2019-03-20 12:18:10	('->loss:', 17.548356712795794)
2019-03-20 12:18:21	('->loss:', 17.681152443401515)
2019-03-20 12:18:32	('->loss:', 18.117633301764727)
2019-03-20 12:18:43	('->loss:', 17.450126679614186)
2019-03-20 12:18:54	('Cross-validation',)
2019-03-20 12:19:03	('\n\nsummary: Fold 1/5 \t Epoch 8/8 \t loss=17.4796 \t val_loss=27.4532 \t time=98.19s\n',)
2019-03-20 12:19:03	('Fold 1 done; test on test data',)
2019-03-20 12:19:16	('Fold 2; num_batches = 4082',)
2019-03-20 12:19:16	('Epoch 1/8; lr = [0.001]',)
2019-03-20 12:19:28	('->loss:', 37.90037116035819)
2019-03-20 12:19:39	('->loss:', 30.040034782141447)
2019-03-20 12:19:50	('->loss:', 28.485268054530025)
2019-03-20 12:20:01	('->loss:', 27.955385277047753)
2019-03-20 12:20:12	('->loss:', 27.245814975351095)
2019-03-20 12:20:24	('->loss:', 27.185051877051592)
2019-03-20 12:20:35	('->loss:', 26.45260563865304)
2019-03-20 12:20:46	('Cross-validation',)
2019-03-20 12:20:55	('\n\nsummary: Fold 2/5 \t Epoch 1/8 \t loss=28.9605 \t val_loss=26.0952 \t time=98.56s\n',)
2019-03-20 12:20:55	('Epoch 2/8; lr = [0.001]',)
2019-03-20 12:21:06	('->loss:', 24.980423601344228)
2019-03-20 12:21:17	('->loss:', 25.5572110991925)
2019-03-20 12:21:28	('->loss:', 24.900269404053688)
2019-03-20 12:21:40	('->loss:', 24.972227500751615)
2019-03-20 12:21:51	('->loss:', 24.590991666540504)
2019-03-20 12:22:02	('->loss:', 24.882119806483388)
2019-03-20 12:22:13	('->loss:', 24.825553193688393)
2019-03-20 12:22:24	('Cross-validation',)
2019-03-20 12:22:33	('\n\nsummary: Fold 2/5 \t Epoch 2/8 \t loss=25.0163 \t val_loss=25.3918 \t time=98.59s\n',)
2019-03-20 12:22:33	('Epoch 3/8; lr = [0.0005]',)
2019-03-20 12:22:45	('->loss:', 22.90393105149269)
2019-03-20 12:22:56	('->loss:', 23.003817638382316)
2019-03-20 12:23:07	('->loss:', 22.69260573014617)
2019-03-20 12:23:18	('->loss:', 23.049887395463884)
2019-03-20 12:23:30	('->loss:', 22.67958161048591)
2019-03-20 12:23:41	('->loss:', 22.117921954020858)
2019-03-20 12:23:52	('->loss:', 22.64568802714348)
2019-03-20 12:24:03	('Cross-validation',)
2019-03-20 12:24:12	('\n\nsummary: Fold 2/5 \t Epoch 3/8 \t loss=22.7058 \t val_loss=24.7714 \t time=98.13s\n',)
2019-03-20 12:24:12	('Epoch 4/8; lr = [0.0005]',)
2019-03-20 12:24:23	('->loss:', 21.350331407040358)
2019-03-20 12:24:34	('->loss:', 21.282362453639507)
2019-03-20 12:24:45	('->loss:', 21.73265401646495)
2019-03-20 12:24:56	('->loss:', 21.485299069434404)
2019-03-20 12:25:08	('->loss:', 21.558977708220482)
2019-03-20 12:25:19	('->loss:', 21.316443189047277)
2019-03-20 12:25:30	('->loss:', 21.34152828529477)
2019-03-20 12:25:41	('Cross-validation',)
2019-03-20 12:25:50	('\n\nsummary: Fold 2/5 \t Epoch 4/8 \t loss=21.4845 \t val_loss=25.1525 \t time=98.46s\n',)
2019-03-20 12:25:50	('Epoch 5/8; lr = [0.00025]',)
2019-03-20 12:26:01	('->loss:', 19.662230654619634)
2019-03-20 12:26:13	('->loss:', 19.477648499421775)
2019-03-20 12:26:24	('->loss:', 20.044658162631094)
2019-03-20 12:26:35	('->loss:', 20.065608462318778)
2019-03-20 12:26:46	('->loss:', 19.64274629112333)
2019-03-20 12:26:58	('->loss:', 19.620385298505425)
2019-03-20 12:27:09	('->loss:', 19.950131649151444)
2019-03-20 12:27:20	('Cross-validation',)
2019-03-20 12:27:29	('\n\nsummary: Fold 2/5 \t Epoch 5/8 \t loss=19.7727 \t val_loss=25.4261 \t time=98.77s\n',)
2019-03-20 12:27:29	('Epoch 6/8; lr = [0.00025]',)
2019-03-20 12:27:40	('->loss:', 18.56218217033893)
2019-03-20 12:27:51	('->loss:', 19.05053513403982)
2019-03-20 12:28:03	('->loss:', 18.730415180325508)
2019-03-20 12:28:14	('->loss:', 19.030756655149162)
2019-03-20 12:28:25	('->loss:', 18.950496468693018)
2019-03-20 12:28:36	('->loss:', 18.996393642388284)
2019-03-20 12:28:47	('->loss:', 19.342668004333973)
2019-03-20 12:28:58	('Cross-validation',)
2019-03-20 12:29:07	('\n\nsummary: Fold 2/5 \t Epoch 6/8 \t loss=18.9815 \t val_loss=25.8169 \t time=98.26s\n',)
2019-03-20 12:29:07	('Epoch 7/8; lr = [0.000125]',)
2019-03-20 12:29:18	('->loss:', 17.76720135193318)
2019-03-20 12:29:30	('->loss:', 17.709796804003417)
2019-03-20 12:29:41	('->loss:', 17.94904516544193)
2019-03-20 12:29:52	('->loss:', 17.82506143581122)
2019-03-20 12:30:03	('->loss:', 17.89701270777732)
2019-03-20 12:30:15	('->loss:', 17.784251648932695)
2019-03-20 12:30:26	('->loss:', 18.05881940573454)
2019-03-20 12:30:37	('Cross-validation',)
2019-03-20 12:30:46	('\n\nsummary: Fold 2/5 \t Epoch 7/8 \t loss=17.8834 \t val_loss=26.4276 \t time=98.70s\n',)
2019-03-20 12:30:46	('Epoch 8/8; lr = [0.000125]',)
2019-03-20 12:30:57	('->loss:', 17.21868277527392)
2019-03-20 12:31:08	('->loss:', 17.446561145596206)
2019-03-20 12:31:19	('->loss:', 17.111259669996798)
2019-03-20 12:31:31	('->loss:', 17.346880161669105)
2019-03-20 12:31:42	('->loss:', 17.666792838834226)
2019-03-20 12:31:53	('->loss:', 17.488967053592205)
2019-03-20 12:32:04	('->loss:', 17.410519839264452)
2019-03-20 12:32:15	('Cross-validation',)
2019-03-20 12:32:24	('\n\nsummary: Fold 2/5 \t Epoch 8/8 \t loss=17.3821 \t val_loss=27.2044 \t time=98.39s\n',)
2019-03-20 12:32:24	('Fold 2 done; test on test data',)
2019-03-20 12:32:37	('Fold 3; num_batches = 4082',)
2019-03-20 12:32:37	('Epoch 1/8; lr = [0.001]',)
2019-03-20 12:32:49	('->loss:', 37.46550673618913)
2019-03-20 12:33:00	('->loss:', 29.808573976159096)
2019-03-20 12:33:11	('->loss:', 28.487213030457497)
2019-03-20 12:33:22	('->loss:', 28.24522852897644)
2019-03-20 12:33:33	('->loss:', 27.429077235981822)
2019-03-20 12:33:44	('->loss:', 26.760242054238915)
2019-03-20 12:33:56	('->loss:', 27.078513341024518)
2019-03-20 12:34:07	('Cross-validation',)
2019-03-20 12:34:16	('\n\nsummary: Fold 3/5 \t Epoch 1/8 \t loss=28.9448 \t val_loss=26.8512 \t time=98.36s\n',)
2019-03-20 12:34:16	('Epoch 2/8; lr = [0.001]',)
2019-03-20 12:34:27	('->loss:', 25.143914623185992)
2019-03-20 12:34:38	('->loss:', 25.332509437575936)
2019-03-20 12:34:49	('->loss:', 25.38023456558585)
2019-03-20 12:35:01	('->loss:', 25.40666138008237)
2019-03-20 12:35:12	('->loss:', 25.179708797484636)
2019-03-20 12:35:23	('->loss:', 25.11188699491322)
2019-03-20 12:35:34	('->loss:', 25.15217813849449)
2019-03-20 12:35:45	('Cross-validation',)
2019-03-20 12:35:54	('\n\nsummary: Fold 3/5 \t Epoch 2/8 \t loss=25.1620 \t val_loss=25.3257 \t time=98.22s\n',)
2019-03-20 12:35:54	('Epoch 3/8; lr = [0.0005]',)
2019-03-20 12:36:05	('->loss:', 22.653382351621985)
2019-03-20 12:36:16	('->loss:', 23.02689791843295)
2019-03-20 12:36:27	('->loss:', 22.949333373457193)
2019-03-20 12:36:38	('->loss:', 23.0199425406754)
2019-03-20 12:36:49	('->loss:', 22.85749191045761)
2019-03-20 12:37:00	('->loss:', 22.84656614996493)
2019-03-20 12:37:12	('->loss:', 22.81878680549562)
2019-03-20 12:37:23	('Cross-validation',)
2019-03-20 12:37:31	('\n\nsummary: Fold 3/5 \t Epoch 3/8 \t loss=22.8588 \t val_loss=25.2071 \t time=97.44s\n',)
2019-03-20 12:37:31	('Epoch 4/8; lr = [0.0005]',)
2019-03-20 12:37:43	('->loss:', 21.659002110362053)
2019-03-20 12:37:54	('->loss:', 21.27567547187209)
2019-03-20 12:38:05	('->loss:', 21.424690382555127)
2019-03-20 12:38:16	('->loss:', 21.547082751058042)
2019-03-20 12:38:27	('->loss:', 21.44825336895883)
2019-03-20 12:38:39	('->loss:', 21.85084185563028)
2019-03-20 12:38:49	('->loss:', 21.651491472497582)
2019-03-20 12:39:00	('Cross-validation',)
2019-03-20 12:39:09	('\n\nsummary: Fold 3/5 \t Epoch 4/8 \t loss=21.5891 \t val_loss=25.6220 \t time=97.74s\n',)
2019-03-20 12:39:09	('Epoch 5/8; lr = [0.00025]',)
2019-03-20 12:39:20	('->loss:', 20.059367824345827)
2019-03-20 12:39:31	('->loss:', 19.73397346958518)
2019-03-20 12:39:42	('->loss:', 19.50254436209798)
2019-03-20 12:39:53	('->loss:', 19.834636910818517)
2019-03-20 12:40:04	('->loss:', 20.078254616819322)
2019-03-20 12:40:15	('->loss:', 20.17541507538408)
2019-03-20 12:40:25	('->loss:', 20.0607769228518)
2019-03-20 12:40:36	('Cross-validation',)
2019-03-20 12:40:45	('\n\nsummary: Fold 3/5 \t Epoch 5/8 \t loss=19.8764 \t val_loss=26.0002 \t time=95.63s\n',)
2019-03-20 12:40:45	('Epoch 6/8; lr = [0.00025]',)
2019-03-20 12:40:56	('->loss:', 18.49297679774463)
2019-03-20 12:41:07	('->loss:', 18.34812775813043)
2019-03-20 12:41:18	('->loss:', 18.914155662059784)
2019-03-20 12:41:29	('->loss:', 19.3421682510525)
2019-03-20 12:41:40	('->loss:', 19.27205963432789)
2019-03-20 12:41:51	('->loss:', 19.587566246278584)
2019-03-20 12:42:02	('->loss:', 19.074208985082805)
2019-03-20 12:42:13	('Cross-validation',)
2019-03-20 12:42:22	('\n\nsummary: Fold 3/5 \t Epoch 6/8 \t loss=19.0548 \t val_loss=26.3954 \t time=96.78s\n',)
2019-03-20 12:42:22	('Epoch 7/8; lr = [0.000125]',)
2019-03-20 12:42:33	('->loss:', 17.692504963837564)
2019-03-20 12:42:44	('->loss:', 17.97382248751819)
2019-03-20 12:42:55	('->loss:', 17.746812560595572)
2019-03-20 12:43:06	('->loss:', 17.64434638246894)
2019-03-20 12:43:17	('->loss:', 18.096592272631824)
2019-03-20 12:43:28	('->loss:', 18.072388779371977)
2019-03-20 12:43:39	('->loss:', 17.865520200692117)
2019-03-20 12:43:50	('Cross-validation',)
2019-03-20 12:43:59	('\n\nsummary: Fold 3/5 \t Epoch 7/8 \t loss=17.9119 \t val_loss=27.3348 \t time=97.17s\n',)
2019-03-20 12:43:59	('Epoch 8/8; lr = [0.000125]',)
2019-03-20 12:44:10	('->loss:', 17.702189999632537)
2019-03-20 12:44:21	('->loss:', 17.15692994184792)
2019-03-20 12:44:32	('->loss:', 16.809562355279922)
2019-03-20 12:44:43	('->loss:', 17.299864844419062)
2019-03-20 12:44:54	('->loss:', 17.144739612936974)
2019-03-20 12:45:05	('->loss:', 17.657576289959252)
2019-03-20 12:45:16	('->loss:', 17.954107273370028)
2019-03-20 12:45:27	('Cross-validation',)
2019-03-20 12:45:36	('\n\nsummary: Fold 3/5 \t Epoch 8/8 \t loss=17.4119 \t val_loss=27.5257 \t time=97.21s\n',)
2019-03-20 12:45:36	('Fold 3 done; test on test data',)
2019-03-20 12:45:49	('Fold 4; num_batches = 4082',)
2019-03-20 12:45:49	('Epoch 1/8; lr = [0.001]',)
2019-03-20 12:46:01	('->loss:', 38.23439211770892)
2019-03-20 12:46:12	('->loss:', 30.274312315508723)
2019-03-20 12:46:23	('->loss:', 29.3377434797585)
2019-03-20 12:46:34	('->loss:', 28.14395498111844)
2019-03-20 12:46:45	('->loss:', 27.410980686545372)
2019-03-20 12:46:56	('->loss:', 27.100691786035895)
2019-03-20 12:47:08	('->loss:', 27.045786729082465)
2019-03-20 12:47:19	('Cross-validation',)
2019-03-20 12:47:27	('\n\nsummary: Fold 4/5 \t Epoch 1/8 \t loss=29.2095 \t val_loss=26.3368 \t time=98.01s\n',)
2019-03-20 12:47:27	('Epoch 2/8; lr = [0.001]',)
2019-03-20 12:47:39	('->loss:', 25.34021681919694)
2019-03-20 12:47:50	('->loss:', 25.286412723362446)
2019-03-20 12:48:01	('->loss:', 25.101755667477846)
2019-03-20 12:48:12	('->loss:', 25.497791808098555)
2019-03-20 12:48:23	('->loss:', 25.493795545771718)
2019-03-20 12:48:34	('->loss:', 24.715096186846495)
2019-03-20 12:48:45	('->loss:', 25.123716812580824)
2019-03-20 12:48:56	('Cross-validation',)
2019-03-20 12:49:04	('\n\nsummary: Fold 4/5 \t Epoch 2/8 \t loss=25.1744 \t val_loss=25.2630 \t time=97.13s\n',)
2019-03-20 12:49:04	('Epoch 3/8; lr = [0.0005]',)
2019-03-20 12:49:16	('->loss:', 23.122070997953415)
2019-03-20 12:49:27	('->loss:', 22.946039136499166)
2019-03-20 12:49:38	('->loss:', 22.79642896912992)
2019-03-20 12:49:48	('->loss:', 22.8413666812703)
2019-03-20 12:49:59	('->loss:', 22.861936803907156)
2019-03-20 12:50:11	('->loss:', 22.74148382805288)
2019-03-20 12:50:22	('->loss:', 22.5442785192281)
2019-03-20 12:50:33	('Cross-validation',)
2019-03-20 12:50:41	('\n\nsummary: Fold 4/5 \t Epoch 3/8 \t loss=22.8354 \t val_loss=24.9741 \t time=96.91s\n',)
2019-03-20 12:50:41	('Epoch 4/8; lr = [0.0005]',)
2019-03-20 12:50:52	('->loss:', 21.32784237526357)
2019-03-20 12:51:04	('->loss:', 20.885683831758797)
2019-03-20 12:51:15	('->loss:', 21.51087931729853)
2019-03-20 12:51:26	('->loss:', 21.624469568952918)
2019-03-20 12:51:37	('->loss:', 21.523775715380907)
2019-03-20 12:51:48	('->loss:', 22.21146079339087)
2019-03-20 12:51:59	('->loss:', 21.805018052458763)
2019-03-20 12:52:10	('Cross-validation',)
2019-03-20 12:52:19	('\n\nsummary: Fold 4/5 \t Epoch 4/8 \t loss=21.5876 \t val_loss=25.0329 \t time=97.57s\n',)
2019-03-20 12:52:19	('Epoch 5/8; lr = [0.00025]',)
2019-03-20 12:52:30	('->loss:', 19.70769479032606)
2019-03-20 12:52:41	('->loss:', 19.914702164009213)
2019-03-20 12:52:52	('->loss:', 19.77109633013606)
2019-03-20 12:53:04	('->loss:', 19.759490815922618)
2019-03-20 12:53:15	('->loss:', 19.765265677124262)
2019-03-20 12:53:26	('->loss:', 20.19669915176928)
2019-03-20 12:53:37	('->loss:', 20.454055221751332)
2019-03-20 12:53:48	('Cross-validation',)
2019-03-20 12:53:57	('\n\nsummary: Fold 4/5 \t Epoch 5/8 \t loss=19.9064 \t val_loss=25.9831 \t time=98.19s\n',)
2019-03-20 12:53:57	('Epoch 6/8; lr = [0.00025]',)
2019-03-20 12:54:08	('->loss:', 18.551247156225145)
2019-03-20 12:54:19	('->loss:', 18.621004473417997)
2019-03-20 12:54:30	('->loss:', 18.94356887601316)
2019-03-20 12:54:41	('->loss:', 19.367877303622663)
2019-03-20 12:54:52	('->loss:', 19.617611223831773)
2019-03-20 12:55:03	('->loss:', 19.266412750817835)
2019-03-20 12:55:14	('->loss:', 19.293950034305453)
2019-03-20 12:55:24	('Cross-validation',)
2019-03-20 12:55:33	('\n\nsummary: Fold 4/5 \t Epoch 6/8 \t loss=19.1088 \t val_loss=26.2204 \t time=96.19s\n',)
2019-03-20 12:55:33	('Epoch 7/8; lr = [0.000125]',)
2019-03-20 12:55:44	('->loss:', 18.12760040163994)
2019-03-20 12:55:56	('->loss:', 17.52622789144516)
2019-03-20 12:56:07	('->loss:', 18.37729127611965)
2019-03-20 12:56:18	('->loss:', 17.91423453669995)
2019-03-20 12:56:29	('->loss:', 17.561680325306952)
2019-03-20 12:56:41	('->loss:', 18.397282761521637)
2019-03-20 12:56:52	('->loss:', 18.23087634332478)
2019-03-20 12:57:03	('Cross-validation',)
2019-03-20 12:57:12	('\n\nsummary: Fold 4/5 \t Epoch 7/8 \t loss=18.0165 \t val_loss=27.1154 \t time=98.32s\n',)
2019-03-20 12:57:12	('Epoch 8/8; lr = [0.000125]',)
2019-03-20 12:57:23	('->loss:', 17.771200152114034)
2019-03-20 12:57:34	('->loss:', 17.185515601187944)
2019-03-20 12:57:45	('->loss:', 17.453188812360168)
2019-03-20 12:57:56	('->loss:', 17.945841536857188)
2019-03-20 12:58:07	('->loss:', 17.57975811418146)
2019-03-20 12:58:18	('->loss:', 17.22256796527654)
2019-03-20 12:58:30	('->loss:', 17.66942212358117)
2019-03-20 12:58:40	('Cross-validation',)
2019-03-20 12:58:49	('\n\nsummary: Fold 4/5 \t Epoch 8/8 \t loss=17.5432 \t val_loss=27.1984 \t time=97.52s\n',)
2019-03-20 12:58:49	('Fold 4 done; test on test data',)
2019-03-20 12:59:02	('Fold 5; num_batches = 4082',)
2019-03-20 12:59:02	('Epoch 1/8; lr = [0.001]',)
2019-03-20 12:59:13	('->loss:', 38.13748971745372)
2019-03-20 12:59:24	('->loss:', 29.943807842209935)
2019-03-20 12:59:36	('->loss:', 28.57456667162478)
2019-03-20 12:59:47	('->loss:', 27.85937200859189)
2019-03-20 12:59:58	('->loss:', 27.285391753539443)
2019-03-20 13:00:08	('->loss:', 26.64993750117719)
2019-03-20 13:00:19	('->loss:', 26.624218622222543)
2019-03-20 13:00:30	('Cross-validation',)
2019-03-20 13:00:39	('\n\nsummary: Fold 5/5 \t Epoch 1/8 \t loss=28.9267 \t val_loss=26.6807 \t time=96.69s\n',)
2019-03-20 13:00:39	('Epoch 2/8; lr = [0.001]',)
2019-03-20 13:00:50	('->loss:', 24.65522881038487)
2019-03-20 13:01:01	('->loss:', 25.657110204920173)
2019-03-20 13:01:13	('->loss:', 25.637084309011698)
2019-03-20 13:01:24	('->loss:', 25.509230207651854)
2019-03-20 13:01:35	('->loss:', 24.72495249286294)
2019-03-20 13:01:46	('->loss:', 25.09489813260734)
2019-03-20 13:01:57	('->loss:', 24.940237034112215)
2019-03-20 13:02:08	('Cross-validation',)
2019-03-20 13:02:17	('\n\nsummary: Fold 5/5 \t Epoch 2/8 \t loss=25.1236 \t val_loss=25.0895 \t time=97.54s\n',)
2019-03-20 13:02:17	('Epoch 3/8; lr = [0.0005]',)
2019-03-20 13:02:28	('->loss:', 22.870340678840876)
2019-03-20 13:02:39	('->loss:', 23.01662731729448)
2019-03-20 13:02:50	('->loss:', 22.727055996656418)
2019-03-20 13:03:01	('->loss:', 22.93139887228608)
2019-03-20 13:03:13	('->loss:', 23.141414403915405)
2019-03-20 13:03:24	('->loss:', 22.575765386223793)
2019-03-20 13:03:35	('->loss:', 22.739396881312132)
2019-03-20 13:03:46	('Cross-validation',)
2019-03-20 13:03:54	('\n\nsummary: Fold 5/5 \t Epoch 3/8 \t loss=22.8483 \t val_loss=24.9523 \t time=97.77s\n',)
2019-03-20 13:03:54	('Epoch 4/8; lr = [0.0005]',)
2019-03-20 13:04:06	('->loss:', 21.064970821142197)
2019-03-20 13:04:16	('->loss:', 21.51112456433475)
2019-03-20 13:04:27	('->loss:', 21.535086141899228)
2019-03-20 13:04:39	('->loss:', 21.746071260422468)
2019-03-20 13:04:50	('->loss:', 22.13445414416492)
2019-03-20 13:05:01	('->loss:', 21.637886682525277)
2019-03-20 13:05:11	('->loss:', 21.621442609466612)
2019-03-20 13:05:22	('Cross-validation',)
2019-03-20 13:05:31	('\n\nsummary: Fold 5/5 \t Epoch 4/8 \t loss=21.6076 \t val_loss=24.8438 \t time=96.09s\n',)
2019-03-20 13:05:31	('Epoch 5/8; lr = [0.00025]',)
2019-03-20 13:05:42	('->loss:', 20.3510203063488)
2019-03-20 13:05:53	('->loss:', 19.939296912401915)
2019-03-20 13:06:04	('->loss:', 19.38231193367392)
2019-03-20 13:06:15	('->loss:', 20.27568722050637)
2019-03-20 13:06:26	('->loss:', 19.971706941723824)
2019-03-20 13:06:37	('->loss:', 20.169232845306396)
2019-03-20 13:06:48	('->loss:', 19.60541252233088)
2019-03-20 13:06:59	('Cross-validation',)
2019-03-20 13:07:07	('\n\nsummary: Fold 5/5 \t Epoch 5/8 \t loss=19.9559 \t val_loss=25.3503 \t time=96.82s\n',)
2019-03-20 13:07:07	('Epoch 6/8; lr = [0.00025]',)
2019-03-20 13:07:19	('->loss:', 18.880037375725806)
2019-03-20 13:07:30	('->loss:', 18.837291629984975)
2019-03-20 13:07:41	('->loss:', 18.925334812141955)
2019-03-20 13:07:52	('->loss:', 19.196400994434953)
2019-03-20 13:08:03	('->loss:', 19.416199920699)
2019-03-20 13:08:15	('->loss:', 19.50449104513973)
2019-03-20 13:08:26	('->loss:', 19.093893483281136)
2019-03-20 13:08:37	('Cross-validation',)
2019-03-20 13:08:46	('\n\nsummary: Fold 5/5 \t Epoch 6/8 \t loss=19.1219 \t val_loss=26.1457 \t time=99.04s\n',)
2019-03-20 13:08:46	('Epoch 7/8; lr = [0.000125]',)
2019-03-20 13:08:58	('->loss:', 18.16858272626996)
2019-03-20 13:09:09	('->loss:', 17.872555071488023)
2019-03-20 13:09:20	('->loss:', 17.95301387179643)
2019-03-20 13:09:32	('->loss:', 17.979100826196373)
2019-03-20 13:09:43	('->loss:', 17.969409074634314)
2019-03-20 13:09:55	('->loss:', 18.362674416974187)
2019-03-20 13:10:06	('->loss:', 18.289220646955073)
2019-03-20 13:10:17	('Cross-validation',)
2019-03-20 13:10:26	('\n\nsummary: Fold 5/5 \t Epoch 7/8 \t loss=18.0413 \t val_loss=26.4903 \t time=99.42s\n',)
2019-03-20 13:10:26	('Epoch 8/8; lr = [0.000125]',)
2019-03-20 13:10:37	('->loss:', 17.284175949171185)
2019-03-20 13:10:49	('->loss:', 17.29167627543211)
2019-03-20 13:11:00	('->loss:', 17.081465265713632)
2019-03-20 13:11:12	('->loss:', 17.60024898406118)
2019-03-20 13:11:23	('->loss:', 17.659946082159877)
2019-03-20 13:11:34	('->loss:', 17.845927603542805)
2019-03-20 13:11:46	('->loss:', 18.00002467352897)
2019-03-20 13:11:57	('Cross-validation',)
2019-03-20 13:12:06	('\n\nsummary: Fold 5/5 \t Epoch 8/8 \t loss=17.5648 \t val_loss=26.7079 \t time=100.33s\n',)
2019-03-20 13:12:06	('Fold 5 done; test on test data',)
2019-03-20 13:12:18	('Training done',)
2019-03-20 13:12:18	('Finding threshold',)
2019-03-20 13:12:39	({'threshold': 0.31818181818181834, 'f1': 0.6769645591024382},)
2019-03-20 13:12:39	('Generating submission.csv',)
